

================================================================
== Vitis HLS Report for 'xfgray2rgb_1080_1920_s'
================================================================
* Date:           Mon Nov  2 13:48:36 2020

* Version:        2020.1 (Build 2902540 on Wed May 27 20:16:15 MDT 2020)
* Project:        edge_canny_detector
* Solution:       solution1 (Vivado IP Flow Target)
* Product family: zynquplus
* Target device:  xczu3eg-sfvc784-1-i


================================================================
== Performance Estimates
================================================================
+ Timing: 
    * Summary: 
    +--------+----------+----------+------------+
    |  Clock |  Target  | Estimated| Uncertainty|
    +--------+----------+----------+------------+
    |ap_clk  | 10.00 ns | 3.892 ns |   2.70 ns  |
    +--------+----------+----------+------------+

+ Latency: 
    * Summary: 
    +---------+---------+-----------+-----------+---------+---------+---------+
    |  Latency (cycles) |   Latency (absolute)  |      Interval     | Pipeline|
    |   min   |   max   |    min    |    max    |   min   |   max   |   Type  |
    +---------+---------+-----------+-----------+---------+---------+---------+
    |  2073602|  2073602| 20.736 ms | 20.736 ms |  2073602|  2073602|   none  |
    +---------+---------+-----------+-----------+---------+---------+---------+

    + Detail: 
        * Instance: 
        N/A

        * Loop: 
        +-----------------------------------+---------+---------+----------+-----------+-----------+---------+----------+
        |                                   |  Latency (cycles) | Iteration|  Initiation Interval  |   Trip  |          |
        |             Loop Name             |   min   |   max   |  Latency |  achieved |   target  |  Count  | Pipelined|
        +-----------------------------------+---------+---------+----------+-----------+-----------+---------+----------+
        |- VITIS_LOOP_95_1_VITIS_LOOP_97_2  |  2073600|  2073600|         2|          1|          1|  2073600|    yes   |
        +-----------------------------------+---------+---------+----------+-----------+-----------+---------+----------+

============================================================
+ Verbose Summary: Synthesis Manager
============================================================
InlineROM: 1
ExposeGlobal: 0
============================================================
+ Verbose Summary: CDFG Model
============================================================
IsTopModel: 0
ResetActiveHigh: 1
IsCombinational: 2
IsDatapathOnly: 0
HasWiredReturn: 1
HasMFsm: 0
HasVarLatency: 1
IsPipeline: 0
IsRtlPipelined: 0
IsInstanceOverlapped: 0
IsDontTouch: 0
HasImplIP: 0
IsGatedGlobalClock: 0

+ Individual pipeline summary: 
  * Pipeline-0: initiation interval (II) = 1, depth = 2


============================================================
+ Verbose Summary: Schedule
============================================================
* Number of FSM states : 4
* Pipeline : 1
  Pipeline-0 : II = 1, D = 2, States = { 2 3 }
* Dataflow Pipeline: 0

* FSM state transitions: 
1 --> 2 
2 --> 4 3 
3 --> 2 
4 --> 

* FSM state operations: 

State 1 <SV = 0> <Delay = 0.75>
ST_1 : Operation 5 [1/1] (0.00ns)   --->   "%specinterface_ln0 = specinterface void @_ssdm_op_SpecInterface, i8 %nms_mat_4373, void @empty_18, i32, i32, void @empty_14, i32, i32, void @empty_14, void @empty_14, void @empty_14, i32, i32, i32, i32, void @empty_14, void @empty_14"   --->   Operation 5 'specinterface' 'specinterface_ln0' <Predicate = true> <Delay = 0.00>
ST_1 : Operation 6 [1/1] (0.00ns)   --->   "%specinterface_ln0 = specinterface void @_ssdm_op_SpecInterface, i24 %rgb_img_dst_4363, void @empty_18, i32, i32, void @empty_14, i32, i32, void @empty_14, void @empty_14, void @empty_14, i32, i32, i32, i32, void @empty_14, void @empty_14"   --->   Operation 6 'specinterface' 'specinterface_ln0' <Predicate = true> <Delay = 0.00>
ST_1 : Operation 7 [1/1] (0.75ns)   --->   "%br_ln95 = br void" [source/edge_canny_detector.cpp:95]   --->   Operation 7 'br' 'br_ln95' <Predicate = true> <Delay = 0.75>

State 2 <SV = 1> <Delay = 1.07>
ST_2 : Operation 8 [1/1] (0.00ns)   --->   "%indvar_flatten = phi i21, void, i21 %add_ln95, void %.split2" [source/edge_canny_detector.cpp:95]   --->   Operation 8 'phi' 'indvar_flatten' <Predicate = true> <Delay = 0.00>
ST_2 : Operation 9 [1/1] (0.94ns)   --->   "%icmp_ln95 = icmp_eq  i21 %indvar_flatten, i21" [source/edge_canny_detector.cpp:95]   --->   Operation 9 'icmp' 'icmp_ln95' <Predicate = true> <Delay = 0.94> <CoreInst = "Cmp">   --->   Core 10 'Cmp' <Latency = 0> <II = 1> <Delay = 0.94> <FuncUnit> <Opcode : 'icmp'> <InPorts = 2> <OutPorts = 1>
ST_2 : Operation 10 [1/1] (1.07ns)   --->   "%add_ln95 = add i21 %indvar_flatten, i21" [source/edge_canny_detector.cpp:95]   --->   Operation 10 'add' 'add_ln95' <Predicate = true> <Delay = 1.07> <CoreInst = "Adder">   --->   Core 1 'Adder' <Latency = 0> <II = 1> <Delay = 1.07> <FuncUnit> <Opcode : 'add' 'sub'> <InPorts = 2> <OutPorts = 1>
ST_2 : Operation 11 [1/1] (0.00ns)   --->   "%br_ln95 = br i1 %icmp_ln95, void %.split2, void" [source/edge_canny_detector.cpp:95]   --->   Operation 11 'br' 'br_ln95' <Predicate = true> <Delay = 0.00>

State 3 <SV = 2> <Delay = 3.89>
ST_3 : Operation 12 [1/1] (0.00ns)   --->   "%specloopname_ln0 = specloopname void @_ssdm_op_SpecLoopName, void @VITIS_LOOP_95_1_VITIS_LOOP_97_2_str"   --->   Operation 12 'specloopname' 'specloopname_ln0' <Predicate = (!icmp_ln95)> <Delay = 0.00>
ST_3 : Operation 13 [1/1] (0.00ns)   --->   "%speclooptripcount_ln0 = speclooptripcount void @_ssdm_op_SpecLoopTripCount, i64, i64, i64"   --->   Operation 13 'speclooptripcount' 'speclooptripcount_ln0' <Predicate = (!icmp_ln95)> <Delay = 0.00>
ST_3 : Operation 14 [1/1] (0.00ns)   --->   "%specpipeline_ln94 = specpipeline void @_ssdm_op_SpecPipeline, i32, i32, i32, i32, void @empty_14" [source/edge_canny_detector.cpp:94]   --->   Operation 14 'specpipeline' 'specpipeline_ln94' <Predicate = (!icmp_ln95)> <Delay = 0.00>
ST_3 : Operation 15 [1/1] (0.00ns)   --->   "%specloopname_ln94 = specloopname void @_ssdm_op_SpecLoopName, void @empty" [source/edge_canny_detector.cpp:94]   --->   Operation 15 'specloopname' 'specloopname_ln94' <Predicate = (!icmp_ln95)> <Delay = 0.00>
ST_3 : Operation 16 [1/1] (1.94ns)   --->   "%tmp_V = read i8 @_ssdm_op_Read.ap_fifo.volatile.i8P, i8 %nms_mat_4373" [F:/xilinx_2020.1/Vitis/2020.1/common/technology/autopilot/hls_stream_39.h:145]   --->   Operation 16 'read' 'tmp_V' <Predicate = (!icmp_ln95)> <Delay = 1.94> <CoreInst = "FIFO">   --->   Core 18 'FIFO' <Latency = 0> <II = 1> <Delay = 1.94> <Storage> <Opcode : 'read' 'write' 'nbread' 'nbwrite'> <Ports = 0> <Width = 8> <Depth = 1920> <FIFO>
ST_3 : Operation 17 [1/1] (0.00ns)   --->   "%p_Result_1 = bitconcatenate i24 @_ssdm_op_BitConcatenate.i24.i8.i8.i8, i8 %tmp_V, i8 %tmp_V, i8 %tmp_V"   --->   Operation 17 'bitconcatenate' 'p_Result_1' <Predicate = (!icmp_ln95)> <Delay = 0.00>
ST_3 : Operation 18 [1/1] (1.94ns)   --->   "%write_ln167 = write void @_ssdm_op_Write.ap_fifo.volatile.i24P, i24 %rgb_img_dst_4363, i24 %p_Result_1" [F:/xilinx_2020.1/Vitis/2020.1/common/technology/autopilot/hls_stream_39.h:167]   --->   Operation 18 'write' 'write_ln167' <Predicate = (!icmp_ln95)> <Delay = 1.94> <CoreInst = "FIFO">   --->   Core 18 'FIFO' <Latency = 0> <II = 1> <Delay = 1.94> <Storage> <Opcode : 'read' 'write' 'nbread' 'nbwrite'> <Ports = 0> <Width = 24> <Depth = 1920> <FIFO>
ST_3 : Operation 19 [1/1] (0.00ns)   --->   "%br_ln0 = br void"   --->   Operation 19 'br' 'br_ln0' <Predicate = (!icmp_ln95)> <Delay = 0.00>

State 4 <SV = 2> <Delay = 0.00>
ST_4 : Operation 20 [1/1] (0.00ns)   --->   "%ret_ln108 = ret" [source/edge_canny_detector.cpp:108]   --->   Operation 20 'ret' 'ret_ln108' <Predicate = true> <Delay = 0.00>


============================================================
+ Verbose Summary: Timing violations
============================================================
Target clock period: 10ns, clock uncertainty: 2.7ns.

 <State 1>: 0.755ns
The critical path consists of the following:
	multiplexor before 'phi' operation ('indvar_flatten', source/edge_canny_detector.cpp:95) with incoming values : ('add_ln95', source/edge_canny_detector.cpp:95) [7]  (0.755 ns)

 <State 2>: 1.07ns
The critical path consists of the following:
	'phi' operation ('indvar_flatten', source/edge_canny_detector.cpp:95) with incoming values : ('add_ln95', source/edge_canny_detector.cpp:95) [7]  (0 ns)
	'add' operation ('add_ln95', source/edge_canny_detector.cpp:95) [9]  (1.07 ns)

 <State 3>: 3.89ns
The critical path consists of the following:
	fifo read on port 'nms_mat_4373' (F:/xilinx_2020.1/Vitis/2020.1/common/technology/autopilot/hls_stream_39.h:145) [16]  (1.95 ns)
	fifo write on port 'rgb_img_dst_4363' (F:/xilinx_2020.1/Vitis/2020.1/common/technology/autopilot/hls_stream_39.h:167) [18]  (1.95 ns)

 <State 4>: 0ns
The critical path consists of the following:


============================================================
+ Verbose Summary: Binding
============================================================
N/A
* FSMD analyzer results:
  - Output states:
 - Input state : 
  - Chain level:
	State 1
	State 2
	State 3
	State 4


============================================================
+ Verbose Summary: Datapath Resource usage 
============================================================
N/A
