

================================================================
== Vitis HLS Report for 'xfgray2rgb_1080_1920_s'
================================================================
* Date:           Mon Nov  2 13:48:36 2020

* Version:        2020.1 (Build 2902540 on Wed May 27 20:16:15 MDT 2020)
* Project:        edge_canny_detector
* Solution:       solution1 (Vivado IP Flow Target)
* Product family: zynquplus
* Target device:  xczu3eg-sfvc784-1-i


================================================================
== Performance Estimates
================================================================
+ Timing: 
    * Summary: 
    +--------+----------+----------+------------+
    |  Clock |  Target  | Estimated| Uncertainty|
    +--------+----------+----------+------------+
    |ap_clk  | 10.00 ns | 3.892 ns |   2.70 ns  |
    +--------+----------+----------+------------+

+ Latency: 
    * Summary: 
    +---------+---------+-----------+-----------+---------+---------+---------+
    |  Latency (cycles) |   Latency (absolute)  |      Interval     | Pipeline|
    |   min   |   max   |    min    |    max    |   min   |   max   |   Type  |
    +---------+---------+-----------+-----------+---------+---------+---------+
    |  2073602|  2073602| 20.736 ms | 20.736 ms |  2073602|  2073602|   none  |
    +---------+---------+-----------+-----------+---------+---------+---------+

    + Detail: 
        * Instance: 
        N/A

        * Loop: 
        +-----------------------------------+---------+---------+----------+-----------+-----------+---------+----------+
        |                                   |  Latency (cycles) | Iteration|  Initiation Interval  |   Trip  |          |
        |             Loop Name             |   min   |   max   |  Latency |  achieved |   target  |  Count  | Pipelined|
        +-----------------------------------+---------+---------+----------+-----------+-----------+---------+----------+
        |- VITIS_LOOP_95_1_VITIS_LOOP_97_2  |  2073600|  2073600|         2|          1|          1|  2073600|    yes   |
        +-----------------------------------+---------+---------+----------+-----------+-----------+---------+----------+

============================================================
+ Verbose Summary: Synthesis Manager
============================================================
InlineROM: 1
ExposeGlobal: 0
============================================================
+ Verbose Summary: CDFG Model
============================================================
IsTopModel: 0
ResetActiveHigh: 1
IsCombinational: 2
IsDatapathOnly: 0
HasWiredReturn: 1
HasMFsm: 0
HasVarLatency: 1
IsPipeline: 0
IsRtlPipelined: 0
IsInstanceOverlapped: 0
IsDontTouch: 0
HasImplIP: 0
IsGatedGlobalClock: 0

+ Individual pipeline summary: 
  * Pipeline-0: initiation interval (II) = 1, depth = 2


============================================================
+ Verbose Summary: Schedule
============================================================
* Number of FSM states : 4
* Pipeline : 1
  Pipeline-0 : II = 1, D = 2, States = { 2 3 }
* Dataflow Pipeline: 0

* FSM state transitions: 
1 --> 2 
2 --> 4 3 
3 --> 2 
4 --> 

* FSM state operations: 

State 1 <SV = 0> <Delay = 0.75>
ST_1 : Operation 5 [1/1] (0.00ns)   --->   "%specinterface_ln0 = specinterface void @_ssdm_op_SpecInterface, i8 %nms_mat_4373, void @empty_18, i32, i32, void @empty_14, i32, i32, void @empty_14, void @empty_14, void @empty_14, i32, i32, i32, i32, void @empty_14, void @empty_14"   --->   Operation 5 'specinterface' 'specinterface_ln0' <Predicate = true> <Delay = 0.00>
ST_1 : Operation 6 [1/1] (0.00ns)   --->   "%specinterface_ln0 = specinterface void @_ssdm_op_SpecInterface, i24 %rgb_img_dst_4363, void @empty_18, i32, i32, void @empty_14, i32, i32, void @empty_14, void @empty_14, void @empty_14, i32, i32, i32, i32, void @empty_14, void @empty_14"   --->   Operation 6 'specinterface' 'specinterface_ln0' <Predicate = true> <Delay = 0.00>
ST_1 : Operation 7 [1/1] (0.75ns)   --->   "%br_ln95 = br void" [source/edge_canny_detector.cpp:95]   --->   Operation 7 'br' 'br_ln95' <Predicate = true> <Delay = 0.75>

State 2 <SV = 1> <Delay = 1.07>
ST_2 : Operation 8 [1/1] (0.00ns)   --->   "%indvar_flatten = phi i21, void, i21 %add_ln95, void %.split2" [source/edge_canny_detector.cpp:95]   --->   Operation 8 'phi' 'indvar_flatten' <Predicate = true> <Delay = 0.00>
ST_2 : Operation 9 [1/1] (0.94ns)   --->   "%icmp_ln95 = icmp_eq  i21 %indvar_flatten, i21" [source/edge_canny_detector.cpp:95]   --->   Operation 9 'icmp' 'icmp_ln95' <Predicate = true> <Delay = 0.94> <CoreInst = "Cmp">   --->   Core 10 'Cmp' <Latency = 0> <II = 1> <Delay = 0.94> <FuncUnit> <Opcode : 'icmp'> <InPorts = 2> <OutPorts = 1>
ST_2 : Operation 10 [1/1] (1.07ns)   --->   "%add_ln95 = add i21 %indvar_flatten, i21" [source/edge_canny_detector.cpp:95]   --->   Operation 10 'add' 'add_ln95' <Predicate = true> <Delay = 1.07> <CoreInst = "Adder">   --->   Core 1 'Adder' <Latency = 0> <II = 1> <Delay = 1.07> <FuncUnit> <Opcode : 'add' 'sub'> <InPorts = 2> <OutPorts = 1>
ST_2 : Operation 11 [1/1] (0.00ns)   --->   "%br_ln95 = br i1 %icmp_ln95, void %.split2, void" [source/edge_canny_detector.cpp:95]   --->   Operation 11 'br' 'br_ln95' <Predicate = true> <Delay = 0.00>

State 3 <SV = 2> <Delay = 3.89>
ST_3 : Operation 12 [1/1] (0.00ns)   --->   "%specloopname_ln0 = specloopname void @_ssdm_op_SpecLoopName, void @VITIS_LOOP_95_1_VITIS_LOOP_97_2_str"   --->   Operation 12 'specloopname' 'specloopname_ln0' <Predicate = (!icmp_ln95)> <Delay = 0.00>
ST_3 : Operation 13 [1/1] (0.00ns)   --->   "%speclooptripcount_ln0 = speclooptripcount void @_ssdm_op_SpecLoopTripCount, i64, i64, i64"   --->   Operation 13 'speclooptripcount' 'speclooptripcount_ln0' <Predicate = (!icmp_ln95)> <Delay = 0.00>
ST_3 : Operation 14 [1/1] (0.00ns)   --->   "%specpipeline_ln94 = specpipeline void @_ssdm_op_SpecPipeline, i32, i32, i32, i32, void @empty_14" [source/edge_canny_detector.cpp:94]   --->   Operation 14 'specpipeline' 'specpipeline_ln94' <Predicate = (!icmp_ln95)> <Delay = 0.00>
ST_3 : Operation 15 [1/1] (0.00ns)   --->   "%specloopname_ln94 = specloopname void @_ssdm_op_SpecLoopName, void @empty" [source/edge_canny_detector.cpp:94]   --->   Operation 15 'specloopname' 'specloopname_ln94' <Predicate = (!icmp_ln95)> <Delay = 0.00>
ST_3 : Operation 16 [1/1] (1.94ns)   --->   "%tmp_V = read i8 @_ssdm_op_Read.ap_fifo.volatile.i8P, i8 %nms_mat_4373" [F:/xilinx_2020.1/Vitis/2020.1/common/technology/autopilot/hls_stream_39.h:145]   --->   Operation 16 'read' 'tmp_V' <Predicate = (!icmp_ln95)> <Delay = 1.94> <CoreInst = "FIFO">   --->   Core 18 'FIFO' <Latency = 0> <II = 1> <Delay = 1.94> <Storage> <Opcode : 'read' 'write' 'nbread' 'nbwrite'> <Ports = 0> <Width = 8> <Depth = 1920> <FIFO>
ST_3 : Operation 17 [1/1] (0.00ns)   --->   "%p_Result_1 = bitconcatenate i24 @_ssdm_op_BitConcatenate.i24.i8.i8.i8, i8 %tmp_V, i8 %tmp_V, i8 %tmp_V"   --->   Operation 17 'bitconcatenate' 'p_Result_1' <Predicate = (!icmp_ln95)> <Delay = 0.00>
ST_3 : Operation 18 [1/1] (1.94ns)   --->   "%write_ln167 = write void @_ssdm_op_Write.ap_fifo.volatile.i24P, i24 %rgb_img_dst_4363, i24 %p_Result_1" [F:/xilinx_2020.1/Vitis/2020.1/common/technology/autopilot/hls_stream_39.h:167]   --->   Operation 18 'write' 'write_ln167' <Predicate = (!icmp_ln95)> <Delay = 1.94> <CoreInst = "FIFO">   --->   Core 18 'FIFO' <Latency = 0> <II = 1> <Delay = 1.94> <Storage> <Opcode : 'read' 'write' 'nbread' 'nbwrite'> <Ports = 0> <Width = 24> <Depth = 1920> <FIFO>
ST_3 : Operation 19 [1/1] (0.00ns)   --->   "%br_ln0 = br void"   --->   Operation 19 'br' 'br_ln0' <Predicate = (!icmp_ln95)> <Delay = 0.00>

State 4 <SV = 2> <Delay = 0.00>
ST_4 : Operation 20 [1/1] (0.00ns)   --->   "%ret_ln108 = ret" [source/edge_canny_detector.cpp:108]   --->   Operation 20 'ret' 'ret_ln108' <Predicate = true> <Delay = 0.00>


============================================================
+ Verbose Summary: Binding
============================================================
STG Binding: 
---------------- STG Properties BEGIN ----------------
- Is combinational: 0
- Is one-state seq: 0
- Is datapath-only: 0
- Is pipelined: 0
- Is top level: 0
Port [ Return ] is wired: 1; IO mode=ap_ctrl_hs:ce=0
Port [ nms_mat_4373]:  wired=1; compound=1; hidden=0; nouse=0; global=0; static=0; extern=0; dir=0; type=3; pingpong=0; private_global=0; IO mode=ap_fifo:ce=0
Port [ rgb_img_dst_4363]:  wired=1; compound=1; hidden=0; nouse=0; global=0; static=0; extern=0; dir=1; type=3; pingpong=0; private_global=0; IO mode=ap_fifo:ce=0
---------------- STG Properties END ------------------

---------------- Datapath Model BEGIN ----------------

<LifeTime>
<method=bitvector/>
specinterface_ln0     (specinterface    ) [ 00000]
specinterface_ln0     (specinterface    ) [ 00000]
br_ln95               (br               ) [ 01110]
indvar_flatten        (phi              ) [ 00100]
icmp_ln95             (icmp             ) [ 00110]
add_ln95              (add              ) [ 01110]
br_ln95               (br               ) [ 00000]
specloopname_ln0      (specloopname     ) [ 00000]
speclooptripcount_ln0 (speclooptripcount) [ 00000]
specpipeline_ln94     (specpipeline     ) [ 00000]
specloopname_ln94     (specloopname     ) [ 00000]
tmp_V                 (read             ) [ 00000]
p_Result_1            (bitconcatenate   ) [ 00000]
write_ln167           (write            ) [ 00000]
br_ln0                (br               ) [ 01110]
ret_ln108             (ret              ) [ 00000]
</LifeTime>

<model>

<comp_list>
<comp id="0" class="1000" name="nms_mat_4373">
<pin_list>
<pin id="1" dir="1" index="0" bw="1" slack="0"/>
</pin_list>
<bind>
<StgValue><ssdm name="nms_mat_4373"/></StgValue>
</bind>
</comp>

<comp id="2" class="1000" name="rgb_img_dst_4363">
<pin_list>
<pin id="3" dir="1" index="0" bw="1" slack="0"/>
</pin_list>
<bind>
<StgValue><ssdm name="rgb_img_dst_4363"/></StgValue>
</bind>
</comp>

<comp id="4" class="1001" name="const_4">
<pin_list>
<pin id="5" dir="1" index="0" bw="1" slack="2147483647"/>
</pin_list>
<bind>
<StgValue><ssdm name="_ssdm_op_SpecInterface"/></StgValue>
</bind>
</comp>

<comp id="6" class="1001" name="const_6">
<pin_list>
<pin id="7" dir="1" index="0" bw="1" slack="2147483647"/>
</pin_list>
<bind>
<StgValue><ssdm name="empty_18"/></StgValue>
</bind>
</comp>

<comp id="8" class="1001" name="const_8">
<pin_list>
<pin id="9" dir="1" index="0" bw="1" slack="2147483647"/>
</pin_list>
<bind>
<StgValue><ssdm name=""/></StgValue>
</bind>
</comp>

<comp id="10" class="1001" name="const_10">
<pin_list>
<pin id="11" dir="1" index="0" bw="1" slack="2147483647"/>
</pin_list>
<bind>
<StgValue><ssdm name="empty_14"/></StgValue>
</bind>
</comp>

<comp id="12" class="1001" name="const_12">
<pin_list>
<pin id="13" dir="1" index="0" bw="1" slack="1"/>
</pin_list>
<bind>
<StgValue><ssdm name=""/></StgValue>
</bind>
</comp>

<comp id="14" class="1001" name="const_14">
<pin_list>
<pin id="15" dir="1" index="0" bw="1" slack="0"/>
</pin_list>
<bind>
<StgValue><ssdm name=""/></StgValue>
</bind>
</comp>

<comp id="16" class="1001" name="const_16">
<pin_list>
<pin id="17" dir="1" index="0" bw="1" slack="0"/>
</pin_list>
<bind>
<StgValue><ssdm name=""/></StgValue>
</bind>
</comp>

<comp id="18" class="1001" name="const_18">
<pin_list>
<pin id="19" dir="1" index="0" bw="1" slack="2147483647"/>
</pin_list>
<bind>
<StgValue><ssdm name="_ssdm_op_SpecLoopName"/></StgValue>
</bind>
</comp>

<comp id="20" class="1001" name="const_20">
<pin_list>
<pin id="21" dir="1" index="0" bw="1" slack="2147483647"/>
</pin_list>
<bind>
<StgValue><ssdm name="VITIS_LOOP_95_1_VITIS_LOOP_97_2_str"/></StgValue>
</bind>
</comp>

<comp id="22" class="1001" name="const_22">
<pin_list>
<pin id="23" dir="1" index="0" bw="1" slack="2147483647"/>
</pin_list>
<bind>
<StgValue><ssdm name="_ssdm_op_SpecLoopTripCount"/></StgValue>
</bind>
</comp>

<comp id="24" class="1001" name="const_24">
<pin_list>
<pin id="25" dir="1" index="0" bw="1" slack="2147483647"/>
</pin_list>
<bind>
<StgValue><ssdm name=""/></StgValue>
</bind>
</comp>

<comp id="26" class="1001" name="const_26">
<pin_list>
<pin id="27" dir="1" index="0" bw="1" slack="2147483647"/>
</pin_list>
<bind>
<StgValue><ssdm name="_ssdm_op_SpecPipeline"/></StgValue>
</bind>
</comp>

<comp id="28" class="1001" name="const_28">
<pin_list>
<pin id="29" dir="1" index="0" bw="1" slack="2147483647"/>
</pin_list>
<bind>
<StgValue><ssdm name=""/></StgValue>
</bind>
</comp>

<comp id="30" class="1001" name="const_30">
<pin_list>
<pin id="31" dir="1" index="0" bw="1" slack="2147483647"/>
</pin_list>
<bind>
<StgValue><ssdm name=""/></StgValue>
</bind>
</comp>

<comp id="32" class="1001" name="const_32">
<pin_list>
<pin id="33" dir="1" index="0" bw="1" slack="2147483647"/>
</pin_list>
<bind>
<StgValue><ssdm name="empty"/></StgValue>
</bind>
</comp>

<comp id="34" class="1001" name="const_34">
<pin_list>
<pin id="35" dir="1" index="0" bw="1" slack="0"/>
</pin_list>
<bind>
<StgValue><ssdm name="_ssdm_op_Read.ap_fifo.volatile.i8P"/></StgValue>
</bind>
</comp>

<comp id="36" class="1001" name="const_36">
<pin_list>
<pin id="37" dir="1" index="0" bw="1" slack="0"/>
</pin_list>
<bind>
<StgValue><ssdm name="_ssdm_op_BitConcatenate.i24.i8.i8.i8"/></StgValue>
</bind>
</comp>

<comp id="38" class="1001" name="const_38">
<pin_list>
<pin id="39" dir="1" index="0" bw="1" slack="0"/>
</pin_list>
<bind>
<StgValue><ssdm name="_ssdm_op_Write.ap_fifo.volatile.i24P"/></StgValue>
</bind>
</comp>

<comp id="40" class="1004" name="tmp_V_read_fu_40">
<pin_list>
<pin id="41" dir="0" index="0" bw="8" slack="0"/>
<pin id="42" dir="0" index="1" bw="8" slack="0"/>
<pin id="43" dir="1" index="2" bw="8" slack="0"/>
</pin_list>
<bind>
<opcode="read(1150) " fcode="read"/>
<opset="tmp_V/3 "/>
</bind>
</comp>

<comp id="46" class="1004" name="write_ln167_write_fu_46">
<pin_list>
<pin id="47" dir="0" index="0" bw="0" slack="0"/>
<pin id="48" dir="0" index="1" bw="24" slack="0"/>
<pin id="49" dir="0" index="2" bw="24" slack="0"/>
<pin id="50" dir="1" index="3" bw="0" slack="2147483647"/>
</pin_list>
<bind>
<opcode="write(1151) " fcode="write"/>
<opset="write_ln167/3 "/>
</bind>
</comp>

<comp id="53" class="1005" name="indvar_flatten_reg_53">
<pin_list>
<pin id="54" dir="0" index="0" bw="21" slack="1"/>
<pin id="55" dir="1" index="1" bw="21" slack="1"/>
</pin_list>
<bind>
<opset="indvar_flatten (phireg) "/>
</bind>
</comp>

<comp id="57" class="1004" name="indvar_flatten_phi_fu_57">
<pin_list>
<pin id="58" dir="0" index="0" bw="1" slack="1"/>
<pin id="59" dir="0" index="1" bw="0" slack="2147483647"/>
<pin id="60" dir="0" index="2" bw="21" slack="0"/>
<pin id="61" dir="0" index="3" bw="0" slack="2147483647"/>
<pin id="62" dir="1" index="4" bw="21" slack="0"/>
</pin_list>
<bind>
<opcode="phi(47) " fcode="phi"/>
<opset="indvar_flatten/2 "/>
</bind>
</comp>

<comp id="64" class="1004" name="icmp_ln95_fu_64">
<pin_list>
<pin id="65" dir="0" index="0" bw="21" slack="0"/>
<pin id="66" dir="0" index="1" bw="16" slack="0"/>
<pin id="67" dir="1" index="2" bw="1" slack="1"/>
</pin_list>
<bind>
<opcode="icmp(45) " fcode="icmp"/>
<opset="icmp_ln95/2 "/>
</bind>
</comp>

<comp id="70" class="1004" name="add_ln95_fu_70">
<pin_list>
<pin id="71" dir="0" index="0" bw="21" slack="0"/>
<pin id="72" dir="0" index="1" bw="1" slack="0"/>
<pin id="73" dir="1" index="2" bw="21" slack="0"/>
</pin_list>
<bind>
<opcode="add(8) " fcode="add"/>
<opset="add_ln95/2 "/>
</bind>
</comp>

<comp id="76" class="1004" name="p_Result_1_fu_76">
<pin_list>
<pin id="77" dir="0" index="0" bw="24" slack="0"/>
<pin id="78" dir="0" index="1" bw="8" slack="0"/>
<pin id="79" dir="0" index="2" bw="8" slack="0"/>
<pin id="80" dir="0" index="3" bw="8" slack="0"/>
<pin id="81" dir="1" index="4" bw="24" slack="0"/>
</pin_list>
<bind>
<opcode="bitconcatenate(1004) " fcode="bitconcatenate"/>
<opset="p_Result_1/3 "/>
</bind>
</comp>

<comp id="87" class="1005" name="icmp_ln95_reg_87">
<pin_list>
<pin id="88" dir="0" index="0" bw="1" slack="1"/>
<pin id="89" dir="1" index="1" bw="1" slack="2147483647"/>
</pin_list>
<bind>
<opset="icmp_ln95 "/>
</bind>
</comp>

<comp id="91" class="1005" name="add_ln95_reg_91">
<pin_list>
<pin id="92" dir="0" index="0" bw="21" slack="0"/>
<pin id="93" dir="1" index="1" bw="21" slack="0"/>
</pin_list>
<bind>
<opset="add_ln95 "/>
</bind>
</comp>

</comp_list>

<net_list>
<net id="44"><net_src comp="34" pin="0"/><net_sink comp="40" pin=0"/></net>

<net id="45"><net_src comp="0" pin="0"/><net_sink comp="40" pin=1"/></net>

<net id="51"><net_src comp="38" pin="0"/><net_sink comp="46" pin=0"/></net>

<net id="52"><net_src comp="2" pin="0"/><net_sink comp="46" pin=1"/></net>

<net id="56"><net_src comp="12" pin="0"/><net_sink comp="53" pin=0"/></net>

<net id="63"><net_src comp="53" pin="1"/><net_sink comp="57" pin=0"/></net>

<net id="68"><net_src comp="57" pin="4"/><net_sink comp="64" pin=0"/></net>

<net id="69"><net_src comp="14" pin="0"/><net_sink comp="64" pin=1"/></net>

<net id="74"><net_src comp="57" pin="4"/><net_sink comp="70" pin=0"/></net>

<net id="75"><net_src comp="16" pin="0"/><net_sink comp="70" pin=1"/></net>

<net id="82"><net_src comp="36" pin="0"/><net_sink comp="76" pin=0"/></net>

<net id="83"><net_src comp="40" pin="2"/><net_sink comp="76" pin=1"/></net>

<net id="84"><net_src comp="40" pin="2"/><net_sink comp="76" pin=2"/></net>

<net id="85"><net_src comp="40" pin="2"/><net_sink comp="76" pin=3"/></net>

<net id="86"><net_src comp="76" pin="4"/><net_sink comp="46" pin=2"/></net>

<net id="90"><net_src comp="64" pin="2"/><net_sink comp="87" pin=0"/></net>

<net id="94"><net_src comp="70" pin="2"/><net_sink comp="91" pin=0"/></net>

<net id="95"><net_src comp="91" pin="1"/><net_sink comp="57" pin=2"/></net>

</net_list>

</model> 
---------------- Datapath Model END ------------------

* FSMD analyzer results:
  - Output states:
	Port: rgb_img_dst_4363 | {3 }
 - Input state : 
	Port: xfgray2rgb<1080, 1920> : nms_mat_4373 | {3 }
  - Chain level:
	State 1
	State 2
		icmp_ln95 : 1
		add_ln95 : 1
		br_ln95 : 2
	State 3
		write_ln167 : 1
	State 4


============================================================
+ Verbose Summary: Datapath Resource usage 
============================================================

* Functional unit list:
|----------|-------------------------|---------|---------|
| Operation|     Functional Unit     |    FF   |   LUT   |
|----------|-------------------------|---------|---------|
|    add   |      add_ln95_fu_70     |    0    |    28   |
|----------|-------------------------|---------|---------|
|   icmp   |     icmp_ln95_fu_64     |    0    |    20   |
|----------|-------------------------|---------|---------|
|   read   |     tmp_V_read_fu_40    |    0    |    0    |
|----------|-------------------------|---------|---------|
|   write  | write_ln167_write_fu_46 |    0    |    0    |
|----------|-------------------------|---------|---------|
|bitconcatenate|     p_Result_1_fu_76    |    0    |    0    |
|----------|-------------------------|---------|---------|
|   Total  |                         |    0    |    48   |
|----------|-------------------------|---------|---------|

Memories:
N/A

* Register list:
+---------------------+--------+
|                     |   FF   |
+---------------------+--------+
|   add_ln95_reg_91   |   21   |
|   icmp_ln95_reg_87  |    1   |
|indvar_flatten_reg_53|   21   |
+---------------------+--------+
|        Total        |   43   |
+---------------------+--------+

* Multiplexer (MUX) list: 
|--------|------|------|------|--------|
|  Comp  |  Pin | Size |  BW  | S x BW |
|--------|------|------|------|--------|
|  Total |      |      |      |    0   |
|--------|------|------|------|--------|



* Summary:
+-----------+--------+--------+
|           |   FF   |   LUT  |
+-----------+--------+--------+
|  Function |    0   |   48   |
|   Memory  |    -   |    -   |
|Multiplexer|    -   |    -   |
|  Register |   43   |    -   |
+-----------+--------+--------+
|   Total   |   43   |   48   |
+-----------+--------+--------+
