

================================================================
== Vitis HLS Report for 'xFAverageGaussianMask3x3_0_0_1080_1920_0_1_1_1920_s'
================================================================
* Date:           Mon Nov  2 13:48:40 2020

* Version:        2020.1 (Build 2902540 on Wed May 27 20:16:15 MDT 2020)
* Project:        edge_canny_detector
* Solution:       solution1 (Vivado IP Flow Target)
* Product family: zynquplus
* Target device:  xczu3eg-sfvc784-1-i


================================================================
== Performance Estimates
================================================================
+ Timing: 
    * Summary: 
    +--------+----------+----------+------------+
    |  Clock |  Target  | Estimated| Uncertainty|
    +--------+----------+----------+------------+
    |ap_clk  | 10.00 ns | 5.634 ns |   2.70 ns  |
    +--------+----------+----------+------------+

+ Latency: 
    * Summary: 
    +---------+---------+-----------+-----------+---------+---------+---------+
    |  Latency (cycles) |   Latency (absolute)  |      Interval     | Pipeline|
    |   min   |   max   |    min    |    max    |   min   |   max   |   Type  |
    +---------+---------+-----------+-----------+---------+---------+---------+
    |  2082003|  2082003| 20.820 ms | 20.820 ms |  2082003|  2082003|   none  |
    +---------+---------+-----------+-----------+---------+---------+---------+

    + Detail: 
        * Instance: 
        +---------------------------------------------+-------------------------+---------+---------+----------+----------+-----+-----+----------+
        |                                             |                         |  Latency (cycles) |  Latency (absolute) |  Interval | Pipeline |
        |                   Instance                  |          Module         |   min   |   max   |    min   |    max   | min | max |   Type   |
        +---------------------------------------------+-------------------------+---------+---------+----------+----------+-----+-----+----------+
        |src_buf1_V_2_xfExtractPixels_1_1_0_s_fu_384  |xfExtractPixels_1_1_0_s  |        0|        0|   0 ns   |   0 ns   |    1|    1| function |
        |src_buf2_V_2_xfExtractPixels_1_1_0_s_fu_389  |xfExtractPixels_1_1_0_s  |        0|        0|   0 ns   |   0 ns   |    1|    1| function |
        |call_ret_xfExtractPixels_1_1_0_s_fu_394      |xfExtractPixels_1_1_0_s  |        0|        0|   0 ns   |   0 ns   |    1|    1| function |
        +---------------------------------------------+-------------------------+---------+---------+----------+----------+-----+-----+----------+

        * Loop: 
        +------------------+---------+---------+----------+-----------+-----------+------+----------+
        |                  |  Latency (cycles) | Iteration|  Initiation Interval  | Trip |          |
        |     Loop Name    |   min   |   max   |  Latency |  achieved |   target  | Count| Pipelined|
        +------------------+---------+---------+----------+-----------+-----------+------+----------+
        |- Clear_Row_Loop  |     1920|     1920|         2|          1|          1|  1920|    yes   |
        |- Row_Loop        |  2080080|  2080080|      1926|          -|          -|  1080|    no    |
        | + Col_Loop       |     1923|     1923|         5|          1|          1|  1920|    yes   |
        +------------------+---------+---------+----------+-----------+-----------+------+----------+



================================================================
== Utilization Estimates
================================================================
* Summary: 
+-----------------+---------+-----+--------+-------+-----+
|       Name      | BRAM_18K| DSP |   FF   |  LUT  | URAM|
+-----------------+---------+-----+--------+-------+-----+
|DSP              |        -|    -|       -|      -|    -|
|Expression       |        -|    -|       0|    432|    -|
|FIFO             |        -|    -|       -|      -|    -|
|Instance         |        -|    -|       0|     30|    -|
|Memory           |        3|    -|       0|      0|    -|
|Multiplexer      |        -|    -|       -|    455|    -|
|Register         |        -|    -|     291|     32|    -|
+-----------------+---------+-----+--------+-------+-----+
|Total            |        3|    0|     291|    949|    0|
+-----------------+---------+-----+--------+-------+-----+
|Available        |      432|  360|  141120|  70560|    0|
+-----------------+---------+-----+--------+-------+-----+
|Utilization (%)  |    ~0   |    0|   ~0   |      1|    0|
+-----------------+---------+-----+--------+-------+-----+

+ Detail: 
    * Instance: 
    +---------------------------------------------+-------------------------+---------+----+---+----+-----+
    |                   Instance                  |          Module         | BRAM_18K| DSP| FF| LUT| URAM|
    +---------------------------------------------+-------------------------+---------+----+---+----+-----+
    |mux_32_8_1_1_U24                             |mux_32_8_1_1             |        0|   0|  0|  15|    0|
    |mux_32_8_1_1_U25                             |mux_32_8_1_1             |        0|   0|  0|  15|    0|
    |src_buf1_V_2_xfExtractPixels_1_1_0_s_fu_384  |xfExtractPixels_1_1_0_s  |        0|   0|  0|   0|    0|
    |src_buf2_V_2_xfExtractPixels_1_1_0_s_fu_389  |xfExtractPixels_1_1_0_s  |        0|   0|  0|   0|    0|
    |call_ret_xfExtractPixels_1_1_0_s_fu_394      |xfExtractPixels_1_1_0_s  |        0|   0|  0|   0|    0|
    +---------------------------------------------+-------------------------+---------+----+---+----+-----+
    |Total                                        |                         |        0|   0|  0|  30|    0|
    +---------------------------------------------+-------------------------+---------+----+---+----+-----+

    * DSP: 
    N/A

    * Memory: 
    +-----------+-------------------------------------------------------------+---------+---+----+-----+------+-----+------+-------------+
    |   Memory  |                            Module                           | BRAM_18K| FF| LUT| URAM| Words| Bits| Banks| W*Bits*Banks|
    +-----------+-------------------------------------------------------------+---------+---+----+-----+------+-----+------+-------------+
    |buf_0_V_U  |xFAverageGaussianMask3x3_0_0_1080_1920_0_1_1_1920_s_buf_0_V  |        1|  0|   0|    0|  1920|    8|     1|        15360|
    |buf_1_V_U  |xFAverageGaussianMask3x3_0_0_1080_1920_0_1_1_1920_s_buf_0_V  |        1|  0|   0|    0|  1920|    8|     1|        15360|
    |buf_2_V_U  |xFAverageGaussianMask3x3_0_0_1080_1920_0_1_1_1920_s_buf_0_V  |        1|  0|   0|    0|  1920|    8|     1|        15360|
    +-----------+-------------------------------------------------------------+---------+---+----+-----+------+-----+------+-------------+
    |Total      |                                                             |        3|  0|   0|    0|  5760|   24|     3|        46080|
    +-----------+-------------------------------------------------------------+---------+---+----+-----+------+-----+------+-------------+

    * FIFO: 
    N/A

    * Expression: 
    +-----------------------------------+----------+----+---+----+------------+------------+
    |           Variable Name           | Operation| DSP| FF| LUT| Bitwidth P0| Bitwidth P1|
    +-----------------------------------+----------+----+---+----+------------+------------+
    |A00_2_fu_598_p2                    |     +    |   0|  0|  16|           9|           9|
    |A0_1_fu_618_p2                     |     +    |   0|  0|  17|          10|          10|
    |A0_fu_736_p2                       |     +    |   0|  0|  16|           9|           9|
    |add_ln48_fu_636_p2                 |     +    |   0|  0|  16|           9|           9|
    |add_ln49_fu_608_p2                 |     +    |   0|  0|  16|           9|           9|
    |add_ln50_1_fu_760_p2               |     +    |   0|  0|  17|          10|          10|
    |add_ln50_2_fu_646_p2               |     +    |   0|  0|  16|           9|           9|
    |add_ln50_3_fu_656_p2               |     +    |   0|  0|  17|          10|          10|
    |add_ln50_fu_746_p2                 |     +    |   0|  0|  16|           9|           9|
    |add_ln52_1_fu_796_p2               |     +    |   0|  0|  19|          12|          12|
    |add_ln52_2_fu_690_p2               |     +    |   0|  0|  18|          11|          11|
    |add_ln52_3_fu_700_p2               |     +    |   0|  0|  19|          12|          12|
    |add_ln52_fu_786_p2                 |     +    |   0|  0|  18|          11|          11|
    |add_ln695_10_fu_833_p2             |     +    |   0|  0|  18|          11|           1|
    |add_ln695_11_fu_519_p2             |     +    |   0|  0|  18|          11|           1|
    |add_ln695_9_fu_813_p2              |     +    |   0|  0|  20|          13|           1|
    |add_ln695_fu_415_p2                |     +    |   0|  0|  18|          11|           1|
    |ap_block_pp0_stage0_11001          |    and   |   0|  0|   2|           1|           1|
    |ap_block_state10_pp1_stage0_iter4  |    and   |   0|  0|   2|           1|           1|
    |ap_block_state3_pp0_stage0_iter1   |    and   |   0|  0|   2|           1|           1|
    |ap_block_state7_pp1_stage0_iter1   |    and   |   0|  0|   2|           1|           1|
    |ap_condition_180                   |    and   |   0|  0|   2|           1|           1|
    |ap_condition_187                   |    and   |   0|  0|   2|           1|           1|
    |ap_condition_721                   |    and   |   0|  0|   2|           1|           1|
    |ap_predicate_op88_read_state7      |    and   |   0|  0|   2|           1|           1|
    |cmp_i_i362_i_fu_507_p2             |   icmp   |   0|  0|  13|          11|          11|
    |icmp_ln209_fu_426_p2               |   icmp   |   0|  0|  13|          11|          11|
    |icmp_ln874_8_fu_819_p2             |   icmp   |   0|  0|  13|          13|           2|
    |icmp_ln874_9_fu_546_p2             |   icmp   |   0|  0|  13|          11|           1|
    |icmp_ln874_fu_462_p2               |   icmp   |   0|  0|  13|          13|           1|
    |icmp_ln882_7_fu_513_p2             |   icmp   |   0|  0|  13|          11|           9|
    |icmp_ln882_fu_409_p2               |   icmp   |   0|  0|  13|          11|           9|
    |ap_block_pp1_stage0_01001          |    or    |   0|  0|   2|           1|           1|
    |ap_block_state1                    |    or    |   0|  0|   2|           1|           1|
    |select_ln221_1_fu_476_p3           |  select  |   0|  0|   2|           1|           1|
    |select_ln221_2_fu_484_p3           |  select  |   0|  0|   3|           1|           3|
    |select_ln221_fu_468_p3             |  select  |   0|  0|   2|           1|           1|
    |select_ln255_fu_825_p3             |  select  |   0|  0|  13|           1|           1|
    |ap_enable_pp0                      |    xor   |   0|  0|   2|           1|           2|
    |ap_enable_pp1                      |    xor   |   0|  0|   2|           1|           2|
    |ap_enable_reg_pp0_iter1            |    xor   |   0|  0|   2|           2|           1|
    +-----------------------------------+----------+----+---+----+------------+------------+
    |Total                              |          |   0|  0| 432|         275|         199|
    +-----------------------------------+----------+----+---+----+------------+------------+

    * Multiplexer: 
    +-------------------------------------------------------+----+-----------+-----+-----------+
    |                          Name                         | LUT| Input Size| Bits| Total Bits|
    +-------------------------------------------------------+----+-----------+-----+-----------+
    |A00_reg_348                                            |   9|          2|    8|         16|
    |A01_reg_298                                            |   9|          2|    8|         16|
    |A2_reg_361                                             |   9|          2|    8|         16|
    |ap_NS_fsm                                              |  38|          7|    1|          7|
    |ap_done                                                |   9|          2|    1|          2|
    |ap_enable_reg_pp0_iter1                                |  15|          3|    1|          3|
    |ap_enable_reg_pp1_iter3                                |   9|          2|    1|          2|
    |ap_enable_reg_pp1_iter4                                |  15|          3|    1|          3|
    |ap_phi_mux_A00_phi_fu_352_p4                           |   9|          2|    8|         16|
    |ap_phi_mux_A01_phi_fu_302_p4                           |   9|          2|    8|         16|
    |ap_phi_mux_arrayidx10_i_i539_load_01399_phi_fu_327_p4  |   9|          2|    8|         16|
    |ap_phi_mux_arrayidx14_i_i538_load_01401_phi_fu_315_p4  |   9|          2|    8|         16|
    |ap_phi_mux_arrayidx25_i_i494_load_01405_phi_fu_290_p4  |   9|          2|    8|         16|
    |ap_phi_mux_empty_62_phi_fu_278_p4                      |   9|          2|   11|         22|
    |ap_phi_mux_i_op_assign_phi_fu_340_p4                   |   9|          2|    8|         16|
    |ap_phi_reg_pp1_iter1_buf2_V_reg_373                    |   9|          2|    8|         16|
    |ap_phi_reg_pp1_iter2_buf2_V_reg_373                    |   9|          2|    8|         16|
    |arrayidx10_i_i539_load_01399_reg_323                   |   9|          2|    8|         16|
    |arrayidx14_i_i538_load_01401_reg_311                   |   9|          2|    8|         16|
    |arrayidx25_i_i494_load_01405_reg_286                   |   9|          2|    8|         16|
    |buf_0_V_address1                                       |  21|          4|   11|         44|
    |buf_0_V_d1                                             |  15|          3|    8|         24|
    |buf_1_V_address1                                       |  21|          4|   11|         44|
    |buf_1_V_d1                                             |  15|          3|    8|         24|
    |buf_2_V_address1                                       |  15|          3|   11|         33|
    |buf_2_V_d1                                             |  15|          3|    8|         24|
    |empty_57_fu_104                                        |  15|          3|    2|          6|
    |empty_58_fu_108                                        |  15|          3|    2|          6|
    |empty_59_fu_112                                        |  15|          3|    2|          6|
    |empty_60_reg_250                                       |   9|          2|   11|         22|
    |empty_61_reg_262                                       |   9|          2|   13|         26|
    |empty_62_reg_274                                       |   9|          2|   11|         22|
    |empty_reg_239                                          |   9|          2|   11|         22|
    |gaussian_mat_4364_blk_n                                |   9|          2|    1|          2|
    |gaussian_mat_4364_din                                  |  15|          3|    8|         24|
    |gray_img_src_4362_blk_n                                |   9|          2|    1|          2|
    |i_op_assign_reg_336                                    |   9|          2|    8|         16|
    |real_start                                             |   9|          2|    1|          2|
    +-------------------------------------------------------+----+-----------+-----+-----------+
    |Total                                                  | 455|         95|  256|        612|
    +-------------------------------------------------------+----+-----------+-----+-----------+

    * Register: 
    +--------------------------------------+----+----+-----+-----------+
    |                 Name                 | FF | LUT| Bits| Const Bits|
    +--------------------------------------+----+----+-----+-----------+
    |A00_reg_348                           |   8|   0|    8|          0|
    |A01_reg_298                           |   8|   0|    8|          0|
    |A2_reg_361                            |   8|   0|   10|          2|
    |add_ln695_11_reg_889                  |  11|   0|   11|          0|
    |ap_CS_fsm                             |   6|   0|    6|          0|
    |ap_done_reg                           |   1|   0|    1|          0|
    |ap_enable_reg_pp0_iter0               |   1|   0|    1|          0|
    |ap_enable_reg_pp0_iter1               |   1|   0|    1|          0|
    |ap_enable_reg_pp1_iter0               |   1|   0|    1|          0|
    |ap_enable_reg_pp1_iter1               |   1|   0|    1|          0|
    |ap_enable_reg_pp1_iter2               |   1|   0|    1|          0|
    |ap_enable_reg_pp1_iter3               |   1|   0|    1|          0|
    |ap_enable_reg_pp1_iter4               |   1|   0|    1|          0|
    |ap_phi_reg_pp1_iter1_buf2_V_reg_373   |   8|   0|    8|          0|
    |ap_phi_reg_pp1_iter2_buf2_V_reg_373   |   8|   0|    8|          0|
    |ap_phi_reg_pp1_iter3_buf2_V_reg_373   |   8|   0|    8|          0|
    |arrayidx10_i_i539_load_01399_reg_323  |   8|   0|    8|          0|
    |arrayidx14_i_i538_load_01401_reg_311  |   8|   0|    8|          0|
    |arrayidx25_i_i494_load_01405_reg_286  |   8|   0|    8|          0|
    |call_ret_reg_932                      |   8|   0|    8|          0|
    |cmp_i_i362_i_reg_881                  |   1|   0|    1|          0|
    |empty_57_fu_104                       |   2|   0|    2|          0|
    |empty_58_fu_108                       |   2|   0|    2|          0|
    |empty_59_fu_112                       |   2|   0|    2|          0|
    |empty_60_reg_250                      |  11|   0|   11|          0|
    |empty_61_reg_262                      |  13|   0|   13|          0|
    |empty_62_reg_274                      |  11|   0|   11|          0|
    |empty_62_reg_274_pp1_iter1_reg        |  11|   0|   11|          0|
    |empty_reg_239                         |  11|   0|   11|          0|
    |i_op_assign_reg_336                   |   8|   0|    8|          0|
    |icmp_ln874_9_reg_918                  |   1|   0|    1|          0|
    |icmp_ln874_9_reg_918_pp1_iter3_reg    |   1|   0|    1|          0|
    |icmp_ln882_7_reg_885                  |   1|   0|    1|          0|
    |icmp_ln882_reg_839                    |   1|   0|    1|          0|
    |p_load70_reg_894                      |   2|   0|    2|          0|
    |phitmp4_reg_942                       |   8|   0|   10|          2|
    |src_buf1_V_2_reg_922                  |   8|   0|    8|          0|
    |src_buf2_V_2_reg_927                  |   8|   0|    8|          0|
    |start_once_reg                        |   1|   0|    1|          0|
    |trunc_ln304_1_reg_937                 |   8|   0|    8|          0|
    |zext_ln538_reg_848                    |  11|   0|   64|         53|
    |icmp_ln882_7_reg_885                  |  64|  32|    1|          0|
    +--------------------------------------+----+----+-----+-----------+
    |Total                                 | 291|  32|  285|         57|
    +--------------------------------------+----+----+-----+-----------+



================================================================
== Interface
================================================================
* Summary: 
+---------------------------+-----+-----+------------+-----------------------------------------------------------+--------------+
|         RTL Ports         | Dir | Bits|  Protocol  |                       Source Object                       |    C Type    |
+---------------------------+-----+-----+------------+-----------------------------------------------------------+--------------+
|ap_clk                     |  in |    1| ap_ctrl_hs | xFAverageGaussianMask3x3<0, 0, 1080, 1920, 0, 1, 1, 1920> | return value |
|ap_rst                     |  in |    1| ap_ctrl_hs | xFAverageGaussianMask3x3<0, 0, 1080, 1920, 0, 1, 1, 1920> | return value |
|ap_start                   |  in |    1| ap_ctrl_hs | xFAverageGaussianMask3x3<0, 0, 1080, 1920, 0, 1, 1, 1920> | return value |
|start_full_n               |  in |    1| ap_ctrl_hs | xFAverageGaussianMask3x3<0, 0, 1080, 1920, 0, 1, 1, 1920> | return value |
|ap_done                    | out |    1| ap_ctrl_hs | xFAverageGaussianMask3x3<0, 0, 1080, 1920, 0, 1, 1, 1920> | return value |
|ap_continue                |  in |    1| ap_ctrl_hs | xFAverageGaussianMask3x3<0, 0, 1080, 1920, 0, 1, 1, 1920> | return value |
|ap_idle                    | out |    1| ap_ctrl_hs | xFAverageGaussianMask3x3<0, 0, 1080, 1920, 0, 1, 1, 1920> | return value |
|ap_ready                   | out |    1| ap_ctrl_hs | xFAverageGaussianMask3x3<0, 0, 1080, 1920, 0, 1, 1, 1920> | return value |
|start_out                  | out |    1| ap_ctrl_hs | xFAverageGaussianMask3x3<0, 0, 1080, 1920, 0, 1, 1, 1920> | return value |
|start_write                | out |    1| ap_ctrl_hs | xFAverageGaussianMask3x3<0, 0, 1080, 1920, 0, 1, 1, 1920> | return value |
|gray_img_src_4362_dout     |  in |    8|   ap_fifo  |                     gray_img_src_4362                     |    pointer   |
|gray_img_src_4362_empty_n  |  in |    1|   ap_fifo  |                     gray_img_src_4362                     |    pointer   |
|gray_img_src_4362_read     | out |    1|   ap_fifo  |                     gray_img_src_4362                     |    pointer   |
|gaussian_mat_4364_din      | out |    8|   ap_fifo  |                     gaussian_mat_4364                     |    pointer   |
|gaussian_mat_4364_full_n   |  in |    1|   ap_fifo  |                     gaussian_mat_4364                     |    pointer   |
|gaussian_mat_4364_write    | out |    1|   ap_fifo  |                     gaussian_mat_4364                     |    pointer   |
+---------------------------+-----+-----+------------+-----------------------------------------------------------+--------------+

