

================================================================
== Vitis HLS Report for 'xFSuppression3x3_2_0_0_1080_1920_3_0_0_1_5_1_1_1920_5760_5760_s'
================================================================
* Date:           Mon Nov  2 13:48:45 2020

* Version:        2020.1 (Build 2902540 on Wed May 27 20:16:15 MDT 2020)
* Project:        edge_canny_detector
* Solution:       solution1 (Vivado IP Flow Target)
* Product family: zynquplus
* Target device:  xczu3eg-sfvc784-1-i


================================================================
== Performance Estimates
================================================================
+ Timing: 
    * Summary: 
    +--------+----------+----------+------------+
    |  Clock |  Target  | Estimated| Uncertainty|
    +--------+----------+----------+------------+
    |ap_clk  | 10.00 ns | 7.230 ns |   2.70 ns  |
    +--------+----------+----------+------------+

+ Latency: 
    * Summary: 
    +---------+---------+-----------+-----------+---------+---------+---------+
    |  Latency (cycles) |   Latency (absolute)  |      Interval     | Pipeline|
    |   min   |   max   |    min    |    max    |   min   |   max   |   Type  |
    +---------+---------+-----------+-----------+---------+---------+---------+
    |  2082003|  2082003| 20.820 ms | 20.820 ms |  2082003|  2082003|   none  |
    +---------+---------+-----------+-----------+---------+---------+---------+

    + Detail: 
        * Instance: 
        +----------------------------------------------+-------------------------+---------+---------+----------+----------+-----+-----+----------+
        |                                              |                         |  Latency (cycles) |  Latency (absolute) |  Interval | Pipeline |
        |                   Instance                   |          Module         |   min   |   max   |    min   |    max   | min | max |   Type   |
        +----------------------------------------------+-------------------------+---------+---------+----------+----------+-----+-----+----------+
        |grp_xFFindmax3x3_3_0_0_s_fu_498               |xFFindmax3x3_3_0_0_s     |        0|        0|   0 ns   |   0 ns   |    1|    1| function |
        |l00_buf_V_2_xfExtractPixels_1_5_3_s_fu_525    |xfExtractPixels_1_5_3_s  |        0|        0|   0 ns   |   0 ns   |    1|    1| function |
        |l10_buf_V_2_xfExtractPixels_1_5_3_s_fu_530    |xfExtractPixels_1_5_3_s  |        0|        0|   0 ns   |   0 ns   |    1|    1| function |
        |l20_buf_V_2_xfExtractPixels_1_5_3_s_fu_535    |xfExtractPixels_1_5_3_s  |        0|        0|   0 ns   |   0 ns   |    1|    1| function |
        |angle_buf_V_2_xfExtractPixels_1_1_0_s_fu_540  |xfExtractPixels_1_1_0_s  |        0|        0|   0 ns   |   0 ns   |    1|    1| function |
        +----------------------------------------------+-------------------------+---------+---------+----------+----------+-----+-----+----------+

        * Loop: 
        +--------------+---------+---------+----------+-----------+-----------+------+----------+
        |              |  Latency (cycles) | Iteration|  Initiation Interval  | Trip |          |
        |   Loop Name  |   min   |   max   |  Latency |  achieved |   target  | Count| Pipelined|
        +--------------+---------+---------+----------+-----------+-----------+------+----------+
        |- bufColLoop  |     1920|     1920|         2|          1|          1|  1920|    yes   |
        |- rowLoop     |  2080080|  2080080|      1926|          -|          -|  1080|    no    |
        | + colLoop1   |     1923|     1923|         5|          1|          1|  1920|    yes   |
        +--------------+---------+---------+----------+-----------+-----------+------+----------+



================================================================
== Utilization Estimates
================================================================
* Summary: 
+-----------------+---------+-----+--------+-------+-----+
|       Name      | BRAM_18K| DSP |   FF   |  LUT  | URAM|
+-----------------+---------+-----+--------+-------+-----+
|DSP              |        -|    -|       -|      -|    -|
|Expression       |        -|    -|       0|    309|    -|
|FIFO             |        -|    -|       -|      -|    -|
|Instance         |        -|    -|       0|    362|    -|
|Memory           |        8|    -|       0|      0|    -|
|Multiplexer      |        -|    -|       -|    524|    -|
|Register         |        -|    -|     378|     32|    -|
+-----------------+---------+-----+--------+-------+-----+
|Total            |        8|    0|     378|   1227|    0|
+-----------------+---------+-----+--------+-------+-----+
|Available        |      432|  360|  141120|  70560|    0|
+-----------------+---------+-----+--------+-------+-----+
|Utilization (%)  |        1|    0|   ~0   |      1|    0|
+-----------------+---------+-----+--------+-------+-----+

+ Detail: 
    * Instance: 
    +----------------------------------------------+-------------------------+---------+----+---+-----+-----+
    |                   Instance                   |          Module         | BRAM_18K| DSP| FF| LUT | URAM|
    +----------------------------------------------+-------------------------+---------+----+---+-----+-----+
    |mux_32_16_1_1_U74                             |mux_32_16_1_1            |        0|   0|  0|   15|    0|
    |mux_32_16_1_1_U75                             |mux_32_16_1_1            |        0|   0|  0|   15|    0|
    |mux_32_16_1_1_U76                             |mux_32_16_1_1            |        0|   0|  0|   15|    0|
    |grp_xFFindmax3x3_3_0_0_s_fu_498               |xFFindmax3x3_3_0_0_s     |        0|   0|  0|  317|    0|
    |angle_buf_V_2_xfExtractPixels_1_1_0_s_fu_540  |xfExtractPixels_1_1_0_s  |        0|   0|  0|    0|    0|
    |l00_buf_V_2_xfExtractPixels_1_5_3_s_fu_525    |xfExtractPixels_1_5_3_s  |        0|   0|  0|    0|    0|
    |l10_buf_V_2_xfExtractPixels_1_5_3_s_fu_530    |xfExtractPixels_1_5_3_s  |        0|   0|  0|    0|    0|
    |l20_buf_V_2_xfExtractPixels_1_5_3_s_fu_535    |xfExtractPixels_1_5_3_s  |        0|   0|  0|    0|    0|
    +----------------------------------------------+-------------------------+---------+----+---+-----+-----+
    |Total                                         |                         |        0|   0|  0|  362|    0|
    +----------------------------------------------+-------------------------+---------+----+---+-----+-----+

    * DSP: 
    N/A

    * Memory: 
    +-------------+---------------------------------------------------------------------------+---------+---+----+-----+------+-----+------+-------------+
    |    Memory   |                                   Module                                  | BRAM_18K| FF| LUT| URAM| Words| Bits| Banks| W*Bits*Banks|
    +-------------+---------------------------------------------------------------------------+---------+---+----+-----+------+-----+------+-------------+
    |angle_V_0_U  |xFSuppression3x3_2_0_0_1080_1920_3_0_0_1_5_1_1_1920_5760_5760_s_angle_V_0  |        1|  0|   0|    0|  1920|    8|     1|        15360|
    |angle_V_1_U  |xFSuppression3x3_2_0_0_1080_1920_3_0_0_1_5_1_1_1920_5760_5760_s_angle_V_0  |        1|  0|   0|    0|  1920|    8|     1|        15360|
    |buf_V_0_U    |xFSuppression3x3_2_0_0_1080_1920_3_0_0_1_5_1_1_1920_5760_5760_s_buf_V_0    |        2|  0|   0|    0|  1920|   16|     1|        30720|
    |buf_V_1_U    |xFSuppression3x3_2_0_0_1080_1920_3_0_0_1_5_1_1_1920_5760_5760_s_buf_V_0    |        2|  0|   0|    0|  1920|   16|     1|        30720|
    |buf_V_2_U    |xFSuppression3x3_2_0_0_1080_1920_3_0_0_1_5_1_1_1920_5760_5760_s_buf_V_0    |        2|  0|   0|    0|  1920|   16|     1|        30720|
    +-------------+---------------------------------------------------------------------------+---------+---+----+-----+------+-----+------+-------------+
    |Total        |                                                                           |        8|  0|   0|    0|  9600|   64|     5|       122880|
    +-------------+---------------------------------------------------------------------------+---------+---+----+-----+------+-----+------+-------------+

    * FIFO: 
    N/A

    * Expression: 
    +------------------------------------------------------+----------+----+---+----+------------+------------+
    |                     Variable Name                    | Operation| DSP| FF| LUT| Bitwidth P0| Bitwidth P1|
    +------------------------------------------------------+----------+----+---+----+------------+------------+
    |add_ln695_1_fu_760_p2                                 |     +    |   0|  0|  20|          13|           1|
    |add_ln695_2_fu_766_p2                                 |     +    |   0|  0|  20|          13|           1|
    |add_ln695_3_fu_772_p2                                 |     +    |   0|  0|  20|          13|           1|
    |add_ln695_4_fu_820_p2                                 |     +    |   0|  0|  18|          11|           1|
    |add_ln695_5_fu_676_p2                                 |     +    |   0|  0|  18|          11|           1|
    |add_ln695_fu_560_p2                                   |     +    |   0|  0|  18|          11|           1|
    |ap_block_pp0_stage0_11001                             |    and   |   0|  0|   2|           1|           1|
    |ap_block_state10_pp1_stage0_iter4                     |    and   |   0|  0|   2|           1|           1|
    |ap_condition_714                                      |    and   |   0|  0|   2|           1|           1|
    |ap_condition_718                                      |    and   |   0|  0|   2|           1|           1|
    |ap_predicate_op114_read_state7                        |    and   |   0|  0|   2|           1|           1|
    |cmp_i_i161_i_i_i_fu_652_p2                            |   icmp   |   0|  0|  13|          11|          11|
    |icmp_ln334_fu_571_p2                                  |   icmp   |   0|  0|  13|          11|          11|
    |icmp_ln874_1_fu_778_p2                                |   icmp   |   0|  0|  13|          13|           2|
    |icmp_ln874_2_fu_792_p2                                |   icmp   |   0|  0|  13|          13|           2|
    |icmp_ln874_3_fu_806_p2                                |   icmp   |   0|  0|  13|          13|           2|
    |icmp_ln874_4_fu_707_p2                                |   icmp   |   0|  0|  13|          11|           1|
    |icmp_ln874_fu_607_p2                                  |   icmp   |   0|  0|  13|          13|           1|
    |icmp_ln882_1_fu_670_p2                                |   icmp   |   0|  0|  13|          11|           9|
    |icmp_ln882_fu_554_p2                                  |   icmp   |   0|  0|  13|          11|           9|
    |ap_block_pp1_stage0_01001                             |    or    |   0|  0|   2|           1|           1|
    |ap_block_state1                                       |    or    |   0|  0|   2|           1|           1|
    |ap_block_state3_pp0_stage0_iter1                      |    or    |   0|  0|   2|           1|           1|
    |ap_block_state7_pp1_stage0_iter1                      |    or    |   0|  0|   2|           1|           1|
    |angle_buf_V_2_xfExtractPixels_1_1_0_s_fu_540_p_read1  |  select  |   0|  0|   8|           1|           8|
    |select_ln348_1_fu_621_p3                              |  select  |   0|  0|   2|           1|           1|
    |select_ln348_2_fu_629_p3                              |  select  |   0|  0|   3|           1|           3|
    |select_ln348_fu_613_p3                                |  select  |   0|  0|   2|           1|           1|
    |select_ln386_fu_784_p3                                |  select  |   0|  0|  13|           1|           1|
    |select_ln389_fu_798_p3                                |  select  |   0|  0|  13|           1|           1|
    |select_ln393_fu_812_p3                                |  select  |   0|  0|  13|           1|           1|
    |ap_enable_pp0                                         |    xor   |   0|  0|   2|           1|           2|
    |ap_enable_pp1                                         |    xor   |   0|  0|   2|           1|           2|
    |ap_enable_reg_pp0_iter1                               |    xor   |   0|  0|   2|           2|           1|
    +------------------------------------------------------+----------+----+---+----+------------+------------+
    |Total                                                 |          |   0|  0| 309|         199|          84|
    +------------------------------------------------------+----------+----+---+----+------------+------------+

    * Multiplexer: 
    +---------------------------------------+----+-----------+-----+-----------+
    |                  Name                 | LUT| Input Size| Bits| Total Bits|
    +---------------------------------------+----+-----------+-----+-----------+
    |agg_tmp12_i_i_0_i_i_reg_448            |   9|          2|   16|         32|
    |agg_tmp139_0_i_i_reg_485               |   9|          2|   16|         32|
    |agg_tmp20_i_i_0_i_i_reg_435            |   9|          2|   16|         32|
    |agg_tmp23_i_i_0_i_i_reg_423            |   9|          2|   16|         32|
    |agg_tmp2_i_i_0_i_i_reg_473             |   9|          2|   16|         32|
    |agg_tmp31_i_i_0_i_i_reg_411            |   9|          2|    8|         16|
    |agg_tmp9_i_i_0_i_i_reg_460             |   9|          2|   16|         32|
    |angle_V_0_address0                     |  21|          4|   11|         44|
    |angle_V_0_d0                           |  15|          3|    8|         24|
    |angle_V_1_address0                     |  15|          3|   11|         33|
    |angle_V_1_d0                           |  15|          3|    8|         24|
    |ap_NS_fsm                              |  38|          7|    1|          7|
    |ap_done                                |   9|          2|    1|          2|
    |ap_enable_reg_pp0_iter1                |  15|          3|    1|          3|
    |ap_enable_reg_pp1_iter3                |   9|          2|    1|          2|
    |ap_enable_reg_pp1_iter4                |  15|          3|    1|          3|
    |ap_phi_mux_empty_45_phi_fu_403_p4      |   9|          2|   11|         22|
    |buf_V_0_address0                       |  21|          4|   11|         44|
    |buf_V_0_d0                             |  15|          3|   16|         48|
    |buf_V_1_address0                       |  21|          4|   11|         44|
    |buf_V_1_d0                             |  15|          3|   16|         48|
    |buf_V_2_address0                       |  15|          3|   11|         33|
    |buf_V_2_d0                             |  15|          3|   16|         48|
    |empty_40_fu_116                        |  15|          3|    2|          6|
    |empty_41_fu_120                        |  15|          3|    2|          6|
    |empty_42_fu_124                        |  15|          3|    2|          6|
    |empty_43_reg_351                       |   9|          2|   11|         22|
    |empty_44_reg_363                       |   9|          2|   13|         26|
    |empty_45_reg_399                       |   9|          2|   11|         22|
    |empty_reg_340                          |   9|          2|   11|         22|
    |grp_xFFindmax3x3_3_0_0_s_fu_498_p_i02  |  15|          3|   16|         48|
    |grp_xFFindmax3x3_3_0_0_s_fu_498_p_i12  |  15|          3|   16|         48|
    |grp_xFFindmax3x3_3_0_0_s_fu_498_p_i22  |  15|          3|   16|         48|
    |highthreshold_blk_n                    |   9|          2|    1|          2|
    |lowthreshold_blk_n                     |   9|          2|    1|          2|
    |magnitude_mat_data_blk_n               |   9|          2|    1|          2|
    |nms_mat_data_blk_n                     |   9|          2|    1|          2|
    |phase_mat_data_blk_n                   |   9|          2|    1|          2|
    |read_ind635_load_0372530_i_i_reg_375   |   9|          2|   13|         26|
    |real_start                             |   9|          2|    1|          2|
    |write_ind628_load_0374529_i_i_reg_387  |   9|          2|   13|         26|
    +---------------------------------------+----+-----------+-----+-----------+
    |Total                                  | 524|        108|  371|        955|
    +---------------------------------------+----+-----------+-----+-----------+

    * Register: 
    +---------------------------------------+----+----+-----+-----------+
    |                  Name                 | FF | LUT| Bits| Const Bits|
    +---------------------------------------+----+----+-----+-----------+
    |add_ln695_5_reg_900                    |  11|   0|   11|          0|
    |agg_tmp12_i_i_0_i_i_reg_448            |  16|   0|   16|          0|
    |agg_tmp139_0_i_i_reg_485               |  16|   0|   16|          0|
    |agg_tmp20_i_i_0_i_i_reg_435            |  16|   0|   16|          0|
    |agg_tmp23_i_i_0_i_i_reg_423            |  16|   0|   16|          0|
    |agg_tmp2_i_i_0_i_i_reg_473             |  16|   0|   16|          0|
    |agg_tmp31_i_i_0_i_i_reg_411            |   8|   0|    8|          0|
    |agg_tmp9_i_i_0_i_i_reg_460             |  16|   0|   16|          0|
    |ap_CS_fsm                              |   6|   0|    6|          0|
    |ap_done_reg                            |   1|   0|    1|          0|
    |ap_enable_reg_pp0_iter0                |   1|   0|    1|          0|
    |ap_enable_reg_pp0_iter1                |   1|   0|    1|          0|
    |ap_enable_reg_pp1_iter0                |   1|   0|    1|          0|
    |ap_enable_reg_pp1_iter1                |   1|   0|    1|          0|
    |ap_enable_reg_pp1_iter2                |   1|   0|    1|          0|
    |ap_enable_reg_pp1_iter3                |   1|   0|    1|          0|
    |ap_enable_reg_pp1_iter4                |   1|   0|    1|          0|
    |cmp_i_i161_i_i_i_reg_879               |   1|   0|    1|          0|
    |empty_40_fu_116                        |   2|   0|    2|          0|
    |empty_41_fu_120                        |   2|   0|    2|          0|
    |empty_42_fu_124                        |   2|   0|    2|          0|
    |empty_43_reg_351                       |  11|   0|   11|          0|
    |empty_44_reg_363                       |  13|   0|   13|          0|
    |empty_45_reg_399                       |  11|   0|   11|          0|
    |empty_45_reg_399_pp1_iter1_reg         |  11|   0|   11|          0|
    |empty_reg_340                          |  11|   0|   11|          0|
    |highthreshold_read_reg_831             |   8|   0|    8|          0|
    |icmp_ln874_4_reg_926                   |   1|   0|    1|          0|
    |icmp_ln874_4_reg_926_pp1_iter3_reg     |   1|   0|    1|          0|
    |icmp_ln882_1_reg_896                   |   1|   0|    1|          0|
    |icmp_ln882_reg_836                     |   1|   0|    1|          0|
    |l00_buf_V_2_reg_930                    |  16|   0|   16|          0|
    |l10_buf_V_2_reg_936                    |  16|   0|   16|          0|
    |l20_buf_V_2_reg_942                    |  16|   0|   16|          0|
    |lowthreshold_read_reg_826              |   8|   0|    8|          0|
    |read_ind635_load_0372530_i_i_reg_375   |  13|   0|   13|          0|
    |start_once_reg                         |   1|   0|    1|          0|
    |trunc_ln187_reg_883                    |   2|   0|    2|          0|
    |trunc_ln188_reg_887                    |   1|   0|    1|          0|
    |trunc_ln204_reg_891                    |   1|   0|    1|          0|
    |write_ind628_load_0374529_i_i_reg_387  |  13|   0|   13|          0|
    |zext_ln324_reg_905                     |  11|   0|   64|         53|
    |zext_ln538_reg_845                     |  11|   0|   64|         53|
    |icmp_ln882_1_reg_896                   |  64|  32|    1|          0|
    +---------------------------------------+----+----+-----+-----------+
    |Total                                  | 378|  32|  421|        106|
    +---------------------------------------+----+----+-----+-----------+



================================================================
== Interface
================================================================
* Summary: 
+----------------------------+-----+-----+------------+------------------------------------------------------------------------------+--------------+
|          RTL Ports         | Dir | Bits|  Protocol  |                                 Source Object                                |    C Type    |
+----------------------------+-----+-----+------------+------------------------------------------------------------------------------+--------------+
|ap_clk                      |  in |    1| ap_ctrl_hs | xFSuppression3x3<2, 0, 0, 1080, 1920, 3, 0, 0, 1, 5, 1, 1, 1920, 5760, 5760> | return value |
|ap_rst                      |  in |    1| ap_ctrl_hs | xFSuppression3x3<2, 0, 0, 1080, 1920, 3, 0, 0, 1, 5, 1, 1, 1920, 5760, 5760> | return value |
|ap_start                    |  in |    1| ap_ctrl_hs | xFSuppression3x3<2, 0, 0, 1080, 1920, 3, 0, 0, 1, 5, 1, 1, 1920, 5760, 5760> | return value |
|start_full_n                |  in |    1| ap_ctrl_hs | xFSuppression3x3<2, 0, 0, 1080, 1920, 3, 0, 0, 1, 5, 1, 1, 1920, 5760, 5760> | return value |
|ap_done                     | out |    1| ap_ctrl_hs | xFSuppression3x3<2, 0, 0, 1080, 1920, 3, 0, 0, 1, 5, 1, 1, 1920, 5760, 5760> | return value |
|ap_continue                 |  in |    1| ap_ctrl_hs | xFSuppression3x3<2, 0, 0, 1080, 1920, 3, 0, 0, 1, 5, 1, 1, 1920, 5760, 5760> | return value |
|ap_idle                     | out |    1| ap_ctrl_hs | xFSuppression3x3<2, 0, 0, 1080, 1920, 3, 0, 0, 1, 5, 1, 1, 1920, 5760, 5760> | return value |
|ap_ready                    | out |    1| ap_ctrl_hs | xFSuppression3x3<2, 0, 0, 1080, 1920, 3, 0, 0, 1, 5, 1, 1, 1920, 5760, 5760> | return value |
|start_out                   | out |    1| ap_ctrl_hs | xFSuppression3x3<2, 0, 0, 1080, 1920, 3, 0, 0, 1, 5, 1, 1, 1920, 5760, 5760> | return value |
|start_write                 | out |    1| ap_ctrl_hs | xFSuppression3x3<2, 0, 0, 1080, 1920, 3, 0, 0, 1, 5, 1, 1, 1920, 5760, 5760> | return value |
|magnitude_mat_data_dout     |  in |   16|   ap_fifo  |                              magnitude_mat_data                              |    pointer   |
|magnitude_mat_data_empty_n  |  in |    1|   ap_fifo  |                              magnitude_mat_data                              |    pointer   |
|magnitude_mat_data_read     | out |    1|   ap_fifo  |                              magnitude_mat_data                              |    pointer   |
|phase_mat_data_dout         |  in |    8|   ap_fifo  |                                phase_mat_data                                |    pointer   |
|phase_mat_data_empty_n      |  in |    1|   ap_fifo  |                                phase_mat_data                                |    pointer   |
|phase_mat_data_read         | out |    1|   ap_fifo  |                                phase_mat_data                                |    pointer   |
|nms_mat_data_din            | out |    8|   ap_fifo  |                                 nms_mat_data                                 |    pointer   |
|nms_mat_data_full_n         |  in |    1|   ap_fifo  |                                 nms_mat_data                                 |    pointer   |
|nms_mat_data_write          | out |    1|   ap_fifo  |                                 nms_mat_data                                 |    pointer   |
|lowthreshold_dout           |  in |    8|   ap_fifo  |                                 lowthreshold                                 |    pointer   |
|lowthreshold_empty_n        |  in |    1|   ap_fifo  |                                 lowthreshold                                 |    pointer   |
|lowthreshold_read           | out |    1|   ap_fifo  |                                 lowthreshold                                 |    pointer   |
|highthreshold_dout          |  in |    8|   ap_fifo  |                                 highthreshold                                |    pointer   |
|highthreshold_empty_n       |  in |    1|   ap_fifo  |                                 highthreshold                                |    pointer   |
|highthreshold_read          | out |    1|   ap_fifo  |                                 highthreshold                                |    pointer   |
+----------------------------+-----+-----+------------+------------------------------------------------------------------------------+--------------+

