

================================================================
== Vitis HLS Report for 'addrbound18'
================================================================
* Date:           Fri Jan 22 14:16:50 2021

* Version:        2020.1 (Build 2902540 on Wed May 27 20:16:15 MDT 2020)
* Project:        erosion
* Solution:       solution1 (Vivado IP Flow Target)
* Product family: virtexuplus
* Target device:  xcvu11p-flga2577-1-e


================================================================
== Performance Estimates
================================================================
+ Timing: 
    * Summary: 
    +--------+----------+----------+------------+
    |  Clock |  Target  | Estimated| Uncertainty|
    +--------+----------+----------+------------+
    |ap_clk  | 10.00 ns | 4.204 ns |   2.70 ns  |
    +--------+----------+----------+------------+

+ Latency: 
    * Summary: 
    +---------+---------+-----------+-----------+-----+-----+---------+
    |  Latency (cycles) |   Latency (absolute)  |  Interval | Pipeline|
    |   min   |   max   |    min    |    max    | min | max |   Type  |
    +---------+---------+-----------+-----------+-----+-----+---------+
    |        3|        3| 30.000 ns | 30.000 ns |    3|    3|   none  |
    +---------+---------+-----------+-----------+-----+-----+---------+

    + Detail: 
        * Instance: 
        N/A

        * Loop: 
        N/A

============================================================
+ Verbose Summary: Synthesis Manager
============================================================
InlineROM: 1
ExposeGlobal: 0
============================================================
+ Verbose Summary: CDFG Model
============================================================
IsTopModel: 0
ResetActiveHigh: 1
IsCombinational: 2
IsDatapathOnly: 0
HasWiredReturn: 1
HasMFsm: 0
HasVarLatency: 1
IsPipeline: 0
IsRtlPipelined: 0
IsInstanceOverlapped: 0
IsDontTouch: 0
HasImplIP: 0
IsGatedGlobalClock: 0


============================================================
+ Verbose Summary: Schedule
============================================================
* Number of FSM states : 4
* Pipeline : 0
* Dataflow Pipeline: 0

* FSM state transitions: 
1 --> 2 
2 --> 3 
3 --> 4 
4 --> 

* FSM state operations: 

State 1 <SV = 0> <Delay = 4.20>
ST_1 : Operation 5 [1/1] (2.10ns)   --->   "%rows_read = read i32 @_ssdm_op_Read.ap_fifo.i32P, i32 %rows"   --->   Operation 5 'read' 'rows_read' <Predicate = true> <Delay = 2.10> <CoreInst = "FIFO_SRL">   --->   Core 21 'FIFO_SRL' <Latency = 0> <II = 1> <Delay = 2.10> <Storage> <Opcode : 'read' 'write' 'nbread' 'nbwrite'> <Ports = 0> <Width = 32> <Depth = 2> <FIFO>
ST_1 : Operation 6 [1/1] (2.10ns)   --->   "%cols_read = read i32 @_ssdm_op_Read.ap_fifo.i32P, i32 %cols"   --->   Operation 6 'read' 'cols_read' <Predicate = true> <Delay = 2.10> <CoreInst = "FIFO_SRL">   --->   Core 21 'FIFO_SRL' <Latency = 0> <II = 1> <Delay = 2.10> <Storage> <Opcode : 'read' 'write' 'nbread' 'nbwrite'> <Ports = 0> <Width = 32> <Depth = 2> <FIFO>
ST_1 : Operation 7 [1/1] (2.10ns)   --->   "%write_ln1116 = write void @_ssdm_op_Write.ap_fifo.i32P, i32 %rows_out, i32 %rows_read" [F:/Vitis_Libraries/vision/L1/include\common/xf_structs.hpp:1116]   --->   Operation 7 'write' 'write_ln1116' <Predicate = true> <Delay = 2.10> <CoreInst = "FIFO_SRL">   --->   Core 21 'FIFO_SRL' <Latency = 0> <II = 1> <Delay = 2.10> <Storage> <Opcode : 'read' 'write' 'nbread' 'nbwrite'> <Ports = 0> <Width = 32> <Depth = 4> <FIFO>
ST_1 : Operation 8 [1/1] (2.10ns)   --->   "%write_ln1116 = write void @_ssdm_op_Write.ap_fifo.i32P, i32 %cols_out, i32 %cols_read" [F:/Vitis_Libraries/vision/L1/include\common/xf_structs.hpp:1116]   --->   Operation 8 'write' 'write_ln1116' <Predicate = true> <Delay = 2.10> <CoreInst = "FIFO_SRL">   --->   Core 21 'FIFO_SRL' <Latency = 0> <II = 1> <Delay = 2.10> <Storage> <Opcode : 'read' 'write' 'nbread' 'nbwrite'> <Ports = 0> <Width = 32> <Depth = 4> <FIFO>
ST_1 : Operation 9 [1/1] (0.00ns)   --->   "%empty = trunc i32 %rows_read"   --->   Operation 9 'trunc' 'empty' <Predicate = true> <Delay = 0.00>
ST_1 : Operation 10 [1/1] (0.00ns)   --->   "%empty_60 = trunc i32 %cols_read"   --->   Operation 10 'trunc' 'empty_60' <Predicate = true> <Delay = 0.00>
ST_1 : Operation 11 [4/4] (0.69ns) (root node of the DSP)   --->   "%mul_ln976 = mul i15 %empty_60, i15 %empty" [F:/Vitis_Libraries/vision/L1/include\common/xf_structs.hpp:976]   --->   Operation 11 'mul' 'mul_ln976' <Predicate = true> <Delay = 0.69> <CoreInst = "DSP48">   --->   Core 71 'DSP48' <Latency = 3> <II = 1> <Delay = 0.69> <IPBlock> <Opcode : 'mul' 'add' 'sub' 'select'> <InPorts = 2> <OutPorts = 1> <Sync> <CReg>

State 2 <SV = 1> <Delay = 0.69>
ST_2 : Operation 12 [3/4] (0.69ns) (root node of the DSP)   --->   "%mul_ln976 = mul i15 %empty_60, i15 %empty" [F:/Vitis_Libraries/vision/L1/include\common/xf_structs.hpp:976]   --->   Operation 12 'mul' 'mul_ln976' <Predicate = true> <Delay = 0.69> <CoreInst = "DSP48">   --->   Core 71 'DSP48' <Latency = 3> <II = 1> <Delay = 0.69> <IPBlock> <Opcode : 'mul' 'add' 'sub' 'select'> <InPorts = 2> <OutPorts = 1> <Sync> <CReg>

State 3 <SV = 2> <Delay = 0.69>
ST_3 : Operation 13 [2/4] (0.69ns) (root node of the DSP)   --->   "%mul_ln976 = mul i15 %empty_60, i15 %empty" [F:/Vitis_Libraries/vision/L1/include\common/xf_structs.hpp:976]   --->   Operation 13 'mul' 'mul_ln976' <Predicate = true> <Delay = 0.69> <CoreInst = "DSP48">   --->   Core 71 'DSP48' <Latency = 3> <II = 1> <Delay = 0.69> <IPBlock> <Opcode : 'mul' 'add' 'sub' 'select'> <InPorts = 2> <OutPorts = 1> <Sync> <CReg>

State 4 <SV = 3> <Delay = 0.00>
ST_4 : Operation 14 [1/1] (0.00ns)   --->   "%specinterface_ln0 = specinterface void @_ssdm_op_SpecInterface, i32 %cols, void @ap_fifo_str, i32, i32, void @p_str, i32, i32, void @p_str, void @p_str, void @p_str, i32, i32, i32, i32, void @p_str, void @ScalarProp_str"   --->   Operation 14 'specinterface' 'specinterface_ln0' <Predicate = true> <Delay = 0.00>
ST_4 : Operation 15 [1/1] (0.00ns)   --->   "%specinterface_ln0 = specinterface void @_ssdm_op_SpecInterface, i32 %rows, void @ap_fifo_str, i32, i32, void @p_str, i32, i32, void @p_str, void @p_str, void @p_str, i32, i32, i32, i32, void @p_str, void @ScalarProp_str"   --->   Operation 15 'specinterface' 'specinterface_ln0' <Predicate = true> <Delay = 0.00>
ST_4 : Operation 16 [1/1] (0.00ns)   --->   "%specinterface_ln0 = specinterface void @_ssdm_op_SpecInterface, i32 %rows_out, void @ap_fifo_str, i32, i32, void @p_str, i32, i32, void @p_str, void @p_str, void @p_str, i32, i32, i32, i32, void @p_str, void @ScalarProp_str"   --->   Operation 16 'specinterface' 'specinterface_ln0' <Predicate = true> <Delay = 0.00>
ST_4 : Operation 17 [1/1] (0.00ns)   --->   "%specinterface_ln0 = specinterface void @_ssdm_op_SpecInterface, i32 %cols_out, void @ap_fifo_str, i32, i32, void @p_str, i32, i32, void @p_str, void @p_str, void @p_str, i32, i32, i32, i32, void @p_str, void @ScalarProp_str"   --->   Operation 17 'specinterface' 'specinterface_ln0' <Predicate = true> <Delay = 0.00>
ST_4 : Operation 18 [1/4] (0.00ns) (root node of the DSP)   --->   "%mul_ln976 = mul i15 %empty_60, i15 %empty" [F:/Vitis_Libraries/vision/L1/include\common/xf_structs.hpp:976]   --->   Operation 18 'mul' 'mul_ln976' <Predicate = true> <Delay = 0.00> <CoreInst = "DSP48">   --->   Core 71 'DSP48' <Latency = 3> <II = 1> <Delay = 0.69> <IPBlock> <Opcode : 'mul' 'add' 'sub' 'select'> <InPorts = 2> <OutPorts = 1> <Sync> <CReg>
ST_4 : Operation 19 [1/1] (0.00ns)   --->   "%write_ln976 = write void @_ssdm_op_Write.ap_auto.volatile.i15P, i15 %return_r, i15 %mul_ln976" [F:/Vitis_Libraries/vision/L1/include\common/xf_structs.hpp:976]   --->   Operation 19 'write' 'write_ln976' <Predicate = true> <Delay = 0.00>
ST_4 : Operation 20 [1/1] (0.00ns)   --->   "%ret_ln1116 = ret" [F:/Vitis_Libraries/vision/L1/include\common/xf_structs.hpp:1116]   --->   Operation 20 'ret' 'ret_ln1116' <Predicate = true> <Delay = 0.00>


============================================================
+ Verbose Summary: Timing violations
============================================================
Target clock period: 10ns, clock uncertainty: 2.7ns.

 <State 1>: 4.2ns
The critical path consists of the following:
	fifo read on port 'rows' [8]  (2.1 ns)
	fifo write on port 'rows_out' (F:/Vitis_Libraries/vision/L1/include\common/xf_structs.hpp:1116) [11]  (2.1 ns)

 <State 2>: 0.698ns
The critical path consists of the following:
	'mul' operation of DSP[16] ('mul_ln976', F:/Vitis_Libraries/vision/L1/include\common/xf_structs.hpp:976) [16]  (0.698 ns)

 <State 3>: 0.698ns
The critical path consists of the following:
	'mul' operation of DSP[16] ('mul_ln976', F:/Vitis_Libraries/vision/L1/include\common/xf_structs.hpp:976) [16]  (0.698 ns)

 <State 4>: 0ns
The critical path consists of the following:


============================================================
+ Verbose Summary: Binding
============================================================
N/A
* FSMD analyzer results:
  - Output states:
 - Input state : 
  - Chain level:
	State 1
	State 2
	State 3
	State 4


============================================================
+ Verbose Summary: Datapath Resource usage 
============================================================
N/A
