
*** Running vivado
    with args -log top.vds -m64 -product Vivado -mode batch -messageDb vivado.pb -notrace -source top.tcl



****** Vivado v2020.1 (64-bit)
  **** SW Build 2902540 on Wed May 27 19:54:49 MDT 2020
  **** IP Build 2902112 on Wed May 27 22:43:36 MDT 2020
    ** Copyright 1986-2020 Xilinx, Inc. All Rights Reserved.

source top.tcl -notrace
Command: synth_design -top top -part xazu5ev-sfvc784-1-i
Starting synth_design
Attempting to get a license for feature 'Synthesis' and/or device 'xazu5ev'
INFO: [Common 17-349] Got license for feature 'Synthesis' and/or device 'xazu5ev'
INFO: [Device 21-403] Loading part xazu5ev-sfvc784-1-i
INFO: [Synth 8-7079] Multithreading enabled for synth_design using a maximum of 2 processes.
INFO: [Synth 8-7078] Launching helper process for spawning children vivado processes
INFO: [Synth 8-7075] Helper process launched with PID 6728
---------------------------------------------------------------------------------
Starting RTL Elaboration : Time (s): cpu = 00:00:04 ; elapsed = 00:00:03 . Memory (MB): peak = 1527.684 ; gain = 232.566
---------------------------------------------------------------------------------
INFO: [Synth 8-6157] synthesizing module 'top' [E:/XilinxPrj/AXU5EVB/2020/course_s1_fpga/12_hdmi_char/hdmi_char.srcs/sources_1/top.v:29]
INFO: [Synth 8-6157] synthesizing module 'color_bar' [E:/XilinxPrj/AXU5EVB/2020/course_s1_fpga/12_hdmi_char/hdmi_char.srcs/sources_1/color_bar.v:13]
	Parameter H_ACTIVE bound to: 16'b0000011110000000 
	Parameter H_FP bound to: 16'b0000000001011000 
	Parameter H_SYNC bound to: 16'b0000000000101100 
	Parameter H_BP bound to: 16'b0000000010010100 
	Parameter V_ACTIVE bound to: 16'b0000010000111000 
	Parameter V_FP bound to: 16'b0000000000000100 
	Parameter V_SYNC bound to: 16'b0000000000000101 
	Parameter V_BP bound to: 16'b0000000000100100 
	Parameter H_TOTAL bound to: 16'b0000100010011000 
	Parameter V_TOTAL bound to: 16'b0000010001100101 
	Parameter WHITE_R bound to: 8'b11111111 
	Parameter WHITE_G bound to: 8'b11111111 
	Parameter WHITE_B bound to: 8'b11111111 
	Parameter YELLOW_R bound to: 8'b11111111 
	Parameter YELLOW_G bound to: 8'b11111111 
	Parameter YELLOW_B bound to: 8'b00000000 
	Parameter CYAN_R bound to: 8'b00000000 
	Parameter CYAN_G bound to: 8'b11111111 
	Parameter CYAN_B bound to: 8'b11111111 
	Parameter GREEN_R bound to: 8'b00000000 
	Parameter GREEN_G bound to: 8'b11111111 
	Parameter GREEN_B bound to: 8'b00000000 
	Parameter MAGENTA_R bound to: 8'b11111111 
	Parameter MAGENTA_G bound to: 8'b00000000 
	Parameter MAGENTA_B bound to: 8'b11111111 
	Parameter RED_R bound to: 8'b11111111 
	Parameter RED_G bound to: 8'b00000000 
	Parameter RED_B bound to: 8'b00000000 
	Parameter BLUE_R bound to: 8'b00000000 
	Parameter BLUE_G bound to: 8'b00000000 
	Parameter BLUE_B bound to: 8'b11111111 
	Parameter BLACK_R bound to: 8'b00000000 
	Parameter BLACK_G bound to: 8'b00000000 
	Parameter BLACK_B bound to: 8'b00000000 
INFO: [Synth 8-6155] done synthesizing module 'color_bar' (1#1) [E:/XilinxPrj/AXU5EVB/2020/course_s1_fpga/12_hdmi_char/hdmi_char.srcs/sources_1/color_bar.v:13]
INFO: [Synth 8-6157] synthesizing module 'video_pll' [E:/XilinxPrj/AXU5EVB/2020/course_s1_fpga/12_hdmi_char/hdmi_char.runs/synth_1/.Xil/Vivado-13116-DESKTOP-0FF260C/realtime/video_pll_stub.v:5]
INFO: [Synth 8-6155] done synthesizing module 'video_pll' (2#1) [E:/XilinxPrj/AXU5EVB/2020/course_s1_fpga/12_hdmi_char/hdmi_char.runs/synth_1/.Xil/Vivado-13116-DESKTOP-0FF260C/realtime/video_pll_stub.v:5]
INFO: [Synth 8-6157] synthesizing module 'i2c_config' [E:/XilinxPrj/AXU5EVB/2020/course_s1_fpga/12_hdmi_char/hdmi_char.srcs/sources_1/i2c_master/i2c_config.v:30]
	Parameter S_IDLE bound to: 0 - type: integer 
	Parameter S_WR_I2C_CHECK bound to: 1 - type: integer 
	Parameter S_WR_I2C bound to: 2 - type: integer 
	Parameter S_WR_I2C_DONE bound to: 3 - type: integer 
INFO: [Synth 8-6157] synthesizing module 'i2c_master_top' [E:/XilinxPrj/AXU5EVB/2020/course_s1_fpga/12_hdmi_char/hdmi_char.srcs/sources_1/i2c_master/i2c_master_top.v:30]
	Parameter S_IDLE bound to: 0 - type: integer 
	Parameter S_WR_DEV_ADDR bound to: 1 - type: integer 
	Parameter S_WR_REG_ADDR bound to: 2 - type: integer 
	Parameter S_WR_DATA bound to: 3 - type: integer 
	Parameter S_WR_ACK bound to: 4 - type: integer 
	Parameter S_WR_ERR_NACK bound to: 5 - type: integer 
	Parameter S_RD_DEV_ADDR0 bound to: 6 - type: integer 
	Parameter S_RD_REG_ADDR bound to: 7 - type: integer 
	Parameter S_RD_DEV_ADDR1 bound to: 8 - type: integer 
	Parameter S_RD_DATA bound to: 9 - type: integer 
	Parameter S_RD_STOP bound to: 10 - type: integer 
	Parameter S_WR_STOP bound to: 11 - type: integer 
	Parameter S_WAIT bound to: 12 - type: integer 
	Parameter S_WR_REG_ADDR1 bound to: 13 - type: integer 
	Parameter S_RD_REG_ADDR1 bound to: 14 - type: integer 
	Parameter S_RD_ACK bound to: 15 - type: integer 
INFO: [Synth 8-226] default block is never used [E:/XilinxPrj/AXU5EVB/2020/course_s1_fpga/12_hdmi_char/hdmi_char.srcs/sources_1/i2c_master/i2c_master_top.v:96]
INFO: [Synth 8-6157] synthesizing module 'i2c_master_byte_ctrl' [E:/XilinxPrj/AXU5EVB/2020/course_s1_fpga/12_hdmi_char/hdmi_char.srcs/sources_1/i2c_master/i2c_master_byte_ctrl.v:75]
	Parameter ST_IDLE bound to: 5'b00000 
	Parameter ST_START bound to: 5'b00001 
	Parameter ST_READ bound to: 5'b00010 
	Parameter ST_WRITE bound to: 5'b00100 
	Parameter ST_ACK bound to: 5'b01000 
	Parameter ST_STOP bound to: 5'b10000 
INFO: [Synth 8-6157] synthesizing module 'i2c_master_bit_ctrl' [E:/XilinxPrj/AXU5EVB/2020/course_s1_fpga/12_hdmi_char/hdmi_char.srcs/sources_1/i2c_master/i2c_master_bit_ctrl.v:143]
	Parameter idle bound to: 18'b000000000000000000 
	Parameter start_a bound to: 18'b000000000000000001 
	Parameter start_b bound to: 18'b000000000000000010 
	Parameter start_c bound to: 18'b000000000000000100 
	Parameter start_d bound to: 18'b000000000000001000 
	Parameter start_e bound to: 18'b000000000000010000 
	Parameter stop_a bound to: 18'b000000000000100000 
	Parameter stop_b bound to: 18'b000000000001000000 
	Parameter stop_c bound to: 18'b000000000010000000 
	Parameter stop_d bound to: 18'b000000000100000000 
	Parameter rd_a bound to: 18'b000000001000000000 
	Parameter rd_b bound to: 18'b000000010000000000 
	Parameter rd_c bound to: 18'b000000100000000000 
	Parameter rd_d bound to: 18'b000001000000000000 
	Parameter wr_a bound to: 18'b000010000000000000 
	Parameter wr_b bound to: 18'b000100000000000000 
	Parameter wr_c bound to: 18'b001000000000000000 
	Parameter wr_d bound to: 18'b010000000000000000 
INFO: [Synth 8-6155] done synthesizing module 'i2c_master_bit_ctrl' (3#1) [E:/XilinxPrj/AXU5EVB/2020/course_s1_fpga/12_hdmi_char/hdmi_char.srcs/sources_1/i2c_master/i2c_master_bit_ctrl.v:143]
INFO: [Synth 8-6155] done synthesizing module 'i2c_master_byte_ctrl' (4#1) [E:/XilinxPrj/AXU5EVB/2020/course_s1_fpga/12_hdmi_char/hdmi_char.srcs/sources_1/i2c_master/i2c_master_byte_ctrl.v:75]
INFO: [Synth 8-6155] done synthesizing module 'i2c_master_top' (5#1) [E:/XilinxPrj/AXU5EVB/2020/course_s1_fpga/12_hdmi_char/hdmi_char.srcs/sources_1/i2c_master/i2c_master_top.v:30]
INFO: [Synth 8-6155] done synthesizing module 'i2c_config' (6#1) [E:/XilinxPrj/AXU5EVB/2020/course_s1_fpga/12_hdmi_char/hdmi_char.srcs/sources_1/i2c_master/i2c_config.v:30]
INFO: [Synth 8-6157] synthesizing module 'lut_adv7511' [E:/XilinxPrj/AXU5EVB/2020/course_s1_fpga/12_hdmi_char/hdmi_char.srcs/sources_1/lut_adv7511.v:30]
INFO: [Synth 8-6155] done synthesizing module 'lut_adv7511' (7#1) [E:/XilinxPrj/AXU5EVB/2020/course_s1_fpga/12_hdmi_char/hdmi_char.srcs/sources_1/lut_adv7511.v:30]
INFO: [Synth 8-6157] synthesizing module 'osd_display' [E:/XilinxPrj/AXU5EVB/2020/course_s1_fpga/12_hdmi_char/hdmi_char.srcs/sources_1/osd_display.v:29]
	Parameter OSD_WIDTH bound to: 12'b000010010000 
	Parameter OSD_HEGIHT bound to: 12'b000000100000 
INFO: [Synth 8-6157] synthesizing module 'osd_rom' [E:/XilinxPrj/AXU5EVB/2020/course_s1_fpga/12_hdmi_char/hdmi_char.runs/synth_1/.Xil/Vivado-13116-DESKTOP-0FF260C/realtime/osd_rom_stub.v:6]
INFO: [Synth 8-6155] done synthesizing module 'osd_rom' (8#1) [E:/XilinxPrj/AXU5EVB/2020/course_s1_fpga/12_hdmi_char/hdmi_char.runs/synth_1/.Xil/Vivado-13116-DESKTOP-0FF260C/realtime/osd_rom_stub.v:6]
WARNING: [Synth 8-689] width (13) of port connection 'addra' does not match port width (11) of module 'osd_rom' [E:/XilinxPrj/AXU5EVB/2020/course_s1_fpga/12_hdmi_char/hdmi_char.srcs/sources_1/osd_display.v:122]
INFO: [Synth 8-6157] synthesizing module 'timing_gen_xy' [E:/XilinxPrj/AXU5EVB/2020/course_s1_fpga/12_hdmi_char/hdmi_char.srcs/sources_1/timing_gen_xy.v:29]
INFO: [Synth 8-6155] done synthesizing module 'timing_gen_xy' (9#1) [E:/XilinxPrj/AXU5EVB/2020/course_s1_fpga/12_hdmi_char/hdmi_char.srcs/sources_1/timing_gen_xy.v:29]
INFO: [Synth 8-6155] done synthesizing module 'osd_display' (10#1) [E:/XilinxPrj/AXU5EVB/2020/course_s1_fpga/12_hdmi_char/hdmi_char.srcs/sources_1/osd_display.v:29]
INFO: [Synth 8-6155] done synthesizing module 'top' (11#1) [E:/XilinxPrj/AXU5EVB/2020/course_s1_fpga/12_hdmi_char/hdmi_char.srcs/sources_1/top.v:29]
---------------------------------------------------------------------------------
Finished RTL Elaboration : Time (s): cpu = 00:00:05 ; elapsed = 00:00:05 . Memory (MB): peak = 1588.617 ; gain = 293.500
---------------------------------------------------------------------------------
---------------------------------------------------------------------------------
Start Handling Custom Attributes
---------------------------------------------------------------------------------
---------------------------------------------------------------------------------
Finished Handling Custom Attributes : Time (s): cpu = 00:00:05 ; elapsed = 00:00:05 . Memory (MB): peak = 1606.488 ; gain = 311.371
---------------------------------------------------------------------------------
---------------------------------------------------------------------------------
Finished RTL Optimization Phase 1 : Time (s): cpu = 00:00:05 ; elapsed = 00:00:05 . Memory (MB): peak = 1606.488 ; gain = 311.371
---------------------------------------------------------------------------------
Netlist sorting complete. Time (s): cpu = 00:00:00 ; elapsed = 00:00:00.014 . Memory (MB): peak = 1606.488 ; gain = 0.000
INFO: [Project 1-570] Preparing netlist for logic optimization

Processing XDC Constraints
Initializing timing engine
Parsing XDC File [e:/XilinxPrj/AXU5EVB/2020/course_s1_fpga/12_hdmi_char/hdmi_char.srcs/sources_1/ip/osd_rom/osd_rom/osd_rom_in_context.xdc] for cell 'osd_display_m0/osd_rom_m0'
Finished Parsing XDC File [e:/XilinxPrj/AXU5EVB/2020/course_s1_fpga/12_hdmi_char/hdmi_char.srcs/sources_1/ip/osd_rom/osd_rom/osd_rom_in_context.xdc] for cell 'osd_display_m0/osd_rom_m0'
Parsing XDC File [e:/XilinxPrj/AXU5EVB/2020/course_s1_fpga/12_hdmi_char/hdmi_char.srcs/sources_1/ip/video_pll/video_pll/video_pll_in_context.xdc] for cell 'video_pll_m0'
WARNING: [Vivado 12-584] No ports matched ''. [e:/XilinxPrj/AXU5EVB/2020/course_s1_fpga/12_hdmi_char/hdmi_char.srcs/sources_1/ip/video_pll/video_pll/video_pll_in_context.xdc:1]
WARNING: [Vivado 12-584] No ports matched ''. [e:/XilinxPrj/AXU5EVB/2020/course_s1_fpga/12_hdmi_char/hdmi_char.srcs/sources_1/ip/video_pll/video_pll/video_pll_in_context.xdc:4]
WARNING: [Vivado 12-584] No ports matched ''. [e:/XilinxPrj/AXU5EVB/2020/course_s1_fpga/12_hdmi_char/hdmi_char.srcs/sources_1/ip/video_pll/video_pll/video_pll_in_context.xdc:6]
Finished Parsing XDC File [e:/XilinxPrj/AXU5EVB/2020/course_s1_fpga/12_hdmi_char/hdmi_char.srcs/sources_1/ip/video_pll/video_pll/video_pll_in_context.xdc] for cell 'video_pll_m0'
Parsing XDC File [E:/XilinxPrj/AXU5EVB/2020/course_s1_fpga/12_hdmi_char/hdmi_char.srcs/constrs_1/new/hdmi_output_test.xdc]
WARNING: [Constraints 18-619] A clock with name 'sys_clk_p' already exists, overwriting the previous clock with the same name. [E:/XilinxPrj/AXU5EVB/2020/course_s1_fpga/12_hdmi_char/hdmi_char.srcs/constrs_1/new/hdmi_output_test.xdc:3]
Finished Parsing XDC File [E:/XilinxPrj/AXU5EVB/2020/course_s1_fpga/12_hdmi_char/hdmi_char.srcs/constrs_1/new/hdmi_output_test.xdc]
INFO: [Project 1-236] Implementation specific constraints were found while reading constraint file [E:/XilinxPrj/AXU5EVB/2020/course_s1_fpga/12_hdmi_char/hdmi_char.srcs/constrs_1/new/hdmi_output_test.xdc]. These constraints will be ignored for synthesis but will be used in implementation. Impacted constraints are listed in the file [.Xil/top_propImpl.xdc].
Resolution: To avoid this warning, move constraints listed in [.Xil/top_propImpl.xdc] to another XDC file and exclude this new file from synthesis with the used_in_synthesis property (File Properties dialog in GUI) and re-run elaboration/synthesis.
Completed Processing XDC Constraints

Netlist sorting complete. Time (s): cpu = 00:00:00 ; elapsed = 00:00:00 . Memory (MB): peak = 1729.105 ; gain = 0.000
INFO: [Project 1-111] Unisim Transformation Summary:
No Unisim elements were transformed.

Constraint Validation Runtime : Time (s): cpu = 00:00:00 ; elapsed = 00:00:00.006 . Memory (MB): peak = 1729.105 ; gain = 0.000
WARNING: [Timing 38-316] Clock period '20.000' specified during out-of-context synthesis of instance 'osd_display_m0/osd_rom_m0' at clock pin 'clka' is different from the actual clock period '6.731', this can lead to different synthesis results.
---------------------------------------------------------------------------------
Finished Constraint Validation : Time (s): cpu = 00:00:14 ; elapsed = 00:00:14 . Memory (MB): peak = 1729.105 ; gain = 433.988
---------------------------------------------------------------------------------
---------------------------------------------------------------------------------
Start Loading Part and Timing Information
---------------------------------------------------------------------------------
Loading part: xazu5ev-sfvc784-1-i
INFO: [Synth 8-6742] Reading net delay rules and data
---------------------------------------------------------------------------------
Finished Loading Part and Timing Information : Time (s): cpu = 00:00:14 ; elapsed = 00:00:14 . Memory (MB): peak = 1729.105 ; gain = 433.988
---------------------------------------------------------------------------------
---------------------------------------------------------------------------------
Start Applying 'set_property' XDC Constraints
---------------------------------------------------------------------------------
Applied set_property IO_BUFFER_TYPE = NONE for sys_clk_n. (constraint file  e:/XilinxPrj/AXU5EVB/2020/course_s1_fpga/12_hdmi_char/hdmi_char.srcs/sources_1/ip/video_pll/video_pll/video_pll_in_context.xdc, line 7).
Applied set_property CLOCK_BUFFER_TYPE = NONE for sys_clk_n. (constraint file  e:/XilinxPrj/AXU5EVB/2020/course_s1_fpga/12_hdmi_char/hdmi_char.srcs/sources_1/ip/video_pll/video_pll/video_pll_in_context.xdc, line 8).
Applied set_property IO_BUFFER_TYPE = NONE for sys_clk_p. (constraint file  e:/XilinxPrj/AXU5EVB/2020/course_s1_fpga/12_hdmi_char/hdmi_char.srcs/sources_1/ip/video_pll/video_pll/video_pll_in_context.xdc, line 9).
Applied set_property CLOCK_BUFFER_TYPE = NONE for sys_clk_p. (constraint file  e:/XilinxPrj/AXU5EVB/2020/course_s1_fpga/12_hdmi_char/hdmi_char.srcs/sources_1/ip/video_pll/video_pll/video_pll_in_context.xdc, line 10).
Applied set_property DONT_TOUCH = true for osd_display_m0/osd_rom_m0. (constraint file  auto generated constraint, line ).
Applied set_property DONT_TOUCH = true for video_pll_m0. (constraint file  auto generated constraint, line ).
---------------------------------------------------------------------------------
Finished applying 'set_property' XDC Constraints : Time (s): cpu = 00:00:14 ; elapsed = 00:00:14 . Memory (MB): peak = 1729.105 ; gain = 433.988
---------------------------------------------------------------------------------
INFO: [Synth 8-802] inferred FSM for state register 'c_state_reg' in module 'i2c_master_bit_ctrl'
INFO: [Synth 8-802] inferred FSM for state register 'c_state_reg' in module 'i2c_master_byte_ctrl'
INFO: [Synth 8-802] inferred FSM for state register 'state_reg' in module 'i2c_master_top'
INFO: [Synth 8-802] inferred FSM for state register 'state_reg' in module 'i2c_config'
---------------------------------------------------------------------------------------------------
                   State |                     New Encoding |                Previous Encoding 
---------------------------------------------------------------------------------------------------
                    idle |                            00000 |               000000000000000000
                 start_a |                            00001 |               000000000000000001
                 start_b |                            00010 |               000000000000000010
                 start_c |                            00011 |               000000000000000100
                 start_d |                            00100 |               000000000000001000
                 start_e |                            00101 |               000000000000010000
                  stop_a |                            00110 |               000000000000100000
                  stop_b |                            00111 |               000000000001000000
                  stop_c |                            01000 |               000000000010000000
                  stop_d |                            01001 |               000000000100000000
                    wr_a |                            01010 |               000010000000000000
                    wr_b |                            01011 |               000100000000000000
                    wr_c |                            01100 |               001000000000000000
                    wr_d |                            01101 |               010000000000000000
                    rd_a |                            01110 |               000000001000000000
                    rd_b |                            01111 |               000000010000000000
                    rd_c |                            10000 |               000000100000000000
                    rd_d |                            10001 |               000001000000000000
---------------------------------------------------------------------------------------------------
INFO: [Synth 8-3354] encoded FSM with state register 'c_state_reg' using encoding 'sequential' in module 'i2c_master_bit_ctrl'
---------------------------------------------------------------------------------------------------
                   State |                     New Encoding |                Previous Encoding 
---------------------------------------------------------------------------------------------------
                 ST_IDLE |                              000 |                            00000
                ST_START |                              001 |                            00001
                 ST_READ |                              010 |                            00010
                ST_WRITE |                              011 |                            00100
                  ST_ACK |                              100 |                            01000
                 ST_STOP |                              101 |                            10000
---------------------------------------------------------------------------------------------------
INFO: [Synth 8-3354] encoded FSM with state register 'c_state_reg' using encoding 'sequential' in module 'i2c_master_byte_ctrl'
---------------------------------------------------------------------------------------------------
                   State |                     New Encoding |                Previous Encoding 
---------------------------------------------------------------------------------------------------
                  S_IDLE |                             0110 |                             0000
           S_WR_DEV_ADDR |                             1001 |                             0001
           S_WR_REG_ADDR |                             0100 |                             0010
          S_WR_REG_ADDR1 |                             0101 |                             1101
               S_WR_DATA |                             0000 |                             0011
          S_RD_DEV_ADDR0 |                             1011 |                             0110
           S_WR_ERR_NACK |                             1010 |                             0101
               S_WR_STOP |                             0001 |                             1011
                S_WR_ACK |                             0010 |                             0100
           S_RD_REG_ADDR |                             1101 |                             0111
          S_RD_REG_ADDR1 |                             1110 |                             1110
          S_RD_DEV_ADDR1 |                             1111 |                             1000
               S_RD_DATA |                             1100 |                             1001
               S_RD_STOP |                             0111 |                             1010
                S_RD_ACK |                             1000 |                             1111
                  S_WAIT |                             0011 |                             1100
---------------------------------------------------------------------------------------------------
INFO: [Synth 8-3354] encoded FSM with state register 'state_reg' using encoding 'sequential' in module 'i2c_master_top'
---------------------------------------------------------------------------------------------------
                   State |                     New Encoding |                Previous Encoding 
---------------------------------------------------------------------------------------------------
                  S_IDLE |                               00 |                              000
          S_WR_I2C_CHECK |                               01 |                              001
                S_WR_I2C |                               10 |                              010
           S_WR_I2C_DONE |                               11 |                              011
---------------------------------------------------------------------------------------------------
INFO: [Synth 8-3354] encoded FSM with state register 'state_reg' using encoding 'sequential' in module 'i2c_config'
---------------------------------------------------------------------------------
Finished RTL Optimization Phase 2 : Time (s): cpu = 00:00:14 ; elapsed = 00:00:15 . Memory (MB): peak = 1729.105 ; gain = 433.988
---------------------------------------------------------------------------------
---------------------------------------------------------------------------------
Start RTL Component Statistics 
---------------------------------------------------------------------------------
Detailed RTL Component Info : 
+---Adders : 
	   2 Input   16 Bit       Adders := 2     
	   2 Input   14 Bit       Adders := 1     
	   2 Input   12 Bit       Adders := 6     
	   2 Input   10 Bit       Adders := 1     
	   2 Input    3 Bit       Adders := 1     
+---Registers : 
	               24 Bit    Registers := 3     
	               16 Bit    Registers := 2     
	               14 Bit    Registers := 1     
	               12 Bit    Registers := 6     
	               10 Bit    Registers := 1     
	                8 Bit    Registers := 6     
	                4 Bit    Registers := 1     
	                3 Bit    Registers := 3     
	                2 Bit    Registers := 2     
	                1 Bit    Registers := 47    
+---Muxes : 
	   2 Input   32 Bit        Muxes := 1     
	  18 Input   18 Bit        Muxes := 1     
	   2 Input   16 Bit        Muxes := 1     
	   2 Input   14 Bit        Muxes := 2     
	   2 Input   12 Bit        Muxes := 4     
	   4 Input   10 Bit        Muxes := 1     
	   8 Input    8 Bit        Muxes := 1     
	   6 Input    8 Bit        Muxes := 2     
	   9 Input    8 Bit        Muxes := 1     
	   2 Input    8 Bit        Muxes := 3     
	  24 Input    5 Bit        Muxes := 1     
	   2 Input    4 Bit        Muxes := 23    
	   6 Input    4 Bit        Muxes := 1     
	  15 Input    4 Bit        Muxes := 1     
	   2 Input    3 Bit        Muxes := 5     
	  15 Input    3 Bit        Muxes := 1     
	   2 Input    2 Bit        Muxes := 3     
	   4 Input    2 Bit        Muxes := 1     
	   3 Input    1 Bit        Muxes := 2     
	   2 Input    1 Bit        Muxes := 30    
	  10 Input    1 Bit        Muxes := 1     
	  18 Input    1 Bit        Muxes := 6     
	   6 Input    1 Bit        Muxes := 6     
	   4 Input    1 Bit        Muxes := 6     
---------------------------------------------------------------------------------
Finished RTL Component Statistics 
---------------------------------------------------------------------------------
---------------------------------------------------------------------------------
Start Part Resource Summary
---------------------------------------------------------------------------------
Part Resources:
DSPs: 1248 (col length:96)
BRAMs: 288 (col length: RAMB18 96 RAMB36 48)
---------------------------------------------------------------------------------
Finished Part Resource Summary
---------------------------------------------------------------------------------
---------------------------------------------------------------------------------
Start Cross Boundary and Area Optimization
---------------------------------------------------------------------------------
---------------------------------------------------------------------------------
Finished Cross Boundary and Area Optimization : Time (s): cpu = 00:00:17 ; elapsed = 00:00:18 . Memory (MB): peak = 1729.105 ; gain = 433.988
---------------------------------------------------------------------------------
---------------------------------------------------------------------------------
Start Applying XDC Timing Constraints
---------------------------------------------------------------------------------
WARNING: [Synth 8-565] redefining clock 'sys_clk_p'
---------------------------------------------------------------------------------
Finished Applying XDC Timing Constraints : Time (s): cpu = 00:00:24 ; elapsed = 00:00:25 . Memory (MB): peak = 2105.781 ; gain = 810.664
---------------------------------------------------------------------------------
---------------------------------------------------------------------------------
Start Timing Optimization
---------------------------------------------------------------------------------
---------------------------------------------------------------------------------
Finished Timing Optimization : Time (s): cpu = 00:00:24 ; elapsed = 00:00:25 . Memory (MB): peak = 2126.918 ; gain = 831.801
---------------------------------------------------------------------------------
---------------------------------------------------------------------------------
Start Technology Mapping
---------------------------------------------------------------------------------
---------------------------------------------------------------------------------
Finished Technology Mapping : Time (s): cpu = 00:00:25 ; elapsed = 00:00:26 . Memory (MB): peak = 2137.035 ; gain = 841.918
---------------------------------------------------------------------------------
---------------------------------------------------------------------------------
Start IO Insertion
---------------------------------------------------------------------------------
---------------------------------------------------------------------------------
Start Flattening Before IO Insertion
---------------------------------------------------------------------------------
---------------------------------------------------------------------------------
Finished Flattening Before IO Insertion
---------------------------------------------------------------------------------
---------------------------------------------------------------------------------
Start Final Netlist Cleanup
---------------------------------------------------------------------------------
---------------------------------------------------------------------------------
Finished Final Netlist Cleanup
---------------------------------------------------------------------------------
---------------------------------------------------------------------------------
Finished IO Insertion : Time (s): cpu = 00:00:28 ; elapsed = 00:00:29 . Memory (MB): peak = 2137.035 ; gain = 841.918
---------------------------------------------------------------------------------
---------------------------------------------------------------------------------
Start Renaming Generated Instances
---------------------------------------------------------------------------------
---------------------------------------------------------------------------------
Finished Renaming Generated Instances : Time (s): cpu = 00:00:28 ; elapsed = 00:00:29 . Memory (MB): peak = 2137.035 ; gain = 841.918
---------------------------------------------------------------------------------
---------------------------------------------------------------------------------
Start Rebuilding User Hierarchy
---------------------------------------------------------------------------------
---------------------------------------------------------------------------------
Finished Rebuilding User Hierarchy : Time (s): cpu = 00:00:28 ; elapsed = 00:00:29 . Memory (MB): peak = 2137.035 ; gain = 841.918
---------------------------------------------------------------------------------
---------------------------------------------------------------------------------
Start Renaming Generated Ports
---------------------------------------------------------------------------------
---------------------------------------------------------------------------------
Finished Renaming Generated Ports : Time (s): cpu = 00:00:28 ; elapsed = 00:00:29 . Memory (MB): peak = 2137.035 ; gain = 841.918
---------------------------------------------------------------------------------
---------------------------------------------------------------------------------
Start Handling Custom Attributes
---------------------------------------------------------------------------------
---------------------------------------------------------------------------------
Finished Handling Custom Attributes : Time (s): cpu = 00:00:28 ; elapsed = 00:00:29 . Memory (MB): peak = 2137.035 ; gain = 841.918
---------------------------------------------------------------------------------
---------------------------------------------------------------------------------
Start Renaming Generated Nets
---------------------------------------------------------------------------------
---------------------------------------------------------------------------------
Finished Renaming Generated Nets : Time (s): cpu = 00:00:28 ; elapsed = 00:00:29 . Memory (MB): peak = 2137.035 ; gain = 841.918
---------------------------------------------------------------------------------
---------------------------------------------------------------------------------
Start ROM, RAM, DSP and Shift Register Reporting
---------------------------------------------------------------------------------

Static Shift Register Report:
+------------+-------------------------------------------+--------+-------+--------------+--------------------+-------------------+--------+---------+
|Module Name | RTL Name                                  | Length | Width | Reset Signal | Pull out first Reg | Pull out last Reg | SRL16E | SRLC32E | 
+------------+-------------------------------------------+--------+-------+--------------+--------------------+-------------------+--------+---------+
|top         | osd_display_m0/timing_gen_xy_m0/hs_d1_reg | 3      | 1     | NO           | NO                 | YES               | 1      | 0       | 
+------------+-------------------------------------------+--------+-------+--------------+--------------------+-------------------+--------+---------+

---------------------------------------------------------------------------------
Finished ROM, RAM, DSP and Shift Register Reporting
---------------------------------------------------------------------------------
---------------------------------------------------------------------------------
Start Writing Synthesis Report
---------------------------------------------------------------------------------

Report BlackBoxes: 
+------+--------------+----------+
|      |BlackBox name |Instances |
+------+--------------+----------+
|1     |video_pll     |         1|
|2     |osd_rom       |         1|
+------+--------------+----------+

Report Cell Usage: 
+------+----------+------+
|      |Cell      |Count |
+------+----------+------+
|1     |osd_rom   |     1|
|2     |video_pll |     1|
|3     |CARRY8    |     5|
|4     |LUT1      |    18|
|5     |LUT2      |    31|
|6     |LUT3      |    41|
|7     |LUT4      |    46|
|8     |LUT5      |    51|
|9     |LUT6      |   105|
|10    |MUXF7     |     2|
|11    |SRL16E    |     1|
|12    |FDCE      |    27|
|13    |FDPE      |     2|
|14    |FDRE      |   176|
|15    |FDSE      |    10|
|16    |IOBUF     |     2|
|17    |OBUF      |    28|
+------+----------+------+
---------------------------------------------------------------------------------
Finished Writing Synthesis Report : Time (s): cpu = 00:00:28 ; elapsed = 00:00:29 . Memory (MB): peak = 2137.035 ; gain = 841.918
---------------------------------------------------------------------------------
Synthesis finished with 0 errors, 0 critical warnings and 1 warnings.
Synthesis Optimization Runtime : Time (s): cpu = 00:00:18 ; elapsed = 00:00:24 . Memory (MB): peak = 2137.035 ; gain = 719.301
Synthesis Optimization Complete : Time (s): cpu = 00:00:28 ; elapsed = 00:00:29 . Memory (MB): peak = 2137.035 ; gain = 841.918
INFO: [Project 1-571] Translating synthesized netlist
Netlist sorting complete. Time (s): cpu = 00:00:00 ; elapsed = 00:00:00.004 . Memory (MB): peak = 2148.148 ; gain = 0.000
INFO: [Netlist 29-17] Analyzing 9 Unisim elements for replacement
INFO: [Netlist 29-28] Unisim Transformation completed in 0 CPU seconds
INFO: [Project 1-570] Preparing netlist for logic optimization
INFO: [Opt 31-138] Pushed 0 inverter(s) to 0 load pin(s).
Netlist sorting complete. Time (s): cpu = 00:00:00 ; elapsed = 00:00:00 . Memory (MB): peak = 2165.371 ; gain = 0.000
INFO: [Project 1-111] Unisim Transformation Summary:
  A total of 2 instances were transformed.
  IOBUF => IOBUF (IBUFCTRL, INBUF, OBUFT): 2 instances

INFO: [Common 17-83] Releasing license: Synthesis
47 Infos, 7 Warnings, 0 Critical Warnings and 0 Errors encountered.
synth_design completed successfully
synth_design: Time (s): cpu = 00:00:36 ; elapsed = 00:00:40 . Memory (MB): peak = 2165.371 ; gain = 1086.699
INFO: [Common 17-1381] The checkpoint 'E:/XilinxPrj/AXU5EVB/2020/course_s1_fpga/12_hdmi_char/hdmi_char.runs/synth_1/top.dcp' has been generated.
INFO: [runtcl-4] Executing : report_utilization -file top_utilization_synth.rpt -pb top_utilization_synth.pb
INFO: [Common 17-206] Exiting Vivado at Thu Jul 16 17:01:40 2020...
