

================================================================
== Vitis HLS Report for 'xFGradientY3x3_0_0_s'
================================================================
* Date:           Mon Nov  2 14:21:19 2020

* Version:        2020.1 (Build 2902540 on Wed May 27 20:16:15 MDT 2020)
* Project:        edge_detector
* Solution:       solution1 (Vivado IP Flow Target)
* Product family: zynquplus
* Target device:  xczu3eg-sfvc784-1-i


================================================================
== Performance Estimates
================================================================
+ Timing: 
    * Summary: 
    +--------+----------+----------+------------+
    |  Clock |  Target  | Estimated| Uncertainty|
    +--------+----------+----------+------------+
    |ap_clk  | 10.00 ns | 3.138 ns |   2.70 ns  |
    +--------+----------+----------+------------+

+ Latency: 
    * Summary: 
    +---------+---------+----------+----------+-----+-----+----------+
    |  Latency (cycles) |  Latency (absolute) |  Interval | Pipeline |
    |   min   |   max   |    min   |    max   | min | max |   Type   |
    +---------+---------+----------+----------+-----+-----+----------+
    |        0|        0|   0 ns   |   0 ns   |    1|    1| function |
    +---------+---------+----------+----------+-----+-----+----------+

    + Detail: 
        * Instance: 
        N/A

        * Loop: 
        N/A

============================================================
+ Verbose Summary: Synthesis Manager
============================================================
InlineROM: 1
ExposeGlobal: 0
============================================================
+ Verbose Summary: CDFG Model
============================================================
IsTopModel: 0
ResetActiveHigh: 1
IsCombinational: 0
IsDatapathOnly: 0
HasWiredReturn: 1
HasMFsm: 2
HasVarLatency: 0
IsPipeline: 1
IsRtlPipelined: 0
IsInstanceOverlapped: 0
IsDontTouch: 0
HasImplIP: 0
IsGatedGlobalClock: 0

+ Individual pipeline summary: 
  * Pipeline-0: initiation interval (II) = 1, depth = 1


============================================================
+ Verbose Summary: Schedule
============================================================
* Number of FSM states : 1
* Pipeline : 1
  Pipeline-0 : II = 1, D = 1, States = { 1 }
* Dataflow Pipeline: 0

* FSM state transitions: 
1 --> 

* FSM state operations: 

State 1 <SV = 0> <Delay = 3.13>
ST_1 : Operation 2 [1/1] (0.00ns)   --->   "%b2_read = read i8 @_ssdm_op_Read.ap_auto.i8, i8 %b2" [F:/Vitis_Libraries/vision/L1/include\imgproc/xf_sobel.hpp:106]   --->   Operation 2 'read' 'b2_read' <Predicate = true> <Delay = 0.00>
ST_1 : Operation 3 [1/1] (0.00ns)   --->   "%b1_read = read i8 @_ssdm_op_Read.ap_auto.i8, i8 %b1" [F:/Vitis_Libraries/vision/L1/include\imgproc/xf_sobel.hpp:106]   --->   Operation 3 'read' 'b1_read' <Predicate = true> <Delay = 0.00>
ST_1 : Operation 4 [1/1] (0.00ns)   --->   "%b0_read = read i8 @_ssdm_op_Read.ap_auto.i8, i8 %b0" [F:/Vitis_Libraries/vision/L1/include\imgproc/xf_sobel.hpp:106]   --->   Operation 4 'read' 'b0_read' <Predicate = true> <Delay = 0.00>
ST_1 : Operation 5 [1/1] (0.00ns)   --->   "%t2_read = read i8 @_ssdm_op_Read.ap_auto.i8, i8 %t2" [F:/Vitis_Libraries/vision/L1/include\imgproc/xf_sobel.hpp:106]   --->   Operation 5 'read' 't2_read' <Predicate = true> <Delay = 0.00>
ST_1 : Operation 6 [1/1] (0.00ns)   --->   "%t1_read = read i8 @_ssdm_op_Read.ap_auto.i8, i8 %t1" [F:/Vitis_Libraries/vision/L1/include\imgproc/xf_sobel.hpp:106]   --->   Operation 6 'read' 't1_read' <Predicate = true> <Delay = 0.00>
ST_1 : Operation 7 [1/1] (0.00ns)   --->   "%t0_read = read i8 @_ssdm_op_Read.ap_auto.i8, i8 %t0" [F:/Vitis_Libraries/vision/L1/include\imgproc/xf_sobel.hpp:106]   --->   Operation 7 'read' 't0_read' <Predicate = true> <Delay = 0.00>
ST_1 : Operation 8 [1/1] (0.00ns)   --->   "%M00 = bitconcatenate i9 @_ssdm_op_BitConcatenate.i9.i8.i1, i8 %t1_read, i1" [F:/Vitis_Libraries/vision/L1/include\imgproc/xf_sobel.hpp:106]   --->   Operation 8 'bitconcatenate' 'M00' <Predicate = true> <Delay = 0.00>
ST_1 : Operation 9 [1/1] (0.00ns)   --->   "%zext_ln106 = zext i9 %M00" [F:/Vitis_Libraries/vision/L1/include\imgproc/xf_sobel.hpp:106]   --->   Operation 9 'zext' 'zext_ln106' <Predicate = true> <Delay = 0.00>
ST_1 : Operation 10 [1/1] (0.00ns)   --->   "%M01 = bitconcatenate i9 @_ssdm_op_BitConcatenate.i9.i8.i1, i8 %b1_read, i1" [F:/Vitis_Libraries/vision/L1/include\imgproc/xf_sobel.hpp:107]   --->   Operation 10 'bitconcatenate' 'M01' <Predicate = true> <Delay = 0.00>
ST_1 : Operation 11 [1/1] (0.00ns)   --->   "%zext_ln107 = zext i9 %M01" [F:/Vitis_Libraries/vision/L1/include\imgproc/xf_sobel.hpp:107]   --->   Operation 11 'zext' 'zext_ln107' <Predicate = true> <Delay = 0.00>
ST_1 : Operation 12 [1/1] (0.00ns)   --->   "%zext_ln215 = zext i8 %b0_read"   --->   Operation 12 'zext' 'zext_ln215' <Predicate = true> <Delay = 0.00>
ST_1 : Operation 13 [1/1] (0.00ns)   --->   "%zext_ln215_1 = zext i8 %b2_read"   --->   Operation 13 'zext' 'zext_ln215_1' <Predicate = true> <Delay = 0.00>
ST_1 : Operation 14 [1/1] (0.90ns)   --->   "%ret_V = add i9 %zext_ln215, i9 %zext_ln215_1"   --->   Operation 14 'add' 'ret_V' <Predicate = true> <Delay = 0.90> <CoreInst = "Adder">   --->   Core 1 'Adder' <Latency = 0> <II = 1> <Delay = 0.92> <FuncUnit> <Opcode : 'add' 'sub'> <InPorts = 2> <OutPorts = 1>
ST_1 : Operation 15 [1/1] (0.00ns)   --->   "%zext_ln108 = zext i9 %ret_V" [F:/Vitis_Libraries/vision/L1/include\imgproc/xf_sobel.hpp:108]   --->   Operation 15 'zext' 'zext_ln108' <Predicate = true> <Delay = 0.00>
ST_1 : Operation 16 [1/1] (0.00ns)   --->   "%zext_ln215_2 = zext i8 %t0_read"   --->   Operation 16 'zext' 'zext_ln215_2' <Predicate = true> <Delay = 0.00>
ST_1 : Operation 17 [1/1] (0.00ns)   --->   "%zext_ln215_3 = zext i8 %t2_read"   --->   Operation 17 'zext' 'zext_ln215_3' <Predicate = true> <Delay = 0.00>
ST_1 : Operation 18 [1/1] (0.90ns)   --->   "%ret_V_1 = add i9 %zext_ln215_2, i9 %zext_ln215_3"   --->   Operation 18 'add' 'ret_V_1' <Predicate = true> <Delay = 0.90> <CoreInst = "Adder">   --->   Core 1 'Adder' <Latency = 0> <II = 1> <Delay = 0.92> <FuncUnit> <Opcode : 'add' 'sub'> <InPorts = 2> <OutPorts = 1>
ST_1 : Operation 19 [1/1] (0.00ns)   --->   "%zext_ln109 = zext i9 %ret_V_1" [F:/Vitis_Libraries/vision/L1/include\imgproc/xf_sobel.hpp:109]   --->   Operation 19 'zext' 'zext_ln109' <Predicate = true> <Delay = 0.00>
ST_1 : Operation 20 [1/1] (0.92ns)   --->   "%out_pix_3 = sub i10 %zext_ln107, i10 %zext_ln106" [F:/Vitis_Libraries/vision/L1/include\imgproc/xf_sobel.hpp:112]   --->   Operation 20 'sub' 'out_pix_3' <Predicate = true> <Delay = 0.92> <CoreInst = "Adder">   --->   Core 1 'Adder' <Latency = 0> <II = 1> <Delay = 0.92> <FuncUnit> <Opcode : 'add' 'sub'> <InPorts = 2> <OutPorts = 1>
ST_1 : Operation 21 [1/1] (0.00ns)   --->   "%sext_ln113 = sext i10 %out_pix_3" [F:/Vitis_Libraries/vision/L1/include\imgproc/xf_sobel.hpp:113]   --->   Operation 21 'sext' 'sext_ln113' <Predicate = true> <Delay = 0.00>
ST_1 : Operation 22 [1/1] (0.00ns) (grouped into TernaryAdder)   --->   "%out_pix_4 = add i11 %zext_ln108, i11 %sext_ln113" [F:/Vitis_Libraries/vision/L1/include\imgproc/xf_sobel.hpp:113]   --->   Operation 22 'add' 'out_pix_4' <Predicate = true> <Delay = 0.00> <CoreInst = "TAddSub">   --->   Core 3 'TAddSub' <Latency = 0> <II = 1> <Delay = 0.53> <IPBlock> <Opcode : 'add' 'sub'> <InPorts = 3> <OutPorts = 1> <Sync>
ST_1 : Operation 23 [1/1] (1.07ns) (root node of TernaryAdder)   --->   "%out_pix = sub i11 %out_pix_4, i11 %zext_ln109" [F:/Vitis_Libraries/vision/L1/include\imgproc/xf_sobel.hpp:114]   --->   Operation 23 'sub' 'out_pix' <Predicate = true> <Delay = 1.07> <CoreInst = "TAddSub">   --->   Core 3 'TAddSub' <Latency = 0> <II = 1> <Delay = 0.53> <IPBlock> <Opcode : 'add' 'sub'> <InPorts = 3> <OutPorts = 1> <Sync>
ST_1 : Operation 24 [1/1] (0.00ns) (grouped into LUT with out node select_ln119_1)   --->   "%trunc_ln302 = trunc i11 %out_pix"   --->   Operation 24 'trunc' 'trunc_ln302' <Predicate = (!or_ln119)> <Delay = 0.00>
ST_1 : Operation 25 [1/1] (0.00ns)   --->   "%tmp = bitselect i1 @_ssdm_op_BitSelect.i1.i11.i32, i11 %out_pix, i32" [F:/Vitis_Libraries/vision/L1/include\imgproc/xf_sobel.hpp:119]   --->   Operation 25 'bitselect' 'tmp' <Predicate = true> <Delay = 0.00>
ST_1 : Operation 26 [1/1] (0.00ns)   --->   "%tmp_1 = partselect i3 @_ssdm_op_PartSelect.i3.i11.i32.i32, i11 %out_pix, i32, i32" [F:/Vitis_Libraries/vision/L1/include\imgproc/xf_sobel.hpp:121]   --->   Operation 26 'partselect' 'tmp_1' <Predicate = true> <Delay = 0.00>
ST_1 : Operation 27 [1/1] (0.69ns)   --->   "%icmp_ln121 = icmp_sgt  i3 %tmp_1, i3" [F:/Vitis_Libraries/vision/L1/include\imgproc/xf_sobel.hpp:121]   --->   Operation 27 'icmp' 'icmp_ln121' <Predicate = true> <Delay = 0.69> <CoreInst = "Cmp">   --->   Core 10 'Cmp' <Latency = 0> <II = 1> <Delay = 0.69> <FuncUnit> <Opcode : 'icmp'> <InPorts = 2> <OutPorts = 1>
ST_1 : Operation 28 [1/1] (0.00ns) (grouped into LUT with out node select_ln119_1)   --->   "%xor_ln119 = xor i1 %tmp, i1" [F:/Vitis_Libraries/vision/L1/include\imgproc/xf_sobel.hpp:119]   --->   Operation 28 'xor' 'xor_ln119' <Predicate = (or_ln119)> <Delay = 0.00> <CoreInst = "LogicGate">   --->   Core 12 'LogicGate' <Latency = 0> <II = 1> <Delay = 0.33> <FuncUnit> <Opcode : 'and' 'or' 'xor'> <InPorts = 2> <OutPorts = 1>
ST_1 : Operation 29 [1/1] (0.00ns) (grouped into LUT with out node select_ln119_1)   --->   "%select_ln119 = select i1 %xor_ln119, i8, i8" [F:/Vitis_Libraries/vision/L1/include\imgproc/xf_sobel.hpp:119]   --->   Operation 29 'select' 'select_ln119' <Predicate = (or_ln119)> <Delay = 0.00> <CoreInst = "Sel">   --->   Core 11 'Sel' <Latency = 0> <II = 1> <Delay = 0.44> <FuncUnit> <Opcode : 'select'> <InPorts = 3> <OutPorts = 1>
ST_1 : Operation 30 [1/1] (0.00ns) (grouped into LUT with out node select_ln119_1)   --->   "%or_ln119 = or i1 %tmp, i1 %icmp_ln121" [F:/Vitis_Libraries/vision/L1/include\imgproc/xf_sobel.hpp:119]   --->   Operation 30 'or' 'or_ln119' <Predicate = true> <Delay = 0.00> <CoreInst = "LogicGate">   --->   Core 12 'LogicGate' <Latency = 0> <II = 1> <Delay = 0.33> <FuncUnit> <Opcode : 'and' 'or' 'xor'> <InPorts = 2> <OutPorts = 1>
ST_1 : Operation 31 [1/1] (0.44ns) (out node of the LUT)   --->   "%select_ln119_1 = select i1 %or_ln119, i8 %select_ln119, i8 %trunc_ln302" [F:/Vitis_Libraries/vision/L1/include\imgproc/xf_sobel.hpp:119]   --->   Operation 31 'select' 'select_ln119_1' <Predicate = true> <Delay = 0.44> <CoreInst = "Sel">   --->   Core 11 'Sel' <Latency = 0> <II = 1> <Delay = 0.44> <FuncUnit> <Opcode : 'select'> <InPorts = 3> <OutPorts = 1>
ST_1 : Operation 32 [1/1] (0.00ns)   --->   "%ret_ln125 = ret i8 %select_ln119_1" [F:/Vitis_Libraries/vision/L1/include\imgproc/xf_sobel.hpp:125]   --->   Operation 32 'ret' 'ret_ln125' <Predicate = true> <Delay = 0.00>


============================================================
+ Verbose Summary: Timing violations
============================================================
Target clock period: 10ns, clock uncertainty: 2.7ns.

 <State 1>: 3.14ns
The critical path consists of the following:
	wire read on port 'b1' (F:/Vitis_Libraries/vision/L1/include\imgproc/xf_sobel.hpp:106) [8]  (0 ns)
	'sub' operation ('out_pix_3', F:/Vitis_Libraries/vision/L1/include\imgproc/xf_sobel.hpp:112) [25]  (0.921 ns)
	'add' operation ('out_pix_4', F:/Vitis_Libraries/vision/L1/include\imgproc/xf_sobel.hpp:113) [27]  (0 ns)
	'sub' operation ('out_pix', F:/Vitis_Libraries/vision/L1/include\imgproc/xf_sobel.hpp:114) [28]  (1.07 ns)
	'icmp' operation ('icmp_ln121', F:/Vitis_Libraries/vision/L1/include\imgproc/xf_sobel.hpp:121) [32]  (0.698 ns)
	'or' operation ('or_ln119', F:/Vitis_Libraries/vision/L1/include\imgproc/xf_sobel.hpp:119) [35]  (0 ns)
	'select' operation ('select_ln119_1', F:/Vitis_Libraries/vision/L1/include\imgproc/xf_sobel.hpp:119) [36]  (0.445 ns)


============================================================
+ Verbose Summary: Binding
============================================================
N/A
* FSMD analyzer results:
  - Output states:
 - Input state : 
  - Chain level:
	State 1


============================================================
+ Verbose Summary: Datapath Resource usage 
============================================================
N/A
