Copyright 1986-2020 Xilinx, Inc. All Rights Reserved.
-----------------------------------------------------------------------------------------------------------------------------
| Tool Version : Vivado v.2020.1 (win64) Build 2902540 Wed May 27 19:54:49 MDT 2020
| Date         : Thu Jul 16 15:50:36 2020
| Host         : DESKTOP-0FF260C running 64-bit major release  (build 9200)
| Command      : report_utilization -file bd_929b_eth_buf_0_utilization_synth.rpt -pb bd_929b_eth_buf_0_utilization_synth.pb
| Design       : bd_929b_eth_buf_0
| Device       : xazu5evsfvc784-1
| Design State : Synthesized
-----------------------------------------------------------------------------------------------------------------------------

Utilization Design Information

Table of Contents
-----------------
1. CLB Logic
1.1 Summary of Registers by Type
2. BLOCKRAM
3. ARITHMETIC
4. I/O
5. CLOCK
6. ADVANCED
7. CONFIGURATION
8. Primitives
9. Black Boxes
10. Instantiated Netlists

1. CLB Logic
------------

+----------------------------+------+-------+-----------+-------+
|          Site Type         | Used | Fixed | Available | Util% |
+----------------------------+------+-------+-----------+-------+
| CLB LUTs*                  | 1524 |     0 |    117120 |  1.30 |
|   LUT as Logic             | 1497 |     0 |    117120 |  1.28 |
|   LUT as Memory            |   27 |     0 |     57600 |  0.05 |
|     LUT as Distributed RAM |   24 |     0 |           |       |
|     LUT as Shift Register  |    3 |     0 |           |       |
| CLB Registers              | 2843 |     0 |    234240 |  1.21 |
|   Register as Flip Flop    | 2843 |     0 |    234240 |  1.21 |
|   Register as Latch        |    0 |     0 |    234240 |  0.00 |
| CARRY8                     |   24 |     0 |     14640 |  0.16 |
| F7 Muxes                   |    2 |     0 |     58560 | <0.01 |
| F8 Muxes                   |    0 |     0 |     29280 |  0.00 |
| F9 Muxes                   |    0 |     0 |     14640 |  0.00 |
+----------------------------+------+-------+-----------+-------+
* Warning! The Final LUT count, after physical optimizations and full implementation, is typically lower. Run opt_design after synthesis, if not already completed, for a more realistic count.


1.1 Summary of Registers by Type
--------------------------------

+-------+--------------+-------------+--------------+
| Total | Clock Enable | Synchronous | Asynchronous |
+-------+--------------+-------------+--------------+
| 0     |            _ |           - |            - |
| 0     |            _ |           - |          Set |
| 0     |            _ |           - |        Reset |
| 0     |            _ |         Set |            - |
| 0     |            _ |       Reset |            - |
| 0     |          Yes |           - |            - |
| 125   |          Yes |           - |          Set |
| 0     |          Yes |           - |        Reset |
| 122   |          Yes |         Set |            - |
| 2596  |          Yes |       Reset |            - |
+-------+--------------+-------------+--------------+


2. BLOCKRAM
-----------

+-------------------+------+-------+-----------+-------+
|     Site Type     | Used | Fixed | Available | Util% |
+-------------------+------+-------+-----------+-------+
| Block RAM Tile    |    4 |     0 |       144 |  2.78 |
|   RAMB36/FIFO*    |    4 |     0 |       144 |  2.78 |
|     RAMB36E2 only |    4 |       |           |       |
|   RAMB18          |    0 |     0 |       288 |  0.00 |
| URAM              |    0 |     0 |        64 |  0.00 |
+-------------------+------+-------+-----------+-------+
* Note: Each Block RAM Tile only has one FIFO logic available and therefore can accommodate only one FIFO36E2 or one FIFO18E2. However, if a FIFO18E2 occupies a Block RAM Tile, that tile can still accommodate a RAMB18E2


3. ARITHMETIC
-------------

+-----------+------+-------+-----------+-------+
| Site Type | Used | Fixed | Available | Util% |
+-----------+------+-------+-----------+-------+
| DSPs      |    0 |     0 |      1248 |  0.00 |
+-----------+------+-------+-----------+-------+


4. I/O
------

+------------+------+-------+-----------+-------+
|  Site Type | Used | Fixed | Available | Util% |
+------------+------+-------+-----------+-------+
| Bonded IOB |    0 |     0 |       252 |  0.00 |
+------------+------+-------+-----------+-------+


5. CLOCK
--------

+----------------------+------+-------+-----------+-------+
|       Site Type      | Used | Fixed | Available | Util% |
+----------------------+------+-------+-----------+-------+
| GLOBAL CLOCK BUFFERs |    0 |     0 |       352 |  0.00 |
|   BUFGCE             |    0 |     0 |       112 |  0.00 |
|   BUFGCE_DIV         |    0 |     0 |        16 |  0.00 |
|   BUFG_GT            |    0 |     0 |        96 |  0.00 |
|   BUFG_PS            |    0 |     0 |        96 |  0.00 |
|   BUFGCTRL*          |    0 |     0 |        32 |  0.00 |
| PLL                  |    0 |     0 |         8 |  0.00 |
| MMCM                 |    0 |     0 |         4 |  0.00 |
+----------------------+------+-------+-----------+-------+
* Note: Each used BUFGCTRL counts as two GLOBAL CLOCK BUFFERs. This table does not include global clocking resources, only buffer cell usage. See the Clock Utilization Report (report_clock_utilization) for detailed accounting of global clocking resource availability.


6. ADVANCED
-----------

+-----------------+------+-------+-----------+-------+
|    Site Type    | Used | Fixed | Available | Util% |
+-----------------+------+-------+-----------+-------+
| GTHE4_CHANNEL   |    0 |     0 |         4 |  0.00 |
| GTHE4_COMMON    |    0 |     0 |         1 |  0.00 |
| OBUFDS_GTE4     |    0 |     0 |         2 |  0.00 |
| OBUFDS_GTE4_ADV |    0 |     0 |         2 |  0.00 |
| PCIE40E4        |    0 |     0 |         2 |  0.00 |
| PS8             |    0 |     0 |         1 |  0.00 |
| SYSMONE4        |    0 |     0 |         1 |  0.00 |
| VCU             |    0 |     0 |         1 |  0.00 |
+-----------------+------+-------+-----------+-------+


7. CONFIGURATION
----------------

+-------------+------+-------+-----------+-------+
|  Site Type  | Used | Fixed | Available | Util% |
+-------------+------+-------+-----------+-------+
| BSCANE2     |    0 |     0 |         4 |  0.00 |
| DNA_PORTE2  |    0 |     0 |         1 |  0.00 |
| EFUSE_USR   |    0 |     0 |         1 |  0.00 |
| FRAME_ECCE4 |    0 |     0 |         1 |  0.00 |
| ICAPE3      |    0 |     0 |         2 |  0.00 |
| MASTER_JTAG |    0 |     0 |         1 |  0.00 |
| STARTUPE3   |    0 |     0 |         1 |  0.00 |
+-------------+------+-------+-----------+-------+


8. Primitives
-------------

+----------+------+---------------------+
| Ref Name | Used | Functional Category |
+----------+------+---------------------+
| FDRE     | 2596 |            Register |
| LUT6     |  632 |                 CLB |
| LUT4     |  353 |                 CLB |
| LUT5     |  338 |                 CLB |
| LUT2     |  215 |                 CLB |
| LUT3     |  161 |                 CLB |
| FDPE     |  125 |            Register |
| FDSE     |  122 |            Register |
| LUT1     |   70 |                 CLB |
| RAMD32   |   42 |                 CLB |
| CARRY8   |   24 |                 CLB |
| RAMS32   |    6 |                 CLB |
| RAMB36E2 |    4 |           Block Ram |
| SRL16E   |    3 |                 CLB |
| MUXF7    |    2 |                 CLB |
+----------+------+---------------------+


9. Black Boxes
--------------

+----------+------+
| Ref Name | Used |
+----------+------+


10. Instantiated Netlists
-------------------------

+----------+------+
| Ref Name | Used |
+----------+------+


