

================================================================
== Vitis HLS Report for 'xfrgb2ycrcb_1080_1920_s'
================================================================
* Date:           Thu Nov  5 11:46:17 2020

* Version:        2020.1 (Build 2902540 on Wed May 27 20:16:15 MDT 2020)
* Project:        rgb2ycrcb
* Solution:       solution1 (Vivado IP Flow Target)
* Product family: zynquplus
* Target device:  xczu5ev-sfvc784-1-i


================================================================
== Performance Estimates
================================================================
+ Timing: 
    * Summary: 
    +--------+----------+----------+------------+
    |  Clock |  Target  | Estimated| Uncertainty|
    +--------+----------+----------+------------+
    |ap_clk  | 10.00 ns | 4.023 ns |   2.70 ns  |
    +--------+----------+----------+------------+

+ Latency: 
    * Summary: 
    +---------+---------+-----------+-----------+---------+---------+---------+
    |  Latency (cycles) |   Latency (absolute)  |      Interval     | Pipeline|
    |   min   |   max   |    min    |    max    |   min   |   max   |   Type  |
    +---------+---------+-----------+-----------+---------+---------+---------+
    |  2073610|  2073610| 20.736 ms | 20.736 ms |  2073610|  2073610|   none  |
    +---------+---------+-----------+-----------+---------+---------+---------+

    + Detail: 
        * Instance: 
        +-------------------------------+--------------+---------+---------+----------+----------+-----+-----+----------+
        |                               |              |  Latency (cycles) |  Latency (absolute) |  Interval | Pipeline |
        |            Instance           |    Module    |   min   |   max   |    min   |    max   | min | max |   Type   |
        +-------------------------------+--------------+---------+---------+----------+----------+-----+-----+----------+
        |call_ret_ExtractPixel_fu_106   |ExtractPixel  |        0|        0|   0 ns   |   0 ns   |    1|    1| function |
        |ycrcb_packed_PackPixel_fu_112  |PackPixel     |        0|        0|   0 ns   |   0 ns   |    1|    1| function |
        +-------------------------------+--------------+---------+---------+----------+----------+-----+-----+----------+

        * Loop: 
        +-----------------------------------+---------+---------+----------+-----------+-----------+---------+----------+
        |                                   |  Latency (cycles) | Iteration|  Initiation Interval  |   Trip  |          |
        |             Loop Name             |   min   |   max   |  Latency |  achieved |   target  |  Count  | Pipelined|
        +-----------------------------------+---------+---------+----------+-----------+-----------+---------+----------+
        |- VITIS_LOOP_35_1_VITIS_LOOP_37_2  |  2073608|  2073608|        10|          1|          1|  2073600|    yes   |
        +-----------------------------------+---------+---------+----------+-----------+-----------+---------+----------+



================================================================
== Utilization Estimates
================================================================
* Summary: 
+-----------------+---------+------+--------+--------+-----+
|       Name      | BRAM_18K|  DSP |   FF   |   LUT  | URAM|
+-----------------+---------+------+--------+--------+-----+
|DSP              |        -|     5|       -|       -|    -|
|Expression       |        -|     -|       0|     188|    -|
|FIFO             |        -|     -|       -|       -|    -|
|Instance         |        -|     -|       -|       -|    -|
|Memory           |        -|     -|       -|       -|    -|
|Multiplexer      |        -|     -|       -|      75|    -|
|Register         |        -|     -|     332|     128|    -|
+-----------------+---------+------+--------+--------+-----+
|Total            |        0|     5|     332|     391|    0|
+-----------------+---------+------+--------+--------+-----+
|Available        |      288|  1248|  234240|  117120|   64|
+-----------------+---------+------+--------+--------+-----+
|Utilization (%)  |        0|  ~0  |   ~0   |   ~0   |    0|
+-----------------+---------+------+--------+--------+-----+

+ Detail: 
    * Instance: 
    +-------------------------------+--------------+---------+----+---+----+-----+
    |            Instance           |    Module    | BRAM_18K| DSP| FF| LUT| URAM|
    +-------------------------------+--------------+---------+----+---+----+-----+
    |call_ret_ExtractPixel_fu_106   |ExtractPixel  |        0|   0|  0|   0|    0|
    |ycrcb_packed_PackPixel_fu_112  |PackPixel     |        0|   0|  0|   0|    0|
    +-------------------------------+--------------+---------+----+---+----+-----+
    |Total                          |              |        0|   0|  0|   0|    0|
    +-------------------------------+--------------+---------+----+---+----+-----+

    * DSP: 
    +-------------------------------------+---------------------------------+--------------+
    |               Instance              |              Module             |  Expression  |
    +-------------------------------------+---------------------------------+--------------+
    |mac_muladd_13ns_8ns_22ns_22_4_1_U17  |mac_muladd_13ns_8ns_22ns_22_4_1  | i0 + i1 * i2 |
    |mac_muladd_16ns_8ns_22ns_23_4_1_U18  |mac_muladd_16ns_8ns_22ns_23_4_1  | i0 + i1 * i2 |
    |mul_mul_15ns_8ns_22_4_1_U16          |mul_mul_15ns_8ns_22_4_1          |    i0 * i1   |
    |mul_mul_16ns_9s_25_4_1_U19           |mul_mul_16ns_9s_25_4_1           |    i0 * i1   |
    |mul_mul_16ns_9s_25_4_1_U20           |mul_mul_16ns_9s_25_4_1           |    i0 * i1   |
    +-------------------------------------+---------------------------------+--------------+

    * Memory: 
    N/A

    * FIFO: 
    N/A

    * Expression: 
    +---------------------------------------+----------+----+---+----+------------+------------+
    |             Variable Name             | Operation| DSP| FF| LUT| Bitwidth P0| Bitwidth P1|
    +---------------------------------------+----------+----+---+----+------------+------------+
    |Value_int_2_fu_299_p2                  |     +    |   0|  0|  18|           8|          11|
    |Value_int_fu_218_p2                    |     +    |   0|  0|  18|           8|          11|
    |add_ln35_fu_126_p2                     |     +    |   0|  0|  28|          21|           1|
    |sub_ln941_fu_176_p2                    |     -    |   0|  0|  16|           9|           9|
    |sub_ln951_fu_186_p2                    |     -    |   0|  0|  16|           9|           9|
    |ap_block_state11_pp0_stage0_iter9      |    and   |   0|  0|   2|           1|           1|
    |ap_block_state3_pp0_stage0_iter1       |    and   |   0|  0|   2|           1|           1|
    |icmp_ln35_fu_120_p2                    |   icmp   |   0|  0|  20|          21|          16|
    |icmp_ln740_2_fu_315_p2                 |   icmp   |   0|  0|   9|           3|           1|
    |icmp_ln740_fu_234_p2                   |   icmp   |   0|  0|   9|           3|           1|
    |ap_block_pp0_stage0_01001              |    or    |   0|  0|   2|           1|           1|
    |ap_block_state1                        |    or    |   0|  0|   2|           1|           1|
    |or_ln740_2_fu_343_p2                   |    or    |   0|  0|   2|           1|           1|
    |or_ln740_fu_262_p2                     |    or    |   0|  0|   2|           1|           1|
    |select_ln740_5_fu_335_p3               |  select  |   0|  0|   2|           1|           2|
    |select_ln740_fu_254_p3                 |  select  |   0|  0|   2|           1|           2|
    |ycrcb_packed_PackPixel_fu_112_p_read2  |  select  |   0|  0|   8|           1|           8|
    |ycrcb_packed_PackPixel_fu_112_p_read3  |  select  |   0|  0|   8|           1|           8|
    |Value_uchar_8_fu_329_p2                |    xor   |   0|  0|   9|           8|           9|
    |Value_uchar_fu_248_p2                  |    xor   |   0|  0|   9|           8|           9|
    |ap_enable_pp0                          |    xor   |   0|  0|   2|           1|           2|
    |ap_enable_reg_pp0_iter1                |    xor   |   0|  0|   2|           2|           1|
    +---------------------------------------+----------+----+---+----+------------+------------+
    |Total                                  |          |   0|  0| 188|         111|         106|
    +---------------------------------------+----------+----+---+----+------------+------------+

    * Multiplexer: 
    +-------------------------+----+-----------+-----+-----------+
    |           Name          | LUT| Input Size| Bits| Total Bits|
    +-------------------------+----+-----------+-----+-----------+
    |ap_NS_fsm                |  21|          4|    1|          4|
    |ap_done                  |   9|          2|    1|          2|
    |ap_enable_reg_pp0_iter1  |   9|          2|    1|          2|
    |ap_enable_reg_pp0_iter9  |   9|          2|    1|          2|
    |img_gray_src_4193_blk_n  |   9|          2|    1|          2|
    |img_src_4192_blk_n       |   9|          2|    1|          2|
    |indvar_flatten_reg_95    |   9|          2|   21|         42|
    +-------------------------+----+-----------+-----+-----------+
    |Total                    |  75|         16|   27|         56|
    +-------------------------+----+-----------+-----+-----------+

    * Register: 
    +-------------------------------+----+----+-----+-----------+
    |              Name             | FF | LUT| Bits| Const Bits|
    +-------------------------------+----+----+-----+-----------+
    |Value_uchar_10_reg_448         |   8|   0|    8|          0|
    |ap_CS_fsm                      |   3|   0|    3|          0|
    |ap_done_reg                    |   1|   0|    1|          0|
    |ap_enable_reg_pp0_iter0        |   1|   0|    1|          0|
    |ap_enable_reg_pp0_iter1        |   1|   0|    1|          0|
    |ap_enable_reg_pp0_iter2        |   1|   0|    1|          0|
    |ap_enable_reg_pp0_iter3        |   1|   0|    1|          0|
    |ap_enable_reg_pp0_iter4        |   1|   0|    1|          0|
    |ap_enable_reg_pp0_iter5        |   1|   0|    1|          0|
    |ap_enable_reg_pp0_iter6        |   1|   0|    1|          0|
    |ap_enable_reg_pp0_iter7        |   1|   0|    1|          0|
    |ap_enable_reg_pp0_iter8        |   1|   0|    1|          0|
    |ap_enable_reg_pp0_iter9        |   1|   0|    1|          0|
    |icmp_ln35_reg_398              |   1|   0|    1|          0|
    |indvar_flatten_reg_95          |  21|   0|   21|          0|
    |rgb_V_0_reg_407                |   8|   0|    8|          0|
    |rgb_V_1_reg_412                |   8|   0|    8|          0|
    |rgb_V_1_reg_412_pp0_iter2_reg  |   8|   0|    8|          0|
    |rgb_V_2_reg_417                |   8|   0|    8|          0|
    |Value_uchar_10_reg_448         |  64|  32|    8|          0|
    |icmp_ln35_reg_398              |  64|  32|    1|          0|
    |rgb_V_0_reg_407                |  64|  32|    8|          0|
    |rgb_V_2_reg_417                |  64|  32|    8|          0|
    +-------------------------------+----+----+-----+-----------+
    |Total                          | 332| 128|  101|          0|
    +-------------------------------+----+----+-----+-----------+



================================================================
== Interface
================================================================
* Summary: 
+--------------------------+-----+-----+------------+-------------------------+--------------+
|         RTL Ports        | Dir | Bits|  Protocol  |      Source Object      |    C Type    |
+--------------------------+-----+-----+------------+-------------------------+--------------+
|ap_clk                    |  in |    1| ap_ctrl_hs | xfrgb2ycrcb<1080, 1920> | return value |
|ap_rst                    |  in |    1| ap_ctrl_hs | xfrgb2ycrcb<1080, 1920> | return value |
|ap_start                  |  in |    1| ap_ctrl_hs | xfrgb2ycrcb<1080, 1920> | return value |
|ap_done                   | out |    1| ap_ctrl_hs | xfrgb2ycrcb<1080, 1920> | return value |
|ap_continue               |  in |    1| ap_ctrl_hs | xfrgb2ycrcb<1080, 1920> | return value |
|ap_idle                   | out |    1| ap_ctrl_hs | xfrgb2ycrcb<1080, 1920> | return value |
|ap_ready                  | out |    1| ap_ctrl_hs | xfrgb2ycrcb<1080, 1920> | return value |
|img_src_4192_dout         |  in |   24|   ap_fifo  |       img_src_4192      |    pointer   |
|img_src_4192_empty_n      |  in |    1|   ap_fifo  |       img_src_4192      |    pointer   |
|img_src_4192_read         | out |    1|   ap_fifo  |       img_src_4192      |    pointer   |
|img_gray_src_4193_din     | out |   24|   ap_fifo  |    img_gray_src_4193    |    pointer   |
|img_gray_src_4193_full_n  |  in |    1|   ap_fifo  |    img_gray_src_4193    |    pointer   |
|img_gray_src_4193_write   | out |    1|   ap_fifo  |    img_gray_src_4193    |    pointer   |
+--------------------------+-----+-----+------------+-------------------------+--------------+

