
*** Running vivado
    with args -log design_1_axis_subset_converter_1_0.vds -m64 -product Vivado -mode batch -messageDb vivado.pb -notrace -source design_1_axis_subset_converter_1_0.tcl



****** Vivado v2020.1 (64-bit)
  **** SW Build 2902540 on Wed May 27 19:54:49 MDT 2020
  **** IP Build 2902112 on Wed May 27 22:43:36 MDT 2020
    ** Copyright 1986-2020 Xilinx, Inc. All Rights Reserved.

source design_1_axis_subset_converter_1_0.tcl -notrace
INFO: [IP_Flow 19-234] Refreshing IP repositories
INFO: [IP_Flow 19-1700] Loaded user IP repository 'f:/course_s3_hls_5ev/vivado/ip_repo'.
INFO: [IP_Flow 19-1700] Loaded user IP repository 'f:/course_s3_hls_5ev/hls/rgb2gray'.
INFO: [IP_Flow 19-2313] Loaded Vivado IP repository 'F:/xilinx_2020.1/Vivado/2020.1/data/ip'.
Command: synth_design -top design_1_axis_subset_converter_1_0 -part xczu5ev-sfvc784-1-i -mode out_of_context
Starting synth_design
Attempting to get a license for feature 'Synthesis' and/or device 'xczu5ev'
INFO: [Common 17-349] Got license for feature 'Synthesis' and/or device 'xczu5ev'
INFO: [Device 21-403] Loading part xczu5ev-sfvc784-1-i
INFO: [Synth 8-7079] Multithreading enabled for synth_design using a maximum of 2 processes.
INFO: [Synth 8-7078] Launching helper process for spawning children vivado processes
INFO: [Synth 8-7075] Helper process launched with PID 13212
---------------------------------------------------------------------------------
Starting RTL Elaboration : Time (s): cpu = 00:00:04 ; elapsed = 00:00:04 . Memory (MB): peak = 1582.598 ; gain = 78.672
---------------------------------------------------------------------------------
INFO: [Synth 8-6157] synthesizing module 'design_1_axis_subset_converter_1_0' [f:/course_s3_hls_5ev/vivado/04_rgb2gray/rgb2gray.srcs/sources_1/bd/design_1/ip/design_1_axis_subset_converter_1_0/synth/design_1_axis_subset_converter_1_0.v:58]
INFO: [Synth 8-6157] synthesizing module 'top_design_1_axis_subset_converter_1_0' [f:/course_s3_hls_5ev/vivado/04_rgb2gray/rgb2gray.srcs/sources_1/bd/design_1/ip/design_1_axis_subset_converter_1_0/hdl/top_design_1_axis_subset_converter_1_0.v:60]
	Parameter C_FAMILY bound to: zynquplus - type: string 
	Parameter C_S_AXIS_TDATA_WIDTH bound to: 24 - type: integer 
	Parameter C_S_AXIS_TID_WIDTH bound to: 1 - type: integer 
	Parameter C_S_AXIS_TDEST_WIDTH bound to: 1 - type: integer 
	Parameter C_S_AXIS_TUSER_WIDTH bound to: 1 - type: integer 
	Parameter C_S_AXIS_SIGNAL_SET bound to: 32'b00000000000000000000000011111111 
	Parameter C_M_AXIS_TDATA_WIDTH bound to: 32 - type: integer 
	Parameter C_M_AXIS_TID_WIDTH bound to: 1 - type: integer 
	Parameter C_M_AXIS_TDEST_WIDTH bound to: 1 - type: integer 
	Parameter C_M_AXIS_SIGNAL_SET bound to: 32'b00000000000000000000000011111111 
	Parameter C_M_AXIS_TUSER_WIDTH bound to: 1 - type: integer 
	Parameter C_DEFAULT_TLAST bound to: 0 - type: integer 
	Parameter G_INDX_SS_TREADY bound to: 0 - type: integer 
	Parameter G_INDX_SS_TDATA bound to: 1 - type: integer 
	Parameter G_INDX_SS_TSTRB bound to: 2 - type: integer 
	Parameter G_INDX_SS_TKEEP bound to: 3 - type: integer 
	Parameter G_INDX_SS_TLAST bound to: 4 - type: integer 
	Parameter G_INDX_SS_TID bound to: 5 - type: integer 
	Parameter G_INDX_SS_TDEST bound to: 6 - type: integer 
	Parameter G_INDX_SS_TUSER bound to: 7 - type: integer 
	Parameter G_MASK_SS_TREADY bound to: 1 - type: integer 
	Parameter G_MASK_SS_TDATA bound to: 2 - type: integer 
	Parameter G_MASK_SS_TSTRB bound to: 4 - type: integer 
	Parameter G_MASK_SS_TKEEP bound to: 8 - type: integer 
	Parameter G_MASK_SS_TLAST bound to: 16 - type: integer 
	Parameter G_MASK_SS_TID bound to: 32 - type: integer 
	Parameter G_MASK_SS_TDEST bound to: 64 - type: integer 
	Parameter G_MASK_SS_TUSER bound to: 128 - type: integer 
	Parameter G_TASK_SEVERITY_ERR bound to: 2 - type: integer 
	Parameter G_TASK_SEVERITY_WARNING bound to: 1 - type: integer 
	Parameter G_TASK_SEVERITY_INFO bound to: 0 - type: integer 
INFO: [Synth 8-6157] synthesizing module 'axis_subset_converter_v1_1_21_core' [f:/course_s3_hls_5ev/vivado/04_rgb2gray/rgb2gray.srcs/sources_1/bd/design_1/ipshared/128c/hdl/axis_subset_converter_v1_1_vl_rfs.v:62]
	Parameter C_FAMILY bound to: zynquplus - type: string 
	Parameter C_AXIS_TDATA_WIDTH bound to: 24 - type: integer 
	Parameter C_S_AXIS_TID_WIDTH bound to: 1 - type: integer 
	Parameter C_S_AXIS_TDEST_WIDTH bound to: 1 - type: integer 
	Parameter C_AXIS_TUSER_WIDTH bound to: 1 - type: integer 
	Parameter C_S_AXIS_SIGNAL_SET bound to: 32'b00000000000000000000000011111111 
	Parameter C_M_AXIS_TID_WIDTH bound to: 1 - type: integer 
	Parameter C_M_AXIS_TDEST_WIDTH bound to: 1 - type: integer 
	Parameter C_M_AXIS_SIGNAL_SET bound to: 32'b00000000000000000000000011111111 
	Parameter C_DEFAULT_TLAST bound to: 0 - type: integer 
	Parameter G_INDX_SS_TREADY bound to: 0 - type: integer 
	Parameter G_INDX_SS_TDATA bound to: 1 - type: integer 
	Parameter G_INDX_SS_TSTRB bound to: 2 - type: integer 
	Parameter G_INDX_SS_TKEEP bound to: 3 - type: integer 
	Parameter G_INDX_SS_TLAST bound to: 4 - type: integer 
	Parameter G_INDX_SS_TID bound to: 5 - type: integer 
	Parameter G_INDX_SS_TDEST bound to: 6 - type: integer 
	Parameter G_INDX_SS_TUSER bound to: 7 - type: integer 
	Parameter G_MASK_SS_TREADY bound to: 1 - type: integer 
	Parameter G_MASK_SS_TDATA bound to: 2 - type: integer 
	Parameter G_MASK_SS_TSTRB bound to: 4 - type: integer 
	Parameter G_MASK_SS_TKEEP bound to: 8 - type: integer 
	Parameter G_MASK_SS_TLAST bound to: 16 - type: integer 
	Parameter G_MASK_SS_TID bound to: 32 - type: integer 
	Parameter G_MASK_SS_TDEST bound to: 64 - type: integer 
	Parameter G_MASK_SS_TUSER bound to: 128 - type: integer 
	Parameter G_TASK_SEVERITY_ERR bound to: 2 - type: integer 
	Parameter G_TASK_SEVERITY_WARNING bound to: 1 - type: integer 
	Parameter G_TASK_SEVERITY_INFO bound to: 0 - type: integer 
	Parameter P_SIGNAL_SET_XOR bound to: 32'b00000000000000000000000000000000 
	Parameter P_SIGNAL_SET_ADD bound to: 32'b00000000000000000000000000000000 
	Parameter P_SIGNAL_SET_REM bound to: 32'b00000000000000000000000000000000 
	Parameter P_TLAST_CNTR_WIDTH bound to: 1 - type: integer 
INFO: [Synth 8-6155] done synthesizing module 'axis_subset_converter_v1_1_21_core' (1#1) [f:/course_s3_hls_5ev/vivado/04_rgb2gray/rgb2gray.srcs/sources_1/bd/design_1/ipshared/128c/hdl/axis_subset_converter_v1_1_vl_rfs.v:62]
INFO: [Synth 8-6157] synthesizing module 'tdata_design_1_axis_subset_converter_1_0' [f:/course_s3_hls_5ev/vivado/04_rgb2gray/rgb2gray.srcs/sources_1/bd/design_1/ip/design_1_axis_subset_converter_1_0/hdl/tdata_design_1_axis_subset_converter_1_0.v:48]
	Parameter C_S_AXIS_TDATA_WIDTH bound to: 24 - type: integer 
	Parameter C_S_AXIS_TUSER_WIDTH bound to: 1 - type: integer 
	Parameter C_S_AXIS_TID_WIDTH bound to: 1 - type: integer 
	Parameter C_S_AXIS_TDEST_WIDTH bound to: 1 - type: integer 
	Parameter C_M_AXIS_TDATA_WIDTH bound to: 32 - type: integer 
INFO: [Synth 8-6155] done synthesizing module 'tdata_design_1_axis_subset_converter_1_0' (2#1) [f:/course_s3_hls_5ev/vivado/04_rgb2gray/rgb2gray.srcs/sources_1/bd/design_1/ip/design_1_axis_subset_converter_1_0/hdl/tdata_design_1_axis_subset_converter_1_0.v:48]
INFO: [Synth 8-6157] synthesizing module 'tuser_design_1_axis_subset_converter_1_0' [f:/course_s3_hls_5ev/vivado/04_rgb2gray/rgb2gray.srcs/sources_1/bd/design_1/ip/design_1_axis_subset_converter_1_0/hdl/tuser_design_1_axis_subset_converter_1_0.v:48]
	Parameter C_S_AXIS_TUSER_WIDTH bound to: 1 - type: integer 
	Parameter C_S_AXIS_TDATA_WIDTH bound to: 24 - type: integer 
	Parameter C_S_AXIS_TID_WIDTH bound to: 1 - type: integer 
	Parameter C_S_AXIS_TDEST_WIDTH bound to: 1 - type: integer 
	Parameter C_M_AXIS_TUSER_WIDTH bound to: 1 - type: integer 
INFO: [Synth 8-6155] done synthesizing module 'tuser_design_1_axis_subset_converter_1_0' (3#1) [f:/course_s3_hls_5ev/vivado/04_rgb2gray/rgb2gray.srcs/sources_1/bd/design_1/ip/design_1_axis_subset_converter_1_0/hdl/tuser_design_1_axis_subset_converter_1_0.v:48]
INFO: [Synth 8-6157] synthesizing module 'tid_design_1_axis_subset_converter_1_0' [f:/course_s3_hls_5ev/vivado/04_rgb2gray/rgb2gray.srcs/sources_1/bd/design_1/ip/design_1_axis_subset_converter_1_0/hdl/tid_design_1_axis_subset_converter_1_0.v:48]
	Parameter C_S_AXIS_TID_WIDTH bound to: 1 - type: integer 
	Parameter C_S_AXIS_TUSER_WIDTH bound to: 1 - type: integer 
	Parameter C_S_AXIS_TDATA_WIDTH bound to: 24 - type: integer 
	Parameter C_S_AXIS_TDEST_WIDTH bound to: 1 - type: integer 
	Parameter C_M_AXIS_TID_WIDTH bound to: 1 - type: integer 
INFO: [Synth 8-6155] done synthesizing module 'tid_design_1_axis_subset_converter_1_0' (4#1) [f:/course_s3_hls_5ev/vivado/04_rgb2gray/rgb2gray.srcs/sources_1/bd/design_1/ip/design_1_axis_subset_converter_1_0/hdl/tid_design_1_axis_subset_converter_1_0.v:48]
INFO: [Synth 8-6157] synthesizing module 'tdest_design_1_axis_subset_converter_1_0' [f:/course_s3_hls_5ev/vivado/04_rgb2gray/rgb2gray.srcs/sources_1/bd/design_1/ip/design_1_axis_subset_converter_1_0/hdl/tdest_design_1_axis_subset_converter_1_0.v:48]
	Parameter C_S_AXIS_TDATA_WIDTH bound to: 24 - type: integer 
	Parameter C_S_AXIS_TUSER_WIDTH bound to: 1 - type: integer 
	Parameter C_S_AXIS_TID_WIDTH bound to: 1 - type: integer 
	Parameter C_S_AXIS_TDEST_WIDTH bound to: 1 - type: integer 
	Parameter C_M_AXIS_TDEST_WIDTH bound to: 1 - type: integer 
INFO: [Synth 8-6155] done synthesizing module 'tdest_design_1_axis_subset_converter_1_0' (5#1) [f:/course_s3_hls_5ev/vivado/04_rgb2gray/rgb2gray.srcs/sources_1/bd/design_1/ip/design_1_axis_subset_converter_1_0/hdl/tdest_design_1_axis_subset_converter_1_0.v:48]
INFO: [Synth 8-6157] synthesizing module 'tstrb_design_1_axis_subset_converter_1_0' [f:/course_s3_hls_5ev/vivado/04_rgb2gray/rgb2gray.srcs/sources_1/bd/design_1/ip/design_1_axis_subset_converter_1_0/hdl/tstrb_design_1_axis_subset_converter_1_0.v:48]
	Parameter C_S_AXIS_TDATA_WIDTH bound to: 24 - type: integer 
	Parameter C_S_AXIS_TUSER_WIDTH bound to: 1 - type: integer 
	Parameter C_S_AXIS_TID_WIDTH bound to: 1 - type: integer 
	Parameter C_S_AXIS_TDEST_WIDTH bound to: 1 - type: integer 
	Parameter C_M_AXIS_TDATA_WIDTH bound to: 32 - type: integer 
INFO: [Synth 8-6155] done synthesizing module 'tstrb_design_1_axis_subset_converter_1_0' (6#1) [f:/course_s3_hls_5ev/vivado/04_rgb2gray/rgb2gray.srcs/sources_1/bd/design_1/ip/design_1_axis_subset_converter_1_0/hdl/tstrb_design_1_axis_subset_converter_1_0.v:48]
INFO: [Synth 8-6157] synthesizing module 'tkeep_design_1_axis_subset_converter_1_0' [f:/course_s3_hls_5ev/vivado/04_rgb2gray/rgb2gray.srcs/sources_1/bd/design_1/ip/design_1_axis_subset_converter_1_0/hdl/tkeep_design_1_axis_subset_converter_1_0.v:48]
	Parameter C_S_AXIS_TDATA_WIDTH bound to: 24 - type: integer 
	Parameter C_S_AXIS_TUSER_WIDTH bound to: 1 - type: integer 
	Parameter C_S_AXIS_TID_WIDTH bound to: 1 - type: integer 
	Parameter C_S_AXIS_TDEST_WIDTH bound to: 1 - type: integer 
	Parameter C_M_AXIS_TDATA_WIDTH bound to: 32 - type: integer 
INFO: [Synth 8-6155] done synthesizing module 'tkeep_design_1_axis_subset_converter_1_0' (7#1) [f:/course_s3_hls_5ev/vivado/04_rgb2gray/rgb2gray.srcs/sources_1/bd/design_1/ip/design_1_axis_subset_converter_1_0/hdl/tkeep_design_1_axis_subset_converter_1_0.v:48]
INFO: [Synth 8-6157] synthesizing module 'tlast_design_1_axis_subset_converter_1_0' [f:/course_s3_hls_5ev/vivado/04_rgb2gray/rgb2gray.srcs/sources_1/bd/design_1/ip/design_1_axis_subset_converter_1_0/hdl/tlast_design_1_axis_subset_converter_1_0.v:48]
	Parameter C_S_AXIS_TID_WIDTH bound to: 1 - type: integer 
	Parameter C_S_AXIS_TUSER_WIDTH bound to: 1 - type: integer 
	Parameter C_S_AXIS_TDATA_WIDTH bound to: 24 - type: integer 
	Parameter C_S_AXIS_TDEST_WIDTH bound to: 1 - type: integer 
INFO: [Synth 8-6155] done synthesizing module 'tlast_design_1_axis_subset_converter_1_0' (8#1) [f:/course_s3_hls_5ev/vivado/04_rgb2gray/rgb2gray.srcs/sources_1/bd/design_1/ip/design_1_axis_subset_converter_1_0/hdl/tlast_design_1_axis_subset_converter_1_0.v:48]
INFO: [Synth 8-6155] done synthesizing module 'top_design_1_axis_subset_converter_1_0' (9#1) [f:/course_s3_hls_5ev/vivado/04_rgb2gray/rgb2gray.srcs/sources_1/bd/design_1/ip/design_1_axis_subset_converter_1_0/hdl/top_design_1_axis_subset_converter_1_0.v:60]
INFO: [Synth 8-6155] done synthesizing module 'design_1_axis_subset_converter_1_0' (10#1) [f:/course_s3_hls_5ev/vivado/04_rgb2gray/rgb2gray.srcs/sources_1/bd/design_1/ip/design_1_axis_subset_converter_1_0/synth/design_1_axis_subset_converter_1_0.v:58]
---------------------------------------------------------------------------------
Finished RTL Elaboration : Time (s): cpu = 00:00:05 ; elapsed = 00:00:05 . Memory (MB): peak = 1637.719 ; gain = 133.793
---------------------------------------------------------------------------------
---------------------------------------------------------------------------------
Start Handling Custom Attributes
---------------------------------------------------------------------------------
---------------------------------------------------------------------------------
Finished Handling Custom Attributes : Time (s): cpu = 00:00:05 ; elapsed = 00:00:06 . Memory (MB): peak = 1651.445 ; gain = 147.520
---------------------------------------------------------------------------------
---------------------------------------------------------------------------------
Finished RTL Optimization Phase 1 : Time (s): cpu = 00:00:05 ; elapsed = 00:00:06 . Memory (MB): peak = 1651.445 ; gain = 147.520
---------------------------------------------------------------------------------
Netlist sorting complete. Time (s): cpu = 00:00:00 ; elapsed = 00:00:00.002 . Memory (MB): peak = 1651.445 ; gain = 0.000
INFO: [Project 1-570] Preparing netlist for logic optimization

Processing XDC Constraints
Initializing timing engine
Parsing XDC File [f:/course_s3_hls_5ev/vivado/04_rgb2gray/rgb2gray.srcs/sources_1/bd/design_1/ip/design_1_axis_subset_converter_1_0/design_1_axis_subset_converter_1_0_ooc.xdc] for cell 'inst'
Finished Parsing XDC File [f:/course_s3_hls_5ev/vivado/04_rgb2gray/rgb2gray.srcs/sources_1/bd/design_1/ip/design_1_axis_subset_converter_1_0/design_1_axis_subset_converter_1_0_ooc.xdc] for cell 'inst'
Parsing XDC File [F:/course_s3_hls_5ev/vivado/04_rgb2gray/rgb2gray.runs/design_1_axis_subset_converter_1_0_synth_1/dont_touch.xdc]
Finished Parsing XDC File [F:/course_s3_hls_5ev/vivado/04_rgb2gray/rgb2gray.runs/design_1_axis_subset_converter_1_0_synth_1/dont_touch.xdc]
Completed Processing XDC Constraints

Netlist sorting complete. Time (s): cpu = 00:00:00 ; elapsed = 00:00:00 . Memory (MB): peak = 1680.246 ; gain = 0.000
INFO: [Project 1-111] Unisim Transformation Summary:
No Unisim elements were transformed.

Constraint Validation Runtime : Time (s): cpu = 00:00:00 ; elapsed = 00:00:00.020 . Memory (MB): peak = 1680.258 ; gain = 0.012
---------------------------------------------------------------------------------
Finished Constraint Validation : Time (s): cpu = 00:00:11 ; elapsed = 00:00:11 . Memory (MB): peak = 1680.258 ; gain = 176.332
---------------------------------------------------------------------------------
---------------------------------------------------------------------------------
Start Loading Part and Timing Information
---------------------------------------------------------------------------------
Loading part: xczu5ev-sfvc784-1-i
INFO: [Synth 8-6742] Reading net delay rules and data
---------------------------------------------------------------------------------
Finished Loading Part and Timing Information : Time (s): cpu = 00:00:11 ; elapsed = 00:00:11 . Memory (MB): peak = 1680.258 ; gain = 176.332
---------------------------------------------------------------------------------
---------------------------------------------------------------------------------
Start Applying 'set_property' XDC Constraints
---------------------------------------------------------------------------------
Applied set_property DONT_TOUCH = true for inst. (constraint file  F:/course_s3_hls_5ev/vivado/04_rgb2gray/rgb2gray.runs/design_1_axis_subset_converter_1_0_synth_1/dont_touch.xdc, line 9).
---------------------------------------------------------------------------------
Finished applying 'set_property' XDC Constraints : Time (s): cpu = 00:00:11 ; elapsed = 00:00:11 . Memory (MB): peak = 1680.258 ; gain = 176.332
---------------------------------------------------------------------------------
---------------------------------------------------------------------------------
Finished RTL Optimization Phase 2 : Time (s): cpu = 00:00:11 ; elapsed = 00:00:12 . Memory (MB): peak = 1680.258 ; gain = 176.332
---------------------------------------------------------------------------------
---------------------------------------------------------------------------------
Start RTL Component Statistics 
---------------------------------------------------------------------------------
Detailed RTL Component Info : 
---------------------------------------------------------------------------------
Finished RTL Component Statistics 
---------------------------------------------------------------------------------
---------------------------------------------------------------------------------
Start Part Resource Summary
---------------------------------------------------------------------------------
Part Resources:
DSPs: 1248 (col length:96)
BRAMs: 288 (col length: RAMB18 96 RAMB36 48)
---------------------------------------------------------------------------------
Finished Part Resource Summary
---------------------------------------------------------------------------------
---------------------------------------------------------------------------------
Start Cross Boundary and Area Optimization
---------------------------------------------------------------------------------
---------------------------------------------------------------------------------
Finished Cross Boundary and Area Optimization : Time (s): cpu = 00:00:12 ; elapsed = 00:00:13 . Memory (MB): peak = 1680.258 ; gain = 176.332
---------------------------------------------------------------------------------
---------------------------------------------------------------------------------
Start Applying XDC Timing Constraints
---------------------------------------------------------------------------------
---------------------------------------------------------------------------------
Finished Applying XDC Timing Constraints : Time (s): cpu = 00:00:23 ; elapsed = 00:00:25 . Memory (MB): peak = 2359.582 ; gain = 855.656
---------------------------------------------------------------------------------
---------------------------------------------------------------------------------
Start Timing Optimization
---------------------------------------------------------------------------------
---------------------------------------------------------------------------------
Finished Timing Optimization : Time (s): cpu = 00:00:23 ; elapsed = 00:00:25 . Memory (MB): peak = 2359.582 ; gain = 855.656
---------------------------------------------------------------------------------
---------------------------------------------------------------------------------
Start Technology Mapping
---------------------------------------------------------------------------------
---------------------------------------------------------------------------------
Finished Technology Mapping : Time (s): cpu = 00:00:23 ; elapsed = 00:00:25 . Memory (MB): peak = 2379.199 ; gain = 875.273
---------------------------------------------------------------------------------
---------------------------------------------------------------------------------
Start IO Insertion
---------------------------------------------------------------------------------
---------------------------------------------------------------------------------
Start Flattening Before IO Insertion
---------------------------------------------------------------------------------
---------------------------------------------------------------------------------
Finished Flattening Before IO Insertion
---------------------------------------------------------------------------------
---------------------------------------------------------------------------------
Start Final Netlist Cleanup
---------------------------------------------------------------------------------
---------------------------------------------------------------------------------
Finished Final Netlist Cleanup
---------------------------------------------------------------------------------
---------------------------------------------------------------------------------
Finished IO Insertion : Time (s): cpu = 00:00:27 ; elapsed = 00:00:28 . Memory (MB): peak = 2384.938 ; gain = 881.012
---------------------------------------------------------------------------------
---------------------------------------------------------------------------------
Start Renaming Generated Instances
---------------------------------------------------------------------------------
---------------------------------------------------------------------------------
Finished Renaming Generated Instances : Time (s): cpu = 00:00:27 ; elapsed = 00:00:28 . Memory (MB): peak = 2384.938 ; gain = 881.012
---------------------------------------------------------------------------------
---------------------------------------------------------------------------------
Start Rebuilding User Hierarchy
---------------------------------------------------------------------------------
---------------------------------------------------------------------------------
Finished Rebuilding User Hierarchy : Time (s): cpu = 00:00:27 ; elapsed = 00:00:28 . Memory (MB): peak = 2384.938 ; gain = 881.012
---------------------------------------------------------------------------------
---------------------------------------------------------------------------------
Start Renaming Generated Ports
---------------------------------------------------------------------------------
---------------------------------------------------------------------------------
Finished Renaming Generated Ports : Time (s): cpu = 00:00:27 ; elapsed = 00:00:28 . Memory (MB): peak = 2384.938 ; gain = 881.012
---------------------------------------------------------------------------------
---------------------------------------------------------------------------------
Start Handling Custom Attributes
---------------------------------------------------------------------------------
---------------------------------------------------------------------------------
Finished Handling Custom Attributes : Time (s): cpu = 00:00:27 ; elapsed = 00:00:28 . Memory (MB): peak = 2384.938 ; gain = 881.012
---------------------------------------------------------------------------------
---------------------------------------------------------------------------------
Start Renaming Generated Nets
---------------------------------------------------------------------------------
---------------------------------------------------------------------------------
Finished Renaming Generated Nets : Time (s): cpu = 00:00:27 ; elapsed = 00:00:28 . Memory (MB): peak = 2384.938 ; gain = 881.012
---------------------------------------------------------------------------------
---------------------------------------------------------------------------------
Start Writing Synthesis Report
---------------------------------------------------------------------------------

Report BlackBoxes: 
+-+--------------+----------+
| |BlackBox name |Instances |
+-+--------------+----------+
+-+--------------+----------+

Report Cell Usage: 
+-+-----+------+
| |Cell |Count |
+-+-----+------+
+-+-----+------+
---------------------------------------------------------------------------------
Finished Writing Synthesis Report : Time (s): cpu = 00:00:27 ; elapsed = 00:00:28 . Memory (MB): peak = 2384.938 ; gain = 881.012
---------------------------------------------------------------------------------
Synthesis finished with 0 errors, 0 critical warnings and 0 warnings.
Synthesis Optimization Runtime : Time (s): cpu = 00:00:20 ; elapsed = 00:00:26 . Memory (MB): peak = 2384.938 ; gain = 852.199
Synthesis Optimization Complete : Time (s): cpu = 00:00:27 ; elapsed = 00:00:28 . Memory (MB): peak = 2384.938 ; gain = 881.012
INFO: [Project 1-571] Translating synthesized netlist
Netlist sorting complete. Time (s): cpu = 00:00:00 ; elapsed = 00:00:00.001 . Memory (MB): peak = 2384.938 ; gain = 0.000
INFO: [Project 1-570] Preparing netlist for logic optimization
INFO: [Opt 31-138] Pushed 0 inverter(s) to 0 load pin(s).
Netlist sorting complete. Time (s): cpu = 00:00:00 ; elapsed = 00:00:00 . Memory (MB): peak = 2419.875 ; gain = 0.000
INFO: [Project 1-111] Unisim Transformation Summary:
No Unisim elements were transformed.

INFO: [Common 17-83] Releasing license: Synthesis
37 Infos, 0 Warnings, 0 Critical Warnings and 0 Errors encountered.
synth_design completed successfully
synth_design: Time (s): cpu = 00:00:36 ; elapsed = 00:00:43 . Memory (MB): peak = 2424.879 ; gain = 1346.242
INFO: [Common 17-1381] The checkpoint 'F:/course_s3_hls_5ev/vivado/04_rgb2gray/rgb2gray.runs/design_1_axis_subset_converter_1_0_synth_1/design_1_axis_subset_converter_1_0.dcp' has been generated.
WARNING: [Common 17-576] 'use_project_ipc' is deprecated. This option is deprecated and no longer used.
INFO: [Coretcl 2-1648] Added synthesis output to IP cache for IP design_1_axis_subset_converter_1_0, cache-ID = 69d9627c149f97d6
INFO: [Common 17-1381] The checkpoint 'F:/course_s3_hls_5ev/vivado/04_rgb2gray/rgb2gray.runs/design_1_axis_subset_converter_1_0_synth_1/design_1_axis_subset_converter_1_0.dcp' has been generated.
INFO: [runtcl-4] Executing : report_utilization -file design_1_axis_subset_converter_1_0_utilization_synth.rpt -pb design_1_axis_subset_converter_1_0_utilization_synth.pb
INFO: [Common 17-206] Exiting Vivado at Thu Nov  5 11:39:47 2020...
