Copyright 1986-2020 Xilinx, Inc. All Rights Reserved.
----------------------------------------------------------------------------------------------------------------------------------------------------------------------
| Tool Version     : Vivado v.2020.1 (win64) Build 2902540 Wed May 27 19:54:49 MDT 2020
| Date             : Thu Jul 16 15:57:15 2020
| Host             : DESKTOP-0FF260C running 64-bit major release  (build 9200)
| Command          : report_power -file design_1_wrapper_power_routed.rpt -pb design_1_wrapper_power_summary_routed.pb -rpx design_1_wrapper_power_routed.rpx
| Design           : design_1_wrapper
| Device           : xazu5ev-sfvc784-1-i
| Design State     : routed
| Grade            : industrial
| Process          : typical
| Characterization : Production
----------------------------------------------------------------------------------------------------------------------------------------------------------------------

Power Report

Table of Contents
-----------------
1. Summary
1.1 On-Chip Components
1.2 Power Supply Summary
1.3 Confidence Level
2. Settings
2.1 Environment
2.2 Clock Constraints
3. Detailed Reports
3.1 By Hierarchy

1. Summary
----------

+--------------------------+--------------+
| Total On-Chip Power (W)  | 3.528        |
| Design Power Budget (W)  | Unspecified* |
| Power Budget Margin (W)  | NA           |
| Dynamic (W)              | 3.068        |
| Device Static (W)        | 0.459        |
| Effective TJA (C/W)      | 2.3          |
| Max Ambient (C)          | 91.8         |
| Junction Temperature (C) | 33.2         |
| Confidence Level         | Medium       |
| Setting File             | ---          |
| Simulation Activity File | ---          |
| Design Nets Matched      | NA           |
+--------------------------+--------------+
* Specify Design Power Budget using, set_operating_conditions -design_power_budget <value in Watts>


1.1 On-Chip Components
----------------------

+--------------------------+-----------+----------+-----------+-----------------+
| On-Chip                  | Power (W) | Used     | Available | Utilization (%) |
+--------------------------+-----------+----------+-----------+-----------------+
| Clocks                   |     0.052 |        9 |       --- |             --- |
| CLB Logic                |     0.048 |    28876 |       --- |             --- |
|   LUT as Distributed RAM |     0.030 |     1252 |     57600 |            2.17 |
|   LUT as Logic           |     0.015 |     7598 |    117120 |            6.49 |
|   Register               |     0.002 |    15122 |    234240 |            6.46 |
|   LUT as Shift Register  |     0.001 |      312 |     57600 |            0.54 |
|   CARRY8                 |    <0.001 |       61 |     14640 |            0.42 |
|   Others                 |     0.000 |     1115 |       --- |             --- |
|   F7/F8 Muxes            |     0.000 |       14 |    117120 |            0.01 |
| Signals                  |     0.024 |    20521 |       --- |             --- |
| Block RAM                |     0.008 |      5.5 |       144 |            3.82 |
| MMCM                     |     0.101 |        0 |       --- |             --- |
| I/O                      |     0.014 |       17 |       252 |            6.75 |
| PS8                      |     2.821 |        1 |       --- |             --- |
| Static Power             |     0.459 |          |           |                 |
|   PS Static              |     0.104 |          |           |                 |
|   PL Static              |     0.355 |          |           |                 |
| Total                    |     3.528 |          |           |                 |
+--------------------------+-----------+----------+-----------+-----------------+


1.2 Power Supply Summary
------------------------

+-----------------+-------------+-----------+-------------+------------+-------------+-------------+------------+
| Source          | Voltage (V) | Total (A) | Dynamic (A) | Static (A) | Powerup (A) | Budget (A)  | Margin (A) |
+-----------------+-------------+-----------+-------------+------------+-------------+-------------+------------+
| Vccint          |       0.850 |     0.261 |       0.155 |      0.105 |       NA    | Unspecified | NA         |
| Vccint_io       |       0.850 |     0.043 |       0.006 |      0.037 |       NA    | Unspecified | NA         |
| Vccbram         |       0.850 |     0.002 |       0.001 |      0.001 |       NA    | Unspecified | NA         |
| Vccaux          |       1.800 |     0.131 |       0.056 |      0.075 |       NA    | Unspecified | NA         |
| Vccaux_io       |       1.800 |     0.035 |       0.003 |      0.031 |       NA    | Unspecified | NA         |
| Vcco33          |       3.300 |     0.000 |       0.000 |      0.000 |       NA    | Unspecified | NA         |
| Vcco25          |       2.500 |     0.000 |       0.000 |      0.000 |       NA    | Unspecified | NA         |
| Vcco18          |       1.800 |     0.001 |       0.001 |      0.000 |       NA    | Unspecified | NA         |
| Vcco15          |       1.500 |     0.000 |       0.000 |      0.000 |       NA    | Unspecified | NA         |
| Vcco135         |       1.350 |     0.000 |       0.000 |      0.000 |       NA    | Unspecified | NA         |
| Vcco12          |       1.200 |     0.000 |       0.000 |      0.000 |       NA    | Unspecified | NA         |
| Vcco10          |       1.000 |     0.000 |       0.000 |      0.000 |       NA    | Unspecified | NA         |
| Vccadc          |       1.800 |     0.008 |       0.000 |      0.008 |       NA    | Unspecified | NA         |
| VCC_PSINTFP     |       0.850 |     1.099 |       1.059 |      0.040 |       NA    | Unspecified | NA         |
| VCC_PSINTLP     |       0.850 |     0.256 |       0.248 |      0.008 |       NA    | Unspecified | NA         |
| VPS_MGTRAVCC    |       0.850 |     0.119 |       0.118 |      0.001 |       NA    | Unspecified | NA         |
| VCC_PSINTFP_DDR |       0.850 |     0.821 |       0.816 |      0.005 |       NA    | Unspecified | NA         |
| VCC_PSPLL       |       1.200 |     0.071 |       0.069 |      0.002 |       NA    | Unspecified | NA         |
| VPS_MGTRAVTT    |       1.800 |     0.034 |       0.033 |      0.001 |       NA    | Unspecified | NA         |
| VCCO_PSDDR_504  |       1.200 |     0.677 |       0.643 |      0.034 |       NA    | Unspecified | NA         |
| VCC_PSAUX       |       1.800 |     0.002 |       0.000 |      0.002 |       NA    | Unspecified | NA         |
| VCC_PSBATT      |       1.200 |     0.000 |       0.000 |      0.000 |       NA    | Unspecified | NA         |
| VCC_PSDDR_PLL   |       1.800 |     0.001 |       0.000 |      0.001 |       NA    | Unspecified | NA         |
| VCCO_PSIO0_500  |       1.800 |     0.001 |       0.000 |      0.001 |       NA    | Unspecified | NA         |
| VCCO_PSIO1_501  |       1.800 |     0.001 |       0.001 |      0.001 |       NA    | Unspecified | NA         |
| VCCO_PSIO2_502  |       1.800 |     0.001 |       0.000 |      0.001 |       NA    | Unspecified | NA         |
| VCCO_PSIO3_503  |       3.300 |     0.001 |       0.000 |      0.001 |       NA    | Unspecified | NA         |
| VCC_PSADC       |       1.800 |     0.002 |       0.000 |      0.002 |       NA    | Unspecified | NA         |
| VCCINT_VCU      |       0.900 |     0.031 |       0.000 |      0.031 |       NA    | Unspecified | NA         |
| MGTAVcc         |       0.900 |     0.000 |       0.000 |      0.000 |       NA    | Unspecified | NA         |
| MGTAVtt         |       1.200 |     0.000 |       0.000 |      0.000 |       NA    | Unspecified | NA         |
| MGTVccaux       |       1.800 |     0.000 |       0.000 |      0.000 |       NA    | Unspecified | NA         |
+-----------------+-------------+-----------+-------------+------------+-------------+-------------+------------+


1.3 Confidence Level
--------------------

+-----------------------------+------------+-------------------------------------------------------+------------------------------------------------------------------------------------------------------------+
| User Input Data             | Confidence | Details                                               | Action                                                                                                     |
+-----------------------------+------------+-------------------------------------------------------+------------------------------------------------------------------------------------------------------------+
| Design implementation state | High       | Design is routed                                      |                                                                                                            |
| Clock nodes activity        | High       | User specified more than 95% of clocks                |                                                                                                            |
| I/O nodes activity          | Medium     | More than 5% of inputs are missing user specification | Provide missing input activity with simulation results or by editing the "By Resource Type -> I/Os" view   |
| Internal nodes activity     | Medium     | User specified less than 25% of internal nodes        | Provide missing internal nodes activity with simulation results or by editing the "By Resource Type" views |
| Device models               | High       | Device models are Production                          |                                                                                                            |
|                             |            |                                                       |                                                                                                            |
| Overall confidence level    | Medium     |                                                       |                                                                                                            |
+-----------------------------+------------+-------------------------------------------------------+------------------------------------------------------------------------------------------------------------+


2. Settings
-----------

2.1 Environment
---------------

+-----------------------+--------------------------+
| Ambient Temp (C)      | 25.0                     |
| ThetaJA (C/W)         | 2.3                      |
| Airflow (LFM)         | 250                      |
| Heat Sink             | medium (Medium Profile)  |
| ThetaSA (C/W)         | 5.5                      |
| Board Selection       | medium (10"x10")         |
| # of Board Layers     | 12to15 (12 to 15 Layers) |
| Board Temperature (C) | 25.0                     |
+-----------------------+--------------------------+


2.2 Clock Constraints
---------------------

+-------------------------------------------+---------------------------------------------------------------------------------+-----------------+
| Clock                                     | Domain                                                                          | Constraint (ns) |
+-------------------------------------------+---------------------------------------------------------------------------------+-----------------+
| clk_out1_design_1_axi_ethernet_0_refclk_0 | design_1_i/axi_ethernet_0_refclk/inst/clk_out1_design_1_axi_ethernet_0_refclk_0 |             5.0 |
| clk_out2_design_1_axi_ethernet_0_refclk_0 | design_1_i/axi_ethernet_0_refclk/inst/clk_out2_design_1_axi_ethernet_0_refclk_0 |             8.0 |
| clk_pl_0                                  | design_1_i/zynq_ultra_ps_e_0/inst/pl_clk_unbuffered[0]                          |            10.0 |
| rgmii_rxc                                 | rgmii_rxc                                                                       |             8.0 |
| sys_clk_clk_p                             | sys_clk_clk_p                                                                   |             5.0 |
+-------------------------------------------+---------------------------------------------------------------------------------+-----------------+


3. Detailed Reports
-------------------

3.1 By Hierarchy
----------------

+---------------------------+-----------+
| Name                      | Power (W) |
+---------------------------+-----------+
| design_1_wrapper          |     3.068 |
|   design_1_i              |     3.067 |
|     axi_ethernet_0        |     0.062 |
|       inst                |     0.062 |
|     axi_ethernet_0_dma    |     0.012 |
|       U0                  |     0.012 |
|     axi_ethernet_0_refclk |     0.104 |
|       inst                |     0.104 |
|     axi_smc               |     0.063 |
|       inst                |     0.063 |
|     ps8_0_axi_periph      |     0.004 |
|       s00_couplers        |     0.003 |
|     zynq_ultra_ps_e_0     |     2.822 |
|       inst                |     2.822 |
+---------------------------+-----------+


