Copyright 1986-2020 Xilinx, Inc. All Rights Reserved.
------------------------------------------------------------------------------------
| Tool Version : Vivado v.2020.1 (win64) Build 2902540 Wed May 27 19:54:49 MDT 2020
| Date         : Thu Nov  5 13:08:32 2020
| Host         : DESKTOP-AOVMD3L running 64-bit major release  (build 9200)
| Command      : upgrade_ip
| Device       : xczu5ev-sfvc784-1-i
------------------------------------------------------------------------------------

Upgrade Log for IP 'design_1_zynq_ultra_ps_e_0_1'

1. Summary
----------

CAUTION (success, with warnings) in the conversion of design_1_zynq_ultra_ps_e_0_1 (xilinx.com:ip:zynq_ultra_ps_e:3.3 (Rev. 2)) to Vivado generation flows.

After upgrade, an IP may have parameter and port differences compared to the original customization. Please review the parameters within the IP customization GUI to ensure proper functionality. Also, please review the updated IP instantiation template to ensure proper connectivity, and update your design if required.

2. Connection Warnings
----------------------

Detected external port differences while upgrading 'design_1_zynq_ultra_ps_e_0_1'. These changes may impact your design.


-Upgraded port 'emio_gpio_i' width 95 differs from original width 1

-Upgraded port 'emio_gpio_o' width 95 differs from original width 1

-Upgraded port 'emio_gpio_t' width 95 differs from original width 1


3. Upgrade messages
-------------------

Set parameter PSU__GPIO_EMIO__PERIPHERAL__IO to value 95 (source 'default')
WARNING: upgrade cannot add parameter PSU__USE__USB3_0_HUB with default value 0 : a parameter called PSU__USE__USB3_0_HUB already exists in zynq_ultra_ps_e_v3_3
WARNING: upgrade cannot add parameter PSU__USE__USB3_1_HUB with default value 0 : a parameter called PSU__USE__USB3_1_HUB already exists in zynq_ultra_ps_e_v3_3
Set parameter PSU__PROTECTION__FPD_SEGMENTS to value SA:0xFD1A0000; SIZE:1280; UNIT:KB; RegionTZ:Secure; WrAllowed:Read/Write; subsystemId:PMU Firmware  |   SA:0xFD000000; SIZE:64; UNIT:KB; RegionTZ:Secure; WrAllowed:Read/Write; subsystemId:PMU Firmware  |   SA:0xFD010000; SIZE:64; UNIT:KB; RegionTZ:Secure; WrAllowed:Read/Write; subsystemId:PMU Firmware  |   SA:0xFD020000; SIZE:64; UNIT:KB; RegionTZ:Secure; WrAllowed:Read/Write; subsystemId:PMU Firmware  |   SA:0xFD030000; SIZE:64; UNIT:KB; RegionTZ:Secure; WrAllowed:Read/Write; subsystemId:PMU Firmware  |   SA:0xFD040000; SIZE:64; UNIT:KB; RegionTZ:Secure; WrAllowed:Read/Write; subsystemId:PMU Firmware  |   SA:0xFD050000; SIZE:64; UNIT:KB; RegionTZ:Secure; WrAllowed:Read/Write; subsystemId:PMU Firmware  |   SA:0xFD610000; SIZE:512; UNIT:KB; RegionTZ:Secure; WrAllowed:Read/Write; subsystemId:PMU Firmware  |   SA:0xFD5D0000; SIZE:64; UNIT:KB; RegionTZ:Secure; WrAllowed:Read/Write; subsystemId:PMU Firmware  |  SA:0xFD1A0000 ; SIZE:1280; UNIT:KB; RegionTZ:Secure ; WrAllowed:Read/Write; subsystemId:Secure Subsystem (source 'default')






Copyright 1986-2020 Xilinx, Inc. All Rights Reserved.
------------------------------------------------------------------------------------
| Tool Version : Vivado v.2020.1 (win64) Build 2902540 Wed May 27 19:54:49 MDT 2020
| Date         : Thu Nov  5 13:08:32 2020
| Host         : DESKTOP-AOVMD3L running 64-bit major release  (build 9200)
| Command      : upgrade_ip
| Device       : xczu5ev-sfvc784-1-i
------------------------------------------------------------------------------------

Upgrade Log for IP 'design_1_xlconcat_0_0'

1. Summary
----------

SUCCESS in the conversion of design_1_xlconcat_0_0 (xilinx.com:ip:xlconcat:2.1 (Rev. 3)) to Vivado generation flows.






Copyright 1986-2020 Xilinx, Inc. All Rights Reserved.
------------------------------------------------------------------------------------
| Tool Version : Vivado v.2020.1 (win64) Build 2902540 Wed May 27 19:54:49 MDT 2020
| Date         : Thu Nov  5 13:08:32 2020
| Host         : DESKTOP-AOVMD3L running 64-bit major release  (build 9200)
| Command      : upgrade_ip
| Device       : xczu5ev-sfvc784-1-i
------------------------------------------------------------------------------------

Upgrade Log for IP 'design_1_v_gamma_lut_0_1'

1. Summary
----------

SUCCESS in the conversion of design_1_v_gamma_lut_0_1 (xilinx.com:ip:v_gamma_lut:1.0 (Rev. 7)) to Vivado generation flows.






Copyright 1986-2020 Xilinx, Inc. All Rights Reserved.
------------------------------------------------------------------------------------
| Tool Version : Vivado v.2020.1 (win64) Build 2902540 Wed May 27 19:54:49 MDT 2020
| Date         : Thu Nov  5 13:08:32 2020
| Host         : DESKTOP-AOVMD3L running 64-bit major release  (build 9200)
| Command      : upgrade_ip
| Device       : xczu5ev-sfvc784-1-i
------------------------------------------------------------------------------------

Upgrade Log for IP 'design_1_v_demosaic_0_0'

1. Summary
----------

SUCCESS in the conversion of design_1_v_demosaic_0_0 (xilinx.com:ip:v_demosaic:1.0 (Rev. 7)) to Vivado generation flows.






Copyright 1986-2020 Xilinx, Inc. All Rights Reserved.
------------------------------------------------------------------------------------
| Tool Version : Vivado v.2020.1 (win64) Build 2902540 Wed May 27 19:54:49 MDT 2020
| Date         : Thu Nov  5 13:08:32 2020
| Host         : DESKTOP-AOVMD3L running 64-bit major release  (build 9200)
| Command      : upgrade_ip
| Device       : xczu5ev-sfvc784-1-i
------------------------------------------------------------------------------------

Upgrade Log for IP 'design_1_ps8_0_axi_periph_0'

1. Summary
----------

SUCCESS in the conversion of design_1_ps8_0_axi_periph_0 (xilinx.com:ip:axi_interconnect:2.1 (Rev. 22)) to Vivado generation flows.






Copyright 1986-2020 Xilinx, Inc. All Rights Reserved.
------------------------------------------------------------------------------------
| Tool Version : Vivado v.2020.1 (win64) Build 2902540 Wed May 27 19:54:49 MDT 2020
| Date         : Thu Nov  5 13:08:32 2020
| Host         : DESKTOP-AOVMD3L running 64-bit major release  (build 9200)
| Command      : upgrade_ip
| Device       : xczu5ev-sfvc784-1-i
------------------------------------------------------------------------------------

Upgrade Log for IP 'design_1_proc_sys_reset_0_1'

1. Summary
----------

SUCCESS in the conversion of design_1_proc_sys_reset_0_1 (xilinx.com:ip:proc_sys_reset:5.0 (Rev. 13)) to Vivado generation flows.






Copyright 1986-2020 Xilinx, Inc. All Rights Reserved.
------------------------------------------------------------------------------------
| Tool Version : Vivado v.2020.1 (win64) Build 2902540 Wed May 27 19:54:49 MDT 2020
| Date         : Thu Nov  5 13:08:32 2020
| Host         : DESKTOP-AOVMD3L running 64-bit major release  (build 9200)
| Command      : upgrade_ip
| Device       : xczu5ev-sfvc784-1-i
------------------------------------------------------------------------------------

Upgrade Log for IP 'design_1_mipi_csi2_rx_subsyst_0_0'

1. Summary
----------

SUCCESS in the conversion of design_1_mipi_csi2_rx_subsyst_0_0 (xilinx.com:ip:mipi_csi2_rx_subsystem:5.0) to Vivado generation flows.






Copyright 1986-2020 Xilinx, Inc. All Rights Reserved.
------------------------------------------------------------------------------------
| Tool Version : Vivado v.2020.1 (win64) Build 2902540 Wed May 27 19:54:49 MDT 2020
| Date         : Thu Nov  5 13:08:32 2020
| Host         : DESKTOP-AOVMD3L running 64-bit major release  (build 9200)
| Command      : upgrade_ip
| Device       : xczu5ev-sfvc784-1-i
------------------------------------------------------------------------------------

Upgrade Log for IP 'design_1_detectCorner_0_0'

1. Summary
----------

SUCCESS in the conversion of design_1_detectCorner_0_0 (xilinx.com:hls:detectCorner:1.0 (Rev. 2011031437)) to Vivado generation flows.






Copyright 1986-2020 Xilinx, Inc. All Rights Reserved.
------------------------------------------------------------------------------------
| Tool Version : Vivado v.2020.1 (win64) Build 2902540 Wed May 27 19:54:49 MDT 2020
| Date         : Thu Nov  5 13:08:32 2020
| Host         : DESKTOP-AOVMD3L running 64-bit major release  (build 9200)
| Command      : upgrade_ip
| Device       : xczu5ev-sfvc784-1-i
------------------------------------------------------------------------------------

Upgrade Log for IP 'design_1_cpu_reg_v1_0_0_0'

1. Summary
----------

SUCCESS in the conversion of design_1_cpu_reg_v1_0_0_0 (xilinx.com:user:cpu_reg_v1_0:1.0 (Rev. 2)) to Vivado generation flows.






Copyright 1986-2020 Xilinx, Inc. All Rights Reserved.
------------------------------------------------------------------------------------
| Tool Version : Vivado v.2020.1 (win64) Build 2902540 Wed May 27 19:54:49 MDT 2020
| Date         : Thu Nov  5 13:08:32 2020
| Host         : DESKTOP-AOVMD3L running 64-bit major release  (build 9200)
| Command      : upgrade_ip
| Device       : xczu5ev-sfvc784-1-i
------------------------------------------------------------------------------------

Upgrade Log for IP 'design_1_axis_subset_converter_1_0'

1. Summary
----------

SUCCESS in the conversion of design_1_axis_subset_converter_1_0 (xilinx.com:ip:axis_subset_converter:1.1 (Rev. 21)) to Vivado generation flows.






Copyright 1986-2020 Xilinx, Inc. All Rights Reserved.
------------------------------------------------------------------------------------
| Tool Version : Vivado v.2020.1 (win64) Build 2902540 Wed May 27 19:54:49 MDT 2020
| Date         : Thu Nov  5 13:08:32 2020
| Host         : DESKTOP-AOVMD3L running 64-bit major release  (build 9200)
| Command      : upgrade_ip
| Device       : xczu5ev-sfvc784-1-i
------------------------------------------------------------------------------------

Upgrade Log for IP 'design_1_axis_subset_converter_0_0'

1. Summary
----------

SUCCESS in the conversion of design_1_axis_subset_converter_0_0 (xilinx.com:ip:axis_subset_converter:1.1 (Rev. 21)) to Vivado generation flows.






Copyright 1986-2020 Xilinx, Inc. All Rights Reserved.
------------------------------------------------------------------------------------
| Tool Version : Vivado v.2020.1 (win64) Build 2902540 Wed May 27 19:54:49 MDT 2020
| Date         : Thu Nov  5 13:08:32 2020
| Host         : DESKTOP-AOVMD3L running 64-bit major release  (build 9200)
| Command      : upgrade_ip
| Device       : xczu5ev-sfvc784-1-i
------------------------------------------------------------------------------------

Upgrade Log for IP 'design_1_axi_vdma_0_1'

1. Summary
----------

SUCCESS in the conversion of design_1_axi_vdma_0_1 (xilinx.com:ip:axi_vdma:6.3 (Rev. 9)) to Vivado generation flows.






Copyright 1986-2020 Xilinx, Inc. All Rights Reserved.
------------------------------------------------------------------------------------
| Tool Version : Vivado v.2020.1 (win64) Build 2902540 Wed May 27 19:54:49 MDT 2020
| Date         : Thu Nov  5 13:08:32 2020
| Host         : DESKTOP-AOVMD3L running 64-bit major release  (build 9200)
| Command      : upgrade_ip
| Device       : xczu5ev-sfvc784-1-i
------------------------------------------------------------------------------------

Upgrade Log for IP 'design_1_axi_interconnect_0_0'

1. Summary
----------

SUCCESS in the conversion of design_1_axi_interconnect_0_0 (xilinx.com:ip:axi_interconnect:2.1 (Rev. 22)) to Vivado generation flows.






Copyright 1986-2020 Xilinx, Inc. All Rights Reserved.
------------------------------------------------------------------------------------
| Tool Version : Vivado v.2020.1 (win64) Build 2902540 Wed May 27 19:54:49 MDT 2020
| Date         : Wed Nov  4 17:51:38 2020
| Host         : DESKTOP-AOVMD3L running 64-bit major release  (build 9200)
| Command      : upgrade_ip
| Device       : xczu4ev-sfvc784-1-i
------------------------------------------------------------------------------------

Upgrade Log for IP 'design_1_zynq_ultra_ps_e_0_1'

1. Summary
----------

CAUTION (success, with warnings) in the conversion of design_1_zynq_ultra_ps_e_0_1 (xilinx.com:ip:zynq_ultra_ps_e:3.3 (Rev. 2)) to Vivado generation flows.

After upgrade, an IP may have parameter and port differences compared to the original customization. Please review the parameters within the IP customization GUI to ensure proper functionality. Also, please review the updated IP instantiation template to ensure proper connectivity, and update your design if required.

2. Connection Warnings
----------------------

Detected external port differences while upgrading 'design_1_zynq_ultra_ps_e_0_1'. These changes may impact your design.


-Upgraded port 'emio_gpio_i' width 95 differs from original width 1

-Upgraded port 'emio_gpio_o' width 95 differs from original width 1

-Upgraded port 'emio_gpio_t' width 95 differs from original width 1


3. Upgrade messages
-------------------

Set parameter PSU__GPIO_EMIO__PERIPHERAL__IO to value 95 (source 'default')
WARNING: upgrade cannot add parameter PSU__USE__USB3_0_HUB with default value 0 : a parameter called PSU__USE__USB3_0_HUB already exists in zynq_ultra_ps_e_v3_3
WARNING: upgrade cannot add parameter PSU__USE__USB3_1_HUB with default value 0 : a parameter called PSU__USE__USB3_1_HUB already exists in zynq_ultra_ps_e_v3_3
Set parameter PSU__PROTECTION__FPD_SEGMENTS to value SA:0xFD1A0000; SIZE:1280; UNIT:KB; RegionTZ:Secure; WrAllowed:Read/Write; subsystemId:PMU Firmware |  SA:0xFD000000; SIZE:64; UNIT:KB; RegionTZ:Secure; WrAllowed:Read/Write; subsystemId:PMU Firmware |  SA:0xFD010000; SIZE:64; UNIT:KB; RegionTZ:Secure; WrAllowed:Read/Write; subsystemId:PMU Firmware |  SA:0xFD020000; SIZE:64; UNIT:KB; RegionTZ:Secure; WrAllowed:Read/Write; subsystemId:PMU Firmware |  SA:0xFD030000; SIZE:64; UNIT:KB; RegionTZ:Secure; WrAllowed:Read/Write; subsystemId:PMU Firmware |  SA:0xFD040000; SIZE:64; UNIT:KB; RegionTZ:Secure; WrAllowed:Read/Write; subsystemId:PMU Firmware |  SA:0xFD050000; SIZE:64; UNIT:KB; RegionTZ:Secure; WrAllowed:Read/Write; subsystemId:PMU Firmware |  SA:0xFD610000; SIZE:512; UNIT:KB; RegionTZ:Secure; WrAllowed:Read/Write; subsystemId:PMU Firmware |  SA:0xFD5D0000; SIZE:64; UNIT:KB; RegionTZ:Secure; WrAllowed:Read/Write; subsystemId:PMU Firmware | SA:0xFD1A0000 ; SIZE:1280; UNIT:KB; RegionTZ:Secure ; WrAllowed:Read/Write; subsystemId:Secure Subsystem (source 'default')






Copyright 1986-2020 Xilinx, Inc. All Rights Reserved.
------------------------------------------------------------------------------------
| Tool Version : Vivado v.2020.1 (win64) Build 2902540 Wed May 27 19:54:49 MDT 2020
| Date         : Wed Nov  4 17:51:38 2020
| Host         : DESKTOP-AOVMD3L running 64-bit major release  (build 9200)
| Command      : upgrade_ip
| Device       : xczu4ev-sfvc784-1-i
------------------------------------------------------------------------------------

Upgrade Log for IP 'design_1_xlconcat_0_0'

1. Summary
----------

SUCCESS in the conversion of design_1_xlconcat_0_0 (xilinx.com:ip:xlconcat:2.1 (Rev. 3)) to Vivado generation flows.






Copyright 1986-2020 Xilinx, Inc. All Rights Reserved.
------------------------------------------------------------------------------------
| Tool Version : Vivado v.2020.1 (win64) Build 2902540 Wed May 27 19:54:49 MDT 2020
| Date         : Wed Nov  4 17:51:38 2020
| Host         : DESKTOP-AOVMD3L running 64-bit major release  (build 9200)
| Command      : upgrade_ip
| Device       : xczu4ev-sfvc784-1-i
------------------------------------------------------------------------------------

Upgrade Log for IP 'design_1_v_gamma_lut_0_1'

1. Summary
----------

SUCCESS in the conversion of design_1_v_gamma_lut_0_1 (xilinx.com:ip:v_gamma_lut:1.0 (Rev. 7)) to Vivado generation flows.






Copyright 1986-2020 Xilinx, Inc. All Rights Reserved.
------------------------------------------------------------------------------------
| Tool Version : Vivado v.2020.1 (win64) Build 2902540 Wed May 27 19:54:49 MDT 2020
| Date         : Wed Nov  4 17:51:38 2020
| Host         : DESKTOP-AOVMD3L running 64-bit major release  (build 9200)
| Command      : upgrade_ip
| Device       : xczu4ev-sfvc784-1-i
------------------------------------------------------------------------------------

Upgrade Log for IP 'design_1_v_demosaic_0_0'

1. Summary
----------

SUCCESS in the conversion of design_1_v_demosaic_0_0 (xilinx.com:ip:v_demosaic:1.0 (Rev. 7)) to Vivado generation flows.






Copyright 1986-2020 Xilinx, Inc. All Rights Reserved.
------------------------------------------------------------------------------------
| Tool Version : Vivado v.2020.1 (win64) Build 2902540 Wed May 27 19:54:49 MDT 2020
| Date         : Wed Nov  4 17:51:38 2020
| Host         : DESKTOP-AOVMD3L running 64-bit major release  (build 9200)
| Command      : upgrade_ip
| Device       : xczu4ev-sfvc784-1-i
------------------------------------------------------------------------------------

Upgrade Log for IP 'design_1_ps8_0_axi_periph_0'

1. Summary
----------

SUCCESS in the conversion of design_1_ps8_0_axi_periph_0 (xilinx.com:ip:axi_interconnect:2.1 (Rev. 22)) to Vivado generation flows.






Copyright 1986-2020 Xilinx, Inc. All Rights Reserved.
------------------------------------------------------------------------------------
| Tool Version : Vivado v.2020.1 (win64) Build 2902540 Wed May 27 19:54:49 MDT 2020
| Date         : Wed Nov  4 17:51:38 2020
| Host         : DESKTOP-AOVMD3L running 64-bit major release  (build 9200)
| Command      : upgrade_ip
| Device       : xczu4ev-sfvc784-1-i
------------------------------------------------------------------------------------

Upgrade Log for IP 'design_1_proc_sys_reset_0_1'

1. Summary
----------

SUCCESS in the conversion of design_1_proc_sys_reset_0_1 (xilinx.com:ip:proc_sys_reset:5.0 (Rev. 13)) to Vivado generation flows.






Copyright 1986-2020 Xilinx, Inc. All Rights Reserved.
------------------------------------------------------------------------------------
| Tool Version : Vivado v.2020.1 (win64) Build 2902540 Wed May 27 19:54:49 MDT 2020
| Date         : Wed Nov  4 17:51:38 2020
| Host         : DESKTOP-AOVMD3L running 64-bit major release  (build 9200)
| Command      : upgrade_ip
| Device       : xczu4ev-sfvc784-1-i
------------------------------------------------------------------------------------

Upgrade Log for IP 'design_1_mipi_csi2_rx_subsyst_0_0'

1. Summary
----------

SUCCESS in the conversion of design_1_mipi_csi2_rx_subsyst_0_0 (xilinx.com:ip:mipi_csi2_rx_subsystem:5.0) to Vivado generation flows.






Copyright 1986-2020 Xilinx, Inc. All Rights Reserved.
------------------------------------------------------------------------------------
| Tool Version : Vivado v.2020.1 (win64) Build 2902540 Wed May 27 19:54:49 MDT 2020
| Date         : Wed Nov  4 17:51:38 2020
| Host         : DESKTOP-AOVMD3L running 64-bit major release  (build 9200)
| Command      : upgrade_ip
| Device       : xczu4ev-sfvc784-1-i
------------------------------------------------------------------------------------

Upgrade Log for IP 'design_1_detectCorner_0_0'

1. Summary
----------

SUCCESS in the conversion of design_1_detectCorner_0_0 (xilinx.com:hls:detectCorner:1.0 (Rev. 2011031437)) to Vivado generation flows.






Copyright 1986-2020 Xilinx, Inc. All Rights Reserved.
------------------------------------------------------------------------------------
| Tool Version : Vivado v.2020.1 (win64) Build 2902540 Wed May 27 19:54:49 MDT 2020
| Date         : Wed Nov  4 17:51:38 2020
| Host         : DESKTOP-AOVMD3L running 64-bit major release  (build 9200)
| Command      : upgrade_ip
| Device       : xczu4ev-sfvc784-1-i
------------------------------------------------------------------------------------

Upgrade Log for IP 'design_1_cpu_reg_v1_0_0_0'

1. Summary
----------

SUCCESS in the conversion of design_1_cpu_reg_v1_0_0_0 (xilinx.com:user:cpu_reg_v1_0:1.0 (Rev. 2)) to Vivado generation flows.






Copyright 1986-2020 Xilinx, Inc. All Rights Reserved.
------------------------------------------------------------------------------------
| Tool Version : Vivado v.2020.1 (win64) Build 2902540 Wed May 27 19:54:49 MDT 2020
| Date         : Wed Nov  4 17:51:38 2020
| Host         : DESKTOP-AOVMD3L running 64-bit major release  (build 9200)
| Command      : upgrade_ip
| Device       : xczu4ev-sfvc784-1-i
------------------------------------------------------------------------------------

Upgrade Log for IP 'design_1_axis_subset_converter_1_0'

1. Summary
----------

SUCCESS in the conversion of design_1_axis_subset_converter_1_0 (xilinx.com:ip:axis_subset_converter:1.1 (Rev. 21)) to Vivado generation flows.






Copyright 1986-2020 Xilinx, Inc. All Rights Reserved.
------------------------------------------------------------------------------------
| Tool Version : Vivado v.2020.1 (win64) Build 2902540 Wed May 27 19:54:49 MDT 2020
| Date         : Wed Nov  4 17:51:38 2020
| Host         : DESKTOP-AOVMD3L running 64-bit major release  (build 9200)
| Command      : upgrade_ip
| Device       : xczu4ev-sfvc784-1-i
------------------------------------------------------------------------------------

Upgrade Log for IP 'design_1_axis_subset_converter_0_0'

1. Summary
----------

SUCCESS in the conversion of design_1_axis_subset_converter_0_0 (xilinx.com:ip:axis_subset_converter:1.1 (Rev. 21)) to Vivado generation flows.






Copyright 1986-2020 Xilinx, Inc. All Rights Reserved.
------------------------------------------------------------------------------------
| Tool Version : Vivado v.2020.1 (win64) Build 2902540 Wed May 27 19:54:49 MDT 2020
| Date         : Wed Nov  4 17:51:38 2020
| Host         : DESKTOP-AOVMD3L running 64-bit major release  (build 9200)
| Command      : upgrade_ip
| Device       : xczu4ev-sfvc784-1-i
------------------------------------------------------------------------------------

Upgrade Log for IP 'design_1_axi_vdma_0_1'

1. Summary
----------

SUCCESS in the conversion of design_1_axi_vdma_0_1 (xilinx.com:ip:axi_vdma:6.3 (Rev. 9)) to Vivado generation flows.






Copyright 1986-2020 Xilinx, Inc. All Rights Reserved.
------------------------------------------------------------------------------------
| Tool Version : Vivado v.2020.1 (win64) Build 2902540 Wed May 27 19:54:49 MDT 2020
| Date         : Wed Nov  4 17:51:38 2020
| Host         : DESKTOP-AOVMD3L running 64-bit major release  (build 9200)
| Command      : upgrade_ip
| Device       : xczu4ev-sfvc784-1-i
------------------------------------------------------------------------------------

Upgrade Log for IP 'design_1_axi_interconnect_0_0'

1. Summary
----------

SUCCESS in the conversion of design_1_axi_interconnect_0_0 (xilinx.com:ip:axi_interconnect:2.1 (Rev. 22)) to Vivado generation flows.






Copyright 1986-2020 Xilinx, Inc. All Rights Reserved.
------------------------------------------------------------------------------------
| Tool Version : Vivado v.2020.1 (win64) Build 2902540 Wed May 27 19:54:49 MDT 2020
| Date         : Tue Nov  3 14:38:33 2020
| Host         : DESKTOP-AOVMD3L running 64-bit major release  (build 9200)
| Command      : upgrade_ip
| Device       : xczu3eg-sfvc784-1-i
------------------------------------------------------------------------------------

Upgrade Log for IP 'design_1_detectCorner_0_0'

1. Summary
----------

CAUTION (success, with warnings) in the upgrade of design_1_detectCorner_0_0 (xilinx.com:hls:detectCorner:1.0) from (Rev. 2011021310) to (Rev. 2011031437)

After upgrade, an IP may have parameter and port differences compared to the original customization. Please review the parameters within the IP customization GUI to ensure proper functionality. Also, please review the updated IP instantiation template to ensure proper connectivity, and update your design if required.

2. Interface Information
------------------------

Detected external interface differences while upgrading 'design_1_detectCorner_0_0'.


-Upgrade has removed interface 'overly_alpha'

-Upgrade has removed interface 'overly_h'

-Upgrade has removed interface 'overly_w'

-Upgrade has removed interface 'overly_x'

-Upgrade has removed interface 'overly_y'


3. Connection Warnings
----------------------

Detected external port differences while upgrading 'design_1_detectCorner_0_0'. These changes may impact your design.


-Upgrade has removed port 'overly_alpha'

-Upgrade has removed port 'overly_h'

-Upgrade has removed port 'overly_w'

-Upgrade has removed port 'overly_x'

-Upgrade has removed port 'overly_y'







Copyright 1986-2020 Xilinx, Inc. All Rights Reserved.
------------------------------------------------------------------------------------
| Tool Version : Vivado v.2020.1 (win64) Build 2902540 Wed May 27 19:54:49 MDT 2020
| Date         : Mon Nov  2 13:10:30 2020
| Host         : DESKTOP-AOVMD3L running 64-bit major release  (build 9200)
| Command      : upgrade_ip
| Device       : xczu3eg-sfvc784-1-i
------------------------------------------------------------------------------------

Upgrade Log for IP 'design_1_detectCorner_0_0'

1. Summary
----------

SUCCESS in the upgrade of design_1_detectCorner_0_0 (xilinx.com:hls:detectCorner:1.0) from (Rev. 2011021137) to (Rev. 2011021310)






Copyright 1986-2020 Xilinx, Inc. All Rights Reserved.
------------------------------------------------------------------------------------
| Tool Version : Vivado v.2020.1 (win64) Build 2902540 Wed May 27 19:54:49 MDT 2020
| Date         : Mon Nov  2 11:37:55 2020
| Host         : DESKTOP-AOVMD3L running 64-bit major release  (build 9200)
| Command      : upgrade_ip
| Device       : xczu3eg-sfvc784-1-i
------------------------------------------------------------------------------------

Upgrade Log for IP 'design_1_detectCorner_0_0'

1. Summary
----------

SUCCESS in the upgrade of design_1_detectCorner_0_0 (xilinx.com:hls:detectCorner:1.0) from (Rev. 2011021116) to (Rev. 2011021137)






Copyright 1986-2020 Xilinx, Inc. All Rights Reserved.
------------------------------------------------------------------------------------
| Tool Version : Vivado v.2020.1 (win64) Build 2902540 Wed May 27 19:54:49 MDT 2020
| Date         : Mon Nov  2 11:16:34 2020
| Host         : DESKTOP-AOVMD3L running 64-bit major release  (build 9200)
| Command      : upgrade_ip
| Device       : xczu3eg-sfvc784-1-i
------------------------------------------------------------------------------------

Upgrade Log for IP 'design_1_detectCorner_0_0'

1. Summary
----------

SUCCESS in the upgrade of design_1_detectCorner_0_0 (xilinx.com:hls:detectCorner:1.0) from (Rev. 2011021046) to (Rev. 2011021116)






Copyright 1986-2020 Xilinx, Inc. All Rights Reserved.
------------------------------------------------------------------------------------
| Tool Version : Vivado v.2020.1 (win64) Build 2902540 Wed May 27 19:54:49 MDT 2020
| Date         : Mon Nov  2 10:54:41 2020
| Host         : DESKTOP-AOVMD3L running 64-bit major release  (build 9200)
| Command      : upgrade_ip
| Device       : xczu3eg-sfvc784-1-i
------------------------------------------------------------------------------------

Upgrade Log for IP 'design_1_detectCorner_0_0'

1. Summary
----------

SUCCESS in the upgrade of design_1_detectCorner_0_0 (xilinx.com:hls:detectCorner:1.0) from (Rev. 2011021035) to (Rev. 2011021046)






Copyright 1986-2020 Xilinx, Inc. All Rights Reserved.
------------------------------------------------------------------------------------
| Tool Version : Vivado v.2020.1 (win64) Build 2902540 Wed May 27 19:54:49 MDT 2020
| Date         : Mon Nov  2 10:36:07 2020
| Host         : DESKTOP-AOVMD3L running 64-bit major release  (build 9200)
| Command      : upgrade_ip
| Device       : xczu3eg-sfvc784-1-i
------------------------------------------------------------------------------------

Upgrade Log for IP 'design_1_detectCorner_0_0'

1. Summary
----------

CAUTION (success, with warnings) in the upgrade of design_1_detectCorner_0_0 (xilinx.com:hls:detectCorner:1.0) from (Rev. 2011021018) to (Rev. 2011021035)

After upgrade, an IP may have parameter and port differences compared to the original customization. Please review the parameters within the IP customization GUI to ensure proper functionality. Also, please review the updated IP instantiation template to ensure proper connectivity, and update your design if required.

2. Connection Warnings
----------------------

Detected external port differences while upgrading 'design_1_detectCorner_0_0'. These changes may impact your design.


-Upgrade has removed port 'overly_alpha_ap_vld'

-Upgrade has removed port 'overly_h_ap_vld'

-Upgrade has removed port 'overly_w_ap_vld'

-Upgrade has removed port 'overly_x_ap_vld'

-Upgrade has removed port 'overly_y_ap_vld'







Copyright 1986-2020 Xilinx, Inc. All Rights Reserved.
------------------------------------------------------------------------------------
| Tool Version : Vivado v.2020.1 (win64) Build 2902540 Wed May 27 19:54:49 MDT 2020
| Date         : Mon Nov  2 10:18:50 2020
| Host         : DESKTOP-AOVMD3L running 64-bit major release  (build 9200)
| Command      : upgrade_ip
| Device       : xczu3eg-sfvc784-1-i
------------------------------------------------------------------------------------

Upgrade Log for IP 'design_1_detectCorner_0_0'

1. Summary
----------

SUCCESS in the upgrade of design_1_detectCorner_0_0 (xilinx.com:hls:detectCorner:1.0) from (Rev. 2010301831) to (Rev. 2011021018)






Copyright 1986-2020 Xilinx, Inc. All Rights Reserved.
------------------------------------------------------------------------------------
| Tool Version : Vivado v.2020.1 (win64) Build 2902540 Wed May 27 19:54:49 MDT 2020
| Date         : Fri Oct 30 16:39:46 2020
| Host         : DESKTOP-AOVMD3L running 64-bit major release  (build 9200)
| Command      : upgrade_ip
| Device       : xczu3eg-sfvc784-1-i
------------------------------------------------------------------------------------

Upgrade Log for IP 'design_1_overlaystream_0_0'

1. Summary
----------

SUCCESS in the upgrade of design_1_overlaystream_0_0 (xilinx.com:hls:overlaystream:1.0) from (Rev. 2010301630) to (Rev. 2010301639)






Copyright 1986-2020 Xilinx, Inc. All Rights Reserved.
------------------------------------------------------------------------------------
| Tool Version : Vivado v.2020.1 (win64) Build 2902540 Wed May 27 19:54:49 MDT 2020
| Date         : Fri Oct 30 16:30:54 2020
| Host         : DESKTOP-AOVMD3L running 64-bit major release  (build 9200)
| Command      : upgrade_ip
| Device       : xczu3eg-sfvc784-1-i
------------------------------------------------------------------------------------

Upgrade Log for IP 'design_1_overlaystream_0_0'

1. Summary
----------

CAUTION (success, with warnings) in the upgrade of design_1_overlaystream_0_0 (xilinx.com:hls:overlaystream:1.0) from (Rev. 2010301551) to (Rev. 2010301630)

After upgrade, an IP may have parameter and port differences compared to the original customization. Please review the parameters within the IP customization GUI to ensure proper functionality. Also, please review the updated IP instantiation template to ensure proper connectivity, and update your design if required.

2. Interface Information
------------------------

Detected external interface differences while upgrading 'design_1_overlaystream_0_0'.


-Upgrade has added interface 'overly_alpha' (xilinx.com:signal:data:1.0)


3. Connection Warnings
----------------------

Detected external port differences while upgrading 'design_1_overlaystream_0_0'. These changes may impact your design.


-Upgrade has added port 'overly_alpha'

-Upgrade has added port 'overly_alpha_ap_vld'







Copyright 1986-2020 Xilinx, Inc. All Rights Reserved.
------------------------------------------------------------------------------------
| Tool Version : Vivado v.2020.1 (win64) Build 2902540 Wed May 27 19:54:49 MDT 2020
| Date         : Fri Oct 30 15:51:47 2020
| Host         : DESKTOP-AOVMD3L running 64-bit major release  (build 9200)
| Command      : upgrade_ip
| Device       : xczu3eg-sfvc784-1-i
------------------------------------------------------------------------------------

Upgrade Log for IP 'design_1_overlaystream_0_0'

1. Summary
----------

CAUTION (success, with warnings) in the upgrade of design_1_overlaystream_0_0 (xilinx.com:hls:overlaystream:1.0) from (Rev. 2010301523) to (Rev. 2010301551)

After upgrade, an IP may have parameter and port differences compared to the original customization. Please review the parameters within the IP customization GUI to ensure proper functionality. Also, please review the updated IP instantiation template to ensure proper connectivity, and update your design if required.

2. Interface Information
------------------------

Detected external interface differences while upgrading 'design_1_overlaystream_0_0'.


-Upgrade has removed interface 'overlay_alpha'

-Upgrade has added interface 'overly_h' (xilinx.com:signal:data:1.0)

-Upgrade has added interface 'overly_w' (xilinx.com:signal:data:1.0)

-Upgrade has added interface 'overly_x' (xilinx.com:signal:data:1.0)

-Upgrade has added interface 'overly_y' (xilinx.com:signal:data:1.0)


3. Connection Warnings
----------------------

Detected external port differences while upgrading 'design_1_overlaystream_0_0'. These changes may impact your design.


-Upgrade has removed port 'overlay_alpha'

-Upgrade has added port 'overly_h'

-Upgrade has added port 'overly_h_ap_vld'

-Upgrade has added port 'overly_w'

-Upgrade has added port 'overly_w_ap_vld'

-Upgrade has added port 'overly_x'

-Upgrade has added port 'overly_x_ap_vld'

-Upgrade has added port 'overly_y'

-Upgrade has added port 'overly_y_ap_vld'







Copyright 1986-2020 Xilinx, Inc. All Rights Reserved.
------------------------------------------------------------------------------------
| Tool Version : Vivado v.2020.1 (win64) Build 2902540 Wed May 27 19:54:49 MDT 2020
| Date         : Fri Oct 30 15:23:37 2020
| Host         : DESKTOP-AOVMD3L running 64-bit major release  (build 9200)
| Command      : upgrade_ip
| Device       : xczu3eg-sfvc784-1-i
------------------------------------------------------------------------------------

Upgrade Log for IP 'design_1_overlaystream_0_0'

1. Summary
----------

CAUTION (success, with warnings) in the upgrade of design_1_overlaystream_0_0 (xilinx.com:hls:overlaystream:1.0) from (Rev. 2010301448) to (Rev. 2010301523)

After upgrade, an IP may have parameter and port differences compared to the original customization. Please review the parameters within the IP customization GUI to ensure proper functionality. Also, please review the updated IP instantiation template to ensure proper connectivity, and update your design if required.

2. Connection Warnings
----------------------

Detected external port differences while upgrading 'design_1_overlaystream_0_0'. These changes may impact your design.


-Upgrade has removed port 'overlay_alpha_ap_vld'







Copyright 1986-2020 Xilinx, Inc. All Rights Reserved.
------------------------------------------------------------------------------------
| Tool Version : Vivado v.2020.1 (win64) Build 2902540 Wed May 27 19:54:49 MDT 2020
| Date         : Fri Oct 30 14:49:45 2020
| Host         : DESKTOP-AOVMD3L running 64-bit major release  (build 9200)
| Command      : upgrade_ip
| Device       : xczu3eg-sfvc784-1-i
------------------------------------------------------------------------------------

Upgrade Log for IP 'design_1_overlaystream_0_0'

1. Summary
----------

SUCCESS in the upgrade of design_1_overlaystream_0_0 (xilinx.com:hls:overlaystream:1.0) from (Rev. 2010301433) to (Rev. 2010301448)






Copyright 1986-2020 Xilinx, Inc. All Rights Reserved.
------------------------------------------------------------------------------------
| Tool Version : Vivado v.2020.1 (win64) Build 2902540 Wed May 27 19:54:49 MDT 2020
| Date         : Fri Oct 30 14:34:18 2020
| Host         : DESKTOP-AOVMD3L running 64-bit major release  (build 9200)
| Command      : upgrade_ip
| Device       : xczu3eg-sfvc784-1-i
------------------------------------------------------------------------------------

Upgrade Log for IP 'design_1_overlaystream_0_0'

1. Summary
----------

SUCCESS in the upgrade of design_1_overlaystream_0_0 (xilinx.com:hls:overlaystream:1.0) from (Rev. 2010301415) to (Rev. 2010301433)






Copyright 1986-2020 Xilinx, Inc. All Rights Reserved.
------------------------------------------------------------------------------------
| Tool Version : Vivado v.2020.1 (win64) Build 2902540 Wed May 27 19:54:49 MDT 2020
| Date         : Fri Oct 30 14:15:52 2020
| Host         : DESKTOP-AOVMD3L running 64-bit major release  (build 9200)
| Command      : upgrade_ip
| Device       : xczu3eg-sfvc784-1-i
------------------------------------------------------------------------------------

Upgrade Log for IP 'design_1_overlaystream_0_0'

1. Summary
----------

SUCCESS in the upgrade of design_1_overlaystream_0_0 (xilinx.com:hls:overlaystream:1.0) from (Rev. 2010301336) to (Rev. 2010301415)






Copyright 1986-2020 Xilinx, Inc. All Rights Reserved.
------------------------------------------------------------------------------------
| Tool Version : Vivado v.2020.1 (win64) Build 2902540 Wed May 27 19:54:49 MDT 2020
| Date         : Fri Oct 30 13:36:22 2020
| Host         : DESKTOP-AOVMD3L running 64-bit major release  (build 9200)
| Command      : upgrade_ip
| Device       : xczu3eg-sfvc784-1-i
------------------------------------------------------------------------------------

Upgrade Log for IP 'design_1_overlaystream_0_0'

1. Summary
----------

CAUTION (success, with warnings) in the upgrade of design_1_overlaystream_0_0 (xilinx.com:hls:overlaystream:1.0) from (Rev. 2010301323) to (Rev. 2010301336)

After upgrade, an IP may have parameter and port differences compared to the original customization. Please review the parameters within the IP customization GUI to ensure proper functionality. Also, please review the updated IP instantiation template to ensure proper connectivity, and update your design if required.

2. Connection Warnings
----------------------

Detected external port differences while upgrading 'design_1_overlaystream_0_0'. These changes may impact your design.


-Upgrade has added port 'overlay_alpha_ap_vld'







Copyright 1986-2020 Xilinx, Inc. All Rights Reserved.
------------------------------------------------------------------------------------
| Tool Version : Vivado v.2020.1 (win64) Build 2902540 Wed May 27 19:54:49 MDT 2020
| Date         : Fri Oct 30 13:23:42 2020
| Host         : DESKTOP-AOVMD3L running 64-bit major release  (build 9200)
| Command      : upgrade_ip
| Device       : xczu3eg-sfvc784-1-i
------------------------------------------------------------------------------------

Upgrade Log for IP 'design_1_overlaystream_0_0'

1. Summary
----------

CAUTION (success, with warnings) in the upgrade of design_1_overlaystream_0_0 (xilinx.com:hls:overlaystream:1.0) from (Rev. 2010301306) to (Rev. 2010301323)

After upgrade, an IP may have parameter and port differences compared to the original customization. Please review the parameters within the IP customization GUI to ensure proper functionality. Also, please review the updated IP instantiation template to ensure proper connectivity, and update your design if required.

2. Connection Warnings
----------------------

Detected external port differences while upgrading 'design_1_overlaystream_0_0'. These changes may impact your design.


-Upgrade has removed port 'overlay_alpha_ap_vld'







Copyright 1986-2020 Xilinx, Inc. All Rights Reserved.
------------------------------------------------------------------------------------
| Tool Version : Vivado v.2020.1 (win64) Build 2902540 Wed May 27 19:54:49 MDT 2020
| Date         : Fri Oct 30 13:07:18 2020
| Host         : DESKTOP-AOVMD3L running 64-bit major release  (build 9200)
| Command      : upgrade_ip
| Device       : xczu3eg-sfvc784-1-i
------------------------------------------------------------------------------------

Upgrade Log for IP 'design_1_overlaystream_0_0'

1. Summary
----------

CAUTION (success, with warnings) in the upgrade of design_1_overlaystream_0_0 (xilinx.com:hls:overlaystream:1.0) from (Rev. 2010301155) to (Rev. 2010301306)

After upgrade, an IP may have parameter and port differences compared to the original customization. Please review the parameters within the IP customization GUI to ensure proper functionality. Also, please review the updated IP instantiation template to ensure proper connectivity, and update your design if required.

2. Interface Information
------------------------

Detected external interface differences while upgrading 'design_1_overlaystream_0_0'.


-Upgrade has removed interface 'video_out_a'

-Upgrade has removed interface 'video_out_b'

-Upgrade has added interface 'video_out' (xilinx.com:interface:axis:1.0)


3. Connection Warnings
----------------------

Detected external port differences while upgrading 'design_1_overlaystream_0_0'. These changes may impact your design.


-Upgrade has removed port 'video_out_a_TDATA'

-Upgrade has removed port 'video_out_a_TDEST'

-Upgrade has removed port 'video_out_a_TID'

-Upgrade has removed port 'video_out_a_TKEEP'

-Upgrade has removed port 'video_out_a_TLAST'

-Upgrade has removed port 'video_out_a_TREADY'

-Upgrade has removed port 'video_out_a_TSTRB'

-Upgrade has removed port 'video_out_a_TUSER'

-Upgrade has removed port 'video_out_a_TVALID'

-Upgrade has removed port 'video_out_b_TDATA'

-Upgrade has removed port 'video_out_b_TDEST'

-Upgrade has removed port 'video_out_b_TID'

-Upgrade has removed port 'video_out_b_TKEEP'

-Upgrade has removed port 'video_out_b_TLAST'

-Upgrade has removed port 'video_out_b_TREADY'

-Upgrade has removed port 'video_out_b_TSTRB'

-Upgrade has removed port 'video_out_b_TUSER'

-Upgrade has removed port 'video_out_b_TVALID'

-Upgrade has added port 'overlay_alpha_ap_vld'

-Upgrade has added port 'video_out_TDATA'

-Upgrade has added port 'video_out_TDEST'

-Upgrade has added port 'video_out_TID'

-Upgrade has added port 'video_out_TKEEP'

-Upgrade has added port 'video_out_TLAST'

-Upgrade has added port 'video_out_TREADY'

-Upgrade has added port 'video_out_TSTRB'

-Upgrade has added port 'video_out_TUSER'

-Upgrade has added port 'video_out_TVALID'







Copyright 1986-2020 Xilinx, Inc. All Rights Reserved.
------------------------------------------------------------------------------------
| Tool Version : Vivado v.2020.1 (win64) Build 2902540 Wed May 27 19:54:49 MDT 2020
| Date         : Fri Oct 30 11:55:22 2020
| Host         : DESKTOP-AOVMD3L running 64-bit major release  (build 9200)
| Command      : upgrade_ip
| Device       : xczu3eg-sfvc784-1-i
------------------------------------------------------------------------------------

Upgrade Log for IP 'design_1_overlaystream_0_0'

1. Summary
----------

CAUTION (success, with warnings) in the upgrade of design_1_overlaystream_0_0 (xilinx.com:hls:overlaystream:1.0) from (Rev. 2010301135) to (Rev. 2010301155)

After upgrade, an IP may have parameter and port differences compared to the original customization. Please review the parameters within the IP customization GUI to ensure proper functionality. Also, please review the updated IP instantiation template to ensure proper connectivity, and update your design if required.

2. Interface Information
------------------------

Detected external interface differences while upgrading 'design_1_overlaystream_0_0'.


-Upgrade has removed interface 'video_out'

-Upgrade has added interface 'video_out_a' (xilinx.com:interface:axis:1.0)

-Upgrade has added interface 'video_out_b' (xilinx.com:interface:axis:1.0)


3. Connection Warnings
----------------------

Detected external port differences while upgrading 'design_1_overlaystream_0_0'. These changes may impact your design.


-Upgraded port 'overlay_alpha' width 8 differs from original width 32

-Upgrade has removed port 'overlay_alpha_ap_vld'

-Upgrade has removed port 'video_out_TDATA'

-Upgrade has removed port 'video_out_TDEST'

-Upgrade has removed port 'video_out_TID'

-Upgrade has removed port 'video_out_TKEEP'

-Upgrade has removed port 'video_out_TLAST'

-Upgrade has removed port 'video_out_TREADY'

-Upgrade has removed port 'video_out_TSTRB'

-Upgrade has removed port 'video_out_TUSER'

-Upgrade has removed port 'video_out_TVALID'

-Upgrade has added port 'video_out_a_TDATA'

-Upgrade has added port 'video_out_a_TDEST'

-Upgrade has added port 'video_out_a_TID'

-Upgrade has added port 'video_out_a_TKEEP'

-Upgrade has added port 'video_out_a_TLAST'

-Upgrade has added port 'video_out_a_TREADY'

-Upgrade has added port 'video_out_a_TSTRB'

-Upgrade has added port 'video_out_a_TUSER'

-Upgrade has added port 'video_out_a_TVALID'

-Upgrade has added port 'video_out_b_TDATA'

-Upgrade has added port 'video_out_b_TDEST'

-Upgrade has added port 'video_out_b_TID'

-Upgrade has added port 'video_out_b_TKEEP'

-Upgrade has added port 'video_out_b_TLAST'

-Upgrade has added port 'video_out_b_TREADY'

-Upgrade has added port 'video_out_b_TSTRB'

-Upgrade has added port 'video_out_b_TUSER'

-Upgrade has added port 'video_out_b_TVALID'







Copyright 1986-2020 Xilinx, Inc. All Rights Reserved.
------------------------------------------------------------------------------------
| Tool Version : Vivado v.2020.1 (win64) Build 2902540 Wed May 27 19:54:49 MDT 2020
| Date         : Fri Oct 30 11:35:48 2020
| Host         : DESKTOP-AOVMD3L running 64-bit major release  (build 9200)
| Command      : upgrade_ip
| Device       : xczu3eg-sfvc784-1-i
------------------------------------------------------------------------------------

Upgrade Log for IP 'design_1_overlaystream_0_0'

1. Summary
----------

SUCCESS in the upgrade of design_1_overlaystream_0_0 (xilinx.com:hls:overlaystream:1.0) from (Rev. 2010301115) to (Rev. 2010301135)






Copyright 1986-2020 Xilinx, Inc. All Rights Reserved.
------------------------------------------------------------------------------------
| Tool Version : Vivado v.2020.1 (win64) Build 2902540 Wed May 27 19:54:49 MDT 2020
| Date         : Fri Oct 30 11:17:28 2020
| Host         : DESKTOP-AOVMD3L running 64-bit major release  (build 9200)
| Command      : upgrade_ip
| Device       : xczu3eg-sfvc784-1-i
------------------------------------------------------------------------------------

Upgrade Log for IP 'design_1_overlaystream_0_0'

1. Summary
----------

SUCCESS in the upgrade of design_1_overlaystream_0_0 (xilinx.com:hls:overlaystream:1.0) from (Rev. 2010301058) to (Rev. 2010301115)






Copyright 1986-2020 Xilinx, Inc. All Rights Reserved.
------------------------------------------------------------------------------------
| Tool Version : Vivado v.2020.1 (win64) Build 2902540 Wed May 27 19:54:49 MDT 2020
| Date         : Fri Oct 30 11:00:56 2020
| Host         : DESKTOP-AOVMD3L running 64-bit major release  (build 9200)
| Command      : upgrade_ip
| Device       : xczu3eg-sfvc784-1-i
------------------------------------------------------------------------------------

Upgrade Log for IP 'design_1_overlaystream_0_0'

1. Summary
----------

SUCCESS in the upgrade of design_1_overlaystream_0_0 (xilinx.com:hls:overlaystream:1.0) from (Rev. 2010301039) to (Rev. 2010301058)






Copyright 1986-2020 Xilinx, Inc. All Rights Reserved.
------------------------------------------------------------------------------------
| Tool Version : Vivado v.2020.1 (win64) Build 2902540 Wed May 27 19:54:49 MDT 2020
| Date         : Fri Oct 30 10:40:31 2020
| Host         : DESKTOP-AOVMD3L running 64-bit major release  (build 9200)
| Command      : upgrade_ip
| Device       : xczu3eg-sfvc784-1-i
------------------------------------------------------------------------------------

Upgrade Log for IP 'design_1_overlaystream_0_0'

1. Summary
----------

CAUTION (success, with warnings) in the upgrade of design_1_overlaystream_0_0 (xilinx.com:hls:overlaystream:1.0) from (Rev. 2010301016) to (Rev. 2010301039)

After upgrade, an IP may have parameter and port differences compared to the original customization. Please review the parameters within the IP customization GUI to ensure proper functionality. Also, please review the updated IP instantiation template to ensure proper connectivity, and update your design if required.

2. Connection Warnings
----------------------

Detected external port differences while upgrading 'design_1_overlaystream_0_0'. These changes may impact your design.


-Upgrade has added port 'overlay_alpha_ap_vld'







Copyright 1986-2020 Xilinx, Inc. All Rights Reserved.
------------------------------------------------------------------------------------
| Tool Version : Vivado v.2020.1 (win64) Build 2902540 Wed May 27 19:54:49 MDT 2020
| Date         : Fri Oct 30 10:17:11 2020
| Host         : DESKTOP-AOVMD3L running 64-bit major release  (build 9200)
| Command      : upgrade_ip
| Device       : xczu3eg-sfvc784-1-i
------------------------------------------------------------------------------------

Upgrade Log for IP 'design_1_overlaystream_0_0'

1. Summary
----------

CAUTION (success, with warnings) in the upgrade of design_1_overlaystream_0_0 (xilinx.com:hls:overlaystream:1.0) from (Rev. 2010300946) to (Rev. 2010301016)

After upgrade, an IP may have parameter and port differences compared to the original customization. Please review the parameters within the IP customization GUI to ensure proper functionality. Also, please review the updated IP instantiation template to ensure proper connectivity, and update your design if required.

2. Connection Warnings
----------------------

Detected external port differences while upgrading 'design_1_overlaystream_0_0'. These changes may impact your design.


-Upgrade has removed port 'overlay_alpha_ap_vld'







Copyright 1986-2020 Xilinx, Inc. All Rights Reserved.
------------------------------------------------------------------------------------
| Tool Version : Vivado v.2020.1 (win64) Build 2902540 Wed May 27 19:54:49 MDT 2020
| Date         : Fri Oct 30 09:47:24 2020
| Host         : DESKTOP-AOVMD3L running 64-bit major release  (build 9200)
| Command      : upgrade_ip
| Device       : xczu3eg-sfvc784-1-i
------------------------------------------------------------------------------------

Upgrade Log for IP 'design_1_overlaystream_0_0'

1. Summary
----------

CAUTION (success, with warnings) in the upgrade of design_1_overlaystream_0_0 (xilinx.com:hls:overlaystream:1.0) from (Rev. 2010291812) to (Rev. 2010300946)

After upgrade, an IP may have parameter and port differences compared to the original customization. Please review the parameters within the IP customization GUI to ensure proper functionality. Also, please review the updated IP instantiation template to ensure proper connectivity, and update your design if required.

2. Interface Information
------------------------

Detected external interface differences while upgrading 'design_1_overlaystream_0_0'.


-Upgrade has removed interface 'en'

-Upgrade has removed interface 'video_coverlay'


3. Connection Warnings
----------------------

Detected external port differences while upgrading 'design_1_overlaystream_0_0'. These changes may impact your design.


-Upgrade has removed port 'en'

-Upgrade has removed port 'video_coverlay_TDATA'

-Upgrade has removed port 'video_coverlay_TDEST'

-Upgrade has removed port 'video_coverlay_TID'

-Upgrade has removed port 'video_coverlay_TKEEP'

-Upgrade has removed port 'video_coverlay_TLAST'

-Upgrade has removed port 'video_coverlay_TREADY'

-Upgrade has removed port 'video_coverlay_TSTRB'

-Upgrade has removed port 'video_coverlay_TUSER'

-Upgrade has removed port 'video_coverlay_TVALID'







Copyright 1986-2020 Xilinx, Inc. All Rights Reserved.
------------------------------------------------------------------------------------
| Tool Version : Vivado v.2020.1 (win64) Build 2902540 Wed May 27 19:54:49 MDT 2020
| Date         : Thu Oct 29 18:14:03 2020
| Host         : DESKTOP-AOVMD3L running 64-bit major release  (build 9200)
| Command      : upgrade_ip
| Device       : xczu3eg-sfvc784-1-i
------------------------------------------------------------------------------------

Upgrade Log for IP 'design_1_overlaystream_0_0'

1. Summary
----------

CAUTION (success, with warnings) in the upgrade of design_1_overlaystream_0_0 (xilinx.com:hls:overlaystream:1.0) from (Rev. 2010291511) to (Rev. 2010291812)

After upgrade, an IP may have parameter and port differences compared to the original customization. Please review the parameters within the IP customization GUI to ensure proper functionality. Also, please review the updated IP instantiation template to ensure proper connectivity, and update your design if required.

2. Interface Information
------------------------

Detected external interface differences while upgrading 'design_1_overlaystream_0_0'.


-Upgrade has added interface 'en' (xilinx.com:signal:data:1.0)


3. Connection Warnings
----------------------

Detected external port differences while upgrading 'design_1_overlaystream_0_0'. These changes may impact your design.


-Upgrade has added port 'en'







Copyright 1986-2020 Xilinx, Inc. All Rights Reserved.
------------------------------------------------------------------------------------
| Tool Version : Vivado v.2020.1 (win64) Build 2902540 Wed May 27 19:54:49 MDT 2020
| Date         : Thu Oct 29 15:13:22 2020
| Host         : DESKTOP-AOVMD3L running 64-bit major release  (build 9200)
| Command      : upgrade_ip
| Device       : xczu3eg-sfvc784-1-i
------------------------------------------------------------------------------------

Upgrade Log for IP 'design_1_overlaystream_0_0'

1. Summary
----------

CAUTION (success, with warnings) in the upgrade of design_1_overlaystream_0_0 (xilinx.com:hls:overlaystream:1.0) from (Rev. 2010291457) to (Rev. 2010291511)

After upgrade, an IP may have parameter and port differences compared to the original customization. Please review the parameters within the IP customization GUI to ensure proper functionality. Also, please review the updated IP instantiation template to ensure proper connectivity, and update your design if required.

2. Interface Information
------------------------

Detected external interface differences while upgrading 'design_1_overlaystream_0_0'.


-Upgrade has removed interface 'overlay_h'

-Upgrade has removed interface 'overlay_w'

-Upgrade has removed interface 'overlay_x'

-Upgrade has removed interface 'overlay_y'

-Upgrade has removed interface 'video_coverlay_V'

-Upgrade has added interface 'video_coverlay' (xilinx.com:interface:axis:1.0)


3. Connection Warnings
----------------------

Detected external port differences while upgrading 'design_1_overlaystream_0_0'. These changes may impact your design.


-Upgrade has removed port 'overlay_h'

-Upgrade has removed port 'overlay_w'

-Upgrade has removed port 'overlay_x'

-Upgrade has removed port 'overlay_y'

-Upgrade has removed port 'video_coverlay_V_TDATA'

-Upgrade has removed port 'video_coverlay_V_TREADY'

-Upgrade has removed port 'video_coverlay_V_TVALID'

-Upgrade has added port 'overlay_alpha_ap_vld'

-Upgrade has added port 'video_coverlay_TDATA'

-Upgrade has added port 'video_coverlay_TDEST'

-Upgrade has added port 'video_coverlay_TID'

-Upgrade has added port 'video_coverlay_TKEEP'

-Upgrade has added port 'video_coverlay_TLAST'

-Upgrade has added port 'video_coverlay_TREADY'

-Upgrade has added port 'video_coverlay_TSTRB'

-Upgrade has added port 'video_coverlay_TUSER'

-Upgrade has added port 'video_coverlay_TVALID'







Copyright 1986-2020 Xilinx, Inc. All Rights Reserved.
------------------------------------------------------------------------------------
| Tool Version : Vivado v.2020.1 (win64) Build 2902540 Wed May 27 19:54:49 MDT 2020
| Date         : Thu Oct 29 14:59:48 2020
| Host         : DESKTOP-AOVMD3L running 64-bit major release  (build 9200)
| Command      : upgrade_ip
| Device       : xczu3eg-sfvc784-1-i
------------------------------------------------------------------------------------

Upgrade Log for IP 'design_1_overlaystream_0_0'

1. Summary
----------

CAUTION (success, with warnings) in the upgrade of design_1_overlaystream_0_0 (xilinx.com:hls:overlaystream:1.0) from (Rev. 2010291049) to (Rev. 2010291457)

After upgrade, an IP may have parameter and port differences compared to the original customization. Please review the parameters within the IP customization GUI to ensure proper functionality. Also, please review the updated IP instantiation template to ensure proper connectivity, and update your design if required.

2. Interface Information
------------------------

Detected external interface differences while upgrading 'design_1_overlaystream_0_0'.


-Upgrade has removed interface 'video_coverlay'

-Upgrade has added interface 'video_coverlay_V' (xilinx.com:interface:axis:1.0)


3. Connection Warnings
----------------------

Detected external port differences while upgrading 'design_1_overlaystream_0_0'. These changes may impact your design.


-Upgrade has removed port 'overlay_alpha_ap_vld'

-Upgrade has removed port 'overlay_h_ap_vld'

-Upgrade has removed port 'overlay_w_ap_vld'

-Upgrade has removed port 'overlay_x_ap_vld'

-Upgrade has removed port 'overlay_y_ap_vld'

-Upgrade has removed port 'video_coverlay_TDATA'

-Upgrade has removed port 'video_coverlay_TDEST'

-Upgrade has removed port 'video_coverlay_TID'

-Upgrade has removed port 'video_coverlay_TKEEP'

-Upgrade has removed port 'video_coverlay_TLAST'

-Upgrade has removed port 'video_coverlay_TREADY'

-Upgrade has removed port 'video_coverlay_TSTRB'

-Upgrade has removed port 'video_coverlay_TUSER'

-Upgrade has removed port 'video_coverlay_TVALID'

-Upgrade has added port 'video_coverlay_V_TDATA'

-Upgrade has added port 'video_coverlay_V_TREADY'

-Upgrade has added port 'video_coverlay_V_TVALID'







Copyright 1986-2020 Xilinx, Inc. All Rights Reserved.
------------------------------------------------------------------------------------
| Tool Version : Vivado v.2020.1 (win64) Build 2902540 Wed May 27 19:54:49 MDT 2020
| Date         : Thu Oct 29 10:50:57 2020
| Host         : DESKTOP-AOVMD3L running 64-bit major release  (build 9200)
| Command      : upgrade_ip
| Device       : xczu3eg-sfvc784-1-i
------------------------------------------------------------------------------------

Upgrade Log for IP 'design_1_overlaystream_0_0'

1. Summary
----------

CAUTION (success, with warnings) in the upgrade of design_1_overlaystream_0_0 (xilinx.com:hls:overlaystream:1.0) from (Rev. 2010291046) to (Rev. 2010291049)

After upgrade, an IP may have parameter and port differences compared to the original customization. Please review the parameters within the IP customization GUI to ensure proper functionality. Also, please review the updated IP instantiation template to ensure proper connectivity, and update your design if required.

2. Connection Warnings
----------------------

Detected external port differences while upgrading 'design_1_overlaystream_0_0'. These changes may impact your design.


-Upgrade has added port 'overlay_x_ap_vld'

-Upgrade has added port 'overlay_y_ap_vld'







Copyright 1986-2020 Xilinx, Inc. All Rights Reserved.
------------------------------------------------------------------------------------
| Tool Version : Vivado v.2020.1 (win64) Build 2902540 Wed May 27 19:54:49 MDT 2020
| Date         : Thu Oct 29 10:47:05 2020
| Host         : DESKTOP-AOVMD3L running 64-bit major release  (build 9200)
| Command      : upgrade_ip
| Device       : xczu3eg-sfvc784-1-i
------------------------------------------------------------------------------------

Upgrade Log for IP 'design_1_overlaystream_0_0'

1. Summary
----------

CAUTION (success, with warnings) in the upgrade of design_1_overlaystream_0_0 (xilinx.com:hls:overlaystream:1.0) from (Rev. 2010291036) to (Rev. 2010291046)

After upgrade, an IP may have parameter and port differences compared to the original customization. Please review the parameters within the IP customization GUI to ensure proper functionality. Also, please review the updated IP instantiation template to ensure proper connectivity, and update your design if required.

2. Interface Information
------------------------

Detected external interface differences while upgrading 'design_1_overlaystream_0_0'.


-Upgrade has removed interface 'ap_ctrl'


3. Connection Warnings
----------------------

Detected external port differences while upgrading 'design_1_overlaystream_0_0'. These changes may impact your design.


-Upgrade has removed port 'ap_done'

-Upgrade has removed port 'ap_idle'

-Upgrade has removed port 'ap_ready'

-Upgrade has removed port 'ap_start'







Copyright 1986-2020 Xilinx, Inc. All Rights Reserved.
------------------------------------------------------------------------------------
| Tool Version : Vivado v.2020.1 (win64) Build 2902540 Wed May 27 19:54:49 MDT 2020
| Date         : Thu Oct 29 10:41:24 2020
| Host         : DESKTOP-AOVMD3L running 64-bit major release  (build 9200)
| Command      : upgrade_ip
| Device       : xczu3eg-sfvc784-1-i
------------------------------------------------------------------------------------

Upgrade Log for IP 'design_1_overlaystream_0_0'

1. Summary
----------

CAUTION (success, with warnings) in the upgrade of design_1_overlaystream_0_0 (xilinx.com:hls:overlaystream:1.0) from (Rev. 2010291004) to (Rev. 2010291036)

After upgrade, an IP may have parameter and port differences compared to the original customization. Please review the parameters within the IP customization GUI to ensure proper functionality. Also, please review the updated IP instantiation template to ensure proper connectivity, and update your design if required.

2. Interface Information
------------------------

Detected external interface differences while upgrading 'design_1_overlaystream_0_0'.


-Upgrade has added interface 'overlay_alpha' (xilinx.com:signal:data:1.0)

-Upgrade has added interface 'overlay_h' (xilinx.com:signal:data:1.0)

-Upgrade has added interface 'overlay_w' (xilinx.com:signal:data:1.0)

-Upgrade has added interface 'overlay_x' (xilinx.com:signal:data:1.0)

-Upgrade has added interface 'overlay_y' (xilinx.com:signal:data:1.0)


3. Connection Warnings
----------------------

Detected external port differences while upgrading 'design_1_overlaystream_0_0'. These changes may impact your design.


-Upgrade has added port 'overlay_alpha'

-Upgrade has added port 'overlay_alpha_ap_vld'

-Upgrade has added port 'overlay_h'

-Upgrade has added port 'overlay_h_ap_vld'

-Upgrade has added port 'overlay_w'

-Upgrade has added port 'overlay_w_ap_vld'

-Upgrade has added port 'overlay_x'

-Upgrade has added port 'overlay_y'







Copyright 1986-2020 Xilinx, Inc. All Rights Reserved.
------------------------------------------------------------------------------------
| Tool Version : Vivado v.2020.1 (win64) Build 2902540 Wed May 27 19:54:49 MDT 2020
| Date         : Thu Oct 29 10:05:50 2020
| Host         : DESKTOP-AOVMD3L running 64-bit major release  (build 9200)
| Command      : upgrade_ip
| Device       : xczu3eg-sfvc784-1-i
------------------------------------------------------------------------------------

Upgrade Log for IP 'design_1_overlaystream_0_0'

1. Summary
----------

CAUTION (success, with warnings) in the upgrade of design_1_overlaystream_0_0 (xilinx.com:hls:overlaystream:1.0) from (Rev. 2010270929) to (Rev. 2010291004)

After upgrade, an IP may have parameter and port differences compared to the original customization. Please review the parameters within the IP customization GUI to ensure proper functionality. Also, please review the updated IP instantiation template to ensure proper connectivity, and update your design if required.

2. Interface Information
------------------------

Detected external interface differences while upgrading 'design_1_overlaystream_0_0'.


-Upgrade has removed interface 'interrupt'

-Upgrade has removed interface 's_axi_control'

-Upgrade has added interface 'ap_ctrl' (xilinx.com:interface:acc_handshake:1.0)

-Upgrade has removed address block 's_axi_control/Reg'


3. Connection Warnings
----------------------

Detected external port differences while upgrading 'design_1_overlaystream_0_0'. These changes may impact your design.


-Upgrade has removed port 'interrupt'

-Upgrade has removed port 's_axi_control_ARADDR'

-Upgrade has removed port 's_axi_control_ARREADY'

-Upgrade has removed port 's_axi_control_ARVALID'

-Upgrade has removed port 's_axi_control_AWADDR'

-Upgrade has removed port 's_axi_control_AWREADY'

-Upgrade has removed port 's_axi_control_AWVALID'

-Upgrade has removed port 's_axi_control_BREADY'

-Upgrade has removed port 's_axi_control_BRESP'

-Upgrade has removed port 's_axi_control_BVALID'

-Upgrade has removed port 's_axi_control_RDATA'

-Upgrade has removed port 's_axi_control_RREADY'

-Upgrade has removed port 's_axi_control_RRESP'

-Upgrade has removed port 's_axi_control_RVALID'

-Upgrade has removed port 's_axi_control_WDATA'

-Upgrade has removed port 's_axi_control_WREADY'

-Upgrade has removed port 's_axi_control_WSTRB'

-Upgrade has removed port 's_axi_control_WVALID'

-Upgrade has added port 'ap_done'

-Upgrade has added port 'ap_idle'

-Upgrade has added port 'ap_ready'

-Upgrade has added port 'ap_start'


