

================================================================
== Vitis HLS Report for 'YCrCb2rgb_1080_1920_s'
================================================================
* Date:           Wed Nov  4 16:15:11 2020

* Version:        2020.1 (Build 2902540 on Wed May 27 20:16:15 MDT 2020)
* Project:        erosion
* Solution:       solution1 (Vivado IP Flow Target)
* Product family: zynquplus
* Target device:  xczu3eg-sfvc784-1-i


================================================================
== Performance Estimates
================================================================
+ Timing: 
    * Summary: 
    +--------+----------+----------+------------+
    |  Clock |  Target  | Estimated| Uncertainty|
    +--------+----------+----------+------------+
    |ap_clk  | 10.00 ns | 4.944 ns |   2.70 ns  |
    +--------+----------+----------+------------+

+ Latency: 
    * Summary: 
    +---------+---------+-----------+-----------+---------+---------+---------+
    |  Latency (cycles) |   Latency (absolute)  |      Interval     | Pipeline|
    |   min   |   max   |    min    |    max    |   min   |   max   |   Type  |
    +---------+---------+-----------+-----------+---------+---------+---------+
    |  2073605|  2073605| 20.736 ms | 20.736 ms |  2073605|  2073605|   none  |
    +---------+---------+-----------+-----------+---------+---------+---------+

    + Detail: 
        * Instance: 
        +------------------------------+--------------+---------+---------+----------+----------+-----+-----+----------+
        |                              |              |  Latency (cycles) |  Latency (absolute) |  Interval | Pipeline |
        |           Instance           |    Module    |   min   |   max   |    min   |    max   | min | max |   Type   |
        +------------------------------+--------------+---------+---------+----------+----------+-----+-----+----------+
        |call_ret_ExtractPixel_fu_106  |ExtractPixel  |        0|        0|   0 ns   |   0 ns   |    1|    1| function |
        |rgb_packed_PackPixel_fu_112   |PackPixel     |        0|        0|   0 ns   |   0 ns   |    1|    1| function |
        +------------------------------+--------------+---------+---------+----------+----------+-----+-----+----------+

        * Loop: 
        +-------------------------------------+---------+---------+----------+-----------+-----------+---------+----------+
        |                                     |  Latency (cycles) | Iteration|  Initiation Interval  |   Trip  |          |
        |              Loop Name              |   min   |   max   |  Latency |  achieved |   target  |  Count  | Pipelined|
        +-------------------------------------+---------+---------+----------+-----------+-----------+---------+----------+
        |- VITIS_LOOP_303_1_VITIS_LOOP_305_2  |  2073603|  2073603|         5|          1|          1|  2073600|    yes   |
        +-------------------------------------+---------+---------+----------+-----------+-----------+---------+----------+



================================================================
== Utilization Estimates
================================================================
* Summary: 
+-----------------+---------+-----+--------+-------+-----+
|       Name      | BRAM_18K| DSP |   FF   |  LUT  | URAM|
+-----------------+---------+-----+--------+-------+-----+
|DSP              |        -|    4|       -|      -|    -|
|Expression       |        -|    -|       0|    238|    -|
|FIFO             |        -|    -|       -|      -|    -|
|Instance         |        -|    -|       -|      -|    -|
|Memory           |        -|    -|       -|      -|    -|
|Multiplexer      |        -|    -|       -|     84|    -|
|Register         |        -|    -|     168|     64|    -|
+-----------------+---------+-----+--------+-------+-----+
|Total            |        0|    4|     168|    386|    0|
+-----------------+---------+-----+--------+-------+-----+
|Available        |      432|  360|  141120|  70560|    0|
+-----------------+---------+-----+--------+-------+-----+
|Utilization (%)  |        0|    1|   ~0   |   ~0  |    0|
+-----------------+---------+-----+--------+-------+-----+

+ Detail: 
    * Instance: 
    +------------------------------+--------------+---------+----+---+----+-----+
    |           Instance           |    Module    | BRAM_18K| DSP| FF| LUT| URAM|
    +------------------------------+--------------+---------+----+---+----+-----+
    |call_ret_ExtractPixel_fu_106  |ExtractPixel  |        0|   0|  0|   0|    0|
    |rgb_packed_PackPixel_fu_112   |PackPixel     |        0|   0|  0|   0|    0|
    +------------------------------+--------------+---------+----+---+----+-----+
    |Total                         |              |        0|   0|  0|   0|    0|
    +------------------------------+--------------+---------+----+---+----+-----+

    * DSP: 
    +----------------------------+------------------------+-----------+
    |          Instance          |         Module         | Expression|
    +----------------------------+------------------------+-----------+
    |mul_mul_15ns_8s_23_4_1_U39  |mul_mul_15ns_8s_23_4_1  |  i0 * i1  |
    |mul_mul_16ns_8s_24_4_1_U38  |mul_mul_16ns_8s_24_4_1  |  i0 * i1  |
    |mul_mul_17ns_8s_25_4_1_U37  |mul_mul_17ns_8s_25_4_1  |  i0 * i1  |
    |mul_mul_17ns_8s_25_4_1_U40  |mul_mul_17ns_8s_25_4_1  |  i0 * i1  |
    +----------------------------+------------------------+-----------+

    * Memory: 
    N/A

    * FIFO: 
    N/A

    * Expression: 
    +-------------------------------------+----------+----+---+----+------------+------------+
    |            Variable Name            | Operation| DSP| FF| LUT| Bitwidth P0| Bitwidth P1|
    +-------------------------------------+----------+----+---+----+------------+------------+
    |Value_int_2_fu_351_p2                |     +    |   0|  0|  18|          11|          11|
    |Value_int_fu_197_p2                  |     +    |   0|  0|  18|          11|          11|
    |Value_uchar_9_fu_381_p2              |     +    |   0|  0|  15|           8|           8|
    |Value_uchar_fu_227_p2                |     +    |   0|  0|  15|           8|           8|
    |add_ln303_fu_126_p2                  |     +    |   0|  0|  28|          21|           1|
    |res_fu_294_p2                        |     -    |   0|  0|  18|          11|          11|
    |sub_ln989_fu_284_p2                  |     -    |   0|  0|  17|          10|          10|
    |ap_block_state3_pp0_stage0_iter1     |    and   |   0|  0|   2|           1|           1|
    |ap_block_state6_pp0_stage0_iter4     |    and   |   0|  0|   2|           1|           1|
    |icmp_ln303_fu_120_p2                 |   icmp   |   0|  0|  20|          21|          16|
    |icmp_ln740_2_fu_367_p2               |   icmp   |   0|  0|   9|           3|           1|
    |icmp_ln740_fu_213_p2                 |   icmp   |   0|  0|   9|           3|           1|
    |icmp_ln990_fu_310_p2                 |   icmp   |   0|  0|   9|           3|           1|
    |ap_block_pp0_stage0_01001            |    or    |   0|  0|   2|           1|           1|
    |ap_block_state1                      |    or    |   0|  0|   2|           1|           1|
    |or_ln740_2_fu_394_p2                 |    or    |   0|  0|   2|           1|           1|
    |or_ln740_fu_240_p2                   |    or    |   0|  0|   2|           1|           1|
    |rgb_packed_PackPixel_fu_112_p_read1  |  select  |   0|  0|   8|           1|           8|
    |rgb_packed_PackPixel_fu_112_p_read2  |  select  |   0|  0|   8|           1|           2|
    |rgb_packed_PackPixel_fu_112_p_read3  |  select  |   0|  0|   8|           1|           8|
    |select_ln740_5_fu_386_p3             |  select  |   0|  0|   2|           1|           2|
    |select_ln740_fu_232_p3               |  select  |   0|  0|   2|           1|           2|
    |ap_enable_pp0                        |    xor   |   0|  0|   2|           1|           2|
    |ap_enable_reg_pp0_iter1              |    xor   |   0|  0|   2|           2|           1|
    |xor_ln974_fu_144_p2                  |    xor   |   0|  0|   9|           8|           9|
    |xor_ln984_fu_158_p2                  |    xor   |   0|  0|   9|           8|           9|
    +-------------------------------------+----------+----+---+----+------------+------------+
    |Total                                |          |   0|  0| 238|         140|         128|
    +-------------------------------------+----------+----+---+----+------------+------------+

    * Multiplexer: 
    +-------------------------+----+-----------+-----+-----------+
    |           Name          | LUT| Input Size| Bits| Total Bits|
    +-------------------------+----+-----------+-----+-----------+
    |ap_NS_fsm                |  21|          4|    1|          4|
    |ap_done                  |   9|          2|    1|          2|
    |ap_enable_reg_pp0_iter1  |   9|          2|    1|          2|
    |ap_enable_reg_pp0_iter4  |   9|          2|    1|          2|
    |gray_dst_4202_blk_n      |   9|          2|    1|          2|
    |indvar_flatten_reg_95    |   9|          2|   21|         42|
    |real_start               |   9|          2|    1|          2|
    |rgb_dst_4200_blk_n       |   9|          2|    1|          2|
    +-------------------------+----+-----------+-----+-----------+
    |Total                    |  84|         18|   28|         58|
    +-------------------------+----+-----------+-----+-----------+

    * Register: 
    +-------------------------+----+----+-----+-----------+
    |           Name          | FF | LUT| Bits| Const Bits|
    +-------------------------+----+----+-----+-----------+
    |ap_CS_fsm                |   3|   0|    3|          0|
    |ap_done_reg              |   1|   0|    1|          0|
    |ap_enable_reg_pp0_iter0  |   1|   0|    1|          0|
    |ap_enable_reg_pp0_iter1  |   1|   0|    1|          0|
    |ap_enable_reg_pp0_iter2  |   1|   0|    1|          0|
    |ap_enable_reg_pp0_iter3  |   1|   0|    1|          0|
    |ap_enable_reg_pp0_iter4  |   1|   0|    1|          0|
    |icmp_ln303_reg_439       |   1|   0|    1|          0|
    |indvar_flatten_reg_95    |  21|   0|   21|          0|
    |start_once_reg           |   1|   0|    1|          0|
    |ycrcb_V_0_reg_448        |   8|   0|    8|          0|
    |icmp_ln303_reg_439       |  64|  32|    1|          0|
    |ycrcb_V_0_reg_448        |  64|  32|    8|          0|
    +-------------------------+----+----+-----+-----------+
    |Total                    | 168|  64|   49|          0|
    +-------------------------+----+----+-----+-----------+



================================================================
== Interface
================================================================
* Summary: 
+-----------------------+-----+-----+------------+-----------------------+--------------+
|       RTL Ports       | Dir | Bits|  Protocol  |     Source Object     |    C Type    |
+-----------------------+-----+-----+------------+-----------------------+--------------+
|ap_clk                 |  in |    1| ap_ctrl_hs | YCrCb2rgb<1080, 1920> | return value |
|ap_rst                 |  in |    1| ap_ctrl_hs | YCrCb2rgb<1080, 1920> | return value |
|ap_start               |  in |    1| ap_ctrl_hs | YCrCb2rgb<1080, 1920> | return value |
|start_full_n           |  in |    1| ap_ctrl_hs | YCrCb2rgb<1080, 1920> | return value |
|ap_done                | out |    1| ap_ctrl_hs | YCrCb2rgb<1080, 1920> | return value |
|ap_continue            |  in |    1| ap_ctrl_hs | YCrCb2rgb<1080, 1920> | return value |
|ap_idle                | out |    1| ap_ctrl_hs | YCrCb2rgb<1080, 1920> | return value |
|ap_ready               | out |    1| ap_ctrl_hs | YCrCb2rgb<1080, 1920> | return value |
|start_out              | out |    1| ap_ctrl_hs | YCrCb2rgb<1080, 1920> | return value |
|start_write            | out |    1| ap_ctrl_hs | YCrCb2rgb<1080, 1920> | return value |
|gray_dst_4202_dout     |  in |   24|   ap_fifo  |     gray_dst_4202     |    pointer   |
|gray_dst_4202_empty_n  |  in |    1|   ap_fifo  |     gray_dst_4202     |    pointer   |
|gray_dst_4202_read     | out |    1|   ap_fifo  |     gray_dst_4202     |    pointer   |
|rgb_dst_4200_din       | out |   24|   ap_fifo  |      rgb_dst_4200     |    pointer   |
|rgb_dst_4200_full_n    |  in |    1|   ap_fifo  |      rgb_dst_4200     |    pointer   |
|rgb_dst_4200_write     | out |    1|   ap_fifo  |      rgb_dst_4200     |    pointer   |
+-----------------------+-----+-----+------------+-----------------------+--------------+

