

================================================================
== Vitis HLS Report for 'erosion_accel_entry39'
================================================================
* Date:           Fri Jan 22 14:16:48 2021

* Version:        2020.1 (Build 2902540 on Wed May 27 20:16:15 MDT 2020)
* Project:        erosion
* Solution:       solution1 (Vivado IP Flow Target)
* Product family: virtexuplus
* Target device:  xcvu11p-flga2577-1-e


================================================================
== Performance Estimates
================================================================
+ Timing: 
    * Summary: 
    +--------+----------+----------+------------+
    |  Clock |  Target  | Estimated| Uncertainty|
    +--------+----------+----------+------------+
    |ap_clk  | 10.00 ns | 2.102 ns |   2.70 ns  |
    +--------+----------+----------+------------+

+ Latency: 
    * Summary: 
    +---------+---------+----------+----------+-----+-----+---------+
    |  Latency (cycles) |  Latency (absolute) |  Interval | Pipeline|
    |   min   |   max   |    min   |    max   | min | max |   Type  |
    +---------+---------+----------+----------+-----+-----+---------+
    |        0|        0|   0 ns   |   0 ns   |    0|    0|   none  |
    +---------+---------+----------+----------+-----+-----+---------+

    + Detail: 
        * Instance: 
        N/A

        * Loop: 
        N/A

============================================================
+ Verbose Summary: Synthesis Manager
============================================================
InlineROM: 1
ExposeGlobal: 0
============================================================
+ Verbose Summary: CDFG Model
============================================================
IsTopModel: 0
ResetActiveHigh: 1
IsCombinational: 2
IsDatapathOnly: 0
HasWiredReturn: 1
HasMFsm: 0
HasVarLatency: 0
IsPipeline: 0
IsRtlPipelined: 0
IsInstanceOverlapped: 0
IsDontTouch: 0
HasImplIP: 0
IsGatedGlobalClock: 0


============================================================
+ Verbose Summary: Schedule
============================================================
* Number of FSM states : 1
* Pipeline : 0
* Dataflow Pipeline: 0

* FSM state transitions: 
1 --> 

* FSM state operations: 

State 1 <SV = 0> <Delay = 2.10>
ST_1 : Operation 2 [1/1] (0.00ns)   --->   "%specinterface_ln0 = specinterface void @_ssdm_op_SpecInterface, i64 %img_in_out, void @ap_fifo_str, i32, i32, void @p_str, i32, i32, void @p_str, void @p_str, void @p_str, i32, i32, i32, i32, void @p_str, void @ScalarProp_str"   --->   Operation 2 'specinterface' 'specinterface_ln0' <Predicate = true> <Delay = 0.00>
ST_1 : Operation 3 [1/1] (0.00ns)   --->   "%width_read = read i32 @_ssdm_op_Read.ap_auto.i32, i32 %width"   --->   Operation 3 'read' 'width_read' <Predicate = true> <Delay = 0.00>
ST_1 : Operation 4 [1/1] (0.00ns)   --->   "%height_read = read i32 @_ssdm_op_Read.ap_auto.i32, i32 %height"   --->   Operation 4 'read' 'height_read' <Predicate = true> <Delay = 0.00>
ST_1 : Operation 5 [1/1] (0.00ns)   --->   "%img_out_read = read i64 @_ssdm_op_Read.ap_auto.i64, i64 %img_out"   --->   Operation 5 'read' 'img_out_read' <Predicate = true> <Delay = 0.00>
ST_1 : Operation 6 [1/1] (0.00ns)   --->   "%process_shape_read = read i64 @_ssdm_op_Read.ap_auto.i64, i64 %process_shape"   --->   Operation 6 'read' 'process_shape_read' <Predicate = true> <Delay = 0.00>
ST_1 : Operation 7 [1/1] (0.00ns)   --->   "%img_in_read = read i64 @_ssdm_op_Read.ap_auto.i64, i64 %img_in"   --->   Operation 7 'read' 'img_in_read' <Predicate = true> <Delay = 0.00>
ST_1 : Operation 8 [1/1] (2.10ns)   --->   "%write_ln0 = write void @_ssdm_op_Write.ap_fifo.i64P, i64 %img_in_out, i64 %img_in_read"   --->   Operation 8 'write' 'write_ln0' <Predicate = true> <Delay = 2.10> <CoreInst = "FIFO_SRL">   --->   Core 21 'FIFO_SRL' <Latency = 0> <II = 1> <Delay = 2.10> <Storage> <Opcode : 'read' 'write' 'nbread' 'nbwrite'> <Ports = 0> <Width = 64> <Depth = 3> <FIFO>
ST_1 : Operation 9 [1/1] (0.00ns)   --->   "%specinterface_ln0 = specinterface void @_ssdm_op_SpecInterface, i64 %process_shape_out, void @ap_fifo_str, i32, i32, void @p_str, i32, i32, void @p_str, void @p_str, void @p_str, i32, i32, i32, i32, void @p_str, void @ScalarProp_str"   --->   Operation 9 'specinterface' 'specinterface_ln0' <Predicate = true> <Delay = 0.00>
ST_1 : Operation 10 [1/1] (2.10ns)   --->   "%write_ln0 = write void @_ssdm_op_Write.ap_fifo.i64P, i64 %process_shape_out, i64 %process_shape_read"   --->   Operation 10 'write' 'write_ln0' <Predicate = true> <Delay = 2.10> <CoreInst = "FIFO_SRL">   --->   Core 21 'FIFO_SRL' <Latency = 0> <II = 1> <Delay = 2.10> <Storage> <Opcode : 'read' 'write' 'nbread' 'nbwrite'> <Ports = 0> <Width = 64> <Depth = 2> <FIFO>
ST_1 : Operation 11 [1/1] (0.00ns)   --->   "%specinterface_ln0 = specinterface void @_ssdm_op_SpecInterface, i64 %img_out_out, void @ap_fifo_str, i32, i32, void @p_str, i32, i32, void @p_str, void @p_str, void @p_str, i32, i32, i32, i32, void @p_str, void @ScalarProp_str"   --->   Operation 11 'specinterface' 'specinterface_ln0' <Predicate = true> <Delay = 0.00>
ST_1 : Operation 12 [1/1] (2.04ns)   --->   "%write_ln0 = write void @_ssdm_op_Write.ap_fifo.i64P, i64 %img_out_out, i64 %img_out_read"   --->   Operation 12 'write' 'write_ln0' <Predicate = true> <Delay = 2.04> <CoreInst = "FIFO_SRL">   --->   Core 21 'FIFO_SRL' <Latency = 0> <II = 1> <Delay = 2.04> <Storage> <Opcode : 'read' 'write' 'nbread' 'nbwrite'> <Ports = 0> <Width = 64> <Depth = 5> <FIFO>
ST_1 : Operation 13 [1/1] (0.00ns)   --->   "%specinterface_ln0 = specinterface void @_ssdm_op_SpecInterface, i32 %height_out, void @ap_fifo_str, i32, i32, void @p_str, i32, i32, void @p_str, void @p_str, void @p_str, i32, i32, i32, i32, void @p_str, void @ScalarProp_str"   --->   Operation 13 'specinterface' 'specinterface_ln0' <Predicate = true> <Delay = 0.00>
ST_1 : Operation 14 [1/1] (2.10ns)   --->   "%write_ln0 = write void @_ssdm_op_Write.ap_fifo.i32P, i32 %height_out, i32 %height_read"   --->   Operation 14 'write' 'write_ln0' <Predicate = true> <Delay = 2.10> <CoreInst = "FIFO_SRL">   --->   Core 21 'FIFO_SRL' <Latency = 0> <II = 1> <Delay = 2.10> <Storage> <Opcode : 'read' 'write' 'nbread' 'nbwrite'> <Ports = 0> <Width = 32> <Depth = 2> <FIFO>
ST_1 : Operation 15 [1/1] (0.00ns)   --->   "%specinterface_ln0 = specinterface void @_ssdm_op_SpecInterface, i32 %width_out, void @ap_fifo_str, i32, i32, void @p_str, i32, i32, void @p_str, void @p_str, void @p_str, i32, i32, i32, i32, void @p_str, void @ScalarProp_str"   --->   Operation 15 'specinterface' 'specinterface_ln0' <Predicate = true> <Delay = 0.00>
ST_1 : Operation 16 [1/1] (2.10ns)   --->   "%write_ln0 = write void @_ssdm_op_Write.ap_fifo.i32P, i32 %width_out, i32 %width_read"   --->   Operation 16 'write' 'write_ln0' <Predicate = true> <Delay = 2.10> <CoreInst = "FIFO_SRL">   --->   Core 21 'FIFO_SRL' <Latency = 0> <II = 1> <Delay = 2.10> <Storage> <Opcode : 'read' 'write' 'nbread' 'nbwrite'> <Ports = 0> <Width = 32> <Depth = 2> <FIFO>
ST_1 : Operation 17 [1/1] (0.00ns)   --->   "%ret_ln0 = ret"   --->   Operation 17 'ret' 'ret_ln0' <Predicate = true> <Delay = 0.00>


============================================================
+ Verbose Summary: Binding
============================================================
STG Binding: 
---------------- STG Properties BEGIN ----------------
- Is combinational: 0
- Is one-state seq: 1
- Is datapath-only: 0
- Is pipelined: 0
- Is top level: 0
Port [ Return ] is wired: 1; IO mode=ap_ctrl_hs:ce=0
Port [ img_in]:  wired=1; compound=0; hidden=0; nouse=0; global=0; static=0; extern=0; dir=0; type=0; pingpong=0; private_global=0; IO mode=ap_none:ce=0
Port [ process_shape]:  wired=1; compound=0; hidden=0; nouse=0; global=0; static=0; extern=0; dir=0; type=0; pingpong=0; private_global=0; IO mode=ap_none:ce=0
Port [ img_out]:  wired=1; compound=0; hidden=0; nouse=0; global=0; static=0; extern=0; dir=0; type=0; pingpong=0; private_global=0; IO mode=ap_none:ce=0
Port [ height]:  wired=1; compound=0; hidden=0; nouse=0; global=0; static=0; extern=0; dir=0; type=0; pingpong=0; private_global=0; IO mode=ap_none:ce=0
Port [ width]:  wired=1; compound=0; hidden=0; nouse=0; global=0; static=0; extern=0; dir=0; type=0; pingpong=0; private_global=0; IO mode=ap_none:ce=0
Port [ img_in_out]:  wired=1; compound=1; hidden=0; nouse=0; global=0; static=0; extern=0; dir=1; type=3; pingpong=0; private_global=0; IO mode=ap_fifo:ce=0
Port [ process_shape_out]:  wired=1; compound=1; hidden=0; nouse=0; global=0; static=0; extern=0; dir=1; type=3; pingpong=0; private_global=0; IO mode=ap_fifo:ce=0
Port [ img_out_out]:  wired=1; compound=1; hidden=0; nouse=0; global=0; static=0; extern=0; dir=1; type=3; pingpong=0; private_global=0; IO mode=ap_fifo:ce=0
Port [ height_out]:  wired=1; compound=1; hidden=0; nouse=0; global=0; static=0; extern=0; dir=1; type=3; pingpong=0; private_global=0; IO mode=ap_fifo:ce=0
Port [ width_out]:  wired=1; compound=1; hidden=0; nouse=0; global=0; static=0; extern=0; dir=1; type=3; pingpong=0; private_global=0; IO mode=ap_fifo:ce=0
---------------- STG Properties END ------------------

---------------- Datapath Model BEGIN ----------------

<LifeTime>
<method=bitvector/>
specinterface_ln0  (specinterface) [ 00]
width_read         (read         ) [ 00]
height_read        (read         ) [ 00]
img_out_read       (read         ) [ 00]
process_shape_read (read         ) [ 00]
img_in_read        (read         ) [ 00]
write_ln0          (write        ) [ 00]
specinterface_ln0  (specinterface) [ 00]
write_ln0          (write        ) [ 00]
specinterface_ln0  (specinterface) [ 00]
write_ln0          (write        ) [ 00]
specinterface_ln0  (specinterface) [ 00]
write_ln0          (write        ) [ 00]
specinterface_ln0  (specinterface) [ 00]
write_ln0          (write        ) [ 00]
ret_ln0            (ret          ) [ 00]
</LifeTime>

<model>

<comp_list>
<comp id="0" class="1000" name="img_in">
<pin_list>
<pin id="1" dir="1" index="0" bw="1" slack="0"/>
</pin_list>
<bind>
<StgValue><ssdm name="img_in"/></StgValue>
</bind>
</comp>

<comp id="2" class="1000" name="process_shape">
<pin_list>
<pin id="3" dir="1" index="0" bw="1" slack="0"/>
</pin_list>
<bind>
<StgValue><ssdm name="process_shape"/></StgValue>
</bind>
</comp>

<comp id="4" class="1000" name="img_out">
<pin_list>
<pin id="5" dir="1" index="0" bw="1" slack="0"/>
</pin_list>
<bind>
<StgValue><ssdm name="img_out"/></StgValue>
</bind>
</comp>

<comp id="6" class="1000" name="height">
<pin_list>
<pin id="7" dir="1" index="0" bw="1" slack="0"/>
</pin_list>
<bind>
<StgValue><ssdm name="height"/></StgValue>
</bind>
</comp>

<comp id="8" class="1000" name="width">
<pin_list>
<pin id="9" dir="1" index="0" bw="1" slack="0"/>
</pin_list>
<bind>
<StgValue><ssdm name="width"/></StgValue>
</bind>
</comp>

<comp id="10" class="1000" name="img_in_out">
<pin_list>
<pin id="11" dir="1" index="0" bw="1" slack="0"/>
</pin_list>
<bind>
<StgValue><ssdm name="img_in_out"/></StgValue>
</bind>
</comp>

<comp id="12" class="1000" name="process_shape_out">
<pin_list>
<pin id="13" dir="1" index="0" bw="1" slack="0"/>
</pin_list>
<bind>
<StgValue><ssdm name="process_shape_out"/></StgValue>
</bind>
</comp>

<comp id="14" class="1000" name="img_out_out">
<pin_list>
<pin id="15" dir="1" index="0" bw="1" slack="0"/>
</pin_list>
<bind>
<StgValue><ssdm name="img_out_out"/></StgValue>
</bind>
</comp>

<comp id="16" class="1000" name="height_out">
<pin_list>
<pin id="17" dir="1" index="0" bw="1" slack="0"/>
</pin_list>
<bind>
<StgValue><ssdm name="height_out"/></StgValue>
</bind>
</comp>

<comp id="18" class="1000" name="width_out">
<pin_list>
<pin id="19" dir="1" index="0" bw="1" slack="0"/>
</pin_list>
<bind>
<StgValue><ssdm name="width_out"/></StgValue>
</bind>
</comp>

<comp id="20" class="1001" name="const_20">
<pin_list>
<pin id="21" dir="1" index="0" bw="1" slack="2147483647"/>
</pin_list>
<bind>
<StgValue><ssdm name="_ssdm_op_SpecInterface"/></StgValue>
</bind>
</comp>

<comp id="22" class="1001" name="const_22">
<pin_list>
<pin id="23" dir="1" index="0" bw="1" slack="2147483647"/>
</pin_list>
<bind>
<StgValue><ssdm name="ap_fifo_str"/></StgValue>
</bind>
</comp>

<comp id="24" class="1001" name="const_24">
<pin_list>
<pin id="25" dir="1" index="0" bw="1" slack="2147483647"/>
</pin_list>
<bind>
<StgValue><ssdm name=""/></StgValue>
</bind>
</comp>

<comp id="26" class="1001" name="const_26">
<pin_list>
<pin id="27" dir="1" index="0" bw="1" slack="2147483647"/>
</pin_list>
<bind>
<StgValue><ssdm name="p_str"/></StgValue>
</bind>
</comp>

<comp id="28" class="1001" name="const_28">
<pin_list>
<pin id="29" dir="1" index="0" bw="1" slack="2147483647"/>
</pin_list>
<bind>
<StgValue><ssdm name=""/></StgValue>
</bind>
</comp>

<comp id="30" class="1001" name="const_30">
<pin_list>
<pin id="31" dir="1" index="0" bw="1" slack="2147483647"/>
</pin_list>
<bind>
<StgValue><ssdm name=""/></StgValue>
</bind>
</comp>

<comp id="32" class="1001" name="const_32">
<pin_list>
<pin id="33" dir="1" index="0" bw="1" slack="2147483647"/>
</pin_list>
<bind>
<StgValue><ssdm name="ScalarProp_str"/></StgValue>
</bind>
</comp>

<comp id="34" class="1001" name="const_34">
<pin_list>
<pin id="35" dir="1" index="0" bw="1" slack="0"/>
</pin_list>
<bind>
<StgValue><ssdm name="_ssdm_op_Read.ap_auto.i32"/></StgValue>
</bind>
</comp>

<comp id="36" class="1001" name="const_36">
<pin_list>
<pin id="37" dir="1" index="0" bw="1" slack="0"/>
</pin_list>
<bind>
<StgValue><ssdm name="_ssdm_op_Read.ap_auto.i64"/></StgValue>
</bind>
</comp>

<comp id="38" class="1001" name="const_38">
<pin_list>
<pin id="39" dir="1" index="0" bw="1" slack="0"/>
</pin_list>
<bind>
<StgValue><ssdm name="_ssdm_op_Write.ap_fifo.i64P"/></StgValue>
</bind>
</comp>

<comp id="40" class="1001" name="const_40">
<pin_list>
<pin id="41" dir="1" index="0" bw="1" slack="0"/>
</pin_list>
<bind>
<StgValue><ssdm name="_ssdm_op_Write.ap_fifo.i32P"/></StgValue>
</bind>
</comp>

<comp id="42" class="1004" name="width_read_read_fu_42">
<pin_list>
<pin id="43" dir="0" index="0" bw="32" slack="0"/>
<pin id="44" dir="0" index="1" bw="32" slack="0"/>
<pin id="45" dir="1" index="2" bw="32" slack="0"/>
</pin_list>
<bind>
<opcode="read(1150) " fcode="read"/>
<opset="width_read/1 "/>
</bind>
</comp>

<comp id="48" class="1004" name="height_read_read_fu_48">
<pin_list>
<pin id="49" dir="0" index="0" bw="32" slack="0"/>
<pin id="50" dir="0" index="1" bw="32" slack="0"/>
<pin id="51" dir="1" index="2" bw="32" slack="0"/>
</pin_list>
<bind>
<opcode="read(1150) " fcode="read"/>
<opset="height_read/1 "/>
</bind>
</comp>

<comp id="54" class="1004" name="img_out_read_read_fu_54">
<pin_list>
<pin id="55" dir="0" index="0" bw="64" slack="0"/>
<pin id="56" dir="0" index="1" bw="64" slack="0"/>
<pin id="57" dir="1" index="2" bw="64" slack="0"/>
</pin_list>
<bind>
<opcode="read(1150) " fcode="read"/>
<opset="img_out_read/1 "/>
</bind>
</comp>

<comp id="60" class="1004" name="process_shape_read_read_fu_60">
<pin_list>
<pin id="61" dir="0" index="0" bw="64" slack="0"/>
<pin id="62" dir="0" index="1" bw="64" slack="0"/>
<pin id="63" dir="1" index="2" bw="64" slack="0"/>
</pin_list>
<bind>
<opcode="read(1150) " fcode="read"/>
<opset="process_shape_read/1 "/>
</bind>
</comp>

<comp id="66" class="1004" name="img_in_read_read_fu_66">
<pin_list>
<pin id="67" dir="0" index="0" bw="64" slack="0"/>
<pin id="68" dir="0" index="1" bw="64" slack="0"/>
<pin id="69" dir="1" index="2" bw="64" slack="0"/>
</pin_list>
<bind>
<opcode="read(1150) " fcode="read"/>
<opset="img_in_read/1 "/>
</bind>
</comp>

<comp id="72" class="1004" name="write_ln0_write_fu_72">
<pin_list>
<pin id="73" dir="0" index="0" bw="0" slack="0"/>
<pin id="74" dir="0" index="1" bw="64" slack="0"/>
<pin id="75" dir="0" index="2" bw="64" slack="0"/>
<pin id="76" dir="1" index="3" bw="0" slack="2147483647"/>
</pin_list>
<bind>
<opcode="write(1151) " fcode="write"/>
<opset="write_ln0/1 "/>
</bind>
</comp>

<comp id="80" class="1004" name="write_ln0_write_fu_80">
<pin_list>
<pin id="81" dir="0" index="0" bw="0" slack="0"/>
<pin id="82" dir="0" index="1" bw="64" slack="0"/>
<pin id="83" dir="0" index="2" bw="64" slack="0"/>
<pin id="84" dir="1" index="3" bw="0" slack="2147483647"/>
</pin_list>
<bind>
<opcode="write(1151) " fcode="write"/>
<opset="write_ln0/1 "/>
</bind>
</comp>

<comp id="88" class="1004" name="write_ln0_write_fu_88">
<pin_list>
<pin id="89" dir="0" index="0" bw="0" slack="0"/>
<pin id="90" dir="0" index="1" bw="64" slack="0"/>
<pin id="91" dir="0" index="2" bw="64" slack="0"/>
<pin id="92" dir="1" index="3" bw="0" slack="2147483647"/>
</pin_list>
<bind>
<opcode="write(1151) " fcode="write"/>
<opset="write_ln0/1 "/>
</bind>
</comp>

<comp id="96" class="1004" name="write_ln0_write_fu_96">
<pin_list>
<pin id="97" dir="0" index="0" bw="0" slack="0"/>
<pin id="98" dir="0" index="1" bw="32" slack="0"/>
<pin id="99" dir="0" index="2" bw="32" slack="0"/>
<pin id="100" dir="1" index="3" bw="0" slack="2147483647"/>
</pin_list>
<bind>
<opcode="write(1151) " fcode="write"/>
<opset="write_ln0/1 "/>
</bind>
</comp>

<comp id="104" class="1004" name="write_ln0_write_fu_104">
<pin_list>
<pin id="105" dir="0" index="0" bw="0" slack="0"/>
<pin id="106" dir="0" index="1" bw="32" slack="0"/>
<pin id="107" dir="0" index="2" bw="32" slack="0"/>
<pin id="108" dir="1" index="3" bw="0" slack="2147483647"/>
</pin_list>
<bind>
<opcode="write(1151) " fcode="write"/>
<opset="write_ln0/1 "/>
</bind>
</comp>

</comp_list>

<net_list>
<net id="46"><net_src comp="34" pin="0"/><net_sink comp="42" pin=0"/></net>

<net id="47"><net_src comp="8" pin="0"/><net_sink comp="42" pin=1"/></net>

<net id="52"><net_src comp="34" pin="0"/><net_sink comp="48" pin=0"/></net>

<net id="53"><net_src comp="6" pin="0"/><net_sink comp="48" pin=1"/></net>

<net id="58"><net_src comp="36" pin="0"/><net_sink comp="54" pin=0"/></net>

<net id="59"><net_src comp="4" pin="0"/><net_sink comp="54" pin=1"/></net>

<net id="64"><net_src comp="36" pin="0"/><net_sink comp="60" pin=0"/></net>

<net id="65"><net_src comp="2" pin="0"/><net_sink comp="60" pin=1"/></net>

<net id="70"><net_src comp="36" pin="0"/><net_sink comp="66" pin=0"/></net>

<net id="71"><net_src comp="0" pin="0"/><net_sink comp="66" pin=1"/></net>

<net id="77"><net_src comp="38" pin="0"/><net_sink comp="72" pin=0"/></net>

<net id="78"><net_src comp="10" pin="0"/><net_sink comp="72" pin=1"/></net>

<net id="79"><net_src comp="66" pin="2"/><net_sink comp="72" pin=2"/></net>

<net id="85"><net_src comp="38" pin="0"/><net_sink comp="80" pin=0"/></net>

<net id="86"><net_src comp="12" pin="0"/><net_sink comp="80" pin=1"/></net>

<net id="87"><net_src comp="60" pin="2"/><net_sink comp="80" pin=2"/></net>

<net id="93"><net_src comp="38" pin="0"/><net_sink comp="88" pin=0"/></net>

<net id="94"><net_src comp="14" pin="0"/><net_sink comp="88" pin=1"/></net>

<net id="95"><net_src comp="54" pin="2"/><net_sink comp="88" pin=2"/></net>

<net id="101"><net_src comp="40" pin="0"/><net_sink comp="96" pin=0"/></net>

<net id="102"><net_src comp="16" pin="0"/><net_sink comp="96" pin=1"/></net>

<net id="103"><net_src comp="48" pin="2"/><net_sink comp="96" pin=2"/></net>

<net id="109"><net_src comp="40" pin="0"/><net_sink comp="104" pin=0"/></net>

<net id="110"><net_src comp="18" pin="0"/><net_sink comp="104" pin=1"/></net>

<net id="111"><net_src comp="42" pin="2"/><net_sink comp="104" pin=2"/></net>

</net_list>

</model> 
---------------- Datapath Model END ------------------

* FSMD analyzer results:
  - Output states:
	Port: img_in_out | {1 }
	Port: process_shape_out | {1 }
	Port: img_out_out | {1 }
	Port: height_out | {1 }
	Port: width_out | {1 }
 - Input state : 
	Port: erosion_accel.entry39 : img_in | {1 }
	Port: erosion_accel.entry39 : process_shape | {1 }
	Port: erosion_accel.entry39 : img_out | {1 }
	Port: erosion_accel.entry39 : height | {1 }
	Port: erosion_accel.entry39 : width | {1 }
  - Chain level:
	State 1


============================================================
+ Verbose Summary: Datapath Resource usage 
============================================================

* Functional unit list:
|----------|-------------------------------|
| Operation|        Functional Unit        |
|----------|-------------------------------|
|          |     width_read_read_fu_42     |
|          |     height_read_read_fu_48    |
|   read   |    img_out_read_read_fu_54    |
|          | process_shape_read_read_fu_60 |
|          |     img_in_read_read_fu_66    |
|----------|-------------------------------|
|          |     write_ln0_write_fu_72     |
|          |     write_ln0_write_fu_80     |
|   write  |     write_ln0_write_fu_88     |
|          |     write_ln0_write_fu_96     |
|          |     write_ln0_write_fu_104    |
|----------|-------------------------------|
|   Total  |                               |
|----------|-------------------------------|

Memories:
N/A

* Register list:
N/A

* Multiplexer (MUX) list: 
|--------|------|------|------|--------|
|  Comp  |  Pin | Size |  BW  | S x BW |
|--------|------|------|------|--------|
|  Total |      |      |      |    0   |
|--------|------|------|------|--------|



* Summary:
+-----------+
|           |
+-----------+
|  Function |
|   Memory  |
|Multiplexer|
|  Register |
+-----------+
|   Total   |
+-----------+
