

================================================================
== Vitis HLS Report for 'MatStream2AxiStream'
================================================================
* Date:           Fri Jan 22 14:16:56 2021

* Version:        2020.1 (Build 2902540 on Wed May 27 20:16:15 MDT 2020)
* Project:        erosion
* Solution:       solution1 (Vivado IP Flow Target)
* Product family: virtexuplus
* Target device:  xcvu11p-flga2577-1-e


================================================================
== Performance Estimates
================================================================
+ Timing: 
    * Summary: 
    +--------+----------+----------+------------+
    |  Clock |  Target  | Estimated| Uncertainty|
    +--------+----------+----------+------------+
    |ap_clk  | 10.00 ns | 6.002 ns |   2.70 ns  |
    +--------+----------+----------+------------+

+ Latency: 
    * Summary: 
    +---------+---------+-----------+----------+-----+-------+---------+
    |  Latency (cycles) |  Latency (absolute)  |   Interval  | Pipeline|
    |   min   |   max   |    min    |    max   | min |  max  |   Type  |
    +---------+---------+-----------+----------+-----+-------+---------+
    |        3|    16386| 30.000 ns | 0.164 ms |    3|  16386|   none  |
    +---------+---------+-----------+----------+-----+-------+---------+

    + Detail: 
        * Instance: 
        N/A

        * Loop: 
        +-----------------------------+---------+---------+----------+-----------+-----------+-----------+----------+
        |                             |  Latency (cycles) | Iteration|  Initiation Interval  |    Trip   |          |
        |          Loop Name          |   min   |   max   |  Latency |  achieved |   target  |   Count   | Pipelined|
        +-----------------------------+---------+---------+----------+-----------+-----------+-----------+----------+
        |- MMIterOutRow_MMIterOutCol  |        1|    16384|         2|          1|          1| 1 ~ 16384 |    yes   |
        +-----------------------------+---------+---------+----------+-----------+-----------+-----------+----------+

============================================================
+ Verbose Summary: Synthesis Manager
============================================================
InlineROM: 1
ExposeGlobal: 0
============================================================
+ Verbose Summary: CDFG Model
============================================================
IsTopModel: 0
ResetActiveHigh: 1
IsCombinational: 2
IsDatapathOnly: 0
HasWiredReturn: 1
HasMFsm: 0
HasVarLatency: 1
IsPipeline: 0
IsRtlPipelined: 0
IsInstanceOverlapped: 0
IsDontTouch: 0
HasImplIP: 0
IsGatedGlobalClock: 0

+ Individual pipeline summary: 
  * Pipeline-0: initiation interval (II) = 1, depth = 2


============================================================
+ Verbose Summary: Schedule
============================================================
* Number of FSM states : 4
* Pipeline : 1
  Pipeline-0 : II = 1, D = 2, States = { 2 3 }
* Dataflow Pipeline: 0

* FSM state transitions: 
1 --> 2 
2 --> 4 3 
3 --> 2 
4 --> 

* FSM state operations: 

State 1 <SV = 0> <Delay = 6.00>
ST_1 : Operation 5 [1/1] (0.00ns)   --->   "%p_0 = alloca i32"   --->   Operation 5 'alloca' 'p_0' <Predicate = true> <Delay = 0.00>
ST_1 : Operation 6 [1/1] (0.00ns)   --->   "%last_blk_width_read = read i4 @_ssdm_op_Read.ap_auto.volatile.i4P, i4 %last_blk_width" [F:/Vitis_Libraries/vision/L1/include\common/xf_structs.hpp:1231->F:/Vitis_Libraries/vision/L1/include\common/xf_structs.hpp:1281]   --->   Operation 6 'read' 'last_blk_width_read' <Predicate = true> <Delay = 0.00>
ST_1 : Operation 7 [1/1] (0.00ns)   --->   "%specinterface_ln0 = specinterface void @_ssdm_op_SpecInterface, i8 %imgOutput_418, void @empty_0, i32, i32, void @empty_21, i32, i32, void @empty_21, void @empty_21, void @empty_21, i32, i32, i32, i32, void @empty_21, void @empty_21"   --->   Operation 7 'specinterface' 'specinterface_ln0' <Predicate = true> <Delay = 0.00>
ST_1 : Operation 8 [1/1] (0.00ns)   --->   "%specinterface_ln0 = specinterface void @_ssdm_op_SpecInterface, i8 %ldata1, void @empty_0, i32, i32, void @empty_21, i32, i32, void @empty_21, void @empty_21, void @empty_21, i32, i32, i32, i32, void @empty_21, void @empty_21"   --->   Operation 8 'specinterface' 'specinterface_ln0' <Predicate = true> <Delay = 0.00>
ST_1 : Operation 9 [1/1] (0.00ns)   --->   "%specinterface_ln0 = specinterface void @_ssdm_op_SpecInterface, i32 %cols_bound_per_npc, void @ap_fifo_str, i32, i32, void @p_str, i32, i32, void @p_str, void @p_str, void @p_str, i32, i32, i32, i32, void @p_str, void @ScalarProp_str"   --->   Operation 9 'specinterface' 'specinterface_ln0' <Predicate = true> <Delay = 0.00>
ST_1 : Operation 10 [1/1] (0.00ns)   --->   "%specinterface_ln0 = specinterface void @_ssdm_op_SpecInterface, i32 %rows, void @ap_fifo_str, i32, i32, void @p_str, i32, i32, void @p_str, void @p_str, void @p_str, i32, i32, i32, i32, void @p_str, void @ScalarProp_str"   --->   Operation 10 'specinterface' 'specinterface_ln0' <Predicate = true> <Delay = 0.00>
ST_1 : Operation 11 [1/1] (2.10ns)   --->   "%rows_1 = read i32 @_ssdm_op_Read.ap_fifo.i32P, i32 %rows" [F:/Vitis_Libraries/vision/L1/include\common/xf_structs.hpp:1233]   --->   Operation 11 'read' 'rows_1' <Predicate = true> <Delay = 2.10> <CoreInst = "FIFO_SRL">   --->   Core 21 'FIFO_SRL' <Latency = 0> <II = 1> <Delay = 2.10> <Storage> <Opcode : 'read' 'write' 'nbread' 'nbwrite'> <Ports = 0> <Width = 32> <Depth = 2> <FIFO>
ST_1 : Operation 12 [1/1] (2.10ns)   --->   "%cols_bound_per_npc_1 = read i32 @_ssdm_op_Read.ap_fifo.i32P, i32 %cols_bound_per_npc" [F:/Vitis_Libraries/vision/L1/include\common/xf_structs.hpp:1234]   --->   Operation 12 'read' 'cols_bound_per_npc_1' <Predicate = true> <Delay = 2.10> <CoreInst = "FIFO_SRL">   --->   Core 21 'FIFO_SRL' <Latency = 0> <II = 1> <Delay = 2.10> <Storage> <Opcode : 'read' 'write' 'nbread' 'nbwrite'> <Ports = 0> <Width = 32> <Depth = 2> <FIFO>
ST_1 : Operation 13 [1/1] (0.00ns)   --->   "%specinterface_ln0 = specinterface void @_ssdm_op_SpecInterface, i8 %imgOutput_418, void @empty_0, i32, i32, void @empty_21, i32, i32, void @empty_21, void @empty_21, void @empty_21, i32, i32, i32, i32, void @empty_21, void @empty_21"   --->   Operation 13 'specinterface' 'specinterface_ln0' <Predicate = true> <Delay = 0.00>
ST_1 : Operation 14 [1/1] (0.00ns)   --->   "%specinterface_ln0 = specinterface void @_ssdm_op_SpecInterface, i8 %ldata1, void @empty_0, i32, i32, void @empty_21, i32, i32, void @empty_21, void @empty_21, void @empty_21, i32, i32, i32, i32, void @empty_21, void @empty_21"   --->   Operation 14 'specinterface' 'specinterface_ln0' <Predicate = true> <Delay = 0.00>
ST_1 : Operation 15 [1/1] (1.14ns)   --->   "%sub_i = add i32 %cols_bound_per_npc_1, i32" [F:/Vitis_Libraries/vision/L1/include\common/xf_structs.hpp:1234]   --->   Operation 15 'add' 'sub_i' <Predicate = true> <Delay = 1.14> <CoreInst = "Adder">   --->   Core 1 'Adder' <Latency = 0> <II = 1> <Delay = 1.14> <FuncUnit> <Opcode : 'add' 'sub'> <InPorts = 2> <OutPorts = 1>
ST_1 : Operation 16 [1/1] (0.00ns)   --->   "%zext_ln1231 = zext i32 %rows_1" [F:/Vitis_Libraries/vision/L1/include\common/xf_structs.hpp:1231->F:/Vitis_Libraries/vision/L1/include\common/xf_structs.hpp:1281]   --->   Operation 16 'zext' 'zext_ln1231' <Predicate = true> <Delay = 0.00>
ST_1 : Operation 17 [1/1] (0.00ns)   --->   "%zext_ln1231_1 = zext i32 %cols_bound_per_npc_1" [F:/Vitis_Libraries/vision/L1/include\common/xf_structs.hpp:1231->F:/Vitis_Libraries/vision/L1/include\common/xf_structs.hpp:1281]   --->   Operation 17 'zext' 'zext_ln1231_1' <Predicate = true> <Delay = 0.00>
ST_1 : Operation 18 [1/1] (3.90ns)   --->   "%mul_ln1231 = mul i64 %zext_ln1231_1, i64 %zext_ln1231" [F:/Vitis_Libraries/vision/L1/include\common/xf_structs.hpp:1231->F:/Vitis_Libraries/vision/L1/include\common/xf_structs.hpp:1281]   --->   Operation 18 'mul' 'mul_ln1231' <Predicate = true> <Delay = 3.90> <CoreInst = "Multiplier">   --->   Core 4 'Multiplier' <Latency = 0> <II = 1> <Delay = 3.90> <FuncUnit> <Opcode : 'mul'> <InPorts = 2> <OutPorts = 1>
ST_1 : Operation 19 [1/1] (0.79ns)   --->   "%store_ln1241 = store i8, i8 %p_0" [F:/Vitis_Libraries/vision/L1/include\common/xf_structs.hpp:1241->F:/Vitis_Libraries/vision/L1/include\common/xf_structs.hpp:1281]   --->   Operation 19 'store' 'store_ln1241' <Predicate = true> <Delay = 0.79>
ST_1 : Operation 20 [1/1] (0.73ns)   --->   "%br_ln1241 = br void" [F:/Vitis_Libraries/vision/L1/include\common/xf_structs.hpp:1241->F:/Vitis_Libraries/vision/L1/include\common/xf_structs.hpp:1281]   --->   Operation 20 'br' 'br_ln1241' <Predicate = true> <Delay = 0.73>

State 2 <SV = 1> <Delay = 3.61>
ST_2 : Operation 21 [1/1] (0.00ns)   --->   "%indvar_flatten = phi i64, void %entry, i64 %add_ln1241, void" [F:/Vitis_Libraries/vision/L1/include\common/xf_structs.hpp:1241->F:/Vitis_Libraries/vision/L1/include\common/xf_structs.hpp:1281]   --->   Operation 21 'phi' 'indvar_flatten' <Predicate = true> <Delay = 0.00>
ST_2 : Operation 22 [1/1] (0.00ns)   --->   "%j = phi i31, void %entry, i31 %j_1, void"   --->   Operation 22 'phi' 'j' <Predicate = true> <Delay = 0.00>
ST_2 : Operation 23 [1/1] (0.00ns)   --->   "%empty = phi i4, void %entry, i4 %add_ln216, void"   --->   Operation 23 'phi' 'empty' <Predicate = true> <Delay = 0.00>
ST_2 : Operation 24 [1/1] (0.00ns)   --->   "%zext_ln1246 = zext i31 %j" [F:/Vitis_Libraries/vision/L1/include\common/xf_structs.hpp:1246->F:/Vitis_Libraries/vision/L1/include\common/xf_structs.hpp:1281]   --->   Operation 24 'zext' 'zext_ln1246' <Predicate = true> <Delay = 0.00>
ST_2 : Operation 25 [1/1] (0.80ns)   --->   "%icmp_ln1246 = icmp_slt  i32 %zext_ln1246, i32 %cols_bound_per_npc_1" [F:/Vitis_Libraries/vision/L1/include\common/xf_structs.hpp:1246->F:/Vitis_Libraries/vision/L1/include\common/xf_structs.hpp:1281]   --->   Operation 25 'icmp' 'icmp_ln1246' <Predicate = true> <Delay = 0.80> <CoreInst = "Cmp">   --->   Core 10 'Cmp' <Latency = 0> <II = 1> <Delay = 0.72> <FuncUnit> <Opcode : 'icmp'> <InPorts = 2> <OutPorts = 1>
ST_2 : Operation 26 [1/1] (1.14ns)   --->   "%icmp_ln1241 = icmp_eq  i64 %indvar_flatten, i64 %mul_ln1231" [F:/Vitis_Libraries/vision/L1/include\common/xf_structs.hpp:1241->F:/Vitis_Libraries/vision/L1/include\common/xf_structs.hpp:1281]   --->   Operation 26 'icmp' 'icmp_ln1241' <Predicate = true> <Delay = 1.14> <CoreInst = "Cmp">   --->   Core 10 'Cmp' <Latency = 0> <II = 1> <Delay = 0.72> <FuncUnit> <Opcode : 'icmp'> <InPorts = 2> <OutPorts = 1>
ST_2 : Operation 27 [1/1] (1.36ns)   --->   "%add_ln1241 = add i64 %indvar_flatten, i64" [F:/Vitis_Libraries/vision/L1/include\common/xf_structs.hpp:1241->F:/Vitis_Libraries/vision/L1/include\common/xf_structs.hpp:1281]   --->   Operation 27 'add' 'add_ln1241' <Predicate = true> <Delay = 1.36> <CoreInst = "Adder">   --->   Core 1 'Adder' <Latency = 0> <II = 1> <Delay = 1.14> <FuncUnit> <Opcode : 'add' 'sub'> <InPorts = 2> <OutPorts = 1>
ST_2 : Operation 28 [1/1] (0.00ns)   --->   "%br_ln1241 = br i1 %icmp_ln1241, void %._crit_edge.loopexit.i, void %._crit_edge244.loopexit.i" [F:/Vitis_Libraries/vision/L1/include\common/xf_structs.hpp:1241->F:/Vitis_Libraries/vision/L1/include\common/xf_structs.hpp:1281]   --->   Operation 28 'br' 'br_ln1241' <Predicate = true> <Delay = 0.00>
ST_2 : Operation 29 [1/1] (0.00ns) (grouped into LUT with out node bLast)   --->   "%select_ln1238 = select i1 %icmp_ln1246, i31 %j, i31" [F:/Vitis_Libraries/vision/L1/include\common/xf_structs.hpp:1238->F:/Vitis_Libraries/vision/L1/include\common/xf_structs.hpp:1281]   --->   Operation 29 'select' 'select_ln1238' <Predicate = (!icmp_ln1241)> <Delay = 0.00> <CoreInst = "Sel">   --->   Core 11 'Sel' <Latency = 0> <II = 1> <Delay = 0.31> <FuncUnit> <Opcode : 'select'> <InPorts = 3> <OutPorts = 1>
ST_2 : Operation 30 [1/1] (0.00ns) (grouped into LUT with out node bLast)   --->   "%zext_ln1239 = zext i31 %select_ln1238" [F:/Vitis_Libraries/vision/L1/include\common/xf_structs.hpp:1239->F:/Vitis_Libraries/vision/L1/include\common/xf_structs.hpp:1281]   --->   Operation 30 'zext' 'zext_ln1239' <Predicate = (!icmp_ln1241)> <Delay = 0.00>
ST_2 : Operation 31 [1/1] (0.80ns) (out node of the LUT)   --->   "%bLast = icmp_eq  i32 %zext_ln1239, i32 %sub_i" [F:/Vitis_Libraries/vision/L1/include\common/xf_structs.hpp:1252->F:/Vitis_Libraries/vision/L1/include\common/xf_structs.hpp:1281]   --->   Operation 31 'icmp' 'bLast' <Predicate = (!icmp_ln1241)> <Delay = 0.80> <CoreInst = "Cmp">   --->   Core 10 'Cmp' <Latency = 0> <II = 1> <Delay = 0.72> <FuncUnit> <Opcode : 'icmp'> <InPorts = 2> <OutPorts = 1>
ST_2 : Operation 32 [1/1] (0.18ns)   --->   "%xf_bits_per_clock = select i1 %bLast, i4 %last_blk_width_read, i4" [F:/Vitis_Libraries/vision/L1/include\common/xf_structs.hpp:1263->F:/Vitis_Libraries/vision/L1/include\common/xf_structs.hpp:1281]   --->   Operation 32 'select' 'xf_bits_per_clock' <Predicate = (!icmp_ln1241)> <Delay = 0.18> <CoreInst = "Sel">   --->   Core 11 'Sel' <Latency = 0> <II = 1> <Delay = 0.31> <FuncUnit> <Opcode : 'select'> <InPorts = 3> <OutPorts = 1>
ST_2 : Operation 33 [1/1] (0.00ns)   --->   "%zext_ln1253 = zext i4 %xf_bits_per_clock" [F:/Vitis_Libraries/vision/L1/include\common/xf_structs.hpp:1253->F:/Vitis_Libraries/vision/L1/include\common/xf_structs.hpp:1281]   --->   Operation 33 'zext' 'zext_ln1253' <Predicate = (!icmp_ln1241)> <Delay = 0.00>
ST_2 : Operation 34 [1/1] (0.00ns)   --->   "%zext_ln785_1 = zext i4 %empty"   --->   Operation 34 'zext' 'zext_ln785_1' <Predicate = (!icmp_ln1241)> <Delay = 0.00>
ST_2 : Operation 35 [1/1] (0.82ns)   --->   "%sub_ln1258 = sub i5, i5 %zext_ln1253" [F:/Vitis_Libraries/vision/L1/include\common/xf_structs.hpp:1258->F:/Vitis_Libraries/vision/L1/include\common/xf_structs.hpp:1281]   --->   Operation 35 'sub' 'sub_ln1258' <Predicate = (!icmp_ln1241)> <Delay = 0.82> <CoreInst = "Adder">   --->   Core 1 'Adder' <Latency = 0> <II = 1> <Delay = 1.14> <FuncUnit> <Opcode : 'add' 'sub'> <InPorts = 2> <OutPorts = 1>
ST_2 : Operation 36 [1/1] (0.72ns)   --->   "%icmp_ln882 = icmp_slt  i5 %zext_ln785_1, i5 %sub_ln1258"   --->   Operation 36 'icmp' 'icmp_ln882' <Predicate = (!icmp_ln1241)> <Delay = 0.72> <CoreInst = "Cmp">   --->   Core 10 'Cmp' <Latency = 0> <II = 1> <Delay = 0.72> <FuncUnit> <Opcode : 'icmp'> <InPorts = 2> <OutPorts = 1>
ST_2 : Operation 37 [1/1] (0.00ns)   --->   "%br_ln1258 = br i1 %icmp_ln882, void %_ifconv, void %._crit_edge.loopexit.i._crit_edge" [F:/Vitis_Libraries/vision/L1/include\common/xf_structs.hpp:1258->F:/Vitis_Libraries/vision/L1/include\common/xf_structs.hpp:1281]   --->   Operation 37 'br' 'br_ln1258' <Predicate = (!icmp_ln1241)> <Delay = 0.00>
ST_2 : Operation 38 [1/1] (0.28ns)   --->   "%xor_ln216 = xor i4 %xf_bits_per_clock, i4"   --->   Operation 38 'xor' 'xor_ln216' <Predicate = (!icmp_ln1241 & !icmp_ln882)> <Delay = 0.28> <CoreInst = "LogicGate">   --->   Core 12 'LogicGate' <Latency = 0> <II = 1> <Delay = 0.28> <FuncUnit> <Opcode : 'and' 'or' 'xor'> <InPorts = 2> <OutPorts = 1>
ST_2 : Operation 39 [1/1] (0.73ns)   --->   "%br_ln0 = br void"   --->   Operation 39 'br' 'br_ln0' <Predicate = (!icmp_ln1241 & !icmp_ln882)> <Delay = 0.73>
ST_2 : Operation 40 [1/1] (0.73ns)   --->   "%br_ln1258 = br void" [F:/Vitis_Libraries/vision/L1/include\common/xf_structs.hpp:1258->F:/Vitis_Libraries/vision/L1/include\common/xf_structs.hpp:1281]   --->   Operation 40 'br' 'br_ln1258' <Predicate = (!icmp_ln1241 & icmp_ln882)> <Delay = 0.73>
ST_2 : Operation 41 [1/1] (0.00ns) (grouped into LUT with out node add_ln216)   --->   "%conv_i9_i_i4_pn_i = phi i4 %xor_ln216, void %_ifconv, i4 %xf_bits_per_clock, void %._crit_edge.loopexit.i._crit_edge"   --->   Operation 41 'phi' 'conv_i9_i_i4_pn_i' <Predicate = (!icmp_ln1241)> <Delay = 0.00>
ST_2 : Operation 42 [1/1] (0.80ns) (out node of the LUT)   --->   "%add_ln216 = add i4 %conv_i9_i_i4_pn_i, i4 %empty"   --->   Operation 42 'add' 'add_ln216' <Predicate = (!icmp_ln1241)> <Delay = 0.80> <CoreInst = "Adder">   --->   Core 1 'Adder' <Latency = 0> <II = 1> <Delay = 1.14> <FuncUnit> <Opcode : 'add' 'sub'> <InPorts = 2> <OutPorts = 1>
ST_2 : Operation 43 [1/1] (1.14ns)   --->   "%add_ln1246 = add i31 %j, i31" [F:/Vitis_Libraries/vision/L1/include\common/xf_structs.hpp:1246->F:/Vitis_Libraries/vision/L1/include\common/xf_structs.hpp:1281]   --->   Operation 43 'add' 'add_ln1246' <Predicate = (!icmp_ln1241)> <Delay = 1.14> <CoreInst = "Adder">   --->   Core 1 'Adder' <Latency = 0> <II = 1> <Delay = 1.14> <FuncUnit> <Opcode : 'add' 'sub'> <InPorts = 2> <OutPorts = 1>
ST_2 : Operation 44 [1/1] (0.31ns)   --->   "%j_1 = select i1 %icmp_ln1246, i31 %add_ln1246, i31" [F:/Vitis_Libraries/vision/L1/include\common/xf_structs.hpp:1246->F:/Vitis_Libraries/vision/L1/include\common/xf_structs.hpp:1281]   --->   Operation 44 'select' 'j_1' <Predicate = (!icmp_ln1241)> <Delay = 0.31> <CoreInst = "Sel">   --->   Core 11 'Sel' <Latency = 0> <II = 1> <Delay = 0.31> <FuncUnit> <Opcode : 'select'> <InPorts = 3> <OutPorts = 1>
ST_2 : Operation 45 [1/1] (0.00ns)   --->   "%br_ln0 = br void"   --->   Operation 45 'br' 'br_ln0' <Predicate = (!icmp_ln1241)> <Delay = 0.00>

State 3 <SV = 2> <Delay = 5.00>
ST_3 : Operation 46 [1/1] (0.00ns)   --->   "%p_0_load = load i8 %p_0, void %store_ln1241"   --->   Operation 46 'load' 'p_0_load' <Predicate = (!icmp_ln1241)> <Delay = 0.00>
ST_3 : Operation 47 [1/1] (0.00ns)   --->   "%specloopname_ln0 = specloopname void @_ssdm_op_SpecLoopName, void @MMIterOutRow_MMIterOutCol_str"   --->   Operation 47 'specloopname' 'specloopname_ln0' <Predicate = (!icmp_ln1241)> <Delay = 0.00>
ST_3 : Operation 48 [1/1] (0.00ns)   --->   "%speclooptripcount_ln0 = speclooptripcount void @_ssdm_op_SpecLoopTripCount, i64, i64, i64"   --->   Operation 48 'speclooptripcount' 'speclooptripcount_ln0' <Predicate = (!icmp_ln1241)> <Delay = 0.00>
ST_3 : Operation 49 [1/1] (0.00ns)   --->   "%specpipeline_ln1239 = specpipeline void @_ssdm_op_SpecPipeline, i32, i32, i32, i32, void @empty_21" [F:/Vitis_Libraries/vision/L1/include\common/xf_structs.hpp:1239->F:/Vitis_Libraries/vision/L1/include\common/xf_structs.hpp:1281]   --->   Operation 49 'specpipeline' 'specpipeline_ln1239' <Predicate = (!icmp_ln1241)> <Delay = 0.00>
ST_3 : Operation 50 [1/1] (0.00ns)   --->   "%specloopname_ln1239 = specloopname void @_ssdm_op_SpecLoopName, void @empty_11" [F:/Vitis_Libraries/vision/L1/include\common/xf_structs.hpp:1239->F:/Vitis_Libraries/vision/L1/include\common/xf_structs.hpp:1281]   --->   Operation 50 'specloopname' 'specloopname_ln1239' <Predicate = (!icmp_ln1241)> <Delay = 0.00>
ST_3 : Operation 51 [1/1] (2.10ns)   --->   "%imgOutput_418_read = read i8 @_ssdm_op_Read.ap_fifo.volatile.i8P, i8 %imgOutput_418" [F:/xilinx_2020.1/Vitis/2020.1/common/technology/autopilot/hls_stream_39.h:145]   --->   Operation 51 'read' 'imgOutput_418_read' <Predicate = (!icmp_ln1241)> <Delay = 2.10> <CoreInst = "FIFO_SRL">   --->   Core 21 'FIFO_SRL' <Latency = 0> <II = 1> <Delay = 2.10> <Storage> <Opcode : 'read' 'write' 'nbread' 'nbwrite'> <Ports = 0> <Width = 8> <Depth = 2> <FIFO>
ST_3 : Operation 52 [1/1] (0.00ns) (grouped into LUT with out node or_ln1353)   --->   "%emptycast = zext i4 %empty"   --->   Operation 52 'zext' 'emptycast' <Predicate = (!icmp_ln1241)> <Delay = 0.00>
ST_3 : Operation 53 [1/1] (0.00ns) (grouped into LUT with out node or_ln1353)   --->   "%shl_ln785 = shl i8 %imgOutput_418_read, i8 %emptycast"   --->   Operation 53 'shl' 'shl_ln785' <Predicate = (!icmp_ln1241)> <Delay = 0.00> <CoreInst = "Shift">   --->   Core 13 'Shift' <Latency = 0> <II = 1> <Delay = 0.79> <FuncUnit> <Opcode : 'shl' 'lshr' 'ashr'> <InPorts = 2> <OutPorts = 1>
ST_3 : Operation 54 [1/1] (0.79ns) (out node of the LUT)   --->   "%or_ln1353 = or i8 %shl_ln785, i8 %p_0_load"   --->   Operation 54 'or' 'or_ln1353' <Predicate = (!icmp_ln1241)> <Delay = 0.79> <CoreInst = "LogicGate">   --->   Core 12 'LogicGate' <Latency = 0> <II = 1> <Delay = 0.28> <FuncUnit> <Opcode : 'and' 'or' 'xor'> <InPorts = 2> <OutPorts = 1>
ST_3 : Operation 55 [1/1] (2.10ns)   --->   "%write_ln167 = write void @_ssdm_op_Write.ap_fifo.volatile.i8P, i8 %ldata1, i8 %or_ln1353" [F:/xilinx_2020.1/Vitis/2020.1/common/technology/autopilot/hls_stream_39.h:167]   --->   Operation 55 'write' 'write_ln167' <Predicate = (!icmp_ln1241 & !icmp_ln882)> <Delay = 2.10> <CoreInst = "FIFO_SRL">   --->   Core 21 'FIFO_SRL' <Latency = 0> <II = 1> <Delay = 2.10> <Storage> <Opcode : 'read' 'write' 'nbread' 'nbwrite'> <Ports = 0> <Width = 8> <Depth = 2> <FIFO>
ST_3 : Operation 56 [1/1] (0.82ns)   --->   "%p_Val2_s = sub i5, i5 %zext_ln785_1"   --->   Operation 56 'sub' 'p_Val2_s' <Predicate = (!icmp_ln1241 & !icmp_ln882)> <Delay = 0.82> <CoreInst = "Adder">   --->   Core 1 'Adder' <Latency = 0> <II = 1> <Delay = 1.14> <FuncUnit> <Opcode : 'add' 'sub'> <InPorts = 2> <OutPorts = 1>
ST_3 : Operation 57 [1/1] (0.00ns)   --->   "%trunc_ln791 = trunc i5 %p_Val2_s"   --->   Operation 57 'trunc' 'trunc_ln791' <Predicate = (!icmp_ln1241 & !icmp_ln882)> <Delay = 0.00>
ST_3 : Operation 58 [1/1] (0.00ns) (grouped into LUT with out node select_ln791)   --->   "%p_Result_s = bitselect i1 @_ssdm_op_BitSelect.i1.i5.i32, i5 %p_Val2_s, i32"   --->   Operation 58 'bitselect' 'p_Result_s' <Predicate = (!icmp_ln1241 & !icmp_ln882)> <Delay = 0.00>
ST_3 : Operation 59 [1/1] (0.00ns) (grouped into LUT with out node select_ln791)   --->   "%sext_ln455 = sext i5 %p_Val2_s"   --->   Operation 59 'sext' 'sext_ln455' <Predicate = (!icmp_ln1241 & !icmp_ln882)> <Delay = 0.00>
ST_3 : Operation 60 [1/1] (0.71ns)   --->   "%sub_ln550 = sub i3, i3 %trunc_ln791"   --->   Operation 60 'sub' 'sub_ln550' <Predicate = (!icmp_ln1241 & !icmp_ln882)> <Delay = 0.71> <CoreInst = "Adder">   --->   Core 1 'Adder' <Latency = 0> <II = 1> <Delay = 1.14> <FuncUnit> <Opcode : 'add' 'sub'> <InPorts = 2> <OutPorts = 1>
ST_3 : Operation 61 [1/1] (0.00ns) (grouped into LUT with out node select_ln791)   --->   "%zext_ln785_3 = zext i3 %sub_ln550"   --->   Operation 61 'zext' 'zext_ln785_3' <Predicate = (!icmp_ln1241 & !icmp_ln882)> <Delay = 0.00>
ST_3 : Operation 62 [1/1] (0.00ns) (grouped into LUT with out node select_ln791)   --->   "%shl_ln785_1 = shl i8 %imgOutput_418_read, i8 %zext_ln785_3"   --->   Operation 62 'shl' 'shl_ln785_1' <Predicate = (!icmp_ln1241 & !icmp_ln882)> <Delay = 0.00> <CoreInst = "Shift">   --->   Core 13 'Shift' <Latency = 0> <II = 1> <Delay = 0.79> <FuncUnit> <Opcode : 'shl' 'lshr' 'ashr'> <InPorts = 2> <OutPorts = 1>
ST_3 : Operation 63 [1/1] (0.00ns) (grouped into LUT with out node select_ln791)   --->   "%sext_ln455cast = trunc i32 %sext_ln455"   --->   Operation 63 'trunc' 'sext_ln455cast' <Predicate = (!icmp_ln1241 & !icmp_ln882)> <Delay = 0.00>
ST_3 : Operation 64 [1/1] (0.00ns) (grouped into LUT with out node select_ln791)   --->   "%lshr_ln803 = lshr i8 %imgOutput_418_read, i8 %sext_ln455cast"   --->   Operation 64 'lshr' 'lshr_ln803' <Predicate = (!icmp_ln1241 & !icmp_ln882)> <Delay = 0.00> <CoreInst = "Shift">   --->   Core 13 'Shift' <Latency = 0> <II = 1> <Delay = 0.79> <FuncUnit> <Opcode : 'shl' 'lshr' 'ashr'> <InPorts = 2> <OutPorts = 1>
ST_3 : Operation 65 [1/1] (0.79ns) (out node of the LUT)   --->   "%select_ln791 = select i1 %p_Result_s, i8 %shl_ln785_1, i8 %lshr_ln803"   --->   Operation 65 'select' 'select_ln791' <Predicate = (!icmp_ln1241 & !icmp_ln882)> <Delay = 0.79> <CoreInst = "Sel">   --->   Core 11 'Sel' <Latency = 0> <II = 1> <Delay = 0.31> <FuncUnit> <Opcode : 'select'> <InPorts = 3> <OutPorts = 1>
ST_3 : Operation 66 [1/1] (0.79ns)   --->   "%store_ln791 = store i8 %select_ln791, i8 %p_0, void %store_ln1241, i8 %p_0_load"   --->   Operation 66 'store' 'store_ln791' <Predicate = (!icmp_ln1241 & !icmp_ln882)> <Delay = 0.79>
ST_3 : Operation 67 [1/1] (0.79ns)   --->   "%store_ln1258 = store i8 %or_ln1353, i8 %p_0, void %store_ln1241, i8 %p_0_load" [F:/Vitis_Libraries/vision/L1/include\common/xf_structs.hpp:1258->F:/Vitis_Libraries/vision/L1/include\common/xf_structs.hpp:1281]   --->   Operation 67 'store' 'store_ln1258' <Predicate = (!icmp_ln1241 & icmp_ln882)> <Delay = 0.79>

State 4 <SV = 2> <Delay = 3.10>
ST_4 : Operation 68 [1/1] (0.72ns)   --->   "%icmp_ln878 = icmp_eq  i4 %empty, i4"   --->   Operation 68 'icmp' 'icmp_ln878' <Predicate = true> <Delay = 0.72> <CoreInst = "Cmp">   --->   Core 10 'Cmp' <Latency = 0> <II = 1> <Delay = 0.72> <FuncUnit> <Opcode : 'icmp'> <InPorts = 2> <OutPorts = 1>
ST_4 : Operation 69 [1/1] (0.00ns)   --->   "%br_ln1269 = br i1 %icmp_ln878, void, void %.exit" [F:/Vitis_Libraries/vision/L1/include\common/xf_structs.hpp:1269->F:/Vitis_Libraries/vision/L1/include\common/xf_structs.hpp:1281]   --->   Operation 69 'br' 'br_ln1269' <Predicate = true> <Delay = 0.00>
ST_4 : Operation 70 [1/1] (0.00ns)   --->   "%p_0_load_1 = load i8 %p_0, void %store_ln1241" [F:/xilinx_2020.1/Vitis/2020.1/common/technology/autopilot/hls_stream_39.h:167]   --->   Operation 70 'load' 'p_0_load_1' <Predicate = (!icmp_ln878)> <Delay = 0.00>
ST_4 : Operation 71 [1/1] (2.10ns)   --->   "%write_ln167 = write void @_ssdm_op_Write.ap_fifo.volatile.i8P, i8 %ldata1, i8 %p_0_load_1" [F:/xilinx_2020.1/Vitis/2020.1/common/technology/autopilot/hls_stream_39.h:167]   --->   Operation 71 'write' 'write_ln167' <Predicate = (!icmp_ln878)> <Delay = 2.10> <CoreInst = "FIFO_SRL">   --->   Core 21 'FIFO_SRL' <Latency = 0> <II = 1> <Delay = 2.10> <Storage> <Opcode : 'read' 'write' 'nbread' 'nbwrite'> <Ports = 0> <Width = 8> <Depth = 2> <FIFO>
ST_4 : Operation 72 [1/1] (0.00ns)   --->   "%br_ln1271 = br void %.exit" [F:/Vitis_Libraries/vision/L1/include\common/xf_structs.hpp:1271->F:/Vitis_Libraries/vision/L1/include\common/xf_structs.hpp:1281]   --->   Operation 72 'br' 'br_ln1271' <Predicate = (!icmp_ln878)> <Delay = 0.00>
ST_4 : Operation 73 [1/1] (0.00ns)   --->   "%ret_ln1281 = ret" [F:/Vitis_Libraries/vision/L1/include\common/xf_structs.hpp:1281]   --->   Operation 73 'ret' 'ret_ln1281' <Predicate = true> <Delay = 0.00>


============================================================
+ Verbose Summary: Timing violations
============================================================
Target clock period: 10ns, clock uncertainty: 2.7ns.

 <State 1>: 6ns
The critical path consists of the following:
	fifo read on port 'rows' (F:/Vitis_Libraries/vision/L1/include\common/xf_structs.hpp:1233) [12]  (2.1 ns)
	'mul' operation ('mul_ln1231', F:/Vitis_Libraries/vision/L1/include\common/xf_structs.hpp:1231->F:/Vitis_Libraries/vision/L1/include\common/xf_structs.hpp:1281) [19]  (3.9 ns)

 <State 2>: 3.62ns
The critical path consists of the following:
	'phi' operation ('j') with incoming values : ('j', F:/Vitis_Libraries/vision/L1/include\common/xf_structs.hpp:1246->F:/Vitis_Libraries/vision/L1/include\common/xf_structs.hpp:1281) [24]  (0 ns)
	'icmp' operation ('icmp_ln1246', F:/Vitis_Libraries/vision/L1/include\common/xf_structs.hpp:1246->F:/Vitis_Libraries/vision/L1/include\common/xf_structs.hpp:1281) [27]  (0.802 ns)
	'select' operation ('select_ln1238', F:/Vitis_Libraries/vision/L1/include\common/xf_structs.hpp:1238->F:/Vitis_Libraries/vision/L1/include\common/xf_structs.hpp:1281) [35]  (0 ns)
	'icmp' operation ('bLast', F:/Vitis_Libraries/vision/L1/include\common/xf_structs.hpp:1252->F:/Vitis_Libraries/vision/L1/include\common/xf_structs.hpp:1281) [39]  (0.802 ns)
	'select' operation ('i_op', F:/Vitis_Libraries/vision/L1/include\common/xf_structs.hpp:1263->F:/Vitis_Libraries/vision/L1/include\common/xf_structs.hpp:1281) [40]  (0.187 ns)
	'xor' operation ('xor_ln216') [62]  (0.282 ns)
	multiplexor before 'phi' operation ('xf_bits_per_clock') with incoming values : ('i_op', F:/Vitis_Libraries/vision/L1/include\common/xf_structs.hpp:1263->F:/Vitis_Libraries/vision/L1/include\common/xf_structs.hpp:1281) ('xor_ln216') [69]  (0.736 ns)
	'phi' operation ('xf_bits_per_clock') with incoming values : ('i_op', F:/Vitis_Libraries/vision/L1/include\common/xf_structs.hpp:1263->F:/Vitis_Libraries/vision/L1/include\common/xf_structs.hpp:1281) ('xor_ln216') [69]  (0 ns)
	'add' operation ('add_ln216') [70]  (0.809 ns)

 <State 3>: 5ns
The critical path consists of the following:
	fifo read on port 'imgOutput_418' (F:/xilinx_2020.1/Vitis/2020.1/common/technology/autopilot/hls_stream_39.h:145) [42]  (2.1 ns)
	'shl' operation ('shl_ln785') [45]  (0 ns)
	'or' operation ('or_ln1353') [46]  (0.796 ns)
	fifo write on port 'ldata1' (F:/xilinx_2020.1/Vitis/2020.1/common/technology/autopilot/hls_stream_39.h:167) [51]  (2.1 ns)

 <State 4>: 3.11ns
The critical path consists of the following:
	'load' operation ('p_0_load_1', F:/xilinx_2020.1/Vitis/2020.1/common/technology/autopilot/hls_stream_39.h:167) on local variable 'p_0' [78]  (0 ns)
	fifo write on port 'ldata1' (F:/xilinx_2020.1/Vitis/2020.1/common/technology/autopilot/hls_stream_39.h:167) [79]  (2.1 ns)
	blocking operation 1.01 ns on control path)


============================================================
+ Verbose Summary: Binding
============================================================
N/A
* FSMD analyzer results:
  - Output states:
 - Input state : 
  - Chain level:
	State 1
	State 2
	State 3
	State 4


============================================================
+ Verbose Summary: Datapath Resource usage 
============================================================
N/A
