

================================================================
== Vitis HLS Report for 'detectCorner'
================================================================
* Date:           Tue Nov  3 14:37:16 2020

* Version:        2020.1 (Build 2902540 on Wed May 27 20:16:15 MDT 2020)
* Project:        detectCorner
* Solution:       solution1 (Vivado IP Flow Target)
* Product family: zynquplus
* Target device:  xczu3eg-sfvc784-1-i


================================================================
== Performance Estimates
================================================================
+ Timing: 
    * Summary: 
    +--------+----------+----------+------------+
    |  Clock |  Target  | Estimated| Uncertainty|
    +--------+----------+----------+------------+
    |ap_clk  | 10.00 ns | 7.281 ns |   2.70 ns  |
    +--------+----------+----------+------------+

+ Latency: 
    * Summary: 
    +---------+---------+----------+----------+-----+-----+----------+
    |  Latency (cycles) |  Latency (absolute) |  Interval | Pipeline |
    |   min   |   max   |    min   |    max   | min | max |   Type   |
    +---------+---------+----------+----------+-----+-----+----------+
    |        ?|        ?|         ?|         ?|    ?|    ?| dataflow |
    +---------+---------+----------+----------+-----+-----+----------+

    + Detail: 
        * Instance: 
        +------------------------------+---------------------------+---------+---------+-----------+-----------+---------+---------+---------+
        |                              |                           |  Latency (cycles) |   Latency (absolute)  |      Interval     | Pipeline|
        |           Instance           |           Module          |   min   |   max   |    min    |    max    |   min   |   max   |   Type  |
        +------------------------------+---------------------------+---------+---------+-----------+-----------+---------+---------+---------+
        |fast_0_0_1080_1920_1_U0       |fast_0_0_1080_1920_1_s     |  2100875|  2100875| 21.009 ms | 21.009 ms |  2100875|  2100875|   none  |
        |Loop_loop_height_proc1013_U0  |Loop_loop_height_proc1013  |        ?|        ?|          ?|          ?|        ?|        ?|   none  |
        |xfrgb2gray_1080_1920_U0       |xfrgb2gray_1080_1920_s     |  2073607|  2073607| 20.736 ms | 20.736 ms |  2073607|  2073607|   none  |
        |Loop_loop_height_proc911_U0   |Loop_loop_height_proc911   |  2077921|  2077921| 20.779 ms | 20.779 ms |  2077921|  2077921|   none  |
        |xfgray2rgb_1080_1920_U0       |xfgray2rgb_1080_1920_s     |  2073602|  2073602| 20.736 ms | 20.736 ms |  2073602|  2073602|   none  |
        +------------------------------+---------------------------+---------+---------+-----------+-----------+---------+---------+---------+

        * Loop: 
        N/A



================================================================
== Utilization Estimates
================================================================
* Summary: 
+-----------------+---------+-----+--------+-------+-----+
|       Name      | BRAM_18K| DSP |   FF   |  LUT  | URAM|
+-----------------+---------+-----+--------+-------+-----+
|DSP              |        -|    -|       -|      -|    -|
|Expression       |        -|    -|       0|      2|    -|
|FIFO             |       14|    -|    1077|    445|    -|
|Instance         |       13|    3|    2422|   5446|    -|
|Memory           |        -|    -|       -|      -|    -|
|Multiplexer      |        -|    -|       -|      -|    -|
|Register         |        -|    -|       -|      -|    -|
+-----------------+---------+-----+--------+-------+-----+
|Total            |       27|    3|    3499|   5893|    0|
+-----------------+---------+-----+--------+-------+-----+
|Available        |      432|  360|  141120|  70560|    0|
+-----------------+---------+-----+--------+-------+-----+
|Utilization (%)  |        6|  ~0 |       2|      8|    0|
+-----------------+---------+-----+--------+-------+-----+

+ Detail: 
    * Instance: 
    +------------------------------+---------------------------+---------+----+------+------+-----+
    |           Instance           |           Module          | BRAM_18K| DSP|  FF  |  LUT | URAM|
    +------------------------------+---------------------------+---------+----+------+------+-----+
    |Loop_loop_height_proc1013_U0  |Loop_loop_height_proc1013  |        0|   0|   126|   368|    0|
    |Loop_loop_height_proc911_U0   |Loop_loop_height_proc911   |        0|   0|    46|   203|    0|
    |fast_0_0_1080_1920_1_U0       |fast_0_0_1080_1920_1_s     |       13|   0|  2012|  4484|    0|
    |xfgray2rgb_1080_1920_U0       |xfgray2rgb_1080_1920_s     |        0|   0|    29|   183|    0|
    |xfrgb2gray_1080_1920_U0       |xfrgb2gray_1080_1920_s     |        0|   3|   209|   208|    0|
    +------------------------------+---------------------------+---------+----+------+------+-----+
    |Total                         |                           |       13|   3|  2422|  5446|    0|
    +------------------------------+---------------------------+---------+----+------+------+-----+

    * DSP: 
    N/A

    * Memory: 
    N/A

    * FIFO: 
    +---------------------+---------+-----+----+-----+------+-----+---------+
    |         Name        | BRAM_18K|  FF | LUT| URAM| Depth| Bits| Size:D*B|
    +---------------------+---------+-----+----+-----+------+-----+---------+
    |img_gray_dst_data_U  |        1|  163|   0|    -|  1920|    8|    15360|
    |img_gray_src_data_U  |        1|  163|   0|    -|  1920|    8|    15360|
    |img_in_data_U        |        3|  163|   0|    -|  1920|   24|    46080|
    |img_out_data_U       |        3|  163|   0|    -|  1920|   24|    46080|
    |img_rgb_dst_data_U   |        3|  163|   0|    -|  1920|   24|    46080|
    |img_rgb_src_data_U   |        3|  163|   0|    -|  1920|   24|    46080|
    |threshold_c_U        |        0|   99|   0|    -|     3|   32|       96|
    +---------------------+---------+-----+----+-----+------+-----+---------+
    |Total                |       14| 1077|   0|    0| 11523|  144|   215136|
    +---------------------+---------+-----+----+-----+------+-----+---------+

    * Expression: 
    +-------------------------------------------+----------+----+---+----+------------+------------+
    |               Variable Name               | Operation| DSP| FF| LUT| Bitwidth P0| Bitwidth P1|
    +-------------------------------------------+----------+----+---+----+------------+------------+
    |Loop_loop_height_proc1013_U0_start_full_n  |    and   |   0|  0|   2|           1|           1|
    +-------------------------------------------+----------+----+---+----+------------+------------+
    |Total                                      |          |   0|  0|   2|           1|           1|
    +-------------------------------------------+----------+----+---+----+------------+------------+

    * Multiplexer: 
    N/A

    * Register: 
    N/A



================================================================
== Interface
================================================================
* Summary: 
+------------------+-----+-----+--------------+--------------------+--------------+
|     RTL Ports    | Dir | Bits|   Protocol   |    Source Object   |    C Type    |
+------------------+-----+-----+--------------+--------------------+--------------+
|video_in_TDATA    |  in |   24|     axis     |  video_in_V_data_V |    pointer   |
|video_in_TKEEP    |  in |    3|     axis     |  video_in_V_keep_V |    pointer   |
|video_in_TSTRB    |  in |    3|     axis     |  video_in_V_strb_V |    pointer   |
|video_in_TUSER    |  in |    1|     axis     |  video_in_V_user_V |    pointer   |
|video_in_TLAST    |  in |    1|     axis     |  video_in_V_last_V |    pointer   |
|video_in_TID      |  in |    1|     axis     |   video_in_V_id_V  |    pointer   |
|video_in_TDEST    |  in |    1|     axis     |  video_in_V_dest_V |    pointer   |
|video_in_TVALID   |  in |    1|     axis     |  video_in_V_dest_V |    pointer   |
|video_in_TREADY   | out |    1|     axis     |  video_in_V_dest_V |    pointer   |
|video_out_TDATA   | out |   24|     axis     | video_out_V_data_V |    pointer   |
|video_out_TKEEP   | out |    3|     axis     | video_out_V_keep_V |    pointer   |
|video_out_TSTRB   | out |    3|     axis     | video_out_V_strb_V |    pointer   |
|video_out_TUSER   | out |    1|     axis     | video_out_V_user_V |    pointer   |
|video_out_TLAST   | out |    1|     axis     | video_out_V_last_V |    pointer   |
|video_out_TID     | out |    1|     axis     |  video_out_V_id_V  |    pointer   |
|video_out_TDEST   | out |    1|     axis     | video_out_V_dest_V |    pointer   |
|video_out_TVALID  | out |    1|     axis     | video_out_V_dest_V |    pointer   |
|video_out_TREADY  |  in |    1|     axis     | video_out_V_dest_V |    pointer   |
|threshold         |  in |   32|    ap_vld    |      threshold     |    scalar    |
|threshold_ap_vld  |  in |    1|    ap_vld    |      threshold     |    scalar    |
|ap_clk            |  in |    1| ap_ctrl_none |    detectCorner    | return value |
|ap_rst_n          |  in |    1| ap_ctrl_none |    detectCorner    | return value |
+------------------+-----+-----+--------------+--------------------+--------------+

