

================================================================
== Vitis HLS Report for 'Loop_loop_height_proc1013'
================================================================
* Date:           Tue Nov  3 14:37:12 2020

* Version:        2020.1 (Build 2902540 on Wed May 27 20:16:15 MDT 2020)
* Project:        detectCorner
* Solution:       solution1 (Vivado IP Flow Target)
* Product family: zynquplus
* Target device:  xczu3eg-sfvc784-1-i


================================================================
== Performance Estimates
================================================================
+ Timing: 
    * Summary: 
    +--------+----------+----------+------------+
    |  Clock |  Target  | Estimated| Uncertainty|
    +--------+----------+----------+------------+
    |ap_clk  | 10.00 ns | 3.707 ns |   2.70 ns  |
    +--------+----------+----------+------------+

+ Latency: 
    * Summary: 
    +---------+---------+----------+----------+-----+-----+---------+
    |  Latency (cycles) |  Latency (absolute) |  Interval | Pipeline|
    |   min   |   max   |    min   |    max   | min | max |   Type  |
    +---------+---------+----------+----------+-----+-----+---------+
    |        ?|        ?|         ?|         ?|    ?|    ?|   none  |
    +---------+---------+----------+----------+-----+-----+---------+

    + Detail: 
        * Instance: 
        N/A

        * Loop: 
        +----------------------+---------+---------+----------+-----------+-----------+------+----------+
        |                      |  Latency (cycles) | Iteration|  Initiation Interval  | Trip |          |
        |       Loop Name      |   min   |   max   |  Latency |  achieved |   target  | Count| Pipelined|
        +----------------------+---------+---------+----------+-----------+-----------+------+----------+
        |- loop_height         |        ?|        ?|         ?|          -|          -|  1080|    no    |
        | + loop_width         |        ?|        ?|         2|          1|          1|     ?|    yes   |
        | + loop_wait_for_eol  |        0|        0|         1|          1|          1|     0|    yes   |
        +----------------------+---------+---------+----------+-----------+-----------+------+----------+



================================================================
== Utilization Estimates
================================================================
* Summary: 
+-----------------+---------+-----+--------+-------+-----+
|       Name      | BRAM_18K| DSP |   FF   |  LUT  | URAM|
+-----------------+---------+-----+--------+-------+-----+
|DSP              |        -|    -|       -|      -|    -|
|Expression       |        -|    -|       0|    171|    -|
|FIFO             |        -|    -|       -|      -|    -|
|Instance         |        -|    -|       -|      -|    -|
|Memory           |        -|    -|       -|      -|    -|
|Multiplexer      |        -|    -|       -|    197|    -|
|Register         |        -|    -|     126|      -|    -|
+-----------------+---------+-----+--------+-------+-----+
|Total            |        0|    0|     126|    368|    0|
+-----------------+---------+-----+--------+-------+-----+
|Available        |      432|  360|  141120|  70560|    0|
+-----------------+---------+-----+--------+-------+-----+
|Utilization (%)  |        0|    0|   ~0   |   ~0  |    0|
+-----------------+---------+-----+--------+-------+-----+

+ Detail: 
    * Instance: 
    N/A

    * DSP: 
    N/A

    * Memory: 
    N/A

    * FIFO: 
    N/A

    * Expression: 
    +----------------------------------+----------+----+---+----+------------+------------+
    |           Variable Name          | Operation| DSP| FF| LUT| Bitwidth P0| Bitwidth P1|
    +----------------------------------+----------+----+---+----+------------+------------+
    |i_2_fu_215_p2                     |     +    |   0|  0|  18|          11|           1|
    |j_2_fu_263_p2                     |     +    |   0|  0|  39|          32|           2|
    |j_4_fu_270_p2                     |     +    |   0|  0|  39|          32|           1|
    |ap_block_state3_pp0_stage0_iter0  |    and   |   0|  0|   2|           1|           1|
    |ap_block_state4_pp0_stage0_iter1  |    and   |   0|  0|   2|           1|           1|
    |ap_block_state6                   |    and   |   0|  0|   2|           1|           1|
    |icmp_ln119_fu_209_p2              |   icmp   |   0|  0|  13|          11|          11|
    |icmp_ln122_fu_225_p2              |   icmp   |   0|  0|  20|          32|          11|
    |icmp_ln131_fu_239_p2              |   icmp   |   0|  0|  20|          32|           1|
    |ap_block_pp0_stage0_01001         |    or    |   0|  0|   2|           1|           1|
    |ap_block_state1                   |    or    |   0|  0|   2|           1|           1|
    |ap_predicate_op116_write_state4   |    or    |   0|  0|   2|           1|           1|
    |or_ln131_fu_251_p2                |    or    |   0|  0|   2|           1|           1|
    |or_ln134_fu_257_p2                |    or    |   0|  0|   2|           1|           1|
    |ap_enable_pp0                     |    xor   |   0|  0|   2|           1|           2|
    |ap_enable_reg_pp0_iter1           |    xor   |   0|  0|   2|           2|           1|
    |xor_ln131_fu_245_p2               |    xor   |   0|  0|   2|           1|           2|
    +----------------------------------+----------+----+---+----+------------+------------+
    |Total                             |          |   0|  0| 171|         162|          40|
    +----------------------------------+----------+----+---+----+------------+------------+

    * Multiplexer: 
    +----------------------------------+----+-----------+-----+-----------+
    |               Name               | LUT| Input Size| Bits| Total Bits|
    +----------------------------------+----+-----------+-----+-----------+
    |ap_NS_fsm                         |  38|          7|    1|          7|
    |ap_done                           |   9|          2|    1|          2|
    |ap_enable_reg_pp0_iter1           |  15|          3|    1|          3|
    |ap_phi_mux_j_3_phi_fu_183_p4      |  15|          3|   32|         96|
    |ap_phi_mux_start_2_phi_fu_162_p4  |  15|          3|   32|         96|
    |ap_phi_mux_start_3_phi_fu_172_p4  |  15|          3|   32|         96|
    |eol_2_reg_190                     |   9|          2|    1|          2|
    |eol_reg_136                       |   9|          2|    1|          2|
    |i_reg_125                         |   9|          2|   11|         22|
    |img_in_data_blk_n                 |   9|          2|    1|          2|
    |j_reg_148                         |   9|          2|   32|         64|
    |real_start                        |   9|          2|    1|          2|
    |start_fu_82                       |   9|          2|   32|         64|
    |threshold_blk_n                   |   9|          2|    1|          2|
    |threshold_out_blk_n               |   9|          2|    1|          2|
    |video_in_TDATA_blk_n              |   9|          2|    1|          2|
    +----------------------------------+----+-----------+-----+-----------+
    |Total                             | 197|         41|  181|        464|
    +----------------------------------+----+-----------+-----+-----------+

    * Register: 
    +-------------------------+----+----+-----+-----------+
    |           Name          | FF | LUT| Bits| Const Bits|
    +-------------------------+----+----+-----+-----------+
    |ap_CS_fsm                |   6|   0|    6|          0|
    |ap_done_reg              |   1|   0|    1|          0|
    |ap_enable_reg_pp0_iter0  |   1|   0|    1|          0|
    |ap_enable_reg_pp0_iter1  |   1|   0|    1|          0|
    |axi_data_V_reg_301       |  24|   0|   24|          0|
    |axi_last_V_1_reg_306     |   1|   0|    1|          0|
    |eol_2_reg_190            |   1|   0|    1|          0|
    |eol_reg_136              |   1|   0|    1|          0|
    |i_2_reg_292              |  11|   0|   11|          0|
    |i_reg_125                |  11|   0|   11|          0|
    |icmp_ln122_reg_297       |   1|   0|    1|          0|
    |j_reg_148                |  32|   0|   32|          0|
    |or_ln131_reg_311         |   1|   0|    1|          0|
    |or_ln134_reg_315         |   1|   0|    1|          0|
    |start_fu_82              |  32|   0|   32|          0|
    |start_once_reg           |   1|   0|    1|          0|
    +-------------------------+----+----+-----+-----------+
    |Total                    | 126|   0|  126|          0|
    +-------------------------+----+----+-----+-----------+



================================================================
== Interface
================================================================
* Summary: 
+----------------------+-----+-----+------------+---------------------------+--------------+
|       RTL Ports      | Dir | Bits|  Protocol  |       Source Object       |    C Type    |
+----------------------+-----+-----+------------+---------------------------+--------------+
|ap_clk                |  in |    1| ap_ctrl_hs | Loop_loop_height_proc1013 | return value |
|ap_rst                |  in |    1| ap_ctrl_hs | Loop_loop_height_proc1013 | return value |
|ap_start              |  in |    1| ap_ctrl_hs | Loop_loop_height_proc1013 | return value |
|start_full_n          |  in |    1| ap_ctrl_hs | Loop_loop_height_proc1013 | return value |
|ap_done               | out |    1| ap_ctrl_hs | Loop_loop_height_proc1013 | return value |
|ap_continue           |  in |    1| ap_ctrl_hs | Loop_loop_height_proc1013 | return value |
|ap_idle               | out |    1| ap_ctrl_hs | Loop_loop_height_proc1013 | return value |
|ap_ready              | out |    1| ap_ctrl_hs | Loop_loop_height_proc1013 | return value |
|start_out             | out |    1| ap_ctrl_hs | Loop_loop_height_proc1013 | return value |
|start_write           | out |    1| ap_ctrl_hs | Loop_loop_height_proc1013 | return value |
|video_in_TDATA        |  in |   24|    axis    |     video_in_V_data_V     |    pointer   |
|video_in_TVALID       |  in |    1|    axis    |     video_in_V_dest_V     |    pointer   |
|video_in_TREADY       | out |    1|    axis    |     video_in_V_dest_V     |    pointer   |
|video_in_TDEST        |  in |    1|    axis    |     video_in_V_dest_V     |    pointer   |
|video_in_TKEEP        |  in |    3|    axis    |     video_in_V_keep_V     |    pointer   |
|video_in_TSTRB        |  in |    3|    axis    |     video_in_V_strb_V     |    pointer   |
|video_in_TUSER        |  in |    1|    axis    |     video_in_V_user_V     |    pointer   |
|video_in_TLAST        |  in |    1|    axis    |     video_in_V_last_V     |    pointer   |
|video_in_TID          |  in |    1|    axis    |      video_in_V_id_V      |    pointer   |
|img_in_data_din       | out |   24|   ap_fifo  |        img_in_data        |    pointer   |
|img_in_data_full_n    |  in |    1|   ap_fifo  |        img_in_data        |    pointer   |
|img_in_data_write     | out |    1|   ap_fifo  |        img_in_data        |    pointer   |
|threshold             |  in |   32|   ap_vld   |         threshold         |    scalar    |
|threshold_ap_vld      |  in |    1|   ap_vld   |         threshold         |    scalar    |
|threshold_out_din     | out |   32|   ap_fifo  |       threshold_out       |    pointer   |
|threshold_out_full_n  |  in |    1|   ap_fifo  |       threshold_out       |    pointer   |
|threshold_out_write   | out |    1|   ap_fifo  |       threshold_out       |    pointer   |
+----------------------+-----+-----+------------+---------------------------+--------------+

