

================================================================
== Vitis HLS Report for 'xFfast7x7_0_1080_1920_0_1_1_1923_7_49_s'
================================================================
* Date:           Tue Nov  3 14:37:13 2020

* Version:        2020.1 (Build 2902540 on Wed May 27 20:16:15 MDT 2020)
* Project:        detectCorner
* Solution:       solution1 (Vivado IP Flow Target)
* Product family: zynquplus
* Target device:  xczu3eg-sfvc784-1-i


================================================================
== Performance Estimates
================================================================
+ Timing: 
    * Summary: 
    +--------+----------+----------+------------+
    |  Clock |  Target  | Estimated| Uncertainty|
    +--------+----------+----------+------------+
    |ap_clk  | 10.00 ns | 7.281 ns |   2.70 ns  |
    +--------+----------+----------+------------+

+ Latency: 
    * Summary: 
    +---------+---------+-----------+-----------+---------+---------+---------+
    |  Latency (cycles) |   Latency (absolute)  |      Interval     | Pipeline|
    |   min   |   max   |    min    |    max    |   min   |   max   |   Type  |
    +---------+---------+-----------+-----------+---------+---------+---------+
    |  2100874|  2100874| 21.009 ms | 21.009 ms |  2100874|  2100874|   none  |
    +---------+---------+-----------+-----------+---------+---------+---------+

    + Detail: 
        * Instance: 
        N/A

        * Loop: 
        +---------------------+---------+---------+----------+-----------+-----------+------+----------+
        |                     |  Latency (cycles) | Iteration|  Initiation Interval  | Trip |          |
        |      Loop Name      |   min   |   max   |  Latency |  achieved |   target  | Count| Pipelined|
        +---------------------+---------+---------+----------+-----------+-----------+------+----------+
        |- VITIS_LOOP_526_1   |        7|        7|         1|          1|          1|     7|    yes   |
        |- read_lines         |    13461|    13461|      1923|          -|          -|     7|    no    |
        | + VITIS_LOOP_541_2  |     1920|     1920|         2|          1|          1|  1920|    yes   |
        |- VITIS_LOOP_554_3   |     1920|     1920|         1|          1|          1|  1920|    yes   |
        |- Row_Loop           |  2085480|  2085480|      1931|          -|          -|  1080|    no    |
        | + Col_Loop          |     1928|     1928|         7|          1|          1|  1923|    yes   |
        +---------------------+---------+---------+----------+-----------+-----------+------+----------+



================================================================
== Utilization Estimates
================================================================
* Summary: 
+-----------------+---------+-----+--------+-------+-----+
|       Name      | BRAM_18K| DSP |   FF   |  LUT  | URAM|
+-----------------+---------+-----+--------+-------+-----+
|DSP              |        -|    -|       -|      -|    -|
|Expression       |        -|    -|       0|   2119|    -|
|FIFO             |        -|    -|       -|      -|    -|
|Instance         |        -|    -|       0|    363|    -|
|Memory           |       13|    -|       0|      0|    -|
|Multiplexer      |        -|    -|       -|   1538|    -|
|Register         |        -|    -|    1999|    384|    -|
+-----------------+---------+-----+--------+-------+-----+
|Total            |       13|    0|    1999|   4404|    0|
+-----------------+---------+-----+--------+-------+-----+
|Available        |      432|  360|  141120|  70560|    0|
+-----------------+---------+-----+--------+-------+-----+
|Utilization (%)  |        3|    0|       1|      6|    0|
+-----------------+---------+-----+--------+-------+-----+

+ Detail: 
    * Instance: 
    +-------------------+---------------+---------+----+---+----+-----+
    |      Instance     |     Module    | BRAM_18K| DSP| FF| LUT| URAM|
    +-------------------+---------------+---------+----+---+----+-----+
    |mux_73_13_1_1_U26  |mux_73_13_1_1  |        0|   0|  0|  33|    0|
    |mux_73_8_1_1_U22   |mux_73_8_1_1   |        0|   0|  0|  33|    0|
    |mux_73_8_1_1_U23   |mux_73_8_1_1   |        0|   0|  0|  33|    0|
    |mux_73_8_1_1_U24   |mux_73_8_1_1   |        0|   0|  0|  33|    0|
    |mux_73_8_1_1_U25   |mux_73_8_1_1   |        0|   0|  0|  33|    0|
    |mux_73_8_1_1_U27   |mux_73_8_1_1   |        0|   0|  0|  33|    0|
    |mux_73_8_1_1_U28   |mux_73_8_1_1   |        0|   0|  0|  33|    0|
    |mux_73_8_1_1_U29   |mux_73_8_1_1   |        0|   0|  0|  33|    0|
    |mux_73_8_1_1_U30   |mux_73_8_1_1   |        0|   0|  0|  33|    0|
    |mux_73_8_1_1_U31   |mux_73_8_1_1   |        0|   0|  0|  33|    0|
    |mux_73_8_1_1_U32   |mux_73_8_1_1   |        0|   0|  0|  33|    0|
    +-------------------+---------------+---------+----+---+----+-----+
    |Total              |               |        0|   0|  0| 363|    0|
    +-------------------+---------------+---------+----+---+----+-----+

    * DSP: 
    N/A

    * Memory: 
    +----------------+------------------------------------------------------+---------+---+----+-----+------+-----+------+-------------+
    |     Memory     |                        Module                        | BRAM_18K| FF| LUT| URAM| Words| Bits| Banks| W*Bits*Banks|
    +----------------+------------------------------------------------------+---------+---+----+-----+------+-----+------+-------------+
    |buf_0_V_U       |xFfast7x7_0_1080_1920_0_1_1_1923_7_49_s_buf_0_V       |        1|  0|   0|    0|  1920|    8|     1|        15360|
    |buf_1_V_U       |xFfast7x7_0_1080_1920_0_1_1_1923_7_49_s_buf_0_V       |        1|  0|   0|    0|  1920|    8|     1|        15360|
    |buf_2_V_U       |xFfast7x7_0_1080_1920_0_1_1_1923_7_49_s_buf_0_V       |        1|  0|   0|    0|  1920|    8|     1|        15360|
    |buf_3_V_U       |xFfast7x7_0_1080_1920_0_1_1_1923_7_49_s_buf_0_V       |        1|  0|   0|    0|  1920|    8|     1|        15360|
    |buf_4_V_U       |xFfast7x7_0_1080_1920_0_1_1_1923_7_49_s_buf_0_V       |        1|  0|   0|    0|  1920|    8|     1|        15360|
    |buf_5_V_U       |xFfast7x7_0_1080_1920_0_1_1_1923_7_49_s_buf_0_V       |        1|  0|   0|    0|  1920|    8|     1|        15360|
    |buf_6_V_U       |xFfast7x7_0_1080_1920_0_1_1_1923_7_49_s_buf_0_V       |        1|  0|   0|    0|  1920|    8|     1|        15360|
    |pixel_src1_V_U  |xFfast7x7_0_1080_1920_0_1_1_1923_7_49_s_pixel_src1_V  |        3|  0|   0|    0|  1920|   24|     1|        46080|
    |pixel_src2_V_U  |xFfast7x7_0_1080_1920_0_1_1_1923_7_49_s_pixel_src2_V  |        3|  0|   0|    0|  1920|   24|     1|        46080|
    +----------------+------------------------------------------------------+---------+---+----+-----+------+-----+------+-------------+
    |Total           |                                                      |       13|  0|   0|    0| 17280|  104|     9|       199680|
    +----------------+------------------------------------------------------+---------+---+----+-----+------+-----+------+-------------+

    * FIFO: 
    N/A

    * Expression: 
    +-----------------------------------+----------+----+---+----+------------+------------+
    |           Variable Name           | Operation| DSP| FF| LUT| Bitwidth P0| Bitwidth P1|
    +-----------------------------------+----------+----+---+----+------------+------------+
    |add_ln194_1_fu_3011_p2             |     +    |   0|  0|  12|           1|           4|
    |add_ln194_2_fu_3143_p2             |     +    |   0|  0|  12|           1|           4|
    |add_ln194_3_fu_3187_p2             |     +    |   0|  0|  15|           1|           5|
    |add_ln194_4_fu_3235_p2             |     +    |   0|  0|  15|           1|           5|
    |add_ln194_5_fu_3283_p2             |     +    |   0|  0|  15|           1|           5|
    |add_ln194_6_fu_3326_p2             |     +    |   0|  0|  15|           1|           5|
    |add_ln194_7_fu_3435_p2             |     +    |   0|  0|  15|           1|           5|
    |add_ln194_fu_2935_p2               |     +    |   0|  0|  12|           1|           4|
    |add_ln198_1_fu_3023_p2             |     +    |   0|  0|  12|           2|           4|
    |add_ln198_2_fu_3081_p2             |     +    |   0|  0|  12|           2|           4|
    |add_ln198_3_fu_3199_p2             |     +    |   0|  0|  15|           2|           5|
    |add_ln198_4_fu_3247_p2             |     +    |   0|  0|  15|           2|           5|
    |add_ln198_5_fu_3295_p2             |     +    |   0|  0|  15|           2|           5|
    |add_ln198_6_fu_3332_p2             |     +    |   0|  0|  15|           2|           5|
    |add_ln198_7_fu_3447_p2             |     +    |   0|  0|  15|           2|           5|
    |add_ln198_fu_2947_p2               |     +    |   0|  0|  12|           2|           4|
    |add_ln537_fu_1558_p2               |     +    |   0|  0|  71|          64|           1|
    |add_ln695_1_fu_1570_p2             |     +    |   0|  0|  18|          11|           1|
    |add_ln695_2_fu_3549_p2             |     +    |   0|  0|  18|          11|           1|
    |add_ln695_3_fu_1722_p2             |     +    |   0|  0|  18|          11|           1|
    |add_ln695_fu_1540_p2               |     +    |   0|  0|  18|          11|           1|
    |init_row_ind_fu_1474_p2            |     +    |   0|  0|  11|           3|           1|
    |sub_i_i259_i_fu_1620_p2            |     +    |   0|  0|  19|          12|          12|
    |sub_i242_i_cast_fu_1626_p2         |     -    |   0|  0|  18|          11|          11|
    |sub_i_i30_fu_1586_p2               |     -    |   0|  0|  16|           1|           9|
    |sub_ln1351_10_fu_2579_p2           |     -    |   0|  0|  16|           9|           9|
    |sub_ln1351_11_fu_2588_p2           |     -    |   0|  0|  16|           9|           9|
    |sub_ln1351_12_fu_2597_p2           |     -    |   0|  0|  16|           9|           9|
    |sub_ln1351_13_fu_2606_p2           |     -    |   0|  0|  16|           9|           9|
    |sub_ln1351_14_fu_2615_p2           |     -    |   0|  0|  16|           9|           9|
    |sub_ln1351_15_fu_2624_p2           |     -    |   0|  0|  16|           9|           9|
    |sub_ln1351_1_fu_2041_p2            |     -    |   0|  0|  16|           9|           9|
    |sub_ln1351_2_fu_2051_p2            |     -    |   0|  0|  16|           9|           9|
    |sub_ln1351_3_fu_2061_p2            |     -    |   0|  0|  16|           9|           9|
    |sub_ln1351_4_fu_2071_p2            |     -    |   0|  0|  16|           9|           9|
    |sub_ln1351_5_fu_2081_p2            |     -    |   0|  0|  16|           9|           9|
    |sub_ln1351_6_fu_2091_p2            |     -    |   0|  0|  16|           9|           9|
    |sub_ln1351_7_fu_2101_p2            |     -    |   0|  0|  16|           9|           9|
    |sub_ln1351_8_fu_2111_p2            |     -    |   0|  0|  16|           9|           9|
    |sub_ln1351_9_fu_2570_p2            |     -    |   0|  0|  16|           9|           9|
    |sub_ln1351_fu_2031_p2              |     -    |   0|  0|  16|           9|           9|
    |and_ln193_10_fu_3005_p2            |    and   |   0|  0|   2|           1|           1|
    |and_ln193_11_fu_3049_p2            |    and   |   0|  0|   2|           1|           1|
    |and_ln193_12_fu_3075_p2            |    and   |   0|  0|   2|           1|           1|
    |and_ln193_13_fu_3093_p2            |    and   |   0|  0|   2|           1|           1|
    |and_ln193_14_fu_3105_p2            |    and   |   0|  0|   2|           1|           1|
    |and_ln193_15_fu_3116_p2            |    and   |   0|  0|   2|           1|           1|
    |and_ln193_16_fu_2913_p2            |    and   |   0|  0|   2|           1|           1|
    |and_ln193_17_fu_2953_p2            |    and   |   0|  0|   2|           1|           1|
    |and_ln193_18_fu_2985_p2            |    and   |   0|  0|   2|           1|           1|
    |and_ln193_19_fu_3029_p2            |    and   |   0|  0|   2|           1|           1|
    |and_ln193_1_fu_2417_p2             |    and   |   0|  0|   2|           1|           1|
    |and_ln193_20_fu_3139_p2            |    and   |   0|  0|   2|           1|           1|
    |and_ln193_21_fu_3154_p2            |    and   |   0|  0|   2|           1|           1|
    |and_ln193_22_fu_3171_p2            |    and   |   0|  0|   2|           1|           1|
    |and_ln193_23_fu_3205_p2            |    and   |   0|  0|   2|           1|           1|
    |and_ln193_24_fu_3223_p2            |    and   |   0|  0|   2|           1|           1|
    |and_ln193_25_fu_3253_p2            |    and   |   0|  0|   2|           1|           1|
    |and_ln193_26_fu_3271_p2            |    and   |   0|  0|   2|           1|           1|
    |and_ln193_27_fu_3301_p2            |    and   |   0|  0|   2|           1|           1|
    |and_ln193_28_fu_3397_p2            |    and   |   0|  0|   2|           1|           1|
    |and_ln193_29_fu_3406_p2            |    and   |   0|  0|   2|           1|           1|
    |and_ln193_2_fu_2429_p2             |    and   |   0|  0|   2|           1|           1|
    |and_ln193_30_fu_3423_p2            |    and   |   0|  0|   2|           1|           1|
    |and_ln193_3_fu_2441_p2             |    and   |   0|  0|   2|           1|           1|
    |and_ln193_4_fu_2453_p2             |    and   |   0|  0|   2|           1|           1|
    |and_ln193_5_fu_2465_p2             |    and   |   0|  0|   2|           1|           1|
    |and_ln193_6_fu_2477_p2             |    and   |   0|  0|   2|           1|           1|
    |and_ln193_7_fu_2489_p2             |    and   |   0|  0|   2|           1|           1|
    |and_ln193_8_fu_2930_p2             |    and   |   0|  0|   2|           1|           1|
    |and_ln193_9_fu_2973_p2             |    and   |   0|  0|   2|           1|           1|
    |and_ln193_fu_2853_p2               |    and   |   0|  0|   2|           1|           1|
    |and_ln203_1_fu_3476_p2             |    and   |   0|  0|   2|           1|           1|
    |and_ln203_fu_3459_p2               |    and   |   0|  0|   2|           1|           1|
    |and_ln277_fu_1734_p2               |    and   |   0|  0|   2|           1|           1|
    |and_ln443_1_fu_3518_p2             |    and   |   0|  0|   2|           1|           1|
    |and_ln443_fu_3382_p2               |    and   |   0|  0|   2|           1|           1|
    |ap_block_pp1_stage0_11001          |    and   |   0|  0|   2|           1|           1|
    |ap_condition_824                   |    and   |   0|  0|   2|           1|           1|
    |ap_predicate_op190_read_state12    |    and   |   0|  0|   2|           1|           1|
    |ap_predicate_op582_write_state17   |    and   |   0|  0|   2|           1|           1|
    |ap_predicate_op585_write_state17   |    and   |   0|  0|   2|           1|           1|
    |spec_select5220_fu_1652_p2         |    and   |   0|  0|   2|           1|           1|
    |spec_select5236_fu_1664_p2         |    and   |   0|  0|   2|           1|           1|
    |spec_select5252_fu_1676_p2         |    and   |   0|  0|   2|           1|           1|
    |cmp_i_i230_i_5_fu_1658_p2          |   icmp   |   0|  0|  13|          11|           3|
    |cmp_i_i230_i_6_fu_1670_p2          |   icmp   |   0|  0|  13|          12|           1|
    |cmp_i_i285_i_fu_1610_p2            |   icmp   |   0|  0|  13|          11|          11|
    |cmp_i_i296_i_fu_1604_p2            |   icmp   |   0|  0|  13|          11|          11|
    |cmp_i_i84_i_not_fu_1682_p2         |   icmp   |   0|  0|  13|          11|           3|
    |cmp_i_i_i_fu_1780_p2               |   icmp   |   0|  0|  13|          11|           1|
    |icmp_fu_1646_p2                    |   icmp   |   0|  0|  13|           9|           1|
    |icmp_ln163_1_fu_2181_p2            |   icmp   |   0|  0|  13|           9|           9|
    |icmp_ln163_2_fu_2213_p2            |   icmp   |   0|  0|  13|           9|           9|
    |icmp_ln163_3_fu_2245_p2            |   icmp   |   0|  0|  13|           9|           9|
    |icmp_ln163_4_fu_2277_p2            |   icmp   |   0|  0|  13|           9|           9|
    |icmp_ln163_5_fu_2309_p2            |   icmp   |   0|  0|  13|           9|           9|
    |icmp_ln163_6_fu_2341_p2            |   icmp   |   0|  0|  13|           9|           9|
    |icmp_ln163_7_fu_2373_p2            |   icmp   |   0|  0|  13|           9|           9|
    |icmp_ln163_fu_2117_p2              |   icmp   |   0|  0|  13|           9|           9|
    |icmp_ln165_1_fu_2186_p2            |   icmp   |   0|  0|  13|           9|           9|
    |icmp_ln165_2_fu_2218_p2            |   icmp   |   0|  0|  13|           9|           9|
    |icmp_ln165_3_fu_2250_p2            |   icmp   |   0|  0|  13|           9|           9|
    |icmp_ln165_4_fu_2282_p2            |   icmp   |   0|  0|  13|           9|           9|
    |icmp_ln165_5_fu_2314_p2            |   icmp   |   0|  0|  13|           9|           9|
    |icmp_ln165_6_fu_2346_p2            |   icmp   |   0|  0|  13|           9|           9|
    |icmp_ln165_7_fu_2378_p2            |   icmp   |   0|  0|  13|           9|           9|
    |icmp_ln165_fu_2122_p2              |   icmp   |   0|  0|  13|           9|           9|
    |icmp_ln170_1_fu_2629_p2            |   icmp   |   0|  0|  13|           9|           9|
    |icmp_ln170_2_fu_2661_p2            |   icmp   |   0|  0|  13|           9|           9|
    |icmp_ln170_3_fu_2693_p2            |   icmp   |   0|  0|  13|           9|           9|
    |icmp_ln170_4_fu_2725_p2            |   icmp   |   0|  0|  13|           9|           9|
    |icmp_ln170_5_fu_2757_p2            |   icmp   |   0|  0|  13|           9|           9|
    |icmp_ln170_6_fu_2789_p2            |   icmp   |   0|  0|  13|           9|           9|
    |icmp_ln170_7_fu_2821_p2            |   icmp   |   0|  0|  13|           9|           9|
    |icmp_ln170_fu_2149_p2              |   icmp   |   0|  0|  13|           9|           9|
    |icmp_ln172_1_fu_2634_p2            |   icmp   |   0|  0|  13|           9|           9|
    |icmp_ln172_2_fu_2666_p2            |   icmp   |   0|  0|  13|           9|           9|
    |icmp_ln172_3_fu_2698_p2            |   icmp   |   0|  0|  13|           9|           9|
    |icmp_ln172_4_fu_2730_p2            |   icmp   |   0|  0|  13|           9|           9|
    |icmp_ln172_5_fu_2762_p2            |   icmp   |   0|  0|  13|           9|           9|
    |icmp_ln172_6_fu_2794_p2            |   icmp   |   0|  0|  13|           9|           9|
    |icmp_ln172_7_fu_2826_p2            |   icmp   |   0|  0|  13|           9|           9|
    |icmp_ln172_fu_2154_p2              |   icmp   |   0|  0|  13|           9|           9|
    |icmp_ln193_10_fu_2999_p2           |   icmp   |   0|  0|   8|           2|           2|
    |icmp_ln193_11_fu_3043_p2           |   icmp   |   0|  0|   8|           2|           2|
    |icmp_ln193_12_fu_3069_p2           |   icmp   |   0|  0|   8|           2|           2|
    |icmp_ln193_13_fu_3087_p2           |   icmp   |   0|  0|   8|           2|           2|
    |icmp_ln193_14_fu_3099_p2           |   icmp   |   0|  0|   8|           2|           2|
    |icmp_ln193_15_fu_3111_p2           |   icmp   |   0|  0|   8|           2|           2|
    |icmp_ln193_1_fu_2411_p2            |   icmp   |   0|  0|   8|           2|           2|
    |icmp_ln193_2_fu_2423_p2            |   icmp   |   0|  0|   8|           2|           2|
    |icmp_ln193_3_fu_2435_p2            |   icmp   |   0|  0|   8|           2|           2|
    |icmp_ln193_4_fu_2447_p2            |   icmp   |   0|  0|   8|           2|           2|
    |icmp_ln193_5_fu_2459_p2            |   icmp   |   0|  0|   8|           2|           2|
    |icmp_ln193_6_fu_2471_p2            |   icmp   |   0|  0|   8|           2|           2|
    |icmp_ln193_7_fu_2483_p2            |   icmp   |   0|  0|   8|           2|           2|
    |icmp_ln193_8_fu_2925_p2            |   icmp   |   0|  0|   8|           2|           2|
    |icmp_ln193_9_fu_2967_p2            |   icmp   |   0|  0|   8|           2|           2|
    |icmp_ln193_fu_2405_p2              |   icmp   |   0|  0|   8|           2|           2|
    |icmp_ln195_10_fu_3265_p2           |   icmp   |   0|  0|  11|           5|           4|
    |icmp_ln195_11_fu_3289_p2           |   icmp   |   0|  0|  11|           5|           4|
    |icmp_ln195_12_fu_3313_p2           |   icmp   |   0|  0|  11|           5|           4|
    |icmp_ln195_13_fu_3401_p2           |   icmp   |   0|  0|  11|           5|           4|
    |icmp_ln195_14_fu_3417_p2           |   icmp   |   0|  0|  11|           5|           4|
    |icmp_ln195_15_fu_3441_p2           |   icmp   |   0|  0|  11|           5|           4|
    |icmp_ln195_1_fu_2941_p2            |   icmp   |   0|  0|  11|           4|           5|
    |icmp_ln195_2_fu_2979_p2            |   icmp   |   0|  0|  11|           4|           5|
    |icmp_ln195_3_fu_3017_p2            |   icmp   |   0|  0|  11|           4|           5|
    |icmp_ln195_4_fu_3055_p2            |   icmp   |   0|  0|  11|           4|           5|
    |icmp_ln195_5_fu_3148_p2            |   icmp   |   0|  0|  11|           4|           5|
    |icmp_ln195_6_fu_3165_p2            |   icmp   |   0|  0|  11|           4|           5|
    |icmp_ln195_7_fu_3193_p2            |   icmp   |   0|  0|  11|           5|           4|
    |icmp_ln195_8_fu_3217_p2            |   icmp   |   0|  0|  11|           5|           4|
    |icmp_ln195_9_fu_3241_p2            |   icmp   |   0|  0|  11|           5|           4|
    |icmp_ln195_fu_2907_p2              |   icmp   |   0|  0|  11|           4|           5|
    |icmp_ln198_fu_3453_p2              |   icmp   |   0|  0|  11|           5|           4|
    |icmp_ln271_fu_1716_p2              |   icmp   |   0|  0|  13|          11|           8|
    |icmp_ln541_fu_1534_p2              |   icmp   |   0|  0|  13|          11|           9|
    |icmp_ln554_fu_1564_p2              |   icmp   |   0|  0|  13|          11|           9|
    |icmp_ln568_fu_1592_p2              |   icmp   |   0|  0|  13|          11|          11|
    |icmp_ln874_fu_1598_p2              |   icmp   |   0|  0|  13|          11|           2|
    |icmp_ln882_1_fu_1525_p2            |   icmp   |   0|  0|  29|          64|          64|
    |icmp_ln882_2_fu_1728_p2            |   icmp   |   0|  0|  13|          11|           9|
    |icmp_ln882_fu_1468_p2              |   icmp   |   0|  0|   9|           3|           2|
    |icmp_ln886_1_fu_1774_p2            |   icmp   |   0|  0|  13|          11|           9|
    |icmp_ln886_2_fu_1739_p2            |   icmp   |   0|  0|  13|          11|           2|
    |icmp_ln886_fu_1768_p2              |   icmp   |   0|  0|  13|          11|           3|
    |ap_block_pp3_stage0_01001          |    or    |   0|  0|   2|           1|           1|
    |ap_block_state12_pp3_stage0_iter1  |    or    |   0|  0|   2|           1|           1|
    |ap_block_state17_pp3_stage0_iter6  |    or    |   0|  0|   2|           1|           1|
    |ap_block_state6_pp1_stage0_iter1   |    or    |   0|  0|   2|           1|           1|
    |ap_condition_819                   |    or    |   0|  0|   2|           1|           1|
    |or_ln163_1_fu_2199_p2              |    or    |   0|  0|   2|           1|           1|
    |or_ln163_2_fu_2231_p2              |    or    |   0|  0|   2|           1|           1|
    |or_ln163_3_fu_2263_p2              |    or    |   0|  0|   2|           1|           1|
    |or_ln163_4_fu_2295_p2              |    or    |   0|  0|   2|           1|           1|
    |or_ln163_5_fu_2327_p2              |    or    |   0|  0|   2|           1|           1|
    |or_ln163_6_fu_2359_p2              |    or    |   0|  0|   2|           1|           1|
    |or_ln163_7_fu_2391_p2              |    or    |   0|  0|   2|           1|           1|
    |or_ln163_fu_2135_p2                |    or    |   0|  0|   2|           1|           1|
    |or_ln170_1_fu_2647_p2              |    or    |   0|  0|   2|           1|           1|
    |or_ln170_2_fu_2679_p2              |    or    |   0|  0|   2|           1|           1|
    |or_ln170_3_fu_2711_p2              |    or    |   0|  0|   2|           1|           1|
    |or_ln170_4_fu_2743_p2              |    or    |   0|  0|   2|           1|           1|
    |or_ln170_5_fu_2775_p2              |    or    |   0|  0|   2|           1|           1|
    |or_ln170_6_fu_2807_p2              |    or    |   0|  0|   2|           1|           1|
    |or_ln170_7_fu_2839_p2              |    or    |   0|  0|   2|           1|           1|
    |or_ln170_fu_2167_p2                |    or    |   0|  0|   2|           1|           1|
    |or_ln203_10_fu_3373_p2             |    or    |   0|  0|   2|           1|           1|
    |or_ln203_11_fu_3464_p2             |    or    |   0|  0|   2|           1|           1|
    |or_ln203_12_fu_3470_p2             |    or    |   0|  0|   2|           1|           1|
    |or_ln203_13_fu_3481_p2             |    or    |   0|  0|   2|           1|           1|
    |or_ln203_14_fu_3487_p2             |    or    |   0|  0|   2|           1|           1|
    |or_ln203_15_fu_3493_p2             |    or    |   0|  0|   2|           1|           1|
    |or_ln203_1_fu_3121_p2              |    or    |   0|  0|   2|           1|           1|
    |or_ln203_2_fu_3127_p2              |    or    |   0|  0|   2|           1|           1|
    |or_ln203_3_fu_3133_p2              |    or    |   0|  0|   2|           1|           1|
    |or_ln203_4_fu_3338_p2              |    or    |   0|  0|   2|           1|           1|
    |or_ln203_5_fu_3344_p2              |    or    |   0|  0|   2|           1|           1|
    |or_ln203_6_fu_3350_p2              |    or    |   0|  0|   2|           1|           1|
    |or_ln203_7_fu_3356_p2              |    or    |   0|  0|   2|           1|           1|
    |or_ln203_8_fu_3361_p2              |    or    |   0|  0|   2|           1|           1|
    |or_ln203_9_fu_3367_p2              |    or    |   0|  0|   2|           1|           1|
    |or_ln203_fu_3498_p2                |    or    |   0|  0|   2|           1|           1|
    |or_ln443_fu_3392_p2                |    or    |   0|  0|   2|           1|           1|
    |or_ln448_fu_3531_p2                |    or    |   0|  0|   2|           1|           1|
    |img_gray_dst_4222_din              |  select  |   0|  0|   8|           1|           1|
    |p_cast_33_fu_3503_p3               |  select  |   0|  0|   2|           1|           2|
    |select_ln163_10_fu_2319_p3         |  select  |   0|  0|   3|           1|           1|
    |select_ln163_11_fu_2333_p3         |  select  |   0|  0|   2|           1|           2|
    |select_ln163_12_fu_2351_p3         |  select  |   0|  0|   3|           1|           1|
    |select_ln163_13_fu_2365_p3         |  select  |   0|  0|   2|           1|           2|
    |select_ln163_14_fu_2383_p3         |  select  |   0|  0|   3|           1|           1|
    |select_ln163_15_fu_2397_p3         |  select  |   0|  0|   2|           1|           2|
    |select_ln163_1_fu_2141_p3          |  select  |   0|  0|   2|           1|           2|
    |select_ln163_2_fu_2191_p3          |  select  |   0|  0|   3|           1|           1|
    |select_ln163_3_fu_2205_p3          |  select  |   0|  0|   2|           1|           2|
    |select_ln163_4_fu_2223_p3          |  select  |   0|  0|   3|           1|           1|
    |select_ln163_5_fu_2237_p3          |  select  |   0|  0|   2|           1|           2|
    |select_ln163_6_fu_2255_p3          |  select  |   0|  0|   3|           1|           1|
    |select_ln163_7_fu_2269_p3          |  select  |   0|  0|   2|           1|           2|
    |select_ln163_8_fu_2287_p3          |  select  |   0|  0|   3|           1|           1|
    |select_ln163_9_fu_2301_p3          |  select  |   0|  0|   2|           1|           2|
    |select_ln163_fu_2127_p3            |  select  |   0|  0|   3|           1|           1|
    |select_ln170_10_fu_2767_p3         |  select  |   0|  0|   3|           1|           1|
    |select_ln170_11_fu_2781_p3         |  select  |   0|  0|   2|           1|           2|
    |select_ln170_12_fu_2799_p3         |  select  |   0|  0|   3|           1|           1|
    |select_ln170_13_fu_2813_p3         |  select  |   0|  0|   2|           1|           2|
    |select_ln170_14_fu_2831_p3         |  select  |   0|  0|   3|           1|           1|
    |select_ln170_15_fu_2845_p3         |  select  |   0|  0|   2|           1|           2|
    |select_ln170_1_fu_2173_p3          |  select  |   0|  0|   2|           1|           2|
    |select_ln170_2_fu_2639_p3          |  select  |   0|  0|   3|           1|           1|
    |select_ln170_3_fu_2653_p3          |  select  |   0|  0|   2|           1|           2|
    |select_ln170_4_fu_2671_p3          |  select  |   0|  0|   3|           1|           1|
    |select_ln170_5_fu_2685_p3          |  select  |   0|  0|   2|           1|           2|
    |select_ln170_6_fu_2703_p3          |  select  |   0|  0|   3|           1|           1|
    |select_ln170_7_fu_2717_p3          |  select  |   0|  0|   2|           1|           2|
    |select_ln170_8_fu_2735_p3          |  select  |   0|  0|   3|           1|           1|
    |select_ln170_9_fu_2749_p3          |  select  |   0|  0|   2|           1|           2|
    |select_ln170_fu_2159_p3            |  select  |   0|  0|   3|           1|           1|
    |select_ln193_10_fu_3210_p3         |  select  |   0|  0|   5|           1|           5|
    |select_ln193_11_fu_3228_p3         |  select  |   0|  0|   5|           1|           5|
    |select_ln193_12_fu_3258_p3         |  select  |   0|  0|   5|           1|           5|
    |select_ln193_13_fu_3276_p3         |  select  |   0|  0|   5|           1|           5|
    |select_ln193_14_fu_3306_p3         |  select  |   0|  0|   5|           1|           5|
    |select_ln193_15_fu_3319_p3         |  select  |   0|  0|   5|           1|           5|
    |select_ln193_16_fu_3411_p3         |  select  |   0|  0|   5|           1|           5|
    |select_ln193_17_fu_3428_p3         |  select  |   0|  0|   5|           1|           5|
    |select_ln193_1_fu_2865_p3          |  select  |   0|  0|   4|           1|           4|
    |select_ln193_2_fu_2886_p3          |  select  |   0|  0|   4|           1|           4|
    |select_ln193_3_fu_2918_p3          |  select  |   0|  0|   4|           1|           4|
    |select_ln193_4_fu_2959_p3          |  select  |   0|  0|   4|           1|           4|
    |select_ln193_5_fu_2991_p3          |  select  |   0|  0|   4|           1|           4|
    |select_ln193_6_fu_3035_p3          |  select  |   0|  0|   4|           1|           4|
    |select_ln193_7_fu_3061_p3          |  select  |   0|  0|   4|           1|           4|
    |select_ln193_8_fu_3159_p3          |  select  |   0|  0|   4|           1|           4|
    |select_ln193_9_fu_3176_p3          |  select  |   0|  0|   4|           1|           4|
    |select_ln193_fu_2900_p3            |  select  |   0|  0|   4|           1|           4|
    |select_ln198_1_fu_2872_p3          |  select  |   0|  0|   4|           1|           4|
    |select_ln198_2_fu_2879_p3          |  select  |   0|  0|   4|           1|           4|
    |select_ln198_3_fu_2893_p3          |  select  |   0|  0|   4|           1|           4|
    |select_ln198_fu_2857_p3            |  select  |   0|  0|   5|           1|           4|
    |select_ln443_fu_3523_p3            |  select  |   0|  0|   8|           1|           8|
    |select_ln882_fu_3511_p3            |  select  |   0|  0|   8|           1|           8|
    |src_buf_V_0_5_fu_2557_p3           |  select  |   0|  0|   8|           1|           8|
    |src_buf_V_1_5_fu_2547_p3           |  select  |   0|  0|   8|           1|           8|
    |src_buf_V_2_5_fu_2536_p3           |  select  |   0|  0|   8|           1|           8|
    |src_buf_V_3_5_fu_2525_p3           |  select  |   0|  0|   8|           1|           8|
    |src_buf_V_4_5_fu_2514_p3           |  select  |   0|  0|   8|           1|           8|
    |src_buf_V_4_6_fu_1924_p3           |  select  |   0|  0|   8|           1|           8|
    |src_buf_V_5_5_fu_2504_p3           |  select  |   0|  0|   8|           1|           8|
    |src_buf_V_5_6_fu_1970_p3           |  select  |   0|  0|   8|           1|           8|
    |src_buf_V_6_4_fu_2495_p3           |  select  |   0|  0|   8|           1|           8|
    |src_buf_V_6_6_fu_2016_p3           |  select  |   0|  0|   8|           1|           8|
    |ap_enable_pp1                      |    xor   |   0|  0|   2|           1|           2|
    |ap_enable_pp3                      |    xor   |   0|  0|   2|           1|           2|
    |ap_enable_reg_pp1_iter1            |    xor   |   0|  0|   2|           2|           1|
    |xor_ln443_fu_3386_p2               |    xor   |   0|  0|   2|           2|           1|
    +-----------------------------------+----------+----+---+----+------------+------------+
    |Total                              |          |   0|  0|2119|        1100|        1142|
    +-----------------------------------+----------+----+---+----+------------+------------+

    * Multiplexer: 
    +-----------------------------------------------+----+-----------+-----+-----------+
    |                      Name                     | LUT| Input Size| Bits| Total Bits|
    +-----------------------------------------------+----+-----------+-----+-----------+
    |ap_NS_fsm                                      |  53|         12|    1|         12|
    |ap_enable_reg_pp1_iter1                        |  15|          3|    1|          3|
    |ap_enable_reg_pp3_iter5                        |   9|          2|    1|          2|
    |ap_enable_reg_pp3_iter6                        |   9|          2|    1|          2|
    |ap_phi_mux_empty_32_phi_fu_688_p4              |   9|          2|   11|         22|
    |ap_phi_mux_empty_phi_fu_576_p4                 |   9|          2|   11|         22|
    |ap_phi_mux_src_buf_V_0_2_0_phi_fu_1356_p4      |   9|          2|    8|         16|
    |ap_phi_mux_src_buf_V_0_2_phi_fu_1014_p4        |   9|          2|    8|         16|
    |ap_phi_mux_src_buf_V_0_3_phi_fu_1003_p4        |   9|          2|    8|         16|
    |ap_phi_mux_src_buf_V_0_6_3_phi_fu_992_p4       |   9|          2|    8|         16|
    |ap_phi_mux_src_buf_V_1_1_0_phi_fu_1345_p4      |   9|          2|    8|         16|
    |ap_phi_mux_src_buf_V_1_1_phi_fu_980_p4         |   9|          2|    8|         16|
    |ap_phi_mux_src_buf_V_1_2_phi_fu_969_p4         |   9|          2|    8|         16|
    |ap_phi_mux_src_buf_V_1_3_phi_fu_958_p4         |   9|          2|    8|         16|
    |ap_phi_mux_src_buf_V_1_6_3_phi_fu_947_p4       |   9|          2|    8|         16|
    |ap_phi_mux_src_buf_V_2_0_0_phi_fu_1334_p4      |   9|          2|    8|         16|
    |ap_phi_mux_src_buf_V_2_0_phi_fu_935_p4         |   9|          2|    8|         16|
    |ap_phi_mux_src_buf_V_2_1_phi_fu_924_p4         |   9|          2|    8|         16|
    |ap_phi_mux_src_buf_V_2_2_phi_fu_913_p4         |   9|          2|    8|         16|
    |ap_phi_mux_src_buf_V_2_3_phi_fu_902_p4         |   9|          2|    8|         16|
    |ap_phi_mux_src_buf_V_2_6_3_phi_fu_891_p4       |   9|          2|    8|         16|
    |ap_phi_mux_src_buf_V_3_0_0_phi_fu_1323_p4      |   9|          2|    8|         16|
    |ap_phi_mux_src_buf_V_3_0_phi_fu_879_p4         |   9|          2|    8|         16|
    |ap_phi_mux_src_buf_V_3_1_phi_fu_868_p4         |   9|          2|    8|         16|
    |ap_phi_mux_src_buf_V_3_2_phi_fu_857_p4         |   9|          2|    8|         16|
    |ap_phi_mux_src_buf_V_3_3_phi_fu_846_p4         |   9|          2|    8|         16|
    |ap_phi_mux_src_buf_V_3_6_3_phi_fu_835_p4       |   9|          2|    8|         16|
    |ap_phi_mux_src_buf_V_4_0_0_phi_fu_1312_p4      |   9|          2|    8|         16|
    |ap_phi_mux_src_buf_V_4_0_phi_fu_823_p4         |   9|          2|    8|         16|
    |ap_phi_mux_src_buf_V_4_1_phi_fu_812_p4         |   9|          2|    8|         16|
    |ap_phi_mux_src_buf_V_4_2_phi_fu_801_p4         |   9|          2|    8|         16|
    |ap_phi_mux_src_buf_V_4_3_phi_fu_790_p4         |   9|          2|    8|         16|
    |ap_phi_mux_src_buf_V_4_6_3_phi_fu_779_p4       |   9|          2|    8|         16|
    |ap_phi_mux_src_buf_V_5_1_0_phi_fu_1301_p4      |   9|          2|    8|         16|
    |ap_phi_mux_src_buf_V_5_1_phi_fu_767_p4         |   9|          2|    8|         16|
    |ap_phi_mux_src_buf_V_5_2_phi_fu_756_p4         |   9|          2|    8|         16|
    |ap_phi_mux_src_buf_V_5_3_phi_fu_745_p4         |   9|          2|    8|         16|
    |ap_phi_mux_src_buf_V_5_6_3_phi_fu_734_p4       |   9|          2|    8|         16|
    |ap_phi_mux_src_buf_V_6_2_0_phi_fu_1290_p4      |   9|          2|    8|         16|
    |ap_phi_mux_src_buf_V_6_2_phi_fu_722_p4         |   9|          2|    8|         16|
    |ap_phi_mux_src_buf_V_6_3_phi_fu_711_p4         |   9|          2|    8|         16|
    |ap_phi_mux_src_buf_V_6_6_3_phi_fu_700_p4       |   9|          2|    8|         16|
    |ap_phi_reg_pp3_iter4_src_buf_V_0_2_1_reg_1435  |  15|          3|    8|         24|
    |ap_phi_reg_pp3_iter4_src_buf_V_1_1_1_reg_1423  |  15|          3|    8|         24|
    |ap_phi_reg_pp3_iter4_src_buf_V_2_0_1_reg_1411  |  15|          3|    8|         24|
    |ap_phi_reg_pp3_iter4_src_buf_V_3_0_1_reg_1399  |  15|          3|    8|         24|
    |ap_phi_reg_pp3_iter4_src_buf_V_4_0_1_reg_1387  |  15|          3|    8|         24|
    |ap_phi_reg_pp3_iter4_src_buf_V_5_1_1_reg_1375  |  15|          3|    8|         24|
    |ap_phi_reg_pp3_iter4_src_buf_V_6_2_1_reg_1363  |  15|          3|    8|         24|
    |buf_0_V_address1                               |  21|          4|   11|         44|
    |buf_0_V_d1                                     |  15|          3|    8|         24|
    |buf_1_V_address1                               |  21|          4|   11|         44|
    |buf_1_V_d1                                     |  15|          3|    8|         24|
    |buf_2_V_address1                               |  21|          4|   11|         44|
    |buf_2_V_d1                                     |  15|          3|    8|         24|
    |buf_3_V_address1                               |  15|          3|   11|         33|
    |buf_4_V_address1                               |  15|          3|   11|         33|
    |buf_5_V_address1                               |  15|          3|   11|         33|
    |buf_6_V_address1                               |  15|          3|   11|         33|
    |empty_29_reg_584                               |   9|          2|   11|         22|
    |empty_30_reg_672                               |   9|          2|   11|         22|
    |empty_32_reg_684                               |   9|          2|   11|         22|
    |empty_reg_572                                  |   9|          2|   11|         22|
    |img_gray_dst_4222_blk_n                        |   9|          2|    1|          2|
    |img_gray_src_4221_blk_n                        |   9|          2|    1|          2|
    |img_rgb_dst_4220_blk_n                         |   9|          2|    1|          2|
    |img_rgb_dst_4220_din                           |  15|          3|   24|         72|
    |img_rgb_src_4219_blk_n                         |   9|          2|    1|          2|
    |init_buf_reg_562                               |   9|          2|   64|        128|
    |pixel_src1_V_address0                          |  15|          3|   11|         33|
    |row_ind_V_0_2_reg_551                          |   9|          2|    3|          6|
    |row_ind_V_0_reg_649                            |   9|          2|   13|         26|
    |row_ind_V_1_reg_638                            |   9|          2|   13|         26|
    |row_ind_V_2_reg_627                            |   9|          2|   13|         26|
    |row_ind_V_3_reg_616                            |   9|          2|   13|         26|
    |row_ind_V_4_reg_605                            |   9|          2|   13|         26|
    |row_ind_V_5_1_reg_595                          |   9|          2|   13|         26|
    |row_ind_V_6_reg_660                            |   9|          2|   13|         26|
    |src_buf_V_0_2_0_reg_1352                       |   9|          2|    8|         16|
    |src_buf_V_0_2_reg_1010                         |   9|          2|    8|         16|
    |src_buf_V_0_3_1_reg_1274                       |  15|          3|    8|         24|
    |src_buf_V_0_3_reg_999                          |   9|          2|    8|         16|
    |src_buf_V_0_4_1_reg_1262                       |  15|          3|    8|         24|
    |src_buf_V_0_6_3_reg_988                        |   9|          2|    8|         16|
    |src_buf_V_1_1_0_reg_1341                       |   9|          2|    8|         16|
    |src_buf_V_1_1_reg_976                          |   9|          2|    8|         16|
    |src_buf_V_1_2_1_reg_1250                       |  15|          3|    8|         24|
    |src_buf_V_1_2_reg_965                          |   9|          2|    8|         16|
    |src_buf_V_1_3_1_reg_1238                       |  15|          3|    8|         24|
    |src_buf_V_1_3_reg_954                          |   9|          2|    8|         16|
    |src_buf_V_1_4_1_reg_1226                       |  15|          3|    8|         24|
    |src_buf_V_1_6_3_reg_943                        |   9|          2|    8|         16|
    |src_buf_V_2_0_0_reg_1330                       |   9|          2|    8|         16|
    |src_buf_V_2_0_reg_931                          |   9|          2|    8|         16|
    |src_buf_V_2_1_1_reg_1214                       |  15|          3|    8|         24|
    |src_buf_V_2_1_reg_920                          |   9|          2|    8|         16|
    |src_buf_V_2_2_1_reg_1202                       |  15|          3|    8|         24|
    |src_buf_V_2_2_reg_909                          |   9|          2|    8|         16|
    |src_buf_V_2_3_1_reg_1190                       |  15|          3|    8|         24|
    |src_buf_V_2_3_reg_898                          |   9|          2|    8|         16|
    |src_buf_V_2_4_1_reg_1178                       |  15|          3|    8|         24|
    |src_buf_V_2_6_3_reg_887                        |   9|          2|    8|         16|
    |src_buf_V_3_0_0_reg_1319                       |   9|          2|    8|         16|
    |src_buf_V_3_0_reg_875                          |   9|          2|    8|         16|
    |src_buf_V_3_1_1_reg_1166                       |  15|          3|    8|         24|
    |src_buf_V_3_1_reg_864                          |   9|          2|    8|         16|
    |src_buf_V_3_2_1_reg_1154                       |  15|          3|    8|         24|
    |src_buf_V_3_2_reg_853                          |   9|          2|    8|         16|
    |src_buf_V_3_3_1_reg_1142                       |  15|          3|    8|         24|
    |src_buf_V_3_3_reg_842                          |   9|          2|    8|         16|
    |src_buf_V_3_4_1_reg_1130                       |  15|          3|    8|         24|
    |src_buf_V_3_6_3_reg_831                        |   9|          2|    8|         16|
    |src_buf_V_4_0_0_reg_1308                       |   9|          2|    8|         16|
    |src_buf_V_4_0_reg_819                          |   9|          2|    8|         16|
    |src_buf_V_4_1_1_reg_1118                       |  15|          3|    8|         24|
    |src_buf_V_4_1_reg_808                          |   9|          2|    8|         16|
    |src_buf_V_4_2_1_reg_1106                       |  15|          3|    8|         24|
    |src_buf_V_4_2_reg_797                          |   9|          2|    8|         16|
    |src_buf_V_4_3_1_reg_1094                       |  15|          3|    8|         24|
    |src_buf_V_4_3_reg_786                          |   9|          2|    8|         16|
    |src_buf_V_4_4_1_reg_1082                       |  15|          3|    8|         24|
    |src_buf_V_4_6_3_reg_775                        |   9|          2|    8|         16|
    |src_buf_V_5_1_0_reg_1297                       |   9|          2|    8|         16|
    |src_buf_V_5_1_reg_763                          |   9|          2|    8|         16|
    |src_buf_V_5_2_1_reg_1070                       |  15|          3|    8|         24|
    |src_buf_V_5_2_reg_752                          |   9|          2|    8|         16|
    |src_buf_V_5_3_1_reg_1058                       |  15|          3|    8|         24|
    |src_buf_V_5_3_reg_741                          |   9|          2|    8|         16|
    |src_buf_V_5_4_1_reg_1046                       |  15|          3|    8|         24|
    |src_buf_V_5_6_3_reg_730                        |   9|          2|    8|         16|
    |src_buf_V_6_2_0_reg_1286                       |   9|          2|    8|         16|
    |src_buf_V_6_2_reg_718                          |   9|          2|    8|         16|
    |src_buf_V_6_3_1_reg_1034                       |  15|          3|    8|         24|
    |src_buf_V_6_3_reg_707                          |   9|          2|    8|         16|
    |src_buf_V_6_4_1_reg_1022                       |  15|          3|    8|         24|
    |src_buf_V_6_6_3_reg_696                        |   9|          2|    8|         16|
    +-----------------------------------------------+----+-----------+-----+-----------+
    |Total                                          |1538|        327| 1176|       2764|
    +-----------------------------------------------+----+-----------+-----+-----------+

    * Register: 
    +-----------------------------------------------+----+----+-----+-----------+
    |                      Name                     | FF | LUT| Bits| Const Bits|
    +-----------------------------------------------+----+----+-----+-----------+
    |add_ln194_6_reg_4084                           |   5|   0|    5|          0|
    |add_ln198_2_reg_4051                           |   4|   0|    4|          0|
    |add_ln198_6_reg_4089                           |   5|   0|    5|          0|
    |add_ln695_3_reg_3815                           |  11|   0|   11|          0|
    |add_ln695_reg_3669                             |  11|   0|   11|          0|
    |and_ln193_11_reg_4030                          |   1|   0|    1|          0|
    |and_ln193_12_reg_4045                          |   1|   0|    1|          0|
    |and_ln193_13_reg_4056                          |   1|   0|    1|          0|
    |and_ln193_14_reg_4062                          |   1|   0|    1|          0|
    |and_ln193_15_reg_4068                          |   1|   0|    1|          0|
    |and_ln193_1_reg_3934                           |   1|   0|    1|          0|
    |and_ln193_1_reg_3934_pp3_iter4_reg             |   1|   0|    1|          0|
    |and_ln193_2_reg_3941                           |   1|   0|    1|          0|
    |and_ln193_2_reg_3941_pp3_iter4_reg             |   1|   0|    1|          0|
    |and_ln193_3_reg_3948                           |   1|   0|    1|          0|
    |and_ln193_4_reg_3955                           |   1|   0|    1|          0|
    |and_ln193_5_reg_3962                           |   1|   0|    1|          0|
    |and_ln193_6_reg_3969                           |   1|   0|    1|          0|
    |and_ln193_7_reg_3975                           |   1|   0|    1|          0|
    |and_ln193_reg_4024                             |   1|   0|    1|          0|
    |and_ln277_reg_3833                             |   1|   0|    1|          0|
    |ap_CS_fsm                                      |  11|   0|   11|          0|
    |ap_enable_reg_pp1_iter0                        |   1|   0|    1|          0|
    |ap_enable_reg_pp1_iter1                        |   1|   0|    1|          0|
    |ap_enable_reg_pp3_iter0                        |   1|   0|    1|          0|
    |ap_enable_reg_pp3_iter1                        |   1|   0|    1|          0|
    |ap_enable_reg_pp3_iter2                        |   1|   0|    1|          0|
    |ap_enable_reg_pp3_iter3                        |   1|   0|    1|          0|
    |ap_enable_reg_pp3_iter4                        |   1|   0|    1|          0|
    |ap_enable_reg_pp3_iter5                        |   1|   0|    1|          0|
    |ap_enable_reg_pp3_iter6                        |   1|   0|    1|          0|
    |ap_phi_reg_pp3_iter1_src_buf_V_0_2_1_reg_1435  |   8|   0|    8|          0|
    |ap_phi_reg_pp3_iter1_src_buf_V_1_1_1_reg_1423  |   8|   0|    8|          0|
    |ap_phi_reg_pp3_iter1_src_buf_V_2_0_1_reg_1411  |   8|   0|    8|          0|
    |ap_phi_reg_pp3_iter1_src_buf_V_3_0_1_reg_1399  |   8|   0|    8|          0|
    |ap_phi_reg_pp3_iter1_src_buf_V_4_0_1_reg_1387  |   8|   0|    8|          0|
    |ap_phi_reg_pp3_iter1_src_buf_V_5_1_1_reg_1375  |   8|   0|    8|          0|
    |ap_phi_reg_pp3_iter1_src_buf_V_6_2_1_reg_1363  |   8|   0|    8|          0|
    |ap_phi_reg_pp3_iter2_src_buf_V_0_2_1_reg_1435  |   8|   0|    8|          0|
    |ap_phi_reg_pp3_iter2_src_buf_V_1_1_1_reg_1423  |   8|   0|    8|          0|
    |ap_phi_reg_pp3_iter2_src_buf_V_2_0_1_reg_1411  |   8|   0|    8|          0|
    |ap_phi_reg_pp3_iter2_src_buf_V_3_0_1_reg_1399  |   8|   0|    8|          0|
    |ap_phi_reg_pp3_iter2_src_buf_V_4_0_1_reg_1387  |   8|   0|    8|          0|
    |ap_phi_reg_pp3_iter2_src_buf_V_5_1_1_reg_1375  |   8|   0|    8|          0|
    |ap_phi_reg_pp3_iter2_src_buf_V_6_2_1_reg_1363  |   8|   0|    8|          0|
    |ap_phi_reg_pp3_iter3_src_buf_V_0_2_1_reg_1435  |   8|   0|    8|          0|
    |ap_phi_reg_pp3_iter3_src_buf_V_1_1_1_reg_1423  |   8|   0|    8|          0|
    |ap_phi_reg_pp3_iter3_src_buf_V_2_0_1_reg_1411  |   8|   0|    8|          0|
    |ap_phi_reg_pp3_iter3_src_buf_V_3_0_1_reg_1399  |   8|   0|    8|          0|
    |ap_phi_reg_pp3_iter3_src_buf_V_4_0_1_reg_1387  |   8|   0|    8|          0|
    |ap_phi_reg_pp3_iter3_src_buf_V_5_1_1_reg_1375  |   8|   0|    8|          0|
    |ap_phi_reg_pp3_iter3_src_buf_V_6_2_1_reg_1363  |   8|   0|    8|          0|
    |ap_phi_reg_pp3_iter4_src_buf_V_0_2_1_reg_1435  |   8|   0|    8|          0|
    |ap_phi_reg_pp3_iter4_src_buf_V_1_1_1_reg_1423  |   8|   0|    8|          0|
    |ap_phi_reg_pp3_iter4_src_buf_V_2_0_1_reg_1411  |   8|   0|    8|          0|
    |ap_phi_reg_pp3_iter4_src_buf_V_3_0_1_reg_1399  |   8|   0|    8|          0|
    |ap_phi_reg_pp3_iter4_src_buf_V_4_0_1_reg_1387  |   8|   0|    8|          0|
    |ap_phi_reg_pp3_iter4_src_buf_V_5_1_1_reg_1375  |   8|   0|    8|          0|
    |ap_phi_reg_pp3_iter4_src_buf_V_6_2_1_reg_1363  |   8|   0|    8|          0|
    |arraydecay88282_load_05397_fu_228              |   8|   0|    8|          0|
    |cmp_i_i285_i_reg_3746                          |   1|   0|    1|          0|
    |cmp_i_i296_i_reg_3741                          |   1|   0|    1|          0|
    |cmp_i_i84_i_not_reg_3771                       |   1|   0|    1|          0|
    |cmp_i_i_i_reg_3893                             |   1|   0|    1|          0|
    |conv_i182_i_reg_3842                           |  11|   0|   64|         53|
    |empty_29_reg_584                               |  11|   0|   11|          0|
    |empty_30_reg_672                               |  11|   0|   11|          0|
    |empty_31_reg_3751                              |   3|   0|    3|          0|
    |empty_32_reg_684                               |  11|   0|   11|          0|
    |empty_32_reg_684_pp3_iter1_reg                 |  11|   0|   11|          0|
    |empty_reg_572                                  |  11|   0|   11|          0|
    |icmp_ln193_reg_3929                            |   1|   0|    1|          0|
    |icmp_ln195_12_reg_4079                         |   1|   0|    1|          0|
    |icmp_ln195_4_reg_4035                          |   1|   0|    1|          0|
    |icmp_ln271_reg_3811                            |   1|   0|    1|          0|
    |icmp_ln541_reg_3665                            |   1|   0|    1|          0|
    |icmp_ln874_reg_3737                            |   1|   0|    1|          0|
    |icmp_ln882_2_reg_3820                          |   1|   0|    1|          0|
    |icmp_ln886_1_reg_3888                          |   1|   0|    1|          0|
    |icmp_ln886_2_reg_3838                          |   1|   0|    1|          0|
    |icmp_ln886_reg_3883                            |   1|   0|    1|          0|
    |init_buf_reg_562                               |  64|   0|   64|          0|
    |or_ln163_reg_3908                              |   1|   0|    1|          0|
    |or_ln170_reg_3919                              |   1|   0|    1|          0|
    |or_ln203_10_reg_4099                           |   1|   0|    1|          0|
    |or_ln203_3_reg_4074                            |   1|   0|    1|          0|
    |or_ln203_7_reg_4094                            |   1|   0|    1|          0|
    |row_ind_V_0_0_fu_164                           |   3|   0|   13|         10|
    |row_ind_V_0_0_load_reg_3602                    |   3|   0|   13|         10|
    |row_ind_V_0_2_reg_551                          |   3|   0|    3|          0|
    |row_ind_V_0_reg_649                            |  13|   0|   13|          0|
    |row_ind_V_1_0_fu_168                           |   3|   0|   13|         10|
    |row_ind_V_1_0_load_reg_3607                    |   3|   0|   13|         10|
    |row_ind_V_1_reg_638                            |  13|   0|   13|          0|
    |row_ind_V_2_0_fu_172                           |   3|   0|   13|         10|
    |row_ind_V_2_0_load_reg_3612                    |   3|   0|   13|         10|
    |row_ind_V_2_reg_627                            |  13|   0|   13|          0|
    |row_ind_V_3_0_fu_176                           |   3|   0|   13|         10|
    |row_ind_V_3_0_load_reg_3617                    |   3|   0|   13|         10|
    |row_ind_V_3_reg_616                            |  13|   0|   13|          0|
    |row_ind_V_4_0_fu_180                           |   3|   0|   13|         10|
    |row_ind_V_4_0_load_reg_3623                    |   3|   0|   13|         10|
    |row_ind_V_4_reg_605                            |  13|   0|   13|          0|
    |row_ind_V_5_0_fu_184                           |   3|   0|   13|         10|
    |row_ind_V_5_0_load_reg_3628                    |   3|   0|   13|         10|
    |row_ind_V_5_1_reg_595                          |  13|   0|   13|          0|
    |row_ind_V_6_0_fu_188                           |   3|   0|   13|         10|
    |row_ind_V_6_0_load_reg_3633                    |   3|   0|   13|         10|
    |row_ind_V_6_reg_660                            |  13|   0|   13|          0|
    |select_ln163_1_reg_3914                        |   2|   0|    2|          0|
    |select_ln170_1_reg_3924                        |   2|   0|    2|          0|
    |select_ln193_7_reg_4040                        |   4|   0|    4|          0|
    |spec_select5220_reg_3756                       |   1|   0|    1|          0|
    |spec_select5236_reg_3761                       |   1|   0|    1|          0|
    |spec_select5252_reg_3766                       |   1|   0|    1|          0|
    |src_buf_V_0_2_0_reg_1352                       |   8|   0|    8|          0|
    |src_buf_V_0_2_1_reg_1435                       |   8|   0|    8|          0|
    |src_buf_V_0_2_reg_1010                         |   8|   0|    8|          0|
    |src_buf_V_0_3_1_reg_1274                       |   8|   0|    8|          0|
    |src_buf_V_0_3_reg_999                          |   8|   0|    8|          0|
    |src_buf_V_0_4_1_reg_1262                       |   8|   0|    8|          0|
    |src_buf_V_0_5_reg_4018                         |   8|   0|    8|          0|
    |src_buf_V_0_6_3_reg_988                        |   8|   0|    8|          0|
    |src_buf_V_1_1_0_reg_1341                       |   8|   0|    8|          0|
    |src_buf_V_1_1_1_reg_1423                       |   8|   0|    8|          0|
    |src_buf_V_1_1_reg_976                          |   8|   0|    8|          0|
    |src_buf_V_1_2_1_reg_1250                       |   8|   0|    8|          0|
    |src_buf_V_1_2_reg_965                          |   8|   0|    8|          0|
    |src_buf_V_1_3_1_reg_1238                       |   8|   0|    8|          0|
    |src_buf_V_1_3_reg_954                          |   8|   0|    8|          0|
    |src_buf_V_1_4_1_reg_1226                       |   8|   0|    8|          0|
    |src_buf_V_1_5_reg_4012                         |   8|   0|    8|          0|
    |src_buf_V_1_6_3_reg_943                        |   8|   0|    8|          0|
    |src_buf_V_2_0_0_reg_1330                       |   8|   0|    8|          0|
    |src_buf_V_2_0_1_reg_1411                       |   8|   0|    8|          0|
    |src_buf_V_2_0_reg_931                          |   8|   0|    8|          0|
    |src_buf_V_2_1_1_reg_1214                       |   8|   0|    8|          0|
    |src_buf_V_2_1_reg_920                          |   8|   0|    8|          0|
    |src_buf_V_2_2_1_reg_1202                       |   8|   0|    8|          0|
    |src_buf_V_2_2_reg_909                          |   8|   0|    8|          0|
    |src_buf_V_2_3_1_reg_1190                       |   8|   0|    8|          0|
    |src_buf_V_2_3_reg_898                          |   8|   0|    8|          0|
    |src_buf_V_2_4_1_reg_1178                       |   8|   0|    8|          0|
    |src_buf_V_2_5_reg_4006                         |   8|   0|    8|          0|
    |src_buf_V_2_6_3_reg_887                        |   8|   0|    8|          0|
    |src_buf_V_3_0_0_reg_1319                       |   8|   0|    8|          0|
    |src_buf_V_3_0_1_reg_1399                       |   8|   0|    8|          0|
    |src_buf_V_3_0_reg_875                          |   8|   0|    8|          0|
    |src_buf_V_3_1_1_reg_1166                       |   8|   0|    8|          0|
    |src_buf_V_3_1_reg_864                          |   8|   0|    8|          0|
    |src_buf_V_3_2_1_reg_1154                       |   8|   0|    8|          0|
    |src_buf_V_3_2_reg_853                          |   8|   0|    8|          0|
    |src_buf_V_3_3_1_reg_1142                       |   8|   0|    8|          0|
    |src_buf_V_3_3_reg_842                          |   8|   0|    8|          0|
    |src_buf_V_3_4_1_reg_1130                       |   8|   0|    8|          0|
    |src_buf_V_3_5_reg_4000                         |   8|   0|    8|          0|
    |src_buf_V_3_6_3_reg_831                        |   8|   0|    8|          0|
    |src_buf_V_4_0_0_reg_1308                       |   8|   0|    8|          0|
    |src_buf_V_4_0_1_reg_1387                       |   8|   0|    8|          0|
    |src_buf_V_4_0_reg_819                          |   8|   0|    8|          0|
    |src_buf_V_4_1_1_reg_1118                       |   8|   0|    8|          0|
    |src_buf_V_4_1_reg_808                          |   8|   0|    8|          0|
    |src_buf_V_4_2_1_reg_1106                       |   8|   0|    8|          0|
    |src_buf_V_4_2_reg_797                          |   8|   0|    8|          0|
    |src_buf_V_4_3_1_reg_1094                       |   8|   0|    8|          0|
    |src_buf_V_4_3_reg_786                          |   8|   0|    8|          0|
    |src_buf_V_4_4_1_reg_1082                       |   8|   0|    8|          0|
    |src_buf_V_4_5_reg_3994                         |   8|   0|    8|          0|
    |src_buf_V_4_6_3_reg_775                        |   8|   0|    8|          0|
    |src_buf_V_5_1_0_reg_1297                       |   8|   0|    8|          0|
    |src_buf_V_5_1_1_reg_1375                       |   8|   0|    8|          0|
    |src_buf_V_5_1_reg_763                          |   8|   0|    8|          0|
    |src_buf_V_5_2_1_reg_1070                       |   8|   0|    8|          0|
    |src_buf_V_5_2_reg_752                          |   8|   0|    8|          0|
    |src_buf_V_5_3_1_reg_1058                       |   8|   0|    8|          0|
    |src_buf_V_5_3_reg_741                          |   8|   0|    8|          0|
    |src_buf_V_5_4_1_reg_1046                       |   8|   0|    8|          0|
    |src_buf_V_5_5_reg_3988                         |   8|   0|    8|          0|
    |src_buf_V_5_6_3_reg_730                        |   8|   0|    8|          0|
    |src_buf_V_6_2_0_reg_1286                       |   8|   0|    8|          0|
    |src_buf_V_6_2_1_reg_1363                       |   8|   0|    8|          0|
    |src_buf_V_6_2_reg_718                          |   8|   0|    8|          0|
    |src_buf_V_6_3_1_reg_1034                       |   8|   0|    8|          0|
    |src_buf_V_6_3_reg_707                          |   8|   0|    8|          0|
    |src_buf_V_6_4_1_reg_1022                       |   8|   0|    8|          0|
    |src_buf_V_6_4_reg_3982                         |   8|   0|    8|          0|
    |src_buf_V_6_6_3_reg_696                        |   8|   0|    8|          0|
    |sub_i_i30_reg_3713                             |   9|   0|    9|          0|
    |trunc_ln324_1_reg_3776                         |   3|   0|    3|          0|
    |trunc_ln324_2_reg_3781                         |   3|   0|    3|          0|
    |trunc_ln324_3_reg_3786                         |   3|   0|    3|          0|
    |trunc_ln324_4_reg_3791                         |   3|   0|    3|          0|
    |trunc_ln324_5_reg_3796                         |   3|   0|    3|          0|
    |trunc_ln324_6_reg_3801                         |   3|   0|    3|          0|
    |trunc_ln324_7_reg_3806                         |   3|   0|    3|          0|
    |trunc_ln324_reg_3661                           |   3|   0|    3|          0|
    |wide_trip_count_reg_3652                       |   3|   0|   64|         61|
    |zext_ln1351_reg_3897                           |   8|   0|    9|          1|
    |zext_ln37_reg_3693                             |   8|   0|    9|          1|
    |and_ln193_3_reg_3948                           |  64|  32|    1|          0|
    |and_ln193_4_reg_3955                           |  64|  32|    1|          0|
    |and_ln193_5_reg_3962                           |  64|  32|    1|          0|
    |and_ln193_6_reg_3969                           |  64|  32|    1|          0|
    |and_ln193_7_reg_3975                           |  64|  32|    1|          0|
    |and_ln277_reg_3833                             |  64|  32|    1|          0|
    |conv_i182_i_reg_3842                           |  64|  32|   64|         53|
    |icmp_ln271_reg_3811                            |  64|  32|    1|          0|
    |icmp_ln882_2_reg_3820                          |  64|  32|    1|          0|
    |icmp_ln886_1_reg_3888                          |  64|  32|    1|          0|
    |icmp_ln886_2_reg_3838                          |  64|  32|    1|          0|
    |icmp_ln886_reg_3883                            |  64|  32|    1|          0|
    +-----------------------------------------------+----+----+-----+-----------+
    |Total                                          |1999| 384| 1562|        309|
    +-----------------------------------------------+----+----+-----+-----------+



================================================================
== Interface
================================================================
* Summary: 
+---------------------------+-----+-----+------------+------------------------------------------------+--------------+
|         RTL Ports         | Dir | Bits|  Protocol  |                  Source Object                 |    C Type    |
+---------------------------+-----+-----+------------+------------------------------------------------+--------------+
|ap_clk                     |  in |    1| ap_ctrl_hs | xFfast7x7<0, 1080, 1920, 0, 1, 1, 1923, 7, 49> | return value |
|ap_rst                     |  in |    1| ap_ctrl_hs | xFfast7x7<0, 1080, 1920, 0, 1, 1, 1923, 7, 49> | return value |
|ap_start                   |  in |    1| ap_ctrl_hs | xFfast7x7<0, 1080, 1920, 0, 1, 1, 1923, 7, 49> | return value |
|ap_done                    | out |    1| ap_ctrl_hs | xFfast7x7<0, 1080, 1920, 0, 1, 1, 1923, 7, 49> | return value |
|ap_idle                    | out |    1| ap_ctrl_hs | xFfast7x7<0, 1080, 1920, 0, 1, 1, 1923, 7, 49> | return value |
|ap_ready                   | out |    1| ap_ctrl_hs | xFfast7x7<0, 1080, 1920, 0, 1, 1, 1923, 7, 49> | return value |
|img_gray_src_4221_dout     |  in |    8|   ap_fifo  |                img_gray_src_4221               |    pointer   |
|img_gray_src_4221_empty_n  |  in |    1|   ap_fifo  |                img_gray_src_4221               |    pointer   |
|img_gray_src_4221_read     | out |    1|   ap_fifo  |                img_gray_src_4221               |    pointer   |
|img_rgb_src_4219_dout      |  in |   24|   ap_fifo  |                img_rgb_src_4219                |    pointer   |
|img_rgb_src_4219_empty_n   |  in |    1|   ap_fifo  |                img_rgb_src_4219                |    pointer   |
|img_rgb_src_4219_read      | out |    1|   ap_fifo  |                img_rgb_src_4219                |    pointer   |
|img_gray_dst_4222_din      | out |    8|   ap_fifo  |                img_gray_dst_4222               |    pointer   |
|img_gray_dst_4222_full_n   |  in |    1|   ap_fifo  |                img_gray_dst_4222               |    pointer   |
|img_gray_dst_4222_write    | out |    1|   ap_fifo  |                img_gray_dst_4222               |    pointer   |
|img_rgb_dst_4220_din       | out |   24|   ap_fifo  |                img_rgb_dst_4220                |    pointer   |
|img_rgb_dst_4220_full_n    |  in |    1|   ap_fifo  |                img_rgb_dst_4220                |    pointer   |
|img_rgb_dst_4220_write     | out |    1|   ap_fifo  |                img_rgb_dst_4220                |    pointer   |
|p_threshold                |  in |    8|   ap_none  |                   p_threshold                  |    scalar    |
+---------------------------+-----+-----+------------+------------------------------------------------+--------------+

