

================================================================
== Vitis HLS Report for 'Axi2AxiStream'
================================================================
* Date:           Fri Jan 22 14:17:01 2021

* Version:        2020.1 (Build 2902540 on Wed May 27 20:16:15 MDT 2020)
* Project:        erosion
* Solution:       solution1 (Vivado IP Flow Target)
* Product family: virtexuplus
* Target device:  xcvu11p-flga2577-1-e


================================================================
== Performance Estimates
================================================================
+ Timing: 
    * Summary: 
    +--------+----------+----------+------------+
    |  Clock |  Target  | Estimated| Uncertainty|
    +--------+----------+----------+------------+
    |ap_clk  | 10.00 ns | 7.300 ns |   2.70 ns  |
    +--------+----------+----------+------------+

+ Latency: 
    * Summary: 
    +---------+---------+-----------+----------+-----+-------+---------+
    |  Latency (cycles) |  Latency (absolute)  |   Interval  | Pipeline|
    |   min   |   max   |    min    |    max   | min |  max  |   Type  |
    +---------+---------+-----------+----------+-----+-------+---------+
    |        1|    16394| 10.000 ns | 0.164 ms |    1|  16394|   none  |
    +---------+---------+-----------+----------+-----+-------+---------+

    + Detail: 
        * Instance: 
        N/A

        * Loop: 
        +-----------------+---------+---------+----------+-----------+-----------+-----------+----------+
        |                 |  Latency (cycles) | Iteration|  Initiation Interval  |    Trip   |          |
        |    Loop Name    |   min   |   max   |  Latency |  achieved |   target  |   Count   | Pipelined|
        +-----------------+---------+---------+----------+-----------+-----------+-----------+----------+
        |- MMIterInLoop1  |        2|    16385|         3|          1|          1| 1 ~ 16384 |    yes   |
        +-----------------+---------+---------+----------+-----------+-----------+-----------+----------+



================================================================
== Utilization Estimates
================================================================
* Summary: 
+---------------------+---------+------+---------+---------+-----+
|         Name        | BRAM_18K|  DSP |    FF   |   LUT   | URAM|
+---------------------+---------+------+---------+---------+-----+
|DSP                  |        -|     -|        -|        -|    -|
|Expression           |        -|     -|        0|       60|    -|
|FIFO                 |        -|     -|        -|        -|    -|
|Instance             |        -|     -|        -|        -|    -|
|Memory               |        -|     -|        -|        -|    -|
|Multiplexer          |        -|     -|        -|      122|    -|
|Register             |        -|     -|      103|        -|    -|
+---------------------+---------+------+---------+---------+-----+
|Total                |        0|     0|      103|      182|    0|
+---------------------+---------+------+---------+---------+-----+
|Available SLR        |     1344|  3072|   864000|   432000|  320|
+---------------------+---------+------+---------+---------+-----+
|Utilization SLR (%)  |        0|     0|    ~0   |    ~0   |    0|
+---------------------+---------+------+---------+---------+-----+
|Available            |     4032|  9216|  2592000|  1296000|  960|
+---------------------+---------+------+---------+---------+-----+
|Utilization (%)      |        0|     0|    ~0   |    ~0   |    0|
+---------------------+---------+------+---------+---------+-----+

+ Detail: 
    * Instance: 
    N/A

    * DSP: 
    N/A

    * Memory: 
    N/A

    * FIFO: 
    N/A

    * Expression: 
    +-----------------------------------+----------+----+---+----+------------+------------+
    |           Variable Name           | Operation| DSP| FF| LUT| Bitwidth P0| Bitwidth P1|
    +-----------------------------------+----------+----+---+----+------------+------------+
    |add_ln695_fu_124_p2                |     +    |   0|  0|  22|          15|           1|
    |ap_block_state10_pp0_stage0_iter1  |    and   |   0|  0|   2|           1|           1|
    |ap_block_state11_pp0_stage0_iter2  |    and   |   0|  0|   2|           1|           1|
    |icmp_ln1003_fu_119_p2              |   icmp   |   0|  0|  13|          15|          15|
    |icmp_ln882_fu_103_p2               |   icmp   |   0|  0|  13|          15|           1|
    |ap_block_pp0_stage0_01001          |    or    |   0|  0|   2|           1|           1|
    |ap_block_state1                    |    or    |   0|  0|   2|           1|           1|
    |ap_enable_pp0                      |    xor   |   0|  0|   2|           1|           2|
    |ap_enable_reg_pp0_iter1            |    xor   |   0|  0|   2|           2|           1|
    +-----------------------------------+----------+----+---+----+------------+------------+
    |Total                              |          |   0|  0|  60|          52|          24|
    +-----------------------------------+----------+----+---+----+------------+------------+

    * Multiplexer: 
    +-------------------------+----+-----------+-----+-----------+
    |           Name          | LUT| Input Size| Bits| Total Bits|
    +-------------------------+----+-----------+-----+-----------+
    |ap_NS_fsm                |  50|         11|    1|         11|
    |ap_done                  |   9|          2|    1|          2|
    |ap_enable_reg_pp0_iter1  |   9|          2|    1|          2|
    |ap_enable_reg_pp0_iter2  |   9|          2|    1|          2|
    |din_blk_n                |   9|          2|    1|          2|
    |empty_87_reg_92          |   9|          2|   15|         30|
    |gmem0_blk_n_AR           |   9|          2|    1|          2|
    |gmem0_blk_n_R            |   9|          2|    1|          2|
    |ldata1_blk_n             |   9|          2|    1|          2|
    +-------------------------+----+-----------+-----+-----------+
    |Total                    | 122|         27|   23|         55|
    +-------------------------+----+-----------+-----+-----------+

    * Register: 
    +-----------------------------------+----+----+-----+-----------+
    |                Name               | FF | LUT| Bits| Const Bits|
    +-----------------------------------+----+----+-----+-----------+
    |ap_CS_fsm                          |  10|   0|   10|          0|
    |ap_done_reg                        |   1|   0|    1|          0|
    |ap_enable_reg_pp0_iter0            |   1|   0|    1|          0|
    |ap_enable_reg_pp0_iter1            |   1|   0|    1|          0|
    |ap_enable_reg_pp0_iter2            |   1|   0|    1|          0|
    |empty_87_reg_92                    |  15|   0|   15|          0|
    |gmem0_addr_read_reg_160            |   8|   0|    8|          0|
    |gmem0_addr_reg_140                 |  64|   0|   64|          0|
    |icmp_ln1003_reg_151                |   1|   0|    1|          0|
    |icmp_ln1003_reg_151_pp0_iter1_reg  |   1|   0|    1|          0|
    +-----------------------------------+----+----+-----+-----------+
    |Total                              | 103|   0|  103|          0|
    +-----------------------------------+----+----+-----+-----------+



================================================================
== Interface
================================================================
* Summary: 
+----------------------+-----+-----+------------+------------------+--------------+
|       RTL Ports      | Dir | Bits|  Protocol  |   Source Object  |    C Type    |
+----------------------+-----+-----+------------+------------------+--------------+
|ap_clk                |  in |    1| ap_ctrl_hs |   Axi2AxiStream  | return value |
|ap_rst                |  in |    1| ap_ctrl_hs |   Axi2AxiStream  | return value |
|ap_start              |  in |    1| ap_ctrl_hs |   Axi2AxiStream  | return value |
|ap_done               | out |    1| ap_ctrl_hs |   Axi2AxiStream  | return value |
|ap_continue           |  in |    1| ap_ctrl_hs |   Axi2AxiStream  | return value |
|ap_idle               | out |    1| ap_ctrl_hs |   Axi2AxiStream  | return value |
|ap_ready              | out |    1| ap_ctrl_hs |   Axi2AxiStream  | return value |
|m_axi_gmem0_AWVALID   | out |    1|    m_axi   |       gmem0      |    pointer   |
|m_axi_gmem0_AWREADY   |  in |    1|    m_axi   |       gmem0      |    pointer   |
|m_axi_gmem0_AWADDR    | out |   64|    m_axi   |       gmem0      |    pointer   |
|m_axi_gmem0_AWID      | out |    1|    m_axi   |       gmem0      |    pointer   |
|m_axi_gmem0_AWLEN     | out |   32|    m_axi   |       gmem0      |    pointer   |
|m_axi_gmem0_AWSIZE    | out |    3|    m_axi   |       gmem0      |    pointer   |
|m_axi_gmem0_AWBURST   | out |    2|    m_axi   |       gmem0      |    pointer   |
|m_axi_gmem0_AWLOCK    | out |    2|    m_axi   |       gmem0      |    pointer   |
|m_axi_gmem0_AWCACHE   | out |    4|    m_axi   |       gmem0      |    pointer   |
|m_axi_gmem0_AWPROT    | out |    3|    m_axi   |       gmem0      |    pointer   |
|m_axi_gmem0_AWQOS     | out |    4|    m_axi   |       gmem0      |    pointer   |
|m_axi_gmem0_AWREGION  | out |    4|    m_axi   |       gmem0      |    pointer   |
|m_axi_gmem0_AWUSER    | out |    1|    m_axi   |       gmem0      |    pointer   |
|m_axi_gmem0_WVALID    | out |    1|    m_axi   |       gmem0      |    pointer   |
|m_axi_gmem0_WREADY    |  in |    1|    m_axi   |       gmem0      |    pointer   |
|m_axi_gmem0_WDATA     | out |    8|    m_axi   |       gmem0      |    pointer   |
|m_axi_gmem0_WSTRB     | out |    1|    m_axi   |       gmem0      |    pointer   |
|m_axi_gmem0_WLAST     | out |    1|    m_axi   |       gmem0      |    pointer   |
|m_axi_gmem0_WID       | out |    1|    m_axi   |       gmem0      |    pointer   |
|m_axi_gmem0_WUSER     | out |    1|    m_axi   |       gmem0      |    pointer   |
|m_axi_gmem0_ARVALID   | out |    1|    m_axi   |       gmem0      |    pointer   |
|m_axi_gmem0_ARREADY   |  in |    1|    m_axi   |       gmem0      |    pointer   |
|m_axi_gmem0_ARADDR    | out |   64|    m_axi   |       gmem0      |    pointer   |
|m_axi_gmem0_ARID      | out |    1|    m_axi   |       gmem0      |    pointer   |
|m_axi_gmem0_ARLEN     | out |   32|    m_axi   |       gmem0      |    pointer   |
|m_axi_gmem0_ARSIZE    | out |    3|    m_axi   |       gmem0      |    pointer   |
|m_axi_gmem0_ARBURST   | out |    2|    m_axi   |       gmem0      |    pointer   |
|m_axi_gmem0_ARLOCK    | out |    2|    m_axi   |       gmem0      |    pointer   |
|m_axi_gmem0_ARCACHE   | out |    4|    m_axi   |       gmem0      |    pointer   |
|m_axi_gmem0_ARPROT    | out |    3|    m_axi   |       gmem0      |    pointer   |
|m_axi_gmem0_ARQOS     | out |    4|    m_axi   |       gmem0      |    pointer   |
|m_axi_gmem0_ARREGION  | out |    4|    m_axi   |       gmem0      |    pointer   |
|m_axi_gmem0_ARUSER    | out |    1|    m_axi   |       gmem0      |    pointer   |
|m_axi_gmem0_RVALID    |  in |    1|    m_axi   |       gmem0      |    pointer   |
|m_axi_gmem0_RREADY    | out |    1|    m_axi   |       gmem0      |    pointer   |
|m_axi_gmem0_RDATA     |  in |    8|    m_axi   |       gmem0      |    pointer   |
|m_axi_gmem0_RLAST     |  in |    1|    m_axi   |       gmem0      |    pointer   |
|m_axi_gmem0_RID       |  in |    1|    m_axi   |       gmem0      |    pointer   |
|m_axi_gmem0_RUSER     |  in |    1|    m_axi   |       gmem0      |    pointer   |
|m_axi_gmem0_RRESP     |  in |    2|    m_axi   |       gmem0      |    pointer   |
|m_axi_gmem0_BVALID    |  in |    1|    m_axi   |       gmem0      |    pointer   |
|m_axi_gmem0_BREADY    | out |    1|    m_axi   |       gmem0      |    pointer   |
|m_axi_gmem0_BRESP     |  in |    2|    m_axi   |       gmem0      |    pointer   |
|m_axi_gmem0_BID       |  in |    1|    m_axi   |       gmem0      |    pointer   |
|m_axi_gmem0_BUSER     |  in |    1|    m_axi   |       gmem0      |    pointer   |
|ldata1_din            | out |    8|   ap_fifo  |      ldata1      |    pointer   |
|ldata1_full_n         |  in |    1|   ap_fifo  |      ldata1      |    pointer   |
|ldata1_write          | out |    1|   ap_fifo  |      ldata1      |    pointer   |
|din_dout              |  in |   64|   ap_fifo  |        din       |    pointer   |
|din_empty_n           |  in |    1|   ap_fifo  |        din       |    pointer   |
|din_read              | out |    1|   ap_fifo  |        din       |    pointer   |
|addrbound_V_read      |  in |   15|   ap_none  | addrbound_V_read |    scalar    |
+----------------------+-----+-----+------------+------------------+--------------+

