

================================================================
== Vitis HLS Report for 'erode_0_0_128_128_2_3_3_1_1_s'
================================================================
* Date:           Fri Jan 22 14:17:03 2021

* Version:        2020.1 (Build 2902540 on Wed May 27 20:16:15 MDT 2020)
* Project:        erosion
* Solution:       solution1 (Vivado IP Flow Target)
* Product family: virtexuplus
* Target device:  xcvu11p-flga2577-1-e


================================================================
== Performance Estimates
================================================================
+ Timing: 
    * Summary: 
    +--------+----------+----------+------------+
    |  Clock |  Target  | Estimated| Uncertainty|
    +--------+----------+----------+------------+
    |ap_clk  | 10.00 ns | 7.003 ns |   2.70 ns  |
    +--------+----------+----------+------------+

+ Latency: 
    * Summary: 
    +---------+---------+----------+----------+-----+-------+---------+
    |  Latency (cycles) |  Latency (absolute) |   Interval  | Pipeline|
    |   min   |   max   |    min   |    max   | min |  max  |   Type  |
    +---------+---------+----------+----------+-----+-------+---------+
    |       24|    17560| 0.240 us | 0.176 ms |   24|  17560|   none  |
    +---------+---------+----------+----------+-----+-------+---------+

    + Detail: 
        * Instance: 
        +----------------------------------------------+-----------------------------------+---------+---------+----------+----------+-----+-------+---------+
        |                                              |                                   |  Latency (cycles) |  Latency (absolute) |   Interval  | Pipeline|
        |                   Instance                   |               Module              |   min   |   max   |    min   |    max   | min |  max  |   Type  |
        +----------------------------------------------+-----------------------------------+---------+---------+----------+----------+-----+-------+---------+
        |grp_xferode_128_128_1_0_1_0_129_3_3_s_fu_160  |xferode_128_128_1_0_1_0_129_3_3_s  |       12|    17548| 0.120 us | 0.175 ms |   12|  17548|   none  |
        +----------------------------------------------+-----------------------------------+---------+---------+----------+----------+-----+-------+---------+

        * Loop: 
        +-------------------------------------+---------+---------+----------+-----------+-----------+------+----------+
        |                                     |  Latency (cycles) | Iteration|  Initiation Interval  | Trip |          |
        |              Loop Name              |   min   |   max   |  Latency |  achieved |   target  | Count| Pipelined|
        +-------------------------------------+---------+---------+----------+-----------+-----------+------+----------+
        |- VITIS_LOOP_372_3_VITIS_LOOP_373_4  |        9|        9|         2|          1|          1|     9|    yes   |
        +-------------------------------------+---------+---------+----------+-----------+-----------+------+----------+



================================================================
== Utilization Estimates
================================================================
* Summary: 
+---------------------+---------+------+---------+---------+-----+
|         Name        | BRAM_18K|  DSP |    FF   |   LUT   | URAM|
+---------------------+---------+------+---------+---------+-----+
|DSP                  |        -|     -|        -|        -|    -|
|Expression           |        -|     -|        0|       97|    -|
|FIFO                 |        -|     -|        -|        -|    -|
|Instance             |        3|     -|      532|     1157|    -|
|Memory               |        -|     -|        -|        -|    -|
|Multiplexer          |        -|     -|        -|      123|    -|
|Register             |        -|     -|      189|        -|    -|
+---------------------+---------+------+---------+---------+-----+
|Total                |        3|     0|      721|     1377|    0|
+---------------------+---------+------+---------+---------+-----+
|Available SLR        |     1344|  3072|   864000|   432000|  320|
+---------------------+---------+------+---------+---------+-----+
|Utilization SLR (%)  |    ~0   |     0|    ~0   |    ~0   |    0|
+---------------------+---------+------+---------+---------+-----+
|Available            |     4032|  9216|  2592000|  1296000|  960|
+---------------------+---------+------+---------+---------+-----+
|Utilization (%)      |    ~0   |     0|    ~0   |    ~0   |    0|
+---------------------+---------+------+---------+---------+-----+

+ Detail: 
    * Instance: 
    +----------------------------------------------+-----------------------------------+---------+----+-----+------+-----+
    |                   Instance                   |               Module              | BRAM_18K| DSP|  FF |  LUT | URAM|
    +----------------------------------------------+-----------------------------------+---------+----+-----+------+-----+
    |grp_xferode_128_128_1_0_1_0_129_3_3_s_fu_160  |xferode_128_128_1_0_1_0_129_3_3_s  |        3|   0|  532|  1157|    0|
    +----------------------------------------------+-----------------------------------+---------+----+-----+------+-----+
    |Total                                         |                                   |        3|   0|  532|  1157|    0|
    +----------------------------------------------+-----------------------------------+---------+----+-----+------+-----+

    * DSP: 
    N/A

    * Memory: 
    N/A

    * FIFO: 
    N/A

    * Expression: 
    +--------------------------+----------+----+---+----+------------+------------+
    |       Variable Name      | Operation| DSP| FF| LUT| Bitwidth P0| Bitwidth P1|
    +--------------------------+----------+----+---+----+------------+------------+
    |add_ln372_1_fu_223_p2     |     +    |   0|  0|   9|           2|           1|
    |add_ln372_fu_203_p2       |     +    |   0|  0|  12|           4|           1|
    |add_ln373_fu_278_p2       |     +    |   0|  0|   9|           2|           1|
    |add_ln374_fu_267_p2       |     +    |   0|  0|  12|           4|           4|
    |mul_i_fu_191_p2           |     -    |   0|  0|  12|           4|           4|
    |mul_i_mid1_fu_241_p2      |     -    |   0|  0|  12|           4|           4|
    |icmp_ln372_fu_197_p2      |   icmp   |   0|  0|   9|           4|           4|
    |icmp_ln373_fu_209_p2      |   icmp   |   0|  0|   8|           2|           2|
    |ap_block_state1           |    or    |   0|  0|   2|           1|           1|
    |select_ln372_1_fu_247_p3  |  select  |   0|  0|   4|           1|           4|
    |select_ln372_2_fu_255_p3  |  select  |   0|  0|   2|           1|           2|
    |select_ln372_fu_215_p3    |  select  |   0|  0|   2|           1|           1|
    |ap_enable_pp0             |    xor   |   0|  0|   2|           1|           2|
    |ap_enable_reg_pp0_iter1   |    xor   |   0|  0|   2|           2|           1|
    +--------------------------+----------+----+---+----+------------+------------+
    |Total                     |          |   0|  0|  97|          33|          32|
    +--------------------------+----------+----+---+----+------------+------------+

    * Multiplexer: 
    +----------------------------+----+-----------+-----+-----------+
    |            Name            | LUT| Input Size| Bits| Total Bits|
    +----------------------------+----+-----------+-----+-----------+
    |ap_NS_fsm                   |  27|          5|    1|          5|
    |ap_done                     |   9|          2|    1|          2|
    |ap_enable_reg_pp0_iter1     |  15|          3|    1|          3|
    |ap_phi_mux_i_phi_fu_142_p4  |   9|          2|    2|          4|
    |i_reg_138                   |   9|          2|    2|          4|
    |imgInput_417_read           |   9|          2|    1|          2|
    |imgOutput_418_write         |   9|          2|    1|          2|
    |indvar_flatten_reg_127      |   9|          2|    4|          8|
    |j_reg_149                   |   9|          2|    2|          4|
    |p_src_1_blk_n               |   9|          2|    1|          2|
    |p_src_2_blk_n               |   9|          2|    1|          2|
    +----------------------------+----+-----------+-----+-----------+
    |Total                       | 123|         26|   17|         38|
    +----------------------------+----+-----------+-----+-----------+

    * Register: 
    +-----------------------------------------------------------+----+----+-----+-----------+
    |                            Name                           | FF | LUT| Bits| Const Bits|
    +-----------------------------------------------------------+----+----+-----+-----------+
    |ap_CS_fsm                                                  |   4|   0|    4|          0|
    |ap_done_reg                                                |   1|   0|    1|          0|
    |ap_enable_reg_pp0_iter0                                    |   1|   0|    1|          0|
    |ap_enable_reg_pp0_iter1                                    |   1|   0|    1|          0|
    |grp_xferode_128_128_1_0_1_0_129_3_3_s_fu_160_ap_start_reg  |   1|   0|    1|          0|
    |i_reg_138                                                  |   2|   0|    2|          0|
    |icmp_ln372_reg_437                                         |   1|   0|    1|          0|
    |indvar_flatten_reg_127                                     |   4|   0|    4|          0|
    |j_reg_149                                                  |   2|   0|    2|          0|
    |kernel_2_2_1_fu_70                                         |   8|   0|    8|          0|
    |kernel_2_2_2_fu_74                                         |   8|   0|    8|          0|
    |kernel_2_2_3_fu_78                                         |   8|   0|    8|          0|
    |kernel_2_2_4_fu_82                                         |   8|   0|    8|          0|
    |kernel_2_2_5_fu_86                                         |   8|   0|    8|          0|
    |kernel_2_2_6_fu_90                                         |   8|   0|    8|          0|
    |kernel_2_2_7_fu_94                                         |   8|   0|    8|          0|
    |kernel_2_2_8_fu_98                                         |   8|   0|    8|          0|
    |kernel_2_2_fu_66                                           |   8|   0|    8|          0|
    |p_src_1_read_reg_427                                       |  32|   0|   32|          0|
    |p_src_2_read_reg_432                                       |  32|   0|   32|          0|
    |select_ln372_2_reg_450                                     |   2|   0|    2|          0|
    |select_ln372_reg_446                                       |   2|   0|    2|          0|
    |trunc_ln344_reg_510                                        |  16|   0|   16|          0|
    |trunc_ln345_reg_515                                        |  16|   0|   16|          0|
    +-----------------------------------------------------------+----+----+-----+-----------+
    |Total                                                      | 189|   0|  189|          0|
    +-----------------------------------------------------------+----+----+-----+-----------+



================================================================
== Interface
================================================================
* Summary: 
+----------------------+-----+-----+------------+--------------------------------------+--------------+
|       RTL Ports      | Dir | Bits|  Protocol  |             Source Object            |    C Type    |
+----------------------+-----+-----+------------+--------------------------------------+--------------+
|ap_clk                |  in |    1| ap_ctrl_hs | erode<0, 0, 128, 128, 2, 3, 3, 1, 1> | return value |
|ap_rst                |  in |    1| ap_ctrl_hs | erode<0, 0, 128, 128, 2, 3, 3, 1, 1> | return value |
|ap_start              |  in |    1| ap_ctrl_hs | erode<0, 0, 128, 128, 2, 3, 3, 1, 1> | return value |
|ap_done               | out |    1| ap_ctrl_hs | erode<0, 0, 128, 128, 2, 3, 3, 1, 1> | return value |
|ap_continue           |  in |    1| ap_ctrl_hs | erode<0, 0, 128, 128, 2, 3, 3, 1, 1> | return value |
|ap_idle               | out |    1| ap_ctrl_hs | erode<0, 0, 128, 128, 2, 3, 3, 1, 1> | return value |
|ap_ready              | out |    1| ap_ctrl_hs | erode<0, 0, 128, 128, 2, 3, 3, 1, 1> | return value |
|imgInput_417_dout     |  in |    8|   ap_fifo  |             imgInput_417             |    pointer   |
|imgInput_417_empty_n  |  in |    1|   ap_fifo  |             imgInput_417             |    pointer   |
|imgInput_417_read     | out |    1|   ap_fifo  |             imgInput_417             |    pointer   |
|imgOutput_418_din     | out |    8|   ap_fifo  |             imgOutput_418            |    pointer   |
|imgOutput_418_full_n  |  in |    1|   ap_fifo  |             imgOutput_418            |    pointer   |
|imgOutput_418_write   | out |    1|   ap_fifo  |             imgOutput_418            |    pointer   |
|p_src_1_dout          |  in |   32|   ap_fifo  |                p_src_1               |    pointer   |
|p_src_1_empty_n       |  in |    1|   ap_fifo  |                p_src_1               |    pointer   |
|p_src_1_read          | out |    1|   ap_fifo  |                p_src_1               |    pointer   |
|p_src_2_dout          |  in |   32|   ap_fifo  |                p_src_2               |    pointer   |
|p_src_2_empty_n       |  in |    1|   ap_fifo  |                p_src_2               |    pointer   |
|p_src_2_read          | out |    1|   ap_fifo  |                p_src_2               |    pointer   |
|p_kernel_address0     | out |    4|  ap_memory |               p_kernel               |     array    |
|p_kernel_ce0          | out |    1|  ap_memory |               p_kernel               |     array    |
|p_kernel_q0           |  in |    8|  ap_memory |               p_kernel               |     array    |
+----------------------+-----+-----+------------+--------------------------------------+--------------+

