

================================================================
== Vitis HLS Report for 'MatStream2AxiStream'
================================================================
* Date:           Fri Jan 22 14:17:05 2021

* Version:        2020.1 (Build 2902540 on Wed May 27 20:16:15 MDT 2020)
* Project:        erosion
* Solution:       solution1 (Vivado IP Flow Target)
* Product family: virtexuplus
* Target device:  xcvu11p-flga2577-1-e


================================================================
== Performance Estimates
================================================================
+ Timing: 
    * Summary: 
    +--------+----------+----------+------------+
    |  Clock |  Target  | Estimated| Uncertainty|
    +--------+----------+----------+------------+
    |ap_clk  | 10.00 ns | 6.002 ns |   2.70 ns  |
    +--------+----------+----------+------------+

+ Latency: 
    * Summary: 
    +---------+---------+-----------+----------+-----+-------+---------+
    |  Latency (cycles) |  Latency (absolute)  |   Interval  | Pipeline|
    |   min   |   max   |    min    |    max   | min |  max  |   Type  |
    +---------+---------+-----------+----------+-----+-------+---------+
    |        3|    16386| 30.000 ns | 0.164 ms |    3|  16386|   none  |
    +---------+---------+-----------+----------+-----+-------+---------+

    + Detail: 
        * Instance: 
        N/A

        * Loop: 
        +-----------------------------+---------+---------+----------+-----------+-----------+-----------+----------+
        |                             |  Latency (cycles) | Iteration|  Initiation Interval  |    Trip   |          |
        |          Loop Name          |   min   |   max   |  Latency |  achieved |   target  |   Count   | Pipelined|
        +-----------------------------+---------+---------+----------+-----------+-----------+-----------+----------+
        |- MMIterOutRow_MMIterOutCol  |        1|    16384|         2|          1|          1| 1 ~ 16384 |    yes   |
        +-----------------------------+---------+---------+----------+-----------+-----------+-----------+----------+



================================================================
== Utilization Estimates
================================================================
* Summary: 
+---------------------+---------+------+---------+---------+-----+
|         Name        | BRAM_18K|  DSP |    FF   |   LUT   | URAM|
+---------------------+---------+------+---------+---------+-----+
|DSP                  |        -|     -|        -|        -|    -|
|Expression           |        -|     -|        0|      449|    -|
|FIFO                 |        -|     -|        -|        -|    -|
|Instance             |        -|     4|        0|       20|    -|
|Memory               |        -|     -|        -|        -|    -|
|Multiplexer          |        -|     -|        -|      162|    -|
|Register             |        -|     -|      255|        -|    -|
+---------------------+---------+------+---------+---------+-----+
|Total                |        0|     4|      255|      631|    0|
+---------------------+---------+------+---------+---------+-----+
|Available SLR        |     1344|  3072|   864000|   432000|  320|
+---------------------+---------+------+---------+---------+-----+
|Utilization SLR (%)  |        0|  ~0  |    ~0   |    ~0   |    0|
+---------------------+---------+------+---------+---------+-----+
|Available            |     4032|  9216|  2592000|  1296000|  960|
+---------------------+---------+------+---------+---------+-----+
|Utilization (%)      |        0|  ~0  |    ~0   |    ~0   |    0|
+---------------------+---------+------+---------+---------+-----+

+ Detail: 
    * Instance: 
    +---------------------------+----------------------+---------+----+---+----+-----+
    |          Instance         |        Module        | BRAM_18K| DSP| FF| LUT| URAM|
    +---------------------------+----------------------+---------+----+---+----+-----+
    |mul_32ns_32ns_64_1_1_U120  |mul_32ns_32ns_64_1_1  |        0|   4|  0|  20|    0|
    +---------------------------+----------------------+---------+----+---+----+-----+
    |Total                      |                      |        0|   4|  0|  20|    0|
    +---------------------------+----------------------+---------+----+---+----+-----+

    * DSP: 
    N/A

    * Memory: 
    N/A

    * FIFO: 
    N/A

    * Expression: 
    +----------------------------------+----------+----+---+----+------------+------------+
    |           Variable Name          | Operation| DSP| FF| LUT| Bitwidth P0| Bitwidth P1|
    +----------------------------------+----------+----+---+----+------------+------------+
    |add_ln1241_fu_197_p2              |     +    |   0|  0|  71|          64|           1|
    |add_ln1246_fu_261_p2              |     +    |   0|  0|  38|          31|           1|
    |add_ln216_fu_255_p2               |     +    |   0|  0|  12|           4|           4|
    |sub_i_fu_158_p2                   |     +    |   0|  0|  39|          32|           2|
    |p_Val2_s_fu_292_p2                |     -    |   0|  0|  15|           4|           5|
    |sub_ln1258_fu_236_p2              |     -    |   0|  0|  15|           4|           5|
    |sub_ln550_fu_313_p2               |     -    |   0|  0|  11|           1|           3|
    |ap_block_pp0_stage0_01001         |    and   |   0|  0|   2|           1|           1|
    |ap_block_state4                   |    and   |   0|  0|   2|           1|           1|
    |ap_predicate_op55_write_state3    |    and   |   0|  0|   2|           1|           1|
    |bLast_fu_215_p2                   |   icmp   |   0|  0|  20|          32|          32|
    |icmp_ln1241_fu_192_p2             |   icmp   |   0|  0|  29|          64|          64|
    |icmp_ln1246_fu_187_p2             |   icmp   |   0|  0|  20|          32|          32|
    |icmp_ln878_fu_357_p2              |   icmp   |   0|  0|   9|           4|           1|
    |icmp_ln882_fu_242_p2              |   icmp   |   0|  0|  11|           5|           5|
    |lshr_ln803_fu_333_p2              |   lshr   |   0|  0|  19|           8|           8|
    |ap_block_state1                   |    or    |   0|  0|   2|           1|           1|
    |ap_block_state3_pp0_stage0_iter1  |    or    |   0|  0|   2|           1|           1|
    |or_ln1353_fu_285_p2               |    or    |   0|  0|   8|           8|           8|
    |j_1_fu_267_p3                     |  select  |   0|  0|  31|           1|          31|
    |select_ln1238_fu_203_p3           |  select  |   0|  0|  31|           1|          31|
    |select_ln791_fu_339_p3            |  select  |   0|  0|   8|           1|           8|
    |xf_bits_per_clock_fu_220_p3       |  select  |   0|  0|   5|           1|           4|
    |shl_ln785_1_fu_323_p2             |    shl   |   0|  0|  19|           8|           8|
    |shl_ln785_fu_279_p2               |    shl   |   0|  0|  19|           8|           8|
    |ap_enable_pp0                     |    xor   |   0|  0|   2|           1|           2|
    |ap_enable_reg_pp0_iter1           |    xor   |   0|  0|   2|           2|           1|
    |xor_ln216_fu_248_p2               |    xor   |   0|  0|   5|           4|           5|
    +----------------------------------+----------+----+---+----+------------+------------+
    |Total                             |          |   0|  0| 449|         325|         274|
    +----------------------------------+----------+----+---+----+------------+------------+

    * Multiplexer: 
    +--------------------------------------------+----+-----------+-----+-----------+
    |                    Name                    | LUT| Input Size| Bits| Total Bits|
    +--------------------------------------------+----+-----------+-----+-----------+
    |ap_NS_fsm                                   |  21|          4|    1|          4|
    |ap_done                                     |   9|          2|    1|          2|
    |ap_enable_reg_pp0_iter1                     |  15|          3|    1|          3|
    |ap_phi_mux_conv_i9_i_i4_pn_i_phi_fu_148_p4  |  15|          3|    4|         12|
    |ap_phi_mux_empty_phi_fu_137_p4              |   9|          2|    4|          8|
    |cols_bound_per_npc_blk_n                    |   9|          2|    1|          2|
    |empty_reg_133                               |   9|          2|    4|          8|
    |imgOutput_418_blk_n                         |   9|          2|    1|          2|
    |indvar_flatten_reg_111                      |   9|          2|   64|        128|
    |j_reg_122                                   |   9|          2|   31|         62|
    |ldata1_blk_n                                |   9|          2|    1|          2|
    |ldata1_din                                  |  15|          3|    8|         24|
    |p_0_fu_76                                   |  15|          3|    8|         24|
    |rows_blk_n                                  |   9|          2|    1|          2|
    +--------------------------------------------+----+-----------+-----+-----------+
    |Total                                       | 162|         34|  130|        283|
    +--------------------------------------------+----+-----------+-----+-----------+

    * Register: 
    +------------------------------+----+----+-----+-----------+
    |             Name             | FF | LUT| Bits| Const Bits|
    +------------------------------+----+----+-----+-----------+
    |add_ln216_reg_409             |   4|   0|    4|          0|
    |ap_CS_fsm                     |   3|   0|    3|          0|
    |ap_done_reg                   |   1|   0|    1|          0|
    |ap_enable_reg_pp0_iter0       |   1|   0|    1|          0|
    |ap_enable_reg_pp0_iter1       |   1|   0|    1|          0|
    |cols_bound_per_npc_1_reg_376  |  32|   0|   32|          0|
    |empty_reg_133                 |   4|   0|    4|          0|
    |icmp_ln1241_reg_391           |   1|   0|    1|          0|
    |icmp_ln882_reg_405            |   1|   0|    1|          0|
    |indvar_flatten_reg_111        |  64|   0|   64|          0|
    |j_reg_122                     |  31|   0|   31|          0|
    |last_blk_width_read_reg_371   |   4|   0|    4|          0|
    |mul_ln1231_reg_386            |  64|   0|   64|          0|
    |p_0_fu_76                     |   8|   0|    8|          0|
    |sub_i_reg_381                 |  32|   0|   32|          0|
    |zext_ln785_1_reg_400          |   4|   0|    5|          1|
    +------------------------------+----+----+-----+-----------+
    |Total                         | 255|   0|  256|          1|
    +------------------------------+----+----+-----+-----------+



================================================================
== Interface
================================================================
* Summary: 
+----------------------------+-----+-----+------------+---------------------+--------------+
|          RTL Ports         | Dir | Bits|  Protocol  |    Source Object    |    C Type    |
+----------------------------+-----+-----+------------+---------------------+--------------+
|ap_clk                      |  in |    1| ap_ctrl_hs | MatStream2AxiStream | return value |
|ap_rst                      |  in |    1| ap_ctrl_hs | MatStream2AxiStream | return value |
|ap_start                    |  in |    1| ap_ctrl_hs | MatStream2AxiStream | return value |
|ap_done                     | out |    1| ap_ctrl_hs | MatStream2AxiStream | return value |
|ap_continue                 |  in |    1| ap_ctrl_hs | MatStream2AxiStream | return value |
|ap_idle                     | out |    1| ap_ctrl_hs | MatStream2AxiStream | return value |
|ap_ready                    | out |    1| ap_ctrl_hs | MatStream2AxiStream | return value |
|imgOutput_418_dout          |  in |    8|   ap_fifo  |    imgOutput_418    |    pointer   |
|imgOutput_418_empty_n       |  in |    1|   ap_fifo  |    imgOutput_418    |    pointer   |
|imgOutput_418_read          | out |    1|   ap_fifo  |    imgOutput_418    |    pointer   |
|ldata1_din                  | out |    8|   ap_fifo  |        ldata1       |    pointer   |
|ldata1_full_n               |  in |    1|   ap_fifo  |        ldata1       |    pointer   |
|ldata1_write                | out |    1|   ap_fifo  |        ldata1       |    pointer   |
|rows_dout                   |  in |   32|   ap_fifo  |         rows        |    pointer   |
|rows_empty_n                |  in |    1|   ap_fifo  |         rows        |    pointer   |
|rows_read                   | out |    1|   ap_fifo  |         rows        |    pointer   |
|cols_bound_per_npc_dout     |  in |   32|   ap_fifo  |  cols_bound_per_npc |    pointer   |
|cols_bound_per_npc_empty_n  |  in |    1|   ap_fifo  |  cols_bound_per_npc |    pointer   |
|cols_bound_per_npc_read     | out |    1|   ap_fifo  |  cols_bound_per_npc |    pointer   |
|last_blk_width              |  in |    4|   ap_none  |    last_blk_width   |    pointer   |
+----------------------------+-----+-----+------------+---------------------+--------------+

