

================================================================
== Vitis HLS Report for 'Loop_loop_height_proc1013'
================================================================
* Date:           Tue Nov  3 14:37:06 2020

* Version:        2020.1 (Build 2902540 on Wed May 27 20:16:15 MDT 2020)
* Project:        detectCorner
* Solution:       solution1 (Vivado IP Flow Target)
* Product family: zynquplus
* Target device:  xczu3eg-sfvc784-1-i


================================================================
== Performance Estimates
================================================================
+ Timing: 
    * Summary: 
    +--------+----------+----------+------------+
    |  Clock |  Target  | Estimated| Uncertainty|
    +--------+----------+----------+------------+
    |ap_clk  | 10.00 ns | 3.707 ns |   2.70 ns  |
    +--------+----------+----------+------------+

+ Latency: 
    * Summary: 
    +---------+---------+----------+----------+-----+-----+---------+
    |  Latency (cycles) |  Latency (absolute) |  Interval | Pipeline|
    |   min   |   max   |    min   |    max   | min | max |   Type  |
    +---------+---------+----------+----------+-----+-----+---------+
    |        ?|        ?|         ?|         ?|    ?|    ?|   none  |
    +---------+---------+----------+----------+-----+-----+---------+

    + Detail: 
        * Instance: 
        N/A

        * Loop: 
        +----------------------+---------+---------+----------+-----------+-----------+------+----------+
        |                      |  Latency (cycles) | Iteration|  Initiation Interval  | Trip |          |
        |       Loop Name      |   min   |   max   |  Latency |  achieved |   target  | Count| Pipelined|
        +----------------------+---------+---------+----------+-----------+-----------+------+----------+
        |- loop_height         |        ?|        ?|         ?|          -|          -|  1080|    no    |
        | + loop_width         |        ?|        ?|         2|          1|          1|     ?|    yes   |
        | + loop_wait_for_eol  |        0|        0|         1|          1|          1|     0|    yes   |
        +----------------------+---------+---------+----------+-----------+-----------+------+----------+

============================================================
+ Verbose Summary: Synthesis Manager
============================================================
InlineROM: 1
ExposeGlobal: 0
============================================================
+ Verbose Summary: CDFG Model
============================================================
IsTopModel: 0
ResetActiveHigh: 1
IsCombinational: 2
IsDatapathOnly: 0
HasWiredReturn: 1
HasMFsm: 0
HasVarLatency: 1
IsPipeline: 0
IsRtlPipelined: 0
IsInstanceOverlapped: 0
IsDontTouch: 0
HasImplIP: 0
IsGatedGlobalClock: 0

+ Individual pipeline summary: 
  * Pipeline-0: initiation interval (II) = 1, depth = 2
  * Pipeline-1: initiation interval (II) = 1, depth = 1


============================================================
+ Verbose Summary: Schedule
============================================================
* Number of FSM states : 7
* Pipeline : 2
  Pipeline-0 : II = 1, D = 2, States = { 3 4 }
  Pipeline-1 : II = 1, D = 1, States = { 6 }
* Dataflow Pipeline: 0

* FSM state transitions: 
1 --> 2 
2 --> 3 
3 --> 5 4 
4 --> 3 
5 --> 6 
6 --> 7 6 
7 --> 2 

* FSM state operations: 

State 1 <SV = 0> <Delay = 2.16>
ST_1 : Operation 8 [1/1] (0.00ns)   --->   "%start = alloca i32"   --->   Operation 8 'alloca' 'start' <Predicate = true> <Delay = 0.00>
ST_1 : Operation 9 [1/1] (0.00ns)   --->   "%threshold_read = read i32 @_ssdm_op_Read.ap_auto.i32, i32 %threshold"   --->   Operation 9 'read' 'threshold_read' <Predicate = true> <Delay = 0.00>
ST_1 : Operation 10 [1/1] (0.00ns)   --->   "%specinterface_ln0 = specinterface void @_ssdm_op_SpecInterface, i1 %video_in_V_dest_V, i1 %video_in_V_id_V, i1 %video_in_V_last_V, i1 %video_in_V_user_V, i3 %video_in_V_strb_V, i3 %video_in_V_keep_V, i24 %video_in_V_data_V, void @empty_1, i32, i32, void @empty_2, i32, i32, void @empty_3, void @empty_3, void @empty_3, i32, i32, i32, i32, void @empty_3, void @empty_3"   --->   Operation 10 'specinterface' 'specinterface_ln0' <Predicate = true> <Delay = 0.00>
ST_1 : Operation 11 [1/1] (0.00ns)   --->   "%specinterface_ln0 = specinterface void @_ssdm_op_SpecInterface, i1 %video_in_V_dest_V, i1 %video_in_V_id_V, i1 %video_in_V_last_V, i1 %video_in_V_user_V, i3 %video_in_V_strb_V, i3 %video_in_V_keep_V, i24 %video_in_V_data_V, void @empty_1, i32, i32, void @empty_2, i32, i32, void @empty_3, void @empty_3, void @empty_3, i32, i32, i32, i32, void @empty_3, void @empty_3"   --->   Operation 11 'specinterface' 'specinterface_ln0' <Predicate = true> <Delay = 0.00>
ST_1 : Operation 12 [1/1] (0.00ns)   --->   "%specinterface_ln0 = specinterface void @_ssdm_op_SpecInterface, i1 %video_in_V_dest_V, i1 %video_in_V_id_V, i1 %video_in_V_last_V, i1 %video_in_V_user_V, i3 %video_in_V_strb_V, i3 %video_in_V_keep_V, i24 %video_in_V_data_V, void @empty_1, i32, i32, void @empty_2, i32, i32, void @empty_3, void @empty_3, void @empty_3, i32, i32, i32, i32, void @empty_3, void @empty_3"   --->   Operation 12 'specinterface' 'specinterface_ln0' <Predicate = true> <Delay = 0.00>
ST_1 : Operation 13 [1/1] (0.00ns)   --->   "%specinterface_ln0 = specinterface void @_ssdm_op_SpecInterface, i1 %video_in_V_dest_V, i1 %video_in_V_id_V, i1 %video_in_V_last_V, i1 %video_in_V_user_V, i3 %video_in_V_strb_V, i3 %video_in_V_keep_V, i24 %video_in_V_data_V, void @empty_1, i32, i32, void @empty_2, i32, i32, void @empty_3, void @empty_3, void @empty_3, i32, i32, i32, i32, void @empty_3, void @empty_3"   --->   Operation 13 'specinterface' 'specinterface_ln0' <Predicate = true> <Delay = 0.00>
ST_1 : Operation 14 [1/1] (0.00ns)   --->   "%specinterface_ln0 = specinterface void @_ssdm_op_SpecInterface, i1 %video_in_V_dest_V, i1 %video_in_V_id_V, i1 %video_in_V_last_V, i1 %video_in_V_user_V, i3 %video_in_V_strb_V, i3 %video_in_V_keep_V, i24 %video_in_V_data_V, void @empty_1, i32, i32, void @empty_2, i32, i32, void @empty_3, void @empty_3, void @empty_3, i32, i32, i32, i32, void @empty_3, void @empty_3"   --->   Operation 14 'specinterface' 'specinterface_ln0' <Predicate = true> <Delay = 0.00>
ST_1 : Operation 15 [1/1] (0.00ns)   --->   "%specinterface_ln0 = specinterface void @_ssdm_op_SpecInterface, i1 %video_in_V_dest_V, i1 %video_in_V_id_V, i1 %video_in_V_last_V, i1 %video_in_V_user_V, i3 %video_in_V_strb_V, i3 %video_in_V_keep_V, i24 %video_in_V_data_V, void @empty_1, i32, i32, void @empty_2, i32, i32, void @empty_3, void @empty_3, void @empty_3, i32, i32, i32, i32, void @empty_3, void @empty_3"   --->   Operation 15 'specinterface' 'specinterface_ln0' <Predicate = true> <Delay = 0.00>
ST_1 : Operation 16 [1/1] (0.00ns)   --->   "%specinterface_ln0 = specinterface void @_ssdm_op_SpecInterface, i1 %video_in_V_dest_V, i1 %video_in_V_id_V, i1 %video_in_V_last_V, i1 %video_in_V_user_V, i3 %video_in_V_strb_V, i3 %video_in_V_keep_V, i24 %video_in_V_data_V, void @empty_1, i32, i32, void @empty_2, i32, i32, void @empty_3, void @empty_3, void @empty_3, i32, i32, i32, i32, void @empty_3, void @empty_3"   --->   Operation 16 'specinterface' 'specinterface_ln0' <Predicate = true> <Delay = 0.00>
ST_1 : Operation 17 [1/1] (0.00ns)   --->   "%specinterface_ln0 = specinterface void @_ssdm_op_SpecInterface, i1 %video_in_V_dest_V, i1 %video_in_V_id_V, i1 %video_in_V_last_V, i1 %video_in_V_user_V, i3 %video_in_V_strb_V, i3 %video_in_V_keep_V, i24 %video_in_V_data_V, void @empty_1, i32, i32, void @empty_2, i32, i32, void @empty_3, void @empty_3, void @empty_3, i32, i32, i32, i32, void @empty_3, void @empty_3"   --->   Operation 17 'specinterface' 'specinterface_ln0' <Predicate = true> <Delay = 0.00>
ST_1 : Operation 18 [1/1] (0.00ns)   --->   "%specinterface_ln0 = specinterface void @_ssdm_op_SpecInterface, i1 %video_in_V_dest_V, i1 %video_in_V_id_V, i1 %video_in_V_last_V, i1 %video_in_V_user_V, i3 %video_in_V_strb_V, i3 %video_in_V_keep_V, i24 %video_in_V_data_V, void @empty_1, i32, i32, void @empty_2, i32, i32, void @empty_3, void @empty_3, void @empty_3, i32, i32, i32, i32, void @empty_3, void @empty_3"   --->   Operation 18 'specinterface' 'specinterface_ln0' <Predicate = true> <Delay = 0.00>
ST_1 : Operation 19 [1/1] (0.00ns)   --->   "%specinterface_ln0 = specinterface void @_ssdm_op_SpecInterface, i1 %video_in_V_dest_V, i1 %video_in_V_id_V, i1 %video_in_V_last_V, i1 %video_in_V_user_V, i3 %video_in_V_strb_V, i3 %video_in_V_keep_V, i24 %video_in_V_data_V, void @empty_1, i32, i32, void @empty_2, i32, i32, void @empty_3, void @empty_3, void @empty_3, i32, i32, i32, i32, void @empty_3, void @empty_3"   --->   Operation 19 'specinterface' 'specinterface_ln0' <Predicate = true> <Delay = 0.00>
ST_1 : Operation 20 [1/1] (0.00ns)   --->   "%specinterface_ln0 = specinterface void @_ssdm_op_SpecInterface, i1 %video_in_V_dest_V, i1 %video_in_V_id_V, i1 %video_in_V_last_V, i1 %video_in_V_user_V, i3 %video_in_V_strb_V, i3 %video_in_V_keep_V, i24 %video_in_V_data_V, void @empty_1, i32, i32, void @empty_2, i32, i32, void @empty_3, void @empty_3, void @empty_3, i32, i32, i32, i32, void @empty_3, void @empty_3"   --->   Operation 20 'specinterface' 'specinterface_ln0' <Predicate = true> <Delay = 0.00>
ST_1 : Operation 21 [1/1] (0.00ns)   --->   "%specinterface_ln0 = specinterface void @_ssdm_op_SpecInterface, i1 %video_in_V_dest_V, i1 %video_in_V_id_V, i1 %video_in_V_last_V, i1 %video_in_V_user_V, i3 %video_in_V_strb_V, i3 %video_in_V_keep_V, i24 %video_in_V_data_V, void @empty_1, i32, i32, void @empty_2, i32, i32, void @empty_3, void @empty_3, void @empty_3, i32, i32, i32, i32, void @empty_3, void @empty_3"   --->   Operation 21 'specinterface' 'specinterface_ln0' <Predicate = true> <Delay = 0.00>
ST_1 : Operation 22 [1/1] (0.00ns)   --->   "%specinterface_ln0 = specinterface void @_ssdm_op_SpecInterface, i1 %video_in_V_dest_V, i1 %video_in_V_id_V, i1 %video_in_V_last_V, i1 %video_in_V_user_V, i3 %video_in_V_strb_V, i3 %video_in_V_keep_V, i24 %video_in_V_data_V, void @empty_1, i32, i32, void @empty_2, i32, i32, void @empty_3, void @empty_3, void @empty_3, i32, i32, i32, i32, void @empty_3, void @empty_3"   --->   Operation 22 'specinterface' 'specinterface_ln0' <Predicate = true> <Delay = 0.00>
ST_1 : Operation 23 [1/1] (0.00ns)   --->   "%specinterface_ln0 = specinterface void @_ssdm_op_SpecInterface, i1 %video_in_V_dest_V, i1 %video_in_V_id_V, i1 %video_in_V_last_V, i1 %video_in_V_user_V, i3 %video_in_V_strb_V, i3 %video_in_V_keep_V, i24 %video_in_V_data_V, void @empty_1, i32, i32, void @empty_2, i32, i32, void @empty_3, void @empty_3, void @empty_3, i32, i32, i32, i32, void @empty_3, void @empty_3"   --->   Operation 23 'specinterface' 'specinterface_ln0' <Predicate = true> <Delay = 0.00>
ST_1 : Operation 24 [1/1] (0.00ns)   --->   "%specinterface_ln0 = specinterface void @_ssdm_op_SpecInterface, i1 %video_in_V_dest_V, i1 %video_in_V_id_V, i1 %video_in_V_last_V, i1 %video_in_V_user_V, i3 %video_in_V_strb_V, i3 %video_in_V_keep_V, i24 %video_in_V_data_V, void @empty_1, i32, i32, void @empty_2, i32, i32, void @empty_3, void @empty_3, void @empty_3, i32, i32, i32, i32, void @empty_3, void @empty_3"   --->   Operation 24 'specinterface' 'specinterface_ln0' <Predicate = true> <Delay = 0.00>
ST_1 : Operation 25 [1/1] (0.00ns)   --->   "%specinterface_ln0 = specinterface void @_ssdm_op_SpecInterface, i1 %video_in_V_dest_V, i1 %video_in_V_id_V, i1 %video_in_V_last_V, i1 %video_in_V_user_V, i3 %video_in_V_strb_V, i3 %video_in_V_keep_V, i24 %video_in_V_data_V, void @empty_1, i32, i32, void @empty_2, i32, i32, void @empty_3, void @empty_3, void @empty_3, i32, i32, i32, i32, void @empty_3, void @empty_3"   --->   Operation 25 'specinterface' 'specinterface_ln0' <Predicate = true> <Delay = 0.00>
ST_1 : Operation 26 [1/1] (0.00ns)   --->   "%specinterface_ln0 = specinterface void @_ssdm_op_SpecInterface, i1 %video_in_V_dest_V, i1 %video_in_V_id_V, i1 %video_in_V_last_V, i1 %video_in_V_user_V, i3 %video_in_V_strb_V, i3 %video_in_V_keep_V, i24 %video_in_V_data_V, void @empty_1, i32, i32, void @empty_2, i32, i32, void @empty_3, void @empty_3, void @empty_3, i32, i32, i32, i32, void @empty_3, void @empty_3"   --->   Operation 26 'specinterface' 'specinterface_ln0' <Predicate = true> <Delay = 0.00>
ST_1 : Operation 27 [1/1] (0.00ns)   --->   "%specinterface_ln0 = specinterface void @_ssdm_op_SpecInterface, i1 %video_in_V_dest_V, i1 %video_in_V_id_V, i1 %video_in_V_last_V, i1 %video_in_V_user_V, i3 %video_in_V_strb_V, i3 %video_in_V_keep_V, i24 %video_in_V_data_V, void @empty_1, i32, i32, void @empty_2, i32, i32, void @empty_3, void @empty_3, void @empty_3, i32, i32, i32, i32, void @empty_3, void @empty_3"   --->   Operation 27 'specinterface' 'specinterface_ln0' <Predicate = true> <Delay = 0.00>
ST_1 : Operation 28 [1/1] (0.00ns)   --->   "%specinterface_ln0 = specinterface void @_ssdm_op_SpecInterface, i1 %video_in_V_dest_V, i1 %video_in_V_id_V, i1 %video_in_V_last_V, i1 %video_in_V_user_V, i3 %video_in_V_strb_V, i3 %video_in_V_keep_V, i24 %video_in_V_data_V, void @empty_1, i32, i32, void @empty_2, i32, i32, void @empty_3, void @empty_3, void @empty_3, i32, i32, i32, i32, void @empty_3, void @empty_3"   --->   Operation 28 'specinterface' 'specinterface_ln0' <Predicate = true> <Delay = 0.00>
ST_1 : Operation 29 [1/1] (0.00ns)   --->   "%specinterface_ln0 = specinterface void @_ssdm_op_SpecInterface, i1 %video_in_V_dest_V, i1 %video_in_V_id_V, i1 %video_in_V_last_V, i1 %video_in_V_user_V, i3 %video_in_V_strb_V, i3 %video_in_V_keep_V, i24 %video_in_V_data_V, void @empty_1, i32, i32, void @empty_2, i32, i32, void @empty_3, void @empty_3, void @empty_3, i32, i32, i32, i32, void @empty_3, void @empty_3"   --->   Operation 29 'specinterface' 'specinterface_ln0' <Predicate = true> <Delay = 0.00>
ST_1 : Operation 30 [1/1] (0.00ns)   --->   "%specinterface_ln0 = specinterface void @_ssdm_op_SpecInterface, i1 %video_in_V_dest_V, i1 %video_in_V_id_V, i1 %video_in_V_last_V, i1 %video_in_V_user_V, i3 %video_in_V_strb_V, i3 %video_in_V_keep_V, i24 %video_in_V_data_V, void @empty_1, i32, i32, void @empty_2, i32, i32, void @empty_3, void @empty_3, void @empty_3, i32, i32, i32, i32, void @empty_3, void @empty_3"   --->   Operation 30 'specinterface' 'specinterface_ln0' <Predicate = true> <Delay = 0.00>
ST_1 : Operation 31 [1/1] (0.00ns)   --->   "%specinterface_ln0 = specinterface void @_ssdm_op_SpecInterface, i1 %video_in_V_dest_V, i1 %video_in_V_id_V, i1 %video_in_V_last_V, i1 %video_in_V_user_V, i3 %video_in_V_strb_V, i3 %video_in_V_keep_V, i24 %video_in_V_data_V, void @empty_1, i32, i32, void @empty_2, i32, i32, void @empty_3, void @empty_3, void @empty_3, i32, i32, i32, i32, void @empty_3, void @empty_3"   --->   Operation 31 'specinterface' 'specinterface_ln0' <Predicate = true> <Delay = 0.00>
ST_1 : Operation 32 [1/1] (0.00ns)   --->   "%specinterface_ln0 = specinterface void @_ssdm_op_SpecInterface, i1 %video_in_V_dest_V, i1 %video_in_V_id_V, i1 %video_in_V_last_V, i1 %video_in_V_user_V, i3 %video_in_V_strb_V, i3 %video_in_V_keep_V, i24 %video_in_V_data_V, void @empty_1, i32, i32, void @empty_2, i32, i32, void @empty_3, void @empty_3, void @empty_3, i32, i32, i32, i32, void @empty_3, void @empty_3"   --->   Operation 32 'specinterface' 'specinterface_ln0' <Predicate = true> <Delay = 0.00>
ST_1 : Operation 33 [1/1] (0.00ns)   --->   "%specinterface_ln0 = specinterface void @_ssdm_op_SpecInterface, i1 %video_in_V_dest_V, i1 %video_in_V_id_V, i1 %video_in_V_last_V, i1 %video_in_V_user_V, i3 %video_in_V_strb_V, i3 %video_in_V_keep_V, i24 %video_in_V_data_V, void @empty_1, i32, i32, void @empty_2, i32, i32, void @empty_3, void @empty_3, void @empty_3, i32, i32, i32, i32, void @empty_3, void @empty_3"   --->   Operation 33 'specinterface' 'specinterface_ln0' <Predicate = true> <Delay = 0.00>
ST_1 : Operation 34 [1/1] (0.00ns)   --->   "%specinterface_ln0 = specinterface void @_ssdm_op_SpecInterface, i1 %video_in_V_dest_V, i1 %video_in_V_id_V, i1 %video_in_V_last_V, i1 %video_in_V_user_V, i3 %video_in_V_strb_V, i3 %video_in_V_keep_V, i24 %video_in_V_data_V, void @empty_1, i32, i32, void @empty_2, i32, i32, void @empty_3, void @empty_3, void @empty_3, i32, i32, i32, i32, void @empty_3, void @empty_3"   --->   Operation 34 'specinterface' 'specinterface_ln0' <Predicate = true> <Delay = 0.00>
ST_1 : Operation 35 [1/1] (0.00ns)   --->   "%specinterface_ln0 = specinterface void @_ssdm_op_SpecInterface, i1 %video_in_V_dest_V, i1 %video_in_V_id_V, i1 %video_in_V_last_V, i1 %video_in_V_user_V, i3 %video_in_V_strb_V, i3 %video_in_V_keep_V, i24 %video_in_V_data_V, void @empty_1, i32, i32, void @empty_2, i32, i32, void @empty_3, void @empty_3, void @empty_3, i32, i32, i32, i32, void @empty_3, void @empty_3"   --->   Operation 35 'specinterface' 'specinterface_ln0' <Predicate = true> <Delay = 0.00>
ST_1 : Operation 36 [1/1] (0.00ns)   --->   "%specinterface_ln0 = specinterface void @_ssdm_op_SpecInterface, i1 %video_in_V_dest_V, i1 %video_in_V_id_V, i1 %video_in_V_last_V, i1 %video_in_V_user_V, i3 %video_in_V_strb_V, i3 %video_in_V_keep_V, i24 %video_in_V_data_V, void @empty_1, i32, i32, void @empty_2, i32, i32, void @empty_3, void @empty_3, void @empty_3, i32, i32, i32, i32, void @empty_3, void @empty_3"   --->   Operation 36 'specinterface' 'specinterface_ln0' <Predicate = true> <Delay = 0.00>
ST_1 : Operation 37 [1/1] (0.00ns)   --->   "%specinterface_ln0 = specinterface void @_ssdm_op_SpecInterface, i1 %video_in_V_dest_V, i1 %video_in_V_id_V, i1 %video_in_V_last_V, i1 %video_in_V_user_V, i3 %video_in_V_strb_V, i3 %video_in_V_keep_V, i24 %video_in_V_data_V, void @empty_1, i32, i32, void @empty_2, i32, i32, void @empty_3, void @empty_3, void @empty_3, i32, i32, i32, i32, void @empty_3, void @empty_3"   --->   Operation 37 'specinterface' 'specinterface_ln0' <Predicate = true> <Delay = 0.00>
ST_1 : Operation 38 [1/1] (0.00ns)   --->   "%specinterface_ln0 = specinterface void @_ssdm_op_SpecInterface, i1 %video_in_V_dest_V, i1 %video_in_V_id_V, i1 %video_in_V_last_V, i1 %video_in_V_user_V, i3 %video_in_V_strb_V, i3 %video_in_V_keep_V, i24 %video_in_V_data_V, void @empty_1, i32, i32, void @empty_2, i32, i32, void @empty_3, void @empty_3, void @empty_3, i32, i32, i32, i32, void @empty_3, void @empty_3"   --->   Operation 38 'specinterface' 'specinterface_ln0' <Predicate = true> <Delay = 0.00>
ST_1 : Operation 39 [1/1] (0.00ns)   --->   "%specinterface_ln0 = specinterface void @_ssdm_op_SpecInterface, i1 %video_in_V_dest_V, i1 %video_in_V_id_V, i1 %video_in_V_last_V, i1 %video_in_V_user_V, i3 %video_in_V_strb_V, i3 %video_in_V_keep_V, i24 %video_in_V_data_V, void @empty_1, i32, i32, void @empty_2, i32, i32, void @empty_3, void @empty_3, void @empty_3, i32, i32, i32, i32, void @empty_3, void @empty_3"   --->   Operation 39 'specinterface' 'specinterface_ln0' <Predicate = true> <Delay = 0.00>
ST_1 : Operation 40 [1/1] (0.00ns)   --->   "%specinterface_ln0 = specinterface void @_ssdm_op_SpecInterface, i1 %video_in_V_dest_V, i1 %video_in_V_id_V, i1 %video_in_V_last_V, i1 %video_in_V_user_V, i3 %video_in_V_strb_V, i3 %video_in_V_keep_V, i24 %video_in_V_data_V, void @empty_1, i32, i32, void @empty_2, i32, i32, void @empty_3, void @empty_3, void @empty_3, i32, i32, i32, i32, void @empty_3, void @empty_3"   --->   Operation 40 'specinterface' 'specinterface_ln0' <Predicate = true> <Delay = 0.00>
ST_1 : Operation 41 [1/1] (0.00ns)   --->   "%specinterface_ln0 = specinterface void @_ssdm_op_SpecInterface, i1 %video_in_V_dest_V, i1 %video_in_V_id_V, i1 %video_in_V_last_V, i1 %video_in_V_user_V, i3 %video_in_V_strb_V, i3 %video_in_V_keep_V, i24 %video_in_V_data_V, void @empty_1, i32, i32, void @empty_2, i32, i32, void @empty_3, void @empty_3, void @empty_3, i32, i32, i32, i32, void @empty_3, void @empty_3"   --->   Operation 41 'specinterface' 'specinterface_ln0' <Predicate = true> <Delay = 0.00>
ST_1 : Operation 42 [1/1] (0.00ns)   --->   "%specinterface_ln0 = specinterface void @_ssdm_op_SpecInterface, i1 %video_in_V_dest_V, i1 %video_in_V_id_V, i1 %video_in_V_last_V, i1 %video_in_V_user_V, i3 %video_in_V_strb_V, i3 %video_in_V_keep_V, i24 %video_in_V_data_V, void @empty_1, i32, i32, void @empty_2, i32, i32, void @empty_3, void @empty_3, void @empty_3, i32, i32, i32, i32, void @empty_3, void @empty_3"   --->   Operation 42 'specinterface' 'specinterface_ln0' <Predicate = true> <Delay = 0.00>
ST_1 : Operation 43 [1/1] (0.00ns)   --->   "%specinterface_ln0 = specinterface void @_ssdm_op_SpecInterface, i1 %video_in_V_dest_V, i1 %video_in_V_id_V, i1 %video_in_V_last_V, i1 %video_in_V_user_V, i3 %video_in_V_strb_V, i3 %video_in_V_keep_V, i24 %video_in_V_data_V, void @empty_1, i32, i32, void @empty_2, i32, i32, void @empty_3, void @empty_3, void @empty_3, i32, i32, i32, i32, void @empty_3, void @empty_3"   --->   Operation 43 'specinterface' 'specinterface_ln0' <Predicate = true> <Delay = 0.00>
ST_1 : Operation 44 [1/1] (0.00ns)   --->   "%specinterface_ln0 = specinterface void @_ssdm_op_SpecInterface, i1 %video_in_V_dest_V, i1 %video_in_V_id_V, i1 %video_in_V_last_V, i1 %video_in_V_user_V, i3 %video_in_V_strb_V, i3 %video_in_V_keep_V, i24 %video_in_V_data_V, void @empty_1, i32, i32, void @empty_2, i32, i32, void @empty_3, void @empty_3, void @empty_3, i32, i32, i32, i32, void @empty_3, void @empty_3"   --->   Operation 44 'specinterface' 'specinterface_ln0' <Predicate = true> <Delay = 0.00>
ST_1 : Operation 45 [1/1] (0.00ns)   --->   "%specinterface_ln0 = specinterface void @_ssdm_op_SpecInterface, i1 %video_in_V_dest_V, i1 %video_in_V_id_V, i1 %video_in_V_last_V, i1 %video_in_V_user_V, i3 %video_in_V_strb_V, i3 %video_in_V_keep_V, i24 %video_in_V_data_V, void @empty_1, i32, i32, void @empty_2, i32, i32, void @empty_3, void @empty_3, void @empty_3, i32, i32, i32, i32, void @empty_3, void @empty_3"   --->   Operation 45 'specinterface' 'specinterface_ln0' <Predicate = true> <Delay = 0.00>
ST_1 : Operation 46 [1/1] (0.00ns)   --->   "%specinterface_ln0 = specinterface void @_ssdm_op_SpecInterface, i1 %video_in_V_dest_V, i1 %video_in_V_id_V, i1 %video_in_V_last_V, i1 %video_in_V_user_V, i3 %video_in_V_strb_V, i3 %video_in_V_keep_V, i24 %video_in_V_data_V, void @empty_1, i32, i32, void @empty_2, i32, i32, void @empty_3, void @empty_3, void @empty_3, i32, i32, i32, i32, void @empty_3, void @empty_3"   --->   Operation 46 'specinterface' 'specinterface_ln0' <Predicate = true> <Delay = 0.00>
ST_1 : Operation 47 [1/1] (0.00ns)   --->   "%specinterface_ln0 = specinterface void @_ssdm_op_SpecInterface, i1 %video_in_V_dest_V, i1 %video_in_V_id_V, i1 %video_in_V_last_V, i1 %video_in_V_user_V, i3 %video_in_V_strb_V, i3 %video_in_V_keep_V, i24 %video_in_V_data_V, void @empty_1, i32, i32, void @empty_2, i32, i32, void @empty_3, void @empty_3, void @empty_3, i32, i32, i32, i32, void @empty_3, void @empty_3"   --->   Operation 47 'specinterface' 'specinterface_ln0' <Predicate = true> <Delay = 0.00>
ST_1 : Operation 48 [1/1] (0.00ns)   --->   "%specinterface_ln0 = specinterface void @_ssdm_op_SpecInterface, i1 %video_in_V_dest_V, i1 %video_in_V_id_V, i1 %video_in_V_last_V, i1 %video_in_V_user_V, i3 %video_in_V_strb_V, i3 %video_in_V_keep_V, i24 %video_in_V_data_V, void @empty_1, i32, i32, void @empty_2, i32, i32, void @empty_3, void @empty_3, void @empty_3, i32, i32, i32, i32, void @empty_3, void @empty_3"   --->   Operation 48 'specinterface' 'specinterface_ln0' <Predicate = true> <Delay = 0.00>
ST_1 : Operation 49 [1/1] (0.00ns)   --->   "%specinterface_ln0 = specinterface void @_ssdm_op_SpecInterface, i1 %video_in_V_dest_V, i1 %video_in_V_id_V, i1 %video_in_V_last_V, i1 %video_in_V_user_V, i3 %video_in_V_strb_V, i3 %video_in_V_keep_V, i24 %video_in_V_data_V, void @empty_1, i32, i32, void @empty_2, i32, i32, void @empty_3, void @empty_3, void @empty_3, i32, i32, i32, i32, void @empty_3, void @empty_3"   --->   Operation 49 'specinterface' 'specinterface_ln0' <Predicate = true> <Delay = 0.00>
ST_1 : Operation 50 [1/1] (0.00ns)   --->   "%specinterface_ln0 = specinterface void @_ssdm_op_SpecInterface, i1 %video_in_V_dest_V, i1 %video_in_V_id_V, i1 %video_in_V_last_V, i1 %video_in_V_user_V, i3 %video_in_V_strb_V, i3 %video_in_V_keep_V, i24 %video_in_V_data_V, void @empty_1, i32, i32, void @empty_2, i32, i32, void @empty_3, void @empty_3, void @empty_3, i32, i32, i32, i32, void @empty_3, void @empty_3"   --->   Operation 50 'specinterface' 'specinterface_ln0' <Predicate = true> <Delay = 0.00>
ST_1 : Operation 51 [1/1] (0.00ns)   --->   "%specinterface_ln0 = specinterface void @_ssdm_op_SpecInterface, i1 %video_in_V_dest_V, i1 %video_in_V_id_V, i1 %video_in_V_last_V, i1 %video_in_V_user_V, i3 %video_in_V_strb_V, i3 %video_in_V_keep_V, i24 %video_in_V_data_V, void @empty_1, i32, i32, void @empty_2, i32, i32, void @empty_3, void @empty_3, void @empty_3, i32, i32, i32, i32, void @empty_3, void @empty_3"   --->   Operation 51 'specinterface' 'specinterface_ln0' <Predicate = true> <Delay = 0.00>
ST_1 : Operation 52 [1/1] (0.00ns)   --->   "%specinterface_ln0 = specinterface void @_ssdm_op_SpecInterface, i1 %video_in_V_dest_V, i1 %video_in_V_id_V, i1 %video_in_V_last_V, i1 %video_in_V_user_V, i3 %video_in_V_strb_V, i3 %video_in_V_keep_V, i24 %video_in_V_data_V, void @empty_1, i32, i32, void @empty_2, i32, i32, void @empty_3, void @empty_3, void @empty_3, i32, i32, i32, i32, void @empty_3, void @empty_3"   --->   Operation 52 'specinterface' 'specinterface_ln0' <Predicate = true> <Delay = 0.00>
ST_1 : Operation 53 [1/1] (0.00ns)   --->   "%specinterface_ln0 = specinterface void @_ssdm_op_SpecInterface, i1 %video_in_V_dest_V, i1 %video_in_V_id_V, i1 %video_in_V_last_V, i1 %video_in_V_user_V, i3 %video_in_V_strb_V, i3 %video_in_V_keep_V, i24 %video_in_V_data_V, void @empty_1, i32, i32, void @empty_2, i32, i32, void @empty_3, void @empty_3, void @empty_3, i32, i32, i32, i32, void @empty_3, void @empty_3"   --->   Operation 53 'specinterface' 'specinterface_ln0' <Predicate = true> <Delay = 0.00>
ST_1 : Operation 54 [1/1] (0.00ns)   --->   "%specinterface_ln0 = specinterface void @_ssdm_op_SpecInterface, i1 %video_in_V_dest_V, i1 %video_in_V_id_V, i1 %video_in_V_last_V, i1 %video_in_V_user_V, i3 %video_in_V_strb_V, i3 %video_in_V_keep_V, i24 %video_in_V_data_V, void @empty_1, i32, i32, void @empty_2, i32, i32, void @empty_3, void @empty_3, void @empty_3, i32, i32, i32, i32, void @empty_3, void @empty_3"   --->   Operation 54 'specinterface' 'specinterface_ln0' <Predicate = true> <Delay = 0.00>
ST_1 : Operation 55 [1/1] (0.00ns)   --->   "%specinterface_ln0 = specinterface void @_ssdm_op_SpecInterface, i1 %video_in_V_dest_V, i1 %video_in_V_id_V, i1 %video_in_V_last_V, i1 %video_in_V_user_V, i3 %video_in_V_strb_V, i3 %video_in_V_keep_V, i24 %video_in_V_data_V, void @empty_1, i32, i32, void @empty_2, i32, i32, void @empty_3, void @empty_3, void @empty_3, i32, i32, i32, i32, void @empty_3, void @empty_3"   --->   Operation 55 'specinterface' 'specinterface_ln0' <Predicate = true> <Delay = 0.00>
ST_1 : Operation 56 [1/1] (0.00ns)   --->   "%specinterface_ln0 = specinterface void @_ssdm_op_SpecInterface, i1 %video_in_V_dest_V, i1 %video_in_V_id_V, i1 %video_in_V_last_V, i1 %video_in_V_user_V, i3 %video_in_V_strb_V, i3 %video_in_V_keep_V, i24 %video_in_V_data_V, void @empty_1, i32, i32, void @empty_2, i32, i32, void @empty_3, void @empty_3, void @empty_3, i32, i32, i32, i32, void @empty_3, void @empty_3"   --->   Operation 56 'specinterface' 'specinterface_ln0' <Predicate = true> <Delay = 0.00>
ST_1 : Operation 57 [1/1] (0.00ns)   --->   "%specinterface_ln0 = specinterface void @_ssdm_op_SpecInterface, i1 %video_in_V_dest_V, i1 %video_in_V_id_V, i1 %video_in_V_last_V, i1 %video_in_V_user_V, i3 %video_in_V_strb_V, i3 %video_in_V_keep_V, i24 %video_in_V_data_V, void @empty_1, i32, i32, void @empty_2, i32, i32, void @empty_3, void @empty_3, void @empty_3, i32, i32, i32, i32, void @empty_3, void @empty_3"   --->   Operation 57 'specinterface' 'specinterface_ln0' <Predicate = true> <Delay = 0.00>
ST_1 : Operation 58 [1/1] (0.00ns)   --->   "%specinterface_ln0 = specinterface void @_ssdm_op_SpecInterface, i1 %video_in_V_dest_V, i1 %video_in_V_id_V, i1 %video_in_V_last_V, i1 %video_in_V_user_V, i3 %video_in_V_strb_V, i3 %video_in_V_keep_V, i24 %video_in_V_data_V, void @empty_1, i32, i32, void @empty_2, i32, i32, void @empty_3, void @empty_3, void @empty_3, i32, i32, i32, i32, void @empty_3, void @empty_3"   --->   Operation 58 'specinterface' 'specinterface_ln0' <Predicate = true> <Delay = 0.00>
ST_1 : Operation 59 [1/1] (0.00ns)   --->   "%specinterface_ln0 = specinterface void @_ssdm_op_SpecInterface, i1 %video_in_V_dest_V, i1 %video_in_V_id_V, i1 %video_in_V_last_V, i1 %video_in_V_user_V, i3 %video_in_V_strb_V, i3 %video_in_V_keep_V, i24 %video_in_V_data_V, void @empty_1, i32, i32, void @empty_2, i32, i32, void @empty_3, void @empty_3, void @empty_3, i32, i32, i32, i32, void @empty_3, void @empty_3"   --->   Operation 59 'specinterface' 'specinterface_ln0' <Predicate = true> <Delay = 0.00>
ST_1 : Operation 60 [1/1] (0.00ns)   --->   "%specinterface_ln0 = specinterface void @_ssdm_op_SpecInterface, i1 %video_in_V_dest_V, i1 %video_in_V_id_V, i1 %video_in_V_last_V, i1 %video_in_V_user_V, i3 %video_in_V_strb_V, i3 %video_in_V_keep_V, i24 %video_in_V_data_V, void @empty_1, i32, i32, void @empty_2, i32, i32, void @empty_3, void @empty_3, void @empty_3, i32, i32, i32, i32, void @empty_3, void @empty_3"   --->   Operation 60 'specinterface' 'specinterface_ln0' <Predicate = true> <Delay = 0.00>
ST_1 : Operation 61 [1/1] (0.00ns)   --->   "%specinterface_ln0 = specinterface void @_ssdm_op_SpecInterface, i1 %video_in_V_dest_V, i1 %video_in_V_id_V, i1 %video_in_V_last_V, i1 %video_in_V_user_V, i3 %video_in_V_strb_V, i3 %video_in_V_keep_V, i24 %video_in_V_data_V, void @empty_1, i32, i32, void @empty_2, i32, i32, void @empty_3, void @empty_3, void @empty_3, i32, i32, i32, i32, void @empty_3, void @empty_3"   --->   Operation 61 'specinterface' 'specinterface_ln0' <Predicate = true> <Delay = 0.00>
ST_1 : Operation 62 [1/1] (0.00ns)   --->   "%specinterface_ln0 = specinterface void @_ssdm_op_SpecInterface, i1 %video_in_V_dest_V, i1 %video_in_V_id_V, i1 %video_in_V_last_V, i1 %video_in_V_user_V, i3 %video_in_V_strb_V, i3 %video_in_V_keep_V, i24 %video_in_V_data_V, void @empty_1, i32, i32, void @empty_2, i32, i32, void @empty_3, void @empty_3, void @empty_3, i32, i32, i32, i32, void @empty_3, void @empty_3"   --->   Operation 62 'specinterface' 'specinterface_ln0' <Predicate = true> <Delay = 0.00>
ST_1 : Operation 63 [1/1] (0.00ns)   --->   "%specinterface_ln0 = specinterface void @_ssdm_op_SpecInterface, i1 %video_in_V_dest_V, i1 %video_in_V_id_V, i1 %video_in_V_last_V, i1 %video_in_V_user_V, i3 %video_in_V_strb_V, i3 %video_in_V_keep_V, i24 %video_in_V_data_V, void @empty_1, i32, i32, void @empty_2, i32, i32, void @empty_3, void @empty_3, void @empty_3, i32, i32, i32, i32, void @empty_3, void @empty_3"   --->   Operation 63 'specinterface' 'specinterface_ln0' <Predicate = true> <Delay = 0.00>
ST_1 : Operation 64 [1/1] (0.00ns)   --->   "%specinterface_ln0 = specinterface void @_ssdm_op_SpecInterface, i1 %video_in_V_dest_V, i1 %video_in_V_id_V, i1 %video_in_V_last_V, i1 %video_in_V_user_V, i3 %video_in_V_strb_V, i3 %video_in_V_keep_V, i24 %video_in_V_data_V, void @empty_1, i32, i32, void @empty_2, i32, i32, void @empty_3, void @empty_3, void @empty_3, i32, i32, i32, i32, void @empty_3, void @empty_3"   --->   Operation 64 'specinterface' 'specinterface_ln0' <Predicate = true> <Delay = 0.00>
ST_1 : Operation 65 [1/1] (0.00ns)   --->   "%specinterface_ln0 = specinterface void @_ssdm_op_SpecInterface, i1 %video_in_V_dest_V, i1 %video_in_V_id_V, i1 %video_in_V_last_V, i1 %video_in_V_user_V, i3 %video_in_V_strb_V, i3 %video_in_V_keep_V, i24 %video_in_V_data_V, void @empty_1, i32, i32, void @empty_2, i32, i32, void @empty_3, void @empty_3, void @empty_3, i32, i32, i32, i32, void @empty_3, void @empty_3"   --->   Operation 65 'specinterface' 'specinterface_ln0' <Predicate = true> <Delay = 0.00>
ST_1 : Operation 66 [1/1] (0.00ns)   --->   "%specinterface_ln0 = specinterface void @_ssdm_op_SpecInterface, i24 %img_in_data, void @empty_5, i32, i32, void @empty_3, i32, i32, void @empty_3, void @empty_3, void @empty_3, i32, i32, i32, i32, void @empty_3, void @empty_3"   --->   Operation 66 'specinterface' 'specinterface_ln0' <Predicate = true> <Delay = 0.00>
ST_1 : Operation 67 [1/1] (0.00ns)   --->   "%specinterface_ln0 = specinterface void @_ssdm_op_SpecInterface, i24 %img_in_data, void @empty_5, i32, i32, void @empty_3, i32, i32, void @empty_3, void @empty_3, void @empty_3, i32, i32, i32, i32, void @empty_3, void @empty_3"   --->   Operation 67 'specinterface' 'specinterface_ln0' <Predicate = true> <Delay = 0.00>
ST_1 : Operation 68 [1/1] (0.00ns)   --->   "%specinterface_ln0 = specinterface void @_ssdm_op_SpecInterface, i32 %threshold_out, void @ap_fifo_str, i32, i32, void @p_str, i32, i32, void @p_str, void @p_str, void @p_str, i32, i32, i32, i32, void @p_str, void @ScalarProp_str"   --->   Operation 68 'specinterface' 'specinterface_ln0' <Predicate = true> <Delay = 0.00>
ST_1 : Operation 69 [1/1] (2.16ns)   --->   "%write_ln0 = write void @_ssdm_op_Write.ap_fifo.i32P, i32 %threshold_out, i32 %threshold_read"   --->   Operation 69 'write' 'write_ln0' <Predicate = true> <Delay = 2.16> <CoreInst = "FIFO_SRL">   --->   Core 21 'FIFO_SRL' <Latency = 0> <II = 1> <Delay = 2.16> <Storage> <Opcode : 'read' 'write' 'nbread' 'nbwrite'> <Ports = 0> <Width = 32> <Depth = 3> <FIFO>
ST_1 : Operation 70 [1/1] (0.00ns)   --->   "%specinterface_ln0 = specinterface void @_ssdm_op_SpecInterface, i1 %video_in_V_dest_V, i1 %video_in_V_id_V, i1 %video_in_V_last_V, i1 %video_in_V_user_V, i3 %video_in_V_strb_V, i3 %video_in_V_keep_V, i24 %video_in_V_data_V, void @empty_1, i32, i32, void @empty_2, i32, i32, void @empty_3, void @empty_3, void @empty_3, i32, i32, i32, i32, void @empty_3, void @empty_3"   --->   Operation 70 'specinterface' 'specinterface_ln0' <Predicate = true> <Delay = 0.00>
ST_1 : Operation 71 [1/1] (0.00ns)   --->   "%specinterface_ln0 = specinterface void @_ssdm_op_SpecInterface, i1 %video_in_V_dest_V, i1 %video_in_V_id_V, i1 %video_in_V_last_V, i1 %video_in_V_user_V, i3 %video_in_V_strb_V, i3 %video_in_V_keep_V, i24 %video_in_V_data_V, void @empty_1, i32, i32, void @empty_2, i32, i32, void @empty_3, void @empty_3, void @empty_3, i32, i32, i32, i32, void @empty_3, void @empty_3"   --->   Operation 71 'specinterface' 'specinterface_ln0' <Predicate = true> <Delay = 0.00>
ST_1 : Operation 72 [1/1] (0.00ns)   --->   "%specinterface_ln0 = specinterface void @_ssdm_op_SpecInterface, i1 %video_in_V_dest_V, i1 %video_in_V_id_V, i1 %video_in_V_last_V, i1 %video_in_V_user_V, i3 %video_in_V_strb_V, i3 %video_in_V_keep_V, i24 %video_in_V_data_V, void @empty_1, i32, i32, void @empty_2, i32, i32, void @empty_3, void @empty_3, void @empty_3, i32, i32, i32, i32, void @empty_3, void @empty_3"   --->   Operation 72 'specinterface' 'specinterface_ln0' <Predicate = true> <Delay = 0.00>
ST_1 : Operation 73 [1/1] (0.00ns)   --->   "%specinterface_ln0 = specinterface void @_ssdm_op_SpecInterface, i1 %video_in_V_dest_V, i1 %video_in_V_id_V, i1 %video_in_V_last_V, i1 %video_in_V_user_V, i3 %video_in_V_strb_V, i3 %video_in_V_keep_V, i24 %video_in_V_data_V, void @empty_1, i32, i32, void @empty_2, i32, i32, void @empty_3, void @empty_3, void @empty_3, i32, i32, i32, i32, void @empty_3, void @empty_3"   --->   Operation 73 'specinterface' 'specinterface_ln0' <Predicate = true> <Delay = 0.00>
ST_1 : Operation 74 [1/1] (0.00ns)   --->   "%specinterface_ln0 = specinterface void @_ssdm_op_SpecInterface, i1 %video_in_V_dest_V, i1 %video_in_V_id_V, i1 %video_in_V_last_V, i1 %video_in_V_user_V, i3 %video_in_V_strb_V, i3 %video_in_V_keep_V, i24 %video_in_V_data_V, void @empty_1, i32, i32, void @empty_2, i32, i32, void @empty_3, void @empty_3, void @empty_3, i32, i32, i32, i32, void @empty_3, void @empty_3"   --->   Operation 74 'specinterface' 'specinterface_ln0' <Predicate = true> <Delay = 0.00>
ST_1 : Operation 75 [1/1] (0.00ns)   --->   "%specinterface_ln0 = specinterface void @_ssdm_op_SpecInterface, i1 %video_in_V_dest_V, i1 %video_in_V_id_V, i1 %video_in_V_last_V, i1 %video_in_V_user_V, i3 %video_in_V_strb_V, i3 %video_in_V_keep_V, i24 %video_in_V_data_V, void @empty_1, i32, i32, void @empty_2, i32, i32, void @empty_3, void @empty_3, void @empty_3, i32, i32, i32, i32, void @empty_3, void @empty_3"   --->   Operation 75 'specinterface' 'specinterface_ln0' <Predicate = true> <Delay = 0.00>
ST_1 : Operation 76 [1/1] (0.00ns)   --->   "%specinterface_ln0 = specinterface void @_ssdm_op_SpecInterface, i1 %video_in_V_dest_V, i1 %video_in_V_id_V, i1 %video_in_V_last_V, i1 %video_in_V_user_V, i3 %video_in_V_strb_V, i3 %video_in_V_keep_V, i24 %video_in_V_data_V, void @empty_1, i32, i32, void @empty_2, i32, i32, void @empty_3, void @empty_3, void @empty_3, i32, i32, i32, i32, void @empty_3, void @empty_3"   --->   Operation 76 'specinterface' 'specinterface_ln0' <Predicate = true> <Delay = 0.00>
ST_1 : Operation 77 [1/1] (0.00ns)   --->   "%specinterface_ln0 = specinterface void @_ssdm_op_SpecInterface, i24 %img_in_data, void @empty_5, i32, i32, void @empty_3, i32, i32, void @empty_3, void @empty_3, void @empty_3, i32, i32, i32, i32, void @empty_3, void @empty_3"   --->   Operation 77 'specinterface' 'specinterface_ln0' <Predicate = true> <Delay = 0.00>
ST_1 : Operation 78 [1/1] (0.00ns)   --->   "%specinterface_ln0 = specinterface void @_ssdm_op_SpecInterface, i24 %img_in_data, void @empty_5, i32, i32, void @empty_3, i32, i32, void @empty_3, void @empty_3, void @empty_3, i32, i32, i32, i32, void @empty_3, void @empty_3"   --->   Operation 78 'specinterface' 'specinterface_ln0' <Predicate = true> <Delay = 0.00>
ST_1 : Operation 79 [1/1] (0.00ns)   --->   "%specinterface_ln0 = specinterface void @_ssdm_op_SpecInterface, i1 %video_in_V_dest_V, i1 %video_in_V_id_V, i1 %video_in_V_last_V, i1 %video_in_V_user_V, i3 %video_in_V_strb_V, i3 %video_in_V_keep_V, i24 %video_in_V_data_V, void @empty_1, i32, i32, void @empty_2, i32, i32, void @empty_3, void @empty_3, void @empty_3, i32, i32, i32, i32, void @empty_3, void @empty_3"   --->   Operation 79 'specinterface' 'specinterface_ln0' <Predicate = true> <Delay = 0.00>
ST_1 : Operation 80 [1/1] (0.75ns)   --->   "%store_ln0 = store i32, i32 %start"   --->   Operation 80 'store' 'store_ln0' <Predicate = true> <Delay = 0.75>
ST_1 : Operation 81 [1/1] (0.75ns)   --->   "%br_ln0 = br void"   --->   Operation 81 'br' 'br_ln0' <Predicate = true> <Delay = 0.75>

State 2 <SV = 1> <Delay = 1.19>
ST_2 : Operation 82 [1/1] (0.00ns)   --->   "%i = phi i11, void %entry, i11 %i_2, void"   --->   Operation 82 'phi' 'i' <Predicate = true> <Delay = 0.00>
ST_2 : Operation 83 [1/1] (0.85ns)   --->   "%icmp_ln119 = icmp_eq  i11 %i, i11" [F:/Vitis_Libraries/vision/L1/include\common/xf_infra.hpp:119]   --->   Operation 83 'icmp' 'icmp_ln119' <Predicate = true> <Delay = 0.85> <CoreInst = "Cmp">   --->   Core 10 'Cmp' <Latency = 0> <II = 1> <Delay = 1.11> <FuncUnit> <Opcode : 'icmp'> <InPorts = 2> <OutPorts = 1>
ST_2 : Operation 84 [1/1] (0.00ns)   --->   "%speclooptripcount_ln0 = speclooptripcount void @_ssdm_op_SpecLoopTripCount, i64, i64, i64"   --->   Operation 84 'speclooptripcount' 'speclooptripcount_ln0' <Predicate = true> <Delay = 0.00>
ST_2 : Operation 85 [1/1] (0.94ns)   --->   "%i_2 = add i11 %i, i11" [F:/Vitis_Libraries/vision/L1/include\common/xf_infra.hpp:119]   --->   Operation 85 'add' 'i_2' <Predicate = true> <Delay = 0.94> <CoreInst = "Adder">   --->   Core 1 'Adder' <Latency = 0> <II = 1> <Delay = 1.20> <FuncUnit> <Opcode : 'add' 'sub'> <InPorts = 2> <OutPorts = 1>
ST_2 : Operation 86 [1/1] (0.00ns)   --->   "%br_ln119 = br i1 %icmp_ln119, void, void %.exit" [F:/Vitis_Libraries/vision/L1/include\common/xf_infra.hpp:119]   --->   Operation 86 'br' 'br_ln119' <Predicate = true> <Delay = 0.00>
ST_2 : Operation 87 [1/1] (0.00ns)   --->   "%specloopname_ln120 = specloopname void @_ssdm_op_SpecLoopName, void @empty_8" [F:/Vitis_Libraries/vision/L1/include\common/xf_infra.hpp:120]   --->   Operation 87 'specloopname' 'specloopname_ln120' <Predicate = (!icmp_ln119)> <Delay = 0.00>
ST_2 : Operation 88 [1/1] (0.75ns)   --->   "%br_ln122 = br void" [F:/Vitis_Libraries/vision/L1/include\common/xf_infra.hpp:122]   --->   Operation 88 'br' 'br_ln122' <Predicate = (!icmp_ln119)> <Delay = 0.75>
ST_2 : Operation 89 [1/1] (0.00ns)   --->   "%ret_ln0 = ret"   --->   Operation 89 'ret' 'ret_ln0' <Predicate = (icmp_ln119)> <Delay = 0.00>

State 3 <SV = 2> <Delay = 3.70>
ST_3 : Operation 90 [1/1] (0.00ns)   --->   "%eol = phi i1, void, i1 %axi_last_V_1, void"   --->   Operation 90 'phi' 'eol' <Predicate = true> <Delay = 0.00>
ST_3 : Operation 91 [1/1] (0.00ns)   --->   "%j = phi i32, void, i32 %j_4, void"   --->   Operation 91 'phi' 'j' <Predicate = true> <Delay = 0.00>
ST_3 : Operation 92 [1/1] (0.00ns)   --->   "%start_1 = load i32 %start, void %store_ln0"   --->   Operation 92 'load' 'start_1' <Predicate = true> <Delay = 0.00>
ST_3 : Operation 93 [1/1] (1.11ns)   --->   "%icmp_ln122 = icmp_slt  i32 %j, i32" [F:/Vitis_Libraries/vision/L1/include\common/xf_infra.hpp:122]   --->   Operation 93 'icmp' 'icmp_ln122' <Predicate = true> <Delay = 1.11> <CoreInst = "Cmp">   --->   Core 10 'Cmp' <Latency = 0> <II = 1> <Delay = 1.11> <FuncUnit> <Opcode : 'icmp'> <InPorts = 2> <OutPorts = 1>
ST_3 : Operation 94 [1/1] (0.00ns)   --->   "%br_ln122 = br i1 %icmp_ln122, void %.preheader.i.i.i.preheader, void" [F:/Vitis_Libraries/vision/L1/include\common/xf_infra.hpp:122]   --->   Operation 94 'br' 'br_ln122' <Predicate = true> <Delay = 0.00>
ST_3 : Operation 95 [1/1] (0.00ns)   --->   "%specpipeline_ln0 = specpipeline void @_ssdm_op_SpecPipeline, i32, i32, i32, i32, void @empty_3"   --->   Operation 95 'specpipeline' 'specpipeline_ln0' <Predicate = (icmp_ln122)> <Delay = 0.00>
ST_3 : Operation 96 [1/1] (0.00ns)   --->   "%specloopname_ln0 = specloopname void @_ssdm_op_SpecLoopName, void @empty"   --->   Operation 96 'specloopname' 'specloopname_ln0' <Predicate = (icmp_ln122)> <Delay = 0.00>
ST_3 : Operation 97 [1/1] (0.00ns)   --->   "%empty_49 = read i34 @_ssdm_op_Read.axis.volatile.i24P.i3P.i3P.i1P.i1P.i1P.i1P, i24 %video_in_V_data_V, i3 %video_in_V_keep_V, i3 %video_in_V_strb_V, i1 %video_in_V_user_V, i1 %video_in_V_last_V, i1 %video_in_V_id_V, i1 %video_in_V_dest_V"   --->   Operation 97 'read' 'empty_49' <Predicate = (icmp_ln122)> <Delay = 0.00> <CoreInst = "axis">   --->   Core 57 'axis' <Latency = 0> <II = 1> <Delay = 1.00> <Adapter> <Opcode : >
ST_3 : Operation 98 [1/1] (0.00ns)   --->   "%axi_data_V = extractvalue i34 %empty_49"   --->   Operation 98 'extractvalue' 'axi_data_V' <Predicate = (icmp_ln122)> <Delay = 0.00>
ST_3 : Operation 99 [1/1] (0.00ns)   --->   "%axi_user_V = extractvalue i34 %empty_49"   --->   Operation 99 'extractvalue' 'axi_user_V' <Predicate = (icmp_ln122)> <Delay = 0.00>
ST_3 : Operation 100 [1/1] (0.00ns)   --->   "%axi_last_V_1 = extractvalue i34 %empty_49"   --->   Operation 100 'extractvalue' 'axi_last_V_1' <Predicate = (icmp_ln122)> <Delay = 0.00>
ST_3 : Operation 101 [1/1] (1.11ns)   --->   "%icmp_ln131 = icmp_ne  i32 %start_1, i32" [F:/Vitis_Libraries/vision/L1/include\common/xf_infra.hpp:131]   --->   Operation 101 'icmp' 'icmp_ln131' <Predicate = (icmp_ln122)> <Delay = 1.11> <CoreInst = "Cmp">   --->   Core 10 'Cmp' <Latency = 0> <II = 1> <Delay = 1.11> <FuncUnit> <Opcode : 'icmp'> <InPorts = 2> <OutPorts = 1>
ST_3 : Operation 102 [1/1] (0.00ns) (grouped into LUT with out node or_ln131)   --->   "%xor_ln131 = xor i1 %axi_user_V, i1" [F:/Vitis_Libraries/vision/L1/include\common/xf_infra.hpp:131]   --->   Operation 102 'xor' 'xor_ln131' <Predicate = (icmp_ln122)> <Delay = 0.00> <CoreInst = "LogicGate">   --->   Core 12 'LogicGate' <Latency = 0> <II = 1> <Delay = 0.33> <FuncUnit> <Opcode : 'and' 'or' 'xor'> <InPorts = 2> <OutPorts = 1>
ST_3 : Operation 103 [1/1] (0.33ns) (out node of the LUT)   --->   "%or_ln131 = or i1 %icmp_ln131, i1 %xor_ln131" [F:/Vitis_Libraries/vision/L1/include\common/xf_infra.hpp:131]   --->   Operation 103 'or' 'or_ln131' <Predicate = (icmp_ln122)> <Delay = 0.33> <CoreInst = "LogicGate">   --->   Core 12 'LogicGate' <Latency = 0> <II = 1> <Delay = 0.33> <FuncUnit> <Opcode : 'and' 'or' 'xor'> <InPorts = 2> <OutPorts = 1>
ST_3 : Operation 104 [1/1] (0.75ns)   --->   "%br_ln131 = br i1 %or_ln131, void %._crit_edge.i.i.i, void" [F:/Vitis_Libraries/vision/L1/include\common/xf_infra.hpp:131]   --->   Operation 104 'br' 'br_ln131' <Predicate = (icmp_ln122)> <Delay = 0.75>
ST_3 : Operation 105 [1/1] (0.33ns)   --->   "%or_ln134 = or i1 %axi_user_V, i1 %icmp_ln131" [F:/Vitis_Libraries/vision/L1/include\common/xf_infra.hpp:134]   --->   Operation 105 'or' 'or_ln134' <Predicate = (icmp_ln122 & or_ln131)> <Delay = 0.33> <CoreInst = "LogicGate">   --->   Core 12 'LogicGate' <Latency = 0> <II = 1> <Delay = 0.33> <FuncUnit> <Opcode : 'and' 'or' 'xor'> <InPorts = 2> <OutPorts = 1>
ST_3 : Operation 106 [1/1] (0.75ns)   --->   "%br_ln134 = br i1 %or_ln134, void, void %._crit_edge.i.i.i" [F:/Vitis_Libraries/vision/L1/include\common/xf_infra.hpp:134]   --->   Operation 106 'br' 'br_ln134' <Predicate = (icmp_ln122 & or_ln131)> <Delay = 0.75>
ST_3 : Operation 107 [1/1] (1.20ns)   --->   "%j_2 = add i32 %j, i32" [F:/Vitis_Libraries/vision/L1/include\common/xf_infra.hpp:135]   --->   Operation 107 'add' 'j_2' <Predicate = (icmp_ln122 & or_ln131 & !or_ln134)> <Delay = 1.20> <CoreInst = "Adder">   --->   Core 1 'Adder' <Latency = 0> <II = 1> <Delay = 1.20> <FuncUnit> <Opcode : 'add' 'sub'> <InPorts = 2> <OutPorts = 1>
ST_3 : Operation 108 [1/1] (0.75ns)   --->   "%br_ln136 = br void" [F:/Vitis_Libraries/vision/L1/include\common/xf_infra.hpp:136]   --->   Operation 108 'br' 'br_ln136' <Predicate = (icmp_ln122 & or_ln131 & !or_ln134)> <Delay = 0.75>
ST_3 : Operation 109 [1/1] (0.00ns)   --->   "%start_2 = phi i32, void, i32 %start_1, void"   --->   Operation 109 'phi' 'start_2' <Predicate = (icmp_ln122 & or_ln134) | (icmp_ln122 & !or_ln131)> <Delay = 0.00>
ST_3 : Operation 110 [1/1] (0.75ns)   --->   "%br_ln146 = br void" [F:/Vitis_Libraries/vision/L1/include\common/xf_infra.hpp:146]   --->   Operation 110 'br' 'br_ln146' <Predicate = (icmp_ln122 & or_ln134) | (icmp_ln122 & !or_ln131)> <Delay = 0.75>
ST_3 : Operation 111 [1/1] (0.00ns)   --->   "%start_3 = phi i32 %start_2, void %._crit_edge.i.i.i, i32, void"   --->   Operation 111 'phi' 'start_3' <Predicate = (icmp_ln122)> <Delay = 0.00>
ST_3 : Operation 112 [1/1] (0.00ns) (grouped into LUT with out node j_4)   --->   "%j_3 = phi i32 %j, void %._crit_edge.i.i.i, i32 %j_2, void"   --->   Operation 112 'phi' 'j_3' <Predicate = (icmp_ln122)> <Delay = 0.00>
ST_3 : Operation 113 [1/1] (1.20ns) (out node of the LUT)   --->   "%j_4 = add i32 %j_3, i32" [F:/Vitis_Libraries/vision/L1/include\common/xf_infra.hpp:122]   --->   Operation 113 'add' 'j_4' <Predicate = (icmp_ln122)> <Delay = 1.20> <CoreInst = "Adder">   --->   Core 1 'Adder' <Latency = 0> <II = 1> <Delay = 1.20> <FuncUnit> <Opcode : 'add' 'sub'> <InPorts = 2> <OutPorts = 1>
ST_3 : Operation 114 [1/1] (0.75ns)   --->   "%store_ln122 = store i32 %start_3, i32 %start, void %store_ln0, i32 %start_1" [F:/Vitis_Libraries/vision/L1/include\common/xf_infra.hpp:122]   --->   Operation 114 'store' 'store_ln122' <Predicate = (icmp_ln122)> <Delay = 0.75>
ST_3 : Operation 115 [1/1] (0.00ns)   --->   "%br_ln122 = br void" [F:/Vitis_Libraries/vision/L1/include\common/xf_infra.hpp:122]   --->   Operation 115 'br' 'br_ln122' <Predicate = (icmp_ln122)> <Delay = 0.00>

State 4 <SV = 3> <Delay = 1.94>
ST_4 : Operation 116 [1/1] (1.94ns)   --->   "%write_ln167 = write void @_ssdm_op_Write.ap_fifo.volatile.i24P, i24 %img_in_data, i24 %axi_data_V" [F:/xilinx_2020.1/Vitis/2020.1/common/technology/autopilot/hls_stream_39.h:167]   --->   Operation 116 'write' 'write_ln167' <Predicate = (icmp_ln122 & or_ln134) | (icmp_ln122 & !or_ln131)> <Delay = 1.94> <CoreInst = "FIFO">   --->   Core 18 'FIFO' <Latency = 0> <II = 1> <Delay = 1.94> <Storage> <Opcode : 'read' 'write' 'nbread' 'nbwrite'> <Ports = 0> <Width = 24> <Depth = 1920> <FIFO>

State 5 <SV = 3> <Delay = 0.75>
ST_5 : Operation 117 [1/1] (0.75ns)   --->   "%br_ln148 = br void %.preheader.i.i.i" [F:/Vitis_Libraries/vision/L1/include\common/xf_infra.hpp:148]   --->   Operation 117 'br' 'br_ln148' <Predicate = true> <Delay = 0.75>

State 6 <SV = 4> <Delay = 0.33>
ST_6 : Operation 118 [1/1] (0.00ns)   --->   "%eol_2 = phi i1 %axi_last_V, void, i1 %eol, void %.preheader.i.i.i.preheader"   --->   Operation 118 'phi' 'eol_2' <Predicate = true> <Delay = 0.00>
ST_6 : Operation 119 [1/1] (0.00ns)   --->   "%br_ln148 = br i1 %eol_2, void, void" [F:/Vitis_Libraries/vision/L1/include\common/xf_infra.hpp:148]   --->   Operation 119 'br' 'br_ln148' <Predicate = true> <Delay = 0.00>
ST_6 : Operation 120 [1/1] (0.00ns)   --->   "%specpipeline_ln0 = specpipeline void @_ssdm_op_SpecPipeline, i32, i32, i32, i32, void @empty_3"   --->   Operation 120 'specpipeline' 'specpipeline_ln0' <Predicate = (!eol_2)> <Delay = 0.00>
ST_6 : Operation 121 [1/1] (0.00ns)   --->   "%speclooptripcount_ln0 = speclooptripcount void @_ssdm_op_SpecLoopTripCount, i64, i64, i64"   --->   Operation 121 'speclooptripcount' 'speclooptripcount_ln0' <Predicate = (!eol_2)> <Delay = 0.00>
ST_6 : Operation 122 [1/1] (0.00ns)   --->   "%specloopname_ln0 = specloopname void @_ssdm_op_SpecLoopName, void @empty_9"   --->   Operation 122 'specloopname' 'specloopname_ln0' <Predicate = (!eol_2)> <Delay = 0.00>
ST_6 : Operation 123 [1/1] (0.00ns)   --->   "%empty = read i34 @_ssdm_op_Read.axis.volatile.i24P.i3P.i3P.i1P.i1P.i1P.i1P, i24 %video_in_V_data_V, i3 %video_in_V_keep_V, i3 %video_in_V_strb_V, i1 %video_in_V_user_V, i1 %video_in_V_last_V, i1 %video_in_V_id_V, i1 %video_in_V_dest_V"   --->   Operation 123 'read' 'empty' <Predicate = (!eol_2)> <Delay = 0.00> <CoreInst = "axis">   --->   Core 57 'axis' <Latency = 0> <II = 1> <Delay = 1.00> <Adapter> <Opcode : >
ST_6 : Operation 124 [1/1] (0.00ns)   --->   "%axi_last_V = extractvalue i34 %empty"   --->   Operation 124 'extractvalue' 'axi_last_V' <Predicate = (!eol_2)> <Delay = 0.00>
ST_6 : Operation 125 [1/1] (0.00ns)   --->   "%br_ln148 = br void %.preheader.i.i.i" [F:/Vitis_Libraries/vision/L1/include\common/xf_infra.hpp:148]   --->   Operation 125 'br' 'br_ln148' <Predicate = (!eol_2)> <Delay = 0.00>

State 7 <SV = 5> <Delay = 0.00>
ST_7 : Operation 126 [1/1] (0.00ns)   --->   "%br_ln119 = br void" [F:/Vitis_Libraries/vision/L1/include\common/xf_infra.hpp:119]   --->   Operation 126 'br' 'br_ln119' <Predicate = true> <Delay = 0.00>


============================================================
+ Verbose Summary: Binding
============================================================
STG Binding: 
---------------- STG Properties BEGIN ----------------
- Is combinational: 0
- Is one-state seq: 0
- Is datapath-only: 0
- Is pipelined: 0
- Is top level: 0
Port [ Return ] is wired: 1; IO mode=ap_ctrl_hs:ce=0
Port [ video_in_V_data_V]:  wired=1; compound=1; hidden=0; nouse=0; global=0; static=0; extern=0; dir=0; type=0; pingpong=0; private_global=0; IO mode=axis:ce=0
Port [ video_in_V_keep_V]:  wired=1; compound=1; hidden=0; nouse=0; global=0; static=0; extern=0; dir=0; type=0; pingpong=0; private_global=0; IO mode=axis:ce=0
Port [ video_in_V_strb_V]:  wired=1; compound=1; hidden=0; nouse=0; global=0; static=0; extern=0; dir=0; type=0; pingpong=0; private_global=0; IO mode=axis:ce=0
Port [ video_in_V_user_V]:  wired=1; compound=1; hidden=0; nouse=0; global=0; static=0; extern=0; dir=0; type=0; pingpong=0; private_global=0; IO mode=axis:ce=0
Port [ video_in_V_last_V]:  wired=1; compound=1; hidden=0; nouse=0; global=0; static=0; extern=0; dir=0; type=0; pingpong=0; private_global=0; IO mode=axis:ce=0
Port [ video_in_V_id_V]:  wired=1; compound=1; hidden=0; nouse=0; global=0; static=0; extern=0; dir=0; type=0; pingpong=0; private_global=0; IO mode=axis:ce=0
Port [ video_in_V_dest_V]:  wired=1; compound=1; hidden=0; nouse=0; global=0; static=0; extern=0; dir=0; type=0; pingpong=0; private_global=0; IO mode=axis:ce=0
Port [ img_in_data]:  wired=1; compound=1; hidden=0; nouse=0; global=0; static=0; extern=0; dir=1; type=3; pingpong=0; private_global=0; IO mode=ap_fifo:ce=0
Port [ threshold]:  wired=1; compound=0; hidden=0; nouse=0; global=0; static=0; extern=0; dir=0; type=0; pingpong=0; private_global=0; IO mode=ap_vld:ce=0
Port [ threshold_out]:  wired=1; compound=1; hidden=0; nouse=0; global=0; static=0; extern=0; dir=1; type=3; pingpong=0; private_global=0; IO mode=ap_fifo:ce=0
---------------- STG Properties END ------------------

---------------- Datapath Model BEGIN ----------------

<LifeTime>
<method=bitvector/>
start                 (alloca           ) [ 01111111]
threshold_read        (read             ) [ 00000000]
specinterface_ln0     (specinterface    ) [ 00000000]
specinterface_ln0     (specinterface    ) [ 00000000]
specinterface_ln0     (specinterface    ) [ 00000000]
specinterface_ln0     (specinterface    ) [ 00000000]
specinterface_ln0     (specinterface    ) [ 00000000]
specinterface_ln0     (specinterface    ) [ 00000000]
specinterface_ln0     (specinterface    ) [ 00000000]
specinterface_ln0     (specinterface    ) [ 00000000]
specinterface_ln0     (specinterface    ) [ 00000000]
specinterface_ln0     (specinterface    ) [ 00000000]
specinterface_ln0     (specinterface    ) [ 00000000]
specinterface_ln0     (specinterface    ) [ 00000000]
specinterface_ln0     (specinterface    ) [ 00000000]
specinterface_ln0     (specinterface    ) [ 00000000]
specinterface_ln0     (specinterface    ) [ 00000000]
specinterface_ln0     (specinterface    ) [ 00000000]
specinterface_ln0     (specinterface    ) [ 00000000]
specinterface_ln0     (specinterface    ) [ 00000000]
specinterface_ln0     (specinterface    ) [ 00000000]
specinterface_ln0     (specinterface    ) [ 00000000]
specinterface_ln0     (specinterface    ) [ 00000000]
specinterface_ln0     (specinterface    ) [ 00000000]
specinterface_ln0     (specinterface    ) [ 00000000]
specinterface_ln0     (specinterface    ) [ 00000000]
specinterface_ln0     (specinterface    ) [ 00000000]
specinterface_ln0     (specinterface    ) [ 00000000]
specinterface_ln0     (specinterface    ) [ 00000000]
specinterface_ln0     (specinterface    ) [ 00000000]
specinterface_ln0     (specinterface    ) [ 00000000]
specinterface_ln0     (specinterface    ) [ 00000000]
specinterface_ln0     (specinterface    ) [ 00000000]
specinterface_ln0     (specinterface    ) [ 00000000]
specinterface_ln0     (specinterface    ) [ 00000000]
specinterface_ln0     (specinterface    ) [ 00000000]
specinterface_ln0     (specinterface    ) [ 00000000]
specinterface_ln0     (specinterface    ) [ 00000000]
specinterface_ln0     (specinterface    ) [ 00000000]
specinterface_ln0     (specinterface    ) [ 00000000]
specinterface_ln0     (specinterface    ) [ 00000000]
specinterface_ln0     (specinterface    ) [ 00000000]
specinterface_ln0     (specinterface    ) [ 00000000]
specinterface_ln0     (specinterface    ) [ 00000000]
specinterface_ln0     (specinterface    ) [ 00000000]
specinterface_ln0     (specinterface    ) [ 00000000]
specinterface_ln0     (specinterface    ) [ 00000000]
specinterface_ln0     (specinterface    ) [ 00000000]
specinterface_ln0     (specinterface    ) [ 00000000]
specinterface_ln0     (specinterface    ) [ 00000000]
specinterface_ln0     (specinterface    ) [ 00000000]
specinterface_ln0     (specinterface    ) [ 00000000]
specinterface_ln0     (specinterface    ) [ 00000000]
specinterface_ln0     (specinterface    ) [ 00000000]
specinterface_ln0     (specinterface    ) [ 00000000]
specinterface_ln0     (specinterface    ) [ 00000000]
specinterface_ln0     (specinterface    ) [ 00000000]
specinterface_ln0     (specinterface    ) [ 00000000]
specinterface_ln0     (specinterface    ) [ 00000000]
specinterface_ln0     (specinterface    ) [ 00000000]
specinterface_ln0     (specinterface    ) [ 00000000]
write_ln0             (write            ) [ 00000000]
specinterface_ln0     (specinterface    ) [ 00000000]
specinterface_ln0     (specinterface    ) [ 00000000]
specinterface_ln0     (specinterface    ) [ 00000000]
specinterface_ln0     (specinterface    ) [ 00000000]
specinterface_ln0     (specinterface    ) [ 00000000]
specinterface_ln0     (specinterface    ) [ 00000000]
specinterface_ln0     (specinterface    ) [ 00000000]
specinterface_ln0     (specinterface    ) [ 00000000]
specinterface_ln0     (specinterface    ) [ 00000000]
specinterface_ln0     (specinterface    ) [ 00000000]
store_ln0             (store            ) [ 00000000]
br_ln0                (br               ) [ 01111111]
i                     (phi              ) [ 00100000]
icmp_ln119            (icmp             ) [ 00111111]
speclooptripcount_ln0 (speclooptripcount) [ 00000000]
i_2                   (add              ) [ 01111111]
br_ln119              (br               ) [ 00000000]
specloopname_ln120    (specloopname     ) [ 00000000]
br_ln122              (br               ) [ 00111111]
ret_ln0               (ret              ) [ 00000000]
eol                   (phi              ) [ 00011110]
j                     (phi              ) [ 00011000]
start_1               (load             ) [ 00000000]
icmp_ln122            (icmp             ) [ 00111111]
br_ln122              (br               ) [ 00000000]
specpipeline_ln0      (specpipeline     ) [ 00000000]
specloopname_ln0      (specloopname     ) [ 00000000]
empty_49              (read             ) [ 00000000]
axi_data_V            (extractvalue     ) [ 00011000]
axi_user_V            (extractvalue     ) [ 00000000]
axi_last_V_1          (extractvalue     ) [ 00111111]
icmp_ln131            (icmp             ) [ 00000000]
xor_ln131             (xor              ) [ 00000000]
or_ln131              (or               ) [ 00111111]
br_ln131              (br               ) [ 00000000]
or_ln134              (or               ) [ 00111111]
br_ln134              (br               ) [ 00000000]
j_2                   (add              ) [ 00000000]
br_ln136              (br               ) [ 00000000]
start_2               (phi              ) [ 00000000]
br_ln146              (br               ) [ 00000000]
start_3               (phi              ) [ 00000000]
j_3                   (phi              ) [ 00000000]
j_4                   (add              ) [ 00111111]
store_ln122           (store            ) [ 00000000]
br_ln122              (br               ) [ 00111111]
write_ln167           (write            ) [ 00000000]
br_ln148              (br               ) [ 00111111]
eol_2                 (phi              ) [ 00000010]
br_ln148              (br               ) [ 00000000]
specpipeline_ln0      (specpipeline     ) [ 00000000]
speclooptripcount_ln0 (speclooptripcount) [ 00000000]
specloopname_ln0      (specloopname     ) [ 00000000]
empty                 (read             ) [ 00000000]
axi_last_V            (extractvalue     ) [ 00111111]
br_ln148              (br               ) [ 00111111]
br_ln119              (br               ) [ 01111111]
</LifeTime>

<model>

<comp_list>
<comp id="0" class="1000" name="video_in_V_data_V">
<pin_list>
<pin id="1" dir="1" index="0" bw="1" slack="0"/>
</pin_list>
<bind>
<StgValue><ssdm name="video_in_V_data_V"/></StgValue>
</bind>
</comp>

<comp id="2" class="1000" name="video_in_V_keep_V">
<pin_list>
<pin id="3" dir="1" index="0" bw="1" slack="0"/>
</pin_list>
<bind>
<StgValue><ssdm name="video_in_V_keep_V"/></StgValue>
</bind>
</comp>

<comp id="4" class="1000" name="video_in_V_strb_V">
<pin_list>
<pin id="5" dir="1" index="0" bw="1" slack="0"/>
</pin_list>
<bind>
<StgValue><ssdm name="video_in_V_strb_V"/></StgValue>
</bind>
</comp>

<comp id="6" class="1000" name="video_in_V_user_V">
<pin_list>
<pin id="7" dir="1" index="0" bw="1" slack="0"/>
</pin_list>
<bind>
<StgValue><ssdm name="video_in_V_user_V"/></StgValue>
</bind>
</comp>

<comp id="8" class="1000" name="video_in_V_last_V">
<pin_list>
<pin id="9" dir="1" index="0" bw="1" slack="0"/>
</pin_list>
<bind>
<StgValue><ssdm name="video_in_V_last_V"/></StgValue>
</bind>
</comp>

<comp id="10" class="1000" name="video_in_V_id_V">
<pin_list>
<pin id="11" dir="1" index="0" bw="1" slack="0"/>
</pin_list>
<bind>
<StgValue><ssdm name="video_in_V_id_V"/></StgValue>
</bind>
</comp>

<comp id="12" class="1000" name="video_in_V_dest_V">
<pin_list>
<pin id="13" dir="1" index="0" bw="1" slack="0"/>
</pin_list>
<bind>
<StgValue><ssdm name="video_in_V_dest_V"/></StgValue>
</bind>
</comp>

<comp id="14" class="1000" name="img_in_data">
<pin_list>
<pin id="15" dir="1" index="0" bw="1" slack="0"/>
</pin_list>
<bind>
<StgValue><ssdm name="img_in_data"/></StgValue>
</bind>
</comp>

<comp id="16" class="1000" name="threshold">
<pin_list>
<pin id="17" dir="1" index="0" bw="1" slack="0"/>
</pin_list>
<bind>
<StgValue><ssdm name="threshold"/></StgValue>
</bind>
</comp>

<comp id="18" class="1000" name="threshold_out">
<pin_list>
<pin id="19" dir="1" index="0" bw="1" slack="0"/>
</pin_list>
<bind>
<StgValue><ssdm name="threshold_out"/></StgValue>
</bind>
</comp>

<comp id="20" class="1001" name="const_20">
<pin_list>
<pin id="21" dir="1" index="0" bw="1" slack="0"/>
</pin_list>
<bind>
<StgValue><ssdm name=""/></StgValue>
</bind>
</comp>

<comp id="22" class="1001" name="const_22">
<pin_list>
<pin id="23" dir="1" index="0" bw="1" slack="0"/>
</pin_list>
<bind>
<StgValue><ssdm name="_ssdm_op_Read.ap_auto.i32"/></StgValue>
</bind>
</comp>

<comp id="24" class="1001" name="const_24">
<pin_list>
<pin id="25" dir="1" index="0" bw="1" slack="2147483647"/>
</pin_list>
<bind>
<StgValue><ssdm name="_ssdm_op_SpecInterface"/></StgValue>
</bind>
</comp>

<comp id="26" class="1001" name="const_26">
<pin_list>
<pin id="27" dir="1" index="0" bw="1" slack="2147483647"/>
</pin_list>
<bind>
<StgValue><ssdm name="empty_1"/></StgValue>
</bind>
</comp>

<comp id="28" class="1001" name="const_28">
<pin_list>
<pin id="29" dir="1" index="0" bw="1" slack="2147483647"/>
</pin_list>
<bind>
<StgValue><ssdm name="empty_2"/></StgValue>
</bind>
</comp>

<comp id="30" class="1001" name="const_30">
<pin_list>
<pin id="31" dir="1" index="0" bw="1" slack="0"/>
</pin_list>
<bind>
<StgValue><ssdm name=""/></StgValue>
</bind>
</comp>

<comp id="32" class="1001" name="const_32">
<pin_list>
<pin id="33" dir="1" index="0" bw="1" slack="2147483647"/>
</pin_list>
<bind>
<StgValue><ssdm name="empty_3"/></StgValue>
</bind>
</comp>

<comp id="34" class="1001" name="const_34">
<pin_list>
<pin id="35" dir="1" index="0" bw="1" slack="2147483647"/>
</pin_list>
<bind>
<StgValue><ssdm name="empty_5"/></StgValue>
</bind>
</comp>

<comp id="36" class="1001" name="const_36">
<pin_list>
<pin id="37" dir="1" index="0" bw="1" slack="2147483647"/>
</pin_list>
<bind>
<StgValue><ssdm name="ap_fifo_str"/></StgValue>
</bind>
</comp>

<comp id="38" class="1001" name="const_38">
<pin_list>
<pin id="39" dir="1" index="0" bw="1" slack="2147483647"/>
</pin_list>
<bind>
<StgValue><ssdm name="p_str"/></StgValue>
</bind>
</comp>

<comp id="40" class="1001" name="const_40">
<pin_list>
<pin id="41" dir="1" index="0" bw="1" slack="2147483647"/>
</pin_list>
<bind>
<StgValue><ssdm name=""/></StgValue>
</bind>
</comp>

<comp id="42" class="1001" name="const_42">
<pin_list>
<pin id="43" dir="1" index="0" bw="1" slack="2147483647"/>
</pin_list>
<bind>
<StgValue><ssdm name=""/></StgValue>
</bind>
</comp>

<comp id="44" class="1001" name="const_44">
<pin_list>
<pin id="45" dir="1" index="0" bw="1" slack="2147483647"/>
</pin_list>
<bind>
<StgValue><ssdm name="ScalarProp_str"/></StgValue>
</bind>
</comp>

<comp id="46" class="1001" name="const_46">
<pin_list>
<pin id="47" dir="1" index="0" bw="1" slack="0"/>
</pin_list>
<bind>
<StgValue><ssdm name="_ssdm_op_Write.ap_fifo.i32P"/></StgValue>
</bind>
</comp>

<comp id="48" class="1001" name="const_48">
<pin_list>
<pin id="49" dir="1" index="0" bw="1" slack="1"/>
</pin_list>
<bind>
<StgValue><ssdm name=""/></StgValue>
</bind>
</comp>

<comp id="50" class="1001" name="const_50">
<pin_list>
<pin id="51" dir="1" index="0" bw="1" slack="0"/>
</pin_list>
<bind>
<StgValue><ssdm name=""/></StgValue>
</bind>
</comp>

<comp id="52" class="1001" name="const_52">
<pin_list>
<pin id="53" dir="1" index="0" bw="1" slack="2147483647"/>
</pin_list>
<bind>
<StgValue><ssdm name="_ssdm_op_SpecLoopTripCount"/></StgValue>
</bind>
</comp>

<comp id="54" class="1001" name="const_54">
<pin_list>
<pin id="55" dir="1" index="0" bw="1" slack="2147483647"/>
</pin_list>
<bind>
<StgValue><ssdm name=""/></StgValue>
</bind>
</comp>

<comp id="56" class="1001" name="const_56">
<pin_list>
<pin id="57" dir="1" index="0" bw="1" slack="0"/>
</pin_list>
<bind>
<StgValue><ssdm name=""/></StgValue>
</bind>
</comp>

<comp id="58" class="1001" name="const_58">
<pin_list>
<pin id="59" dir="1" index="0" bw="1" slack="2147483647"/>
</pin_list>
<bind>
<StgValue><ssdm name="_ssdm_op_SpecLoopName"/></StgValue>
</bind>
</comp>

<comp id="60" class="1001" name="const_60">
<pin_list>
<pin id="61" dir="1" index="0" bw="1" slack="2147483647"/>
</pin_list>
<bind>
<StgValue><ssdm name="empty_8"/></StgValue>
</bind>
</comp>

<comp id="62" class="1001" name="const_62">
<pin_list>
<pin id="63" dir="1" index="0" bw="1" slack="1"/>
</pin_list>
<bind>
<StgValue><ssdm name=""/></StgValue>
</bind>
</comp>

<comp id="64" class="1001" name="const_64">
<pin_list>
<pin id="65" dir="1" index="0" bw="1" slack="0"/>
</pin_list>
<bind>
<StgValue><ssdm name=""/></StgValue>
</bind>
</comp>

<comp id="66" class="1001" name="const_66">
<pin_list>
<pin id="67" dir="1" index="0" bw="1" slack="2147483647"/>
</pin_list>
<bind>
<StgValue><ssdm name="_ssdm_op_SpecPipeline"/></StgValue>
</bind>
</comp>

<comp id="68" class="1001" name="const_68">
<pin_list>
<pin id="69" dir="1" index="0" bw="1" slack="2147483647"/>
</pin_list>
<bind>
<StgValue><ssdm name="empty"/></StgValue>
</bind>
</comp>

<comp id="70" class="1001" name="const_70">
<pin_list>
<pin id="71" dir="1" index="0" bw="1" slack="0"/>
</pin_list>
<bind>
<StgValue><ssdm name="_ssdm_op_Read.axis.volatile.i24P.i3P.i3P.i1P.i1P.i1P.i1P"/></StgValue>
</bind>
</comp>

<comp id="72" class="1001" name="const_72">
<pin_list>
<pin id="73" dir="1" index="0" bw="1" slack="0"/>
</pin_list>
<bind>
<StgValue><ssdm name=""/></StgValue>
</bind>
</comp>

<comp id="74" class="1001" name="const_74">
<pin_list>
<pin id="75" dir="1" index="0" bw="1" slack="0"/>
</pin_list>
<bind>
<StgValue><ssdm name=""/></StgValue>
</bind>
</comp>

<comp id="76" class="1001" name="const_76">
<pin_list>
<pin id="77" dir="1" index="0" bw="1" slack="0"/>
</pin_list>
<bind>
<StgValue><ssdm name="_ssdm_op_Write.ap_fifo.volatile.i24P"/></StgValue>
</bind>
</comp>

<comp id="78" class="1001" name="const_78">
<pin_list>
<pin id="79" dir="1" index="0" bw="1" slack="2147483647"/>
</pin_list>
<bind>
<StgValue><ssdm name=""/></StgValue>
</bind>
</comp>

<comp id="80" class="1001" name="const_80">
<pin_list>
<pin id="81" dir="1" index="0" bw="1" slack="2147483647"/>
</pin_list>
<bind>
<StgValue><ssdm name="empty_9"/></StgValue>
</bind>
</comp>

<comp id="82" class="1004" name="start_fu_82">
<pin_list>
<pin id="83" dir="0" index="0" bw="1" slack="0"/>
<pin id="84" dir="1" index="1" bw="32" slack="0"/>
</pin_list>
<bind>
<opcode="alloca(26) " fcode="alloca"/>
<opset="start/1 "/>
</bind>
</comp>

<comp id="86" class="1004" name="threshold_read_read_fu_86">
<pin_list>
<pin id="87" dir="0" index="0" bw="32" slack="0"/>
<pin id="88" dir="0" index="1" bw="32" slack="0"/>
<pin id="89" dir="1" index="2" bw="32" slack="0"/>
</pin_list>
<bind>
<opcode="read(1150) " fcode="read"/>
<opset="threshold_read/1 "/>
</bind>
</comp>

<comp id="92" class="1004" name="write_ln0_write_fu_92">
<pin_list>
<pin id="93" dir="0" index="0" bw="0" slack="0"/>
<pin id="94" dir="0" index="1" bw="32" slack="0"/>
<pin id="95" dir="0" index="2" bw="32" slack="0"/>
<pin id="96" dir="1" index="3" bw="0" slack="2147483647"/>
</pin_list>
<bind>
<opcode="write(1151) " fcode="write"/>
<opset="write_ln0/1 "/>
</bind>
</comp>

<comp id="100" class="1004" name="grp_read_fu_100">
<pin_list>
<pin id="101" dir="0" index="0" bw="34" slack="0"/>
<pin id="102" dir="0" index="1" bw="24" slack="0"/>
<pin id="103" dir="0" index="2" bw="3" slack="0"/>
<pin id="104" dir="0" index="3" bw="3" slack="0"/>
<pin id="105" dir="0" index="4" bw="1" slack="0"/>
<pin id="106" dir="0" index="5" bw="1" slack="0"/>
<pin id="107" dir="0" index="6" bw="1" slack="0"/>
<pin id="108" dir="0" index="7" bw="1" slack="0"/>
<pin id="109" dir="1" index="8" bw="34" slack="0"/>
</pin_list>
<bind>
<opcode="read(1150) " fcode="read"/>
<opset="empty_49/3 empty/6 "/>
</bind>
</comp>

<comp id="118" class="1004" name="write_ln167_write_fu_118">
<pin_list>
<pin id="119" dir="0" index="0" bw="0" slack="0"/>
<pin id="120" dir="0" index="1" bw="24" slack="0"/>
<pin id="121" dir="0" index="2" bw="24" slack="1"/>
<pin id="122" dir="1" index="3" bw="0" slack="2147483647"/>
</pin_list>
<bind>
<opcode="write(1151) " fcode="write"/>
<opset="write_ln167/4 "/>
</bind>
</comp>

<comp id="125" class="1005" name="i_reg_125">
<pin_list>
<pin id="126" dir="0" index="0" bw="11" slack="1"/>
<pin id="127" dir="1" index="1" bw="11" slack="1"/>
</pin_list>
<bind>
<opset="i (phireg) "/>
</bind>
</comp>

<comp id="129" class="1004" name="i_phi_fu_129">
<pin_list>
<pin id="130" dir="0" index="0" bw="1" slack="1"/>
<pin id="131" dir="0" index="1" bw="0" slack="2147483647"/>
<pin id="132" dir="0" index="2" bw="11" slack="0"/>
<pin id="133" dir="0" index="3" bw="0" slack="2147483647"/>
<pin id="134" dir="1" index="4" bw="11" slack="0"/>
</pin_list>
<bind>
<opcode="phi(47) " fcode="phi"/>
<opset="i/2 "/>
</bind>
</comp>

<comp id="136" class="1005" name="eol_reg_136">
<pin_list>
<pin id="137" dir="0" index="0" bw="1" slack="1"/>
<pin id="138" dir="1" index="1" bw="1" slack="1"/>
</pin_list>
<bind>
<opset="eol (phireg) "/>
</bind>
</comp>

<comp id="140" class="1004" name="eol_phi_fu_140">
<pin_list>
<pin id="141" dir="0" index="0" bw="1" slack="1"/>
<pin id="142" dir="0" index="1" bw="0" slack="2147483647"/>
<pin id="143" dir="0" index="2" bw="1" slack="0"/>
<pin id="144" dir="0" index="3" bw="0" slack="2147483647"/>
<pin id="145" dir="1" index="4" bw="1" slack="2"/>
</pin_list>
<bind>
<opcode="phi(47) " fcode="phi"/>
<opset="eol/3 "/>
</bind>
</comp>

<comp id="148" class="1005" name="j_reg_148">
<pin_list>
<pin id="149" dir="0" index="0" bw="32" slack="1"/>
<pin id="150" dir="1" index="1" bw="32" slack="1"/>
</pin_list>
<bind>
<opset="j (phireg) "/>
</bind>
</comp>

<comp id="152" class="1004" name="j_phi_fu_152">
<pin_list>
<pin id="153" dir="0" index="0" bw="1" slack="1"/>
<pin id="154" dir="0" index="1" bw="0" slack="2147483647"/>
<pin id="155" dir="0" index="2" bw="32" slack="0"/>
<pin id="156" dir="0" index="3" bw="0" slack="2147483647"/>
<pin id="157" dir="1" index="4" bw="32" slack="0"/>
</pin_list>
<bind>
<opcode="phi(47) " fcode="phi"/>
<opset="j/3 "/>
</bind>
</comp>

<comp id="159" class="1005" name="start_2_reg_159">
<pin_list>
<pin id="160" dir="0" index="0" bw="32" slack="2147483647"/>
<pin id="161" dir="1" index="1" bw="32" slack="2147483647"/>
</pin_list>
<bind>
<opset="start_2 (phireg) "/>
</bind>
</comp>

<comp id="162" class="1004" name="start_2_phi_fu_162">
<pin_list>
<pin id="163" dir="0" index="0" bw="1" slack="0"/>
<pin id="164" dir="0" index="1" bw="0" slack="2147483647"/>
<pin id="165" dir="0" index="2" bw="32" slack="0"/>
<pin id="166" dir="0" index="3" bw="0" slack="2147483647"/>
<pin id="167" dir="1" index="4" bw="32" slack="0"/>
</pin_list>
<bind>
<opcode="phi(47) " fcode="phi"/>
<opset="start_2/3 "/>
</bind>
</comp>

<comp id="169" class="1005" name="start_3_reg_169">
<pin_list>
<pin id="170" dir="0" index="0" bw="32" slack="2147483647"/>
<pin id="171" dir="1" index="1" bw="32" slack="2147483647"/>
</pin_list>
<bind>
<opset="start_3 (phireg) "/>
</bind>
</comp>

<comp id="172" class="1004" name="start_3_phi_fu_172">
<pin_list>
<pin id="173" dir="0" index="0" bw="32" slack="0"/>
<pin id="174" dir="0" index="1" bw="0" slack="2147483647"/>
<pin id="175" dir="0" index="2" bw="1" slack="0"/>
<pin id="176" dir="0" index="3" bw="0" slack="2147483647"/>
<pin id="177" dir="1" index="4" bw="32" slack="0"/>
</pin_list>
<bind>
<opcode="phi(47) " fcode="phi"/>
<opset="start_3/3 "/>
</bind>
</comp>

<comp id="180" class="1005" name="j_3_reg_180">
<pin_list>
<pin id="181" dir="0" index="0" bw="32" slack="2147483647"/>
<pin id="182" dir="1" index="1" bw="32" slack="2147483647"/>
</pin_list>
<bind>
<opset="j_3 (phireg) "/>
</bind>
</comp>

<comp id="183" class="1004" name="j_3_phi_fu_183">
<pin_list>
<pin id="184" dir="0" index="0" bw="32" slack="0"/>
<pin id="185" dir="0" index="1" bw="0" slack="2147483647"/>
<pin id="186" dir="0" index="2" bw="32" slack="0"/>
<pin id="187" dir="0" index="3" bw="0" slack="2147483647"/>
<pin id="188" dir="1" index="4" bw="32" slack="0"/>
</pin_list>
<bind>
<opcode="phi(47) " fcode="phi"/>
<opset="j_3/3 "/>
</bind>
</comp>

<comp id="190" class="1005" name="eol_2_reg_190">
<pin_list>
<pin id="191" dir="0" index="0" bw="1" slack="2147483647"/>
<pin id="192" dir="1" index="1" bw="1" slack="2147483647"/>
</pin_list>
<bind>
<opset="eol_2 (phireg) "/>
</bind>
</comp>

<comp id="193" class="1004" name="eol_2_phi_fu_193">
<pin_list>
<pin id="194" dir="0" index="0" bw="1" slack="0"/>
<pin id="195" dir="0" index="1" bw="0" slack="2147483647"/>
<pin id="196" dir="0" index="2" bw="1" slack="2"/>
<pin id="197" dir="0" index="3" bw="0" slack="2147483647"/>
<pin id="198" dir="1" index="4" bw="1" slack="2147483647"/>
</pin_list>
<bind>
<opcode="phi(47) " fcode="phi"/>
<opset="eol_2/6 "/>
</bind>
</comp>

<comp id="200" class="1004" name="grp_fu_200">
<pin_list>
<pin id="201" dir="0" index="0" bw="34" slack="0"/>
<pin id="202" dir="1" index="1" bw="1" slack="0"/>
</pin_list>
<bind>
<opcode="extractvalue(56) " fcode="extractvalue"/>
<opset="axi_last_V_1/3 axi_last_V/6 "/>
</bind>
</comp>

<comp id="204" class="1004" name="store_ln0_store_fu_204">
<pin_list>
<pin id="205" dir="0" index="0" bw="1" slack="0"/>
<pin id="206" dir="0" index="1" bw="32" slack="0"/>
<pin id="207" dir="1" index="2" bw="0" slack="2147483647"/>
</pin_list>
<bind>
<opcode="store(28) " fcode="store"/>
<opset="store_ln0/1 "/>
</bind>
</comp>

<comp id="209" class="1004" name="icmp_ln119_fu_209">
<pin_list>
<pin id="210" dir="0" index="0" bw="11" slack="0"/>
<pin id="211" dir="0" index="1" bw="11" slack="0"/>
<pin id="212" dir="1" index="2" bw="1" slack="1"/>
</pin_list>
<bind>
<opcode="icmp(45) " fcode="icmp"/>
<opset="icmp_ln119/2 "/>
</bind>
</comp>

<comp id="215" class="1004" name="i_2_fu_215">
<pin_list>
<pin id="216" dir="0" index="0" bw="11" slack="0"/>
<pin id="217" dir="0" index="1" bw="1" slack="0"/>
<pin id="218" dir="1" index="2" bw="11" slack="0"/>
</pin_list>
<bind>
<opcode="add(8) " fcode="add"/>
<opset="i_2/2 "/>
</bind>
</comp>

<comp id="221" class="1004" name="start_1_load_fu_221">
<pin_list>
<pin id="222" dir="0" index="0" bw="32" slack="2"/>
<pin id="223" dir="1" index="1" bw="32" slack="0"/>
</pin_list>
<bind>
<opcode="load(27) " fcode="load"/>
<opset="start_1/3 "/>
</bind>
</comp>

<comp id="225" class="1004" name="icmp_ln122_fu_225">
<pin_list>
<pin id="226" dir="0" index="0" bw="32" slack="0"/>
<pin id="227" dir="0" index="1" bw="12" slack="0"/>
<pin id="228" dir="1" index="2" bw="1" slack="1"/>
</pin_list>
<bind>
<opcode="icmp(45) " fcode="icmp"/>
<opset="icmp_ln122/3 "/>
</bind>
</comp>

<comp id="231" class="1004" name="axi_data_V_fu_231">
<pin_list>
<pin id="232" dir="0" index="0" bw="34" slack="0"/>
<pin id="233" dir="1" index="1" bw="24" slack="1"/>
</pin_list>
<bind>
<opcode="extractvalue(56) " fcode="extractvalue"/>
<opset="axi_data_V/3 "/>
</bind>
</comp>

<comp id="235" class="1004" name="axi_user_V_fu_235">
<pin_list>
<pin id="236" dir="0" index="0" bw="34" slack="0"/>
<pin id="237" dir="1" index="1" bw="1" slack="0"/>
</pin_list>
<bind>
<opcode="extractvalue(56) " fcode="extractvalue"/>
<opset="axi_user_V/3 "/>
</bind>
</comp>

<comp id="239" class="1004" name="icmp_ln131_fu_239">
<pin_list>
<pin id="240" dir="0" index="0" bw="32" slack="0"/>
<pin id="241" dir="0" index="1" bw="1" slack="0"/>
<pin id="242" dir="1" index="2" bw="1" slack="0"/>
</pin_list>
<bind>
<opcode="icmp(45) " fcode="icmp"/>
<opset="icmp_ln131/3 "/>
</bind>
</comp>

<comp id="245" class="1004" name="xor_ln131_fu_245">
<pin_list>
<pin id="246" dir="0" index="0" bw="1" slack="0"/>
<pin id="247" dir="0" index="1" bw="1" slack="0"/>
<pin id="248" dir="1" index="2" bw="1" slack="0"/>
</pin_list>
<bind>
<opcode="xor(25) " fcode="xor"/>
<opset="xor_ln131/3 "/>
</bind>
</comp>

<comp id="251" class="1004" name="or_ln131_fu_251">
<pin_list>
<pin id="252" dir="0" index="0" bw="1" slack="0"/>
<pin id="253" dir="0" index="1" bw="1" slack="0"/>
<pin id="254" dir="1" index="2" bw="1" slack="1"/>
</pin_list>
<bind>
<opcode="or(24) " fcode="or"/>
<opset="or_ln131/3 "/>
</bind>
</comp>

<comp id="257" class="1004" name="or_ln134_fu_257">
<pin_list>
<pin id="258" dir="0" index="0" bw="1" slack="0"/>
<pin id="259" dir="0" index="1" bw="1" slack="0"/>
<pin id="260" dir="1" index="2" bw="1" slack="1"/>
</pin_list>
<bind>
<opcode="or(24) " fcode="or"/>
<opset="or_ln134/3 "/>
</bind>
</comp>

<comp id="263" class="1004" name="j_2_fu_263">
<pin_list>
<pin id="264" dir="0" index="0" bw="32" slack="0"/>
<pin id="265" dir="0" index="1" bw="1" slack="0"/>
<pin id="266" dir="1" index="2" bw="32" slack="0"/>
</pin_list>
<bind>
<opcode="add(8) " fcode="add"/>
<opset="j_2/3 "/>
</bind>
</comp>

<comp id="270" class="1004" name="j_4_fu_270">
<pin_list>
<pin id="271" dir="0" index="0" bw="32" slack="0"/>
<pin id="272" dir="0" index="1" bw="1" slack="0"/>
<pin id="273" dir="1" index="2" bw="32" slack="0"/>
</pin_list>
<bind>
<opcode="add(8) " fcode="add"/>
<opset="j_4/3 "/>
</bind>
</comp>

<comp id="276" class="1004" name="store_ln122_store_fu_276">
<pin_list>
<pin id="277" dir="0" index="0" bw="32" slack="0"/>
<pin id="278" dir="0" index="1" bw="32" slack="2"/>
<pin id="279" dir="1" index="2" bw="0" slack="2147483647"/>
</pin_list>
<bind>
<opcode="store(28) " fcode="store"/>
<opset="store_ln122/3 "/>
</bind>
</comp>

<comp id="281" class="1005" name="start_reg_281">
<pin_list>
<pin id="282" dir="0" index="0" bw="32" slack="0"/>
<pin id="283" dir="1" index="1" bw="32" slack="0"/>
</pin_list>
<bind>
<opset="start "/>
</bind>
</comp>

<comp id="288" class="1005" name="icmp_ln119_reg_288">
<pin_list>
<pin id="289" dir="0" index="0" bw="1" slack="1"/>
<pin id="290" dir="1" index="1" bw="1" slack="2147483647"/>
</pin_list>
<bind>
<opset="icmp_ln119 "/>
</bind>
</comp>

<comp id="292" class="1005" name="i_2_reg_292">
<pin_list>
<pin id="293" dir="0" index="0" bw="11" slack="0"/>
<pin id="294" dir="1" index="1" bw="11" slack="0"/>
</pin_list>
<bind>
<opset="i_2 "/>
</bind>
</comp>

<comp id="297" class="1005" name="icmp_ln122_reg_297">
<pin_list>
<pin id="298" dir="0" index="0" bw="1" slack="1"/>
<pin id="299" dir="1" index="1" bw="1" slack="2147483647"/>
</pin_list>
<bind>
<opset="icmp_ln122 "/>
</bind>
</comp>

<comp id="301" class="1005" name="axi_data_V_reg_301">
<pin_list>
<pin id="302" dir="0" index="0" bw="24" slack="1"/>
<pin id="303" dir="1" index="1" bw="24" slack="1"/>
</pin_list>
<bind>
<opset="axi_data_V "/>
</bind>
</comp>

<comp id="306" class="1005" name="axi_last_V_1_reg_306">
<pin_list>
<pin id="307" dir="0" index="0" bw="1" slack="0"/>
<pin id="308" dir="1" index="1" bw="1" slack="0"/>
</pin_list>
<bind>
<opset="axi_last_V_1 "/>
</bind>
</comp>

<comp id="311" class="1005" name="or_ln131_reg_311">
<pin_list>
<pin id="312" dir="0" index="0" bw="1" slack="1"/>
<pin id="313" dir="1" index="1" bw="1" slack="2147483647"/>
</pin_list>
<bind>
<opset="or_ln131 "/>
</bind>
</comp>

<comp id="315" class="1005" name="or_ln134_reg_315">
<pin_list>
<pin id="316" dir="0" index="0" bw="1" slack="1"/>
<pin id="317" dir="1" index="1" bw="1" slack="2147483647"/>
</pin_list>
<bind>
<opset="or_ln134 "/>
</bind>
</comp>

<comp id="319" class="1005" name="j_4_reg_319">
<pin_list>
<pin id="320" dir="0" index="0" bw="32" slack="0"/>
<pin id="321" dir="1" index="1" bw="32" slack="0"/>
</pin_list>
<bind>
<opset="j_4 "/>
</bind>
</comp>

<comp id="324" class="1005" name="axi_last_V_reg_324">
<pin_list>
<pin id="325" dir="0" index="0" bw="1" slack="0"/>
<pin id="326" dir="1" index="1" bw="1" slack="0"/>
</pin_list>
<bind>
<opset="axi_last_V "/>
</bind>
</comp>

</comp_list>

<net_list>
<net id="85"><net_src comp="20" pin="0"/><net_sink comp="82" pin=0"/></net>

<net id="90"><net_src comp="22" pin="0"/><net_sink comp="86" pin=0"/></net>

<net id="91"><net_src comp="16" pin="0"/><net_sink comp="86" pin=1"/></net>

<net id="97"><net_src comp="46" pin="0"/><net_sink comp="92" pin=0"/></net>

<net id="98"><net_src comp="18" pin="0"/><net_sink comp="92" pin=1"/></net>

<net id="99"><net_src comp="86" pin="2"/><net_sink comp="92" pin=2"/></net>

<net id="110"><net_src comp="70" pin="0"/><net_sink comp="100" pin=0"/></net>

<net id="111"><net_src comp="0" pin="0"/><net_sink comp="100" pin=1"/></net>

<net id="112"><net_src comp="2" pin="0"/><net_sink comp="100" pin=2"/></net>

<net id="113"><net_src comp="4" pin="0"/><net_sink comp="100" pin=3"/></net>

<net id="114"><net_src comp="6" pin="0"/><net_sink comp="100" pin=4"/></net>

<net id="115"><net_src comp="8" pin="0"/><net_sink comp="100" pin=5"/></net>

<net id="116"><net_src comp="10" pin="0"/><net_sink comp="100" pin=6"/></net>

<net id="117"><net_src comp="12" pin="0"/><net_sink comp="100" pin=7"/></net>

<net id="123"><net_src comp="76" pin="0"/><net_sink comp="118" pin=0"/></net>

<net id="124"><net_src comp="14" pin="0"/><net_sink comp="118" pin=1"/></net>

<net id="128"><net_src comp="48" pin="0"/><net_sink comp="125" pin=0"/></net>

<net id="135"><net_src comp="125" pin="1"/><net_sink comp="129" pin=0"/></net>

<net id="139"><net_src comp="62" pin="0"/><net_sink comp="136" pin=0"/></net>

<net id="146"><net_src comp="136" pin="1"/><net_sink comp="140" pin=0"/></net>

<net id="147"><net_src comp="140" pin="4"/><net_sink comp="136" pin=0"/></net>

<net id="151"><net_src comp="30" pin="0"/><net_sink comp="148" pin=0"/></net>

<net id="158"><net_src comp="148" pin="1"/><net_sink comp="152" pin=0"/></net>

<net id="168"><net_src comp="20" pin="0"/><net_sink comp="162" pin=0"/></net>

<net id="178"><net_src comp="162" pin="4"/><net_sink comp="172" pin=0"/></net>

<net id="179"><net_src comp="30" pin="0"/><net_sink comp="172" pin=2"/></net>

<net id="189"><net_src comp="152" pin="4"/><net_sink comp="183" pin=0"/></net>

<net id="199"><net_src comp="136" pin="1"/><net_sink comp="193" pin=2"/></net>

<net id="203"><net_src comp="100" pin="8"/><net_sink comp="200" pin=0"/></net>

<net id="208"><net_src comp="30" pin="0"/><net_sink comp="204" pin=0"/></net>

<net id="213"><net_src comp="129" pin="4"/><net_sink comp="209" pin=0"/></net>

<net id="214"><net_src comp="50" pin="0"/><net_sink comp="209" pin=1"/></net>

<net id="219"><net_src comp="129" pin="4"/><net_sink comp="215" pin=0"/></net>

<net id="220"><net_src comp="56" pin="0"/><net_sink comp="215" pin=1"/></net>

<net id="224"><net_src comp="221" pin="1"/><net_sink comp="162" pin=2"/></net>

<net id="229"><net_src comp="152" pin="4"/><net_sink comp="225" pin=0"/></net>

<net id="230"><net_src comp="64" pin="0"/><net_sink comp="225" pin=1"/></net>

<net id="234"><net_src comp="100" pin="8"/><net_sink comp="231" pin=0"/></net>

<net id="238"><net_src comp="100" pin="8"/><net_sink comp="235" pin=0"/></net>

<net id="243"><net_src comp="221" pin="1"/><net_sink comp="239" pin=0"/></net>

<net id="244"><net_src comp="30" pin="0"/><net_sink comp="239" pin=1"/></net>

<net id="249"><net_src comp="235" pin="1"/><net_sink comp="245" pin=0"/></net>

<net id="250"><net_src comp="72" pin="0"/><net_sink comp="245" pin=1"/></net>

<net id="255"><net_src comp="239" pin="2"/><net_sink comp="251" pin=0"/></net>

<net id="256"><net_src comp="245" pin="2"/><net_sink comp="251" pin=1"/></net>

<net id="261"><net_src comp="235" pin="1"/><net_sink comp="257" pin=0"/></net>

<net id="262"><net_src comp="239" pin="2"/><net_sink comp="257" pin=1"/></net>

<net id="267"><net_src comp="152" pin="4"/><net_sink comp="263" pin=0"/></net>

<net id="268"><net_src comp="74" pin="0"/><net_sink comp="263" pin=1"/></net>

<net id="269"><net_src comp="263" pin="2"/><net_sink comp="183" pin=2"/></net>

<net id="274"><net_src comp="183" pin="4"/><net_sink comp="270" pin=0"/></net>

<net id="275"><net_src comp="20" pin="0"/><net_sink comp="270" pin=1"/></net>

<net id="280"><net_src comp="172" pin="4"/><net_sink comp="276" pin=0"/></net>

<net id="284"><net_src comp="82" pin="1"/><net_sink comp="281" pin=0"/></net>

<net id="285"><net_src comp="281" pin="1"/><net_sink comp="204" pin=1"/></net>

<net id="286"><net_src comp="281" pin="1"/><net_sink comp="221" pin=0"/></net>

<net id="287"><net_src comp="281" pin="1"/><net_sink comp="276" pin=1"/></net>

<net id="291"><net_src comp="209" pin="2"/><net_sink comp="288" pin=0"/></net>

<net id="295"><net_src comp="215" pin="2"/><net_sink comp="292" pin=0"/></net>

<net id="296"><net_src comp="292" pin="1"/><net_sink comp="129" pin=2"/></net>

<net id="300"><net_src comp="225" pin="2"/><net_sink comp="297" pin=0"/></net>

<net id="304"><net_src comp="231" pin="1"/><net_sink comp="301" pin=0"/></net>

<net id="305"><net_src comp="301" pin="1"/><net_sink comp="118" pin=2"/></net>

<net id="309"><net_src comp="200" pin="1"/><net_sink comp="306" pin=0"/></net>

<net id="310"><net_src comp="306" pin="1"/><net_sink comp="140" pin=2"/></net>

<net id="314"><net_src comp="251" pin="2"/><net_sink comp="311" pin=0"/></net>

<net id="318"><net_src comp="257" pin="2"/><net_sink comp="315" pin=0"/></net>

<net id="322"><net_src comp="270" pin="2"/><net_sink comp="319" pin=0"/></net>

<net id="323"><net_src comp="319" pin="1"/><net_sink comp="152" pin=2"/></net>

<net id="327"><net_src comp="200" pin="1"/><net_sink comp="324" pin=0"/></net>

<net id="328"><net_src comp="324" pin="1"/><net_sink comp="193" pin=0"/></net>

</net_list>

</model> 
---------------- Datapath Model END ------------------

* FSMD analyzer results:
  - Output states:
	Port: img_in_data | {4 }
	Port: threshold_out | {1 }
 - Input state : 
	Port: Loop_loop_height_proc1013 : video_in_V_data_V | {3 6 }
	Port: Loop_loop_height_proc1013 : video_in_V_keep_V | {3 6 }
	Port: Loop_loop_height_proc1013 : video_in_V_strb_V | {3 6 }
	Port: Loop_loop_height_proc1013 : video_in_V_user_V | {3 6 }
	Port: Loop_loop_height_proc1013 : video_in_V_last_V | {3 6 }
	Port: Loop_loop_height_proc1013 : video_in_V_id_V | {3 6 }
	Port: Loop_loop_height_proc1013 : video_in_V_dest_V | {3 6 }
	Port: Loop_loop_height_proc1013 : threshold | {1 }
  - Chain level:
	State 1
		store_ln0 : 1
	State 2
		icmp_ln119 : 1
		i_2 : 1
		br_ln119 : 2
	State 3
		icmp_ln122 : 1
		br_ln122 : 2
		icmp_ln131 : 1
		xor_ln131 : 1
		or_ln131 : 1
		br_ln131 : 1
		or_ln134 : 1
		br_ln134 : 1
		j_2 : 1
		start_2 : 2
		start_3 : 3
		j_3 : 2
		j_4 : 3
		store_ln122 : 4
	State 4
	State 5
	State 6
		br_ln148 : 1
	State 7


============================================================
+ Verbose Summary: Datapath Resource usage 
============================================================

* Functional unit list:
|----------|---------------------------|---------|---------|
| Operation|      Functional Unit      |    FF   |   LUT   |
|----------|---------------------------|---------|---------|
|          |         i_2_fu_215        |    0    |    18   |
|    add   |         j_2_fu_263        |    0    |    39   |
|          |         j_4_fu_270        |    0    |    39   |
|----------|---------------------------|---------|---------|
|          |     icmp_ln119_fu_209     |    0    |    13   |
|   icmp   |     icmp_ln122_fu_225     |    0    |    20   |
|          |     icmp_ln131_fu_239     |    0    |    20   |
|----------|---------------------------|---------|---------|
|    or    |      or_ln131_fu_251      |    0    |    2    |
|          |      or_ln134_fu_257      |    0    |    2    |
|----------|---------------------------|---------|---------|
|    xor   |      xor_ln131_fu_245     |    0    |    2    |
|----------|---------------------------|---------|---------|
|   read   | threshold_read_read_fu_86 |    0    |    0    |
|          |      grp_read_fu_100      |    0    |    0    |
|----------|---------------------------|---------|---------|
|   write  |   write_ln0_write_fu_92   |    0    |    0    |
|          |  write_ln167_write_fu_118 |    0    |    0    |
|----------|---------------------------|---------|---------|
|          |         grp_fu_200        |    0    |    0    |
|extractvalue|     axi_data_V_fu_231     |    0    |    0    |
|          |     axi_user_V_fu_235     |    0    |    0    |
|----------|---------------------------|---------|---------|
|   Total  |                           |    0    |   155   |
|----------|---------------------------|---------|---------|

Memories:
N/A

* Register list:
+--------------------+--------+
|                    |   FF   |
+--------------------+--------+
| axi_data_V_reg_301 |   24   |
|axi_last_V_1_reg_306|    1   |
| axi_last_V_reg_324 |    1   |
|    eol_2_reg_190   |    1   |
|     eol_reg_136    |    1   |
|     i_2_reg_292    |   11   |
|      i_reg_125     |   11   |
| icmp_ln119_reg_288 |    1   |
| icmp_ln122_reg_297 |    1   |
|     j_3_reg_180    |   32   |
|     j_4_reg_319    |   32   |
|      j_reg_148     |   32   |
|  or_ln131_reg_311  |    1   |
|  or_ln134_reg_315  |    1   |
|   start_2_reg_159  |   32   |
|   start_3_reg_169  |   32   |
|    start_reg_281   |   32   |
+--------------------+--------+
|        Total       |   246  |
+--------------------+--------+

* Multiplexer (MUX) list: 
|-------------|------|------|------|--------||---------||---------|
|     Comp    |  Pin | Size |  BW  | S x BW ||  Delay  ||   LUT   |
|-------------|------|------|------|--------||---------||---------|
| eol_reg_136 |  p0  |   2  |   1  |    2   ||    9    |
|-------------|------|------|------|--------||---------||---------|
|    Total    |      |      |      |    2   ||  0.755  ||    9    |
|-------------|------|------|------|--------||---------||---------|



* Summary:
+-----------+--------+--------+--------+
|           |  Delay |   FF   |   LUT  |
+-----------+--------+--------+--------+
|  Function |    -   |    0   |   155  |
|   Memory  |    -   |    -   |    -   |
|Multiplexer|    0   |    -   |    9   |
|  Register |    -   |   246  |    -   |
+-----------+--------+--------+--------+
|   Total   |    0   |   246  |   164  |
+-----------+--------+--------+--------+
