

================================================================
== Vitis HLS Report for 'led_register'
================================================================
* Date:           Thu Nov  5 10:29:40 2020

* Version:        2020.1 (Build 2902540 on Wed May 27 20:16:15 MDT 2020)
* Project:        led_register
* Solution:       solution1 (Vivado IP Flow Target)
* Product family: zynquplus
* Target device:  xczu5ev-sfvc784-1-i


================================================================
== Performance Estimates
================================================================
+ Timing: 
    * Summary: 
    +--------+----------+----------+------------+
    |  Clock |  Target  | Estimated| Uncertainty|
    +--------+----------+----------+------------+
    |ap_clk  | 10.00 ns | 1.442 ns |   2.70 ns  |
    +--------+----------+----------+------------+

+ Latency: 
    * Summary: 
    +----------+----------+-----------+-----------+----------+----------+---------+
    |   Latency (cycles)  |   Latency (absolute)  |       Interval      | Pipeline|
    |    min   |    max   |    min    |    max    |    min   |    max   |   Type  |
    +----------+----------+-----------+-----------+----------+----------+---------+
    |  50000002|  50000002| 0.500 sec | 0.500 sec |  50000003|  50000003|   none  |
    +----------+----------+-----------+-----------+----------+----------+---------+

    + Detail: 
        * Instance: 
        N/A

        * Loop: 
        +-------------------+----------+----------+----------+-----------+-----------+----------+----------+
        |                   |   Latency (cycles)  | Iteration|  Initiation Interval  |   Trip   |          |
        |     Loop Name     |    min   |    max   |  Latency |  achieved |   target  |   Count  | Pipelined|
        +-------------------+----------+----------+----------+-----------+-----------+----------+----------+
        |- VITIS_LOOP_11_1  |  50000000|  50000000|         1|          1|          1|  50000000|    yes   |
        +-------------------+----------+----------+----------+-----------+-----------+----------+----------+



================================================================
== Utilization Estimates
================================================================
* Summary: 
+-----------------+---------+------+--------+--------+-----+
|       Name      | BRAM_18K|  DSP |   FF   |   LUT  | URAM|
+-----------------+---------+------+--------+--------+-----+
|DSP              |        -|     -|       -|       -|    -|
|Expression       |        -|     -|       0|      83|    -|
|FIFO             |        -|     -|       -|       -|    -|
|Instance         |        -|     -|       -|       -|    -|
|Memory           |        -|     -|       -|       -|    -|
|Multiplexer      |        -|     -|       -|      39|    -|
|Register         |        -|     -|      36|       -|    -|
+-----------------+---------+------+--------+--------+-----+
|Total            |        0|     0|      36|     122|    0|
+-----------------+---------+------+--------+--------+-----+
|Available        |      288|  1248|  234240|  117120|   64|
+-----------------+---------+------+--------+--------+-----+
|Utilization (%)  |        0|     0|   ~0   |   ~0   |    0|
+-----------------+---------+------+--------+--------+-----+

+ Detail: 
    * Instance: 
    N/A

    * DSP: 
    N/A

    * Memory: 
    N/A

    * FIFO: 
    N/A

    * Expression: 
    +-----------------------+----------+----+---+----+------------+------------+
    |     Variable Name     | Operation| DSP| FF| LUT| Bitwidth P0| Bitwidth P1|
    +-----------------------+----------+----+---+----+------------+------------+
    |i_1_fu_93_p2           |     +    |   0|  0|  39|          32|           1|
    |icmp_ln11_fu_88_p2     |   icmp   |   0|  0|  20|          32|          32|
    |icmp_ln14_fu_99_p2     |   icmp   |   0|  0|  20|          32|          32|
    |select_ln14_fu_110_p3  |  select  |   0|  0|   2|           1|           1|
    |xor_ln764_fu_104_p2    |    xor   |   0|  0|   2|           1|           2|
    +-----------------------+----------+----+---+----+------------+------------+
    |Total                  |          |   0|  0|  83|          98|          68|
    +-----------------------+----------+----+---+----+------------+------------+

    * Multiplexer: 
    +-------------------+----+-----------+-----+-----------+
    |        Name       | LUT| Input Size| Bits| Total Bits|
    +-------------------+----+-----------+-----+-----------+
    |ap_NS_fsm          |  21|          4|    1|          4|
    |i_reg_77           |   9|          2|   32|         64|
    |storemerge_reg_65  |   9|          2|    1|          2|
    +-------------------+----+-----------+-----+-----------+
    |Total              |  39|          8|   34|         70|
    +-------------------+----+-----------+-----+-----------+

    * Register: 
    +-------------------+----+----+-----+-----------+
    |        Name       | FF | LUT| Bits| Const Bits|
    +-------------------+----+----+-----+-----------+
    |ap_CS_fsm          |   3|   0|    3|          0|
    |i_reg_77           |  32|   0|   32|          0|
    |storemerge_reg_65  |   1|   0|    1|          0|
    +-------------------+----+----+-----+-----------+
    |Total              |  36|   0|   36|          0|
    +-------------------+----+----+-----+-----------+



================================================================
== Interface
================================================================
* Summary: 
+-----------+-----+-----+--------------+--------------+--------------+
| RTL Ports | Dir | Bits|   Protocol   | Source Object|    C Type    |
+-----------+-----+-----+--------------+--------------+--------------+
|ap_clk     |  in |    1| ap_ctrl_none | led_register | return value |
|ap_rst     |  in |    1| ap_ctrl_none | led_register | return value |
|led        | out |    1|    ap_none   |      led     |    pointer   |
|total_cnt  |  in |   32|    ap_none   |   total_cnt  |    scalar    |
|high_cnt   |  in |   32|    ap_none   |   high_cnt   |    scalar    |
+-----------+-----+-----+--------------+--------------+--------------+

