#-----------------------------------------------------------
# Webtalk v2017.4 (64-bit)
# SW Build 2086221 on Fri Dec 15 20:55:39 MST 2017
# 
# Start of session at: Tue Oct  8 16:08:28 2019
# Process ID: 16372
# Current directory: F:/xilinx_project/AX7Z020/mipi_hdmi_7Z020_crc5640/mipi_hdmi.sdk/webtalk
# Command line: wbtcv.exe -mode batch -source sdk_webtalk.tcl
# Log file: F:/xilinx_project/AX7Z020/mipi_hdmi_7Z020_crc5640/mipi_hdmi.sdk/webtalk/webtalk.log
# Journal file: F:/xilinx_project/AX7Z020/mipi_hdmi_7Z020_crc5640/mipi_hdmi.sdk/webtalk\webtalk.jou
#-----------------------------------------------------------
source sdk_webtalk.tcl
# webtalk_init -webtalk_dir F:\\xilinx_project\\AX7Z020\\mipi_hdmi_7Z020_crc5640\\mipi_hdmi.sdk\\webtalk
# webtalk_register_client -client project
# webtalk_add_data -client project -key date_generated -value "2019-10-08 16:08:27" -context "software_version_and_target_device"
# webtalk_add_data -client project -key product_version -value "SDK v2017.4" -context "software_version_and_target_device"
# webtalk_add_data -client project -key build_version -value "2017.4" -context "software_version_and_target_device"
# webtalk_add_data -client project -key os_platform -value "amd64" -context "software_version_and_target_device"
# webtalk_add_data -client project -key registration_id -value "" -context "software_version_and_target_device"
# webtalk_add_data -client project -key tool_flow -value "SDK" -context "software_version_and_target_device"
# webtalk_add_data -client project -key beta -value "false" -context "software_version_and_target_device"
# webtalk_add_data -client project -key route_design -value "NA" -context "software_version_and_target_device"
# webtalk_add_data -client project -key target_family -value "NA" -context "software_version_and_target_device"
# webtalk_add_data -client project -key target_device -value "NA" -context "software_version_and_target_device"
# webtalk_add_data -client project -key target_package -value "NA" -context "software_version_and_target_device"
# webtalk_add_data -client project -key target_speed -value "NA" -context "software_version_and_target_device"
# webtalk_add_data -client project -key random_id -value "l5ag7dc6tsshvndq4ho7hbrmu6" -context "software_version_and_target_device"
# webtalk_add_data -client project -key project_id -value "2017.4_97" -context "software_version_and_target_device"
# webtalk_add_data -client project -key project_iteration -value "97" -context "software_version_and_target_device"
# webtalk_add_data -client project -key os_name -value "Microsoft Windows 8 or later , 64-bit" -context "user_environment"
# webtalk_add_data -client project -key os_release -value "major release  (build 9200)" -context "user_environment"
# webtalk_add_data -client project -key cpu_name -value "Intel(R) Core(TM) i5-8600 CPU @ 3.10GHz" -context "user_environment"
# webtalk_add_data -client project -key cpu_speed -value "3096 MHz" -context "user_environment"
# webtalk_add_data -client project -key total_processors -value "1" -context "user_environment"
# webtalk_add_data -client project -key system_ram -value "17.014 GB" -context "user_environment"
# webtalk_register_client -client sdk
# webtalk_add_data -client sdk -key uid -value "1570521774709" -context "sdk\\\\bsp/1570521774709"
# webtalk_add_data -client sdk -key hwid -value "1569217736991" -context "sdk\\\\bsp/1570521774709"
# webtalk_add_data -client sdk -key os -value "standalone" -context "sdk\\\\bsp/1570521774709"
# webtalk_add_data -client sdk -key apptemplate -value "empty_application" -context "sdk\\\\bsp/1570521774709"
# webtalk_add_data -client sdk -key RecordType -value "BSPCreation" -context "sdk\\\\bsp/1570521774709"
# webtalk_add_data -client sdk -key uid -value "1570521777391" -context "sdk\\\\application/1570521777391"
# webtalk_add_data -client sdk -key hwid -value "1569217736991" -context "sdk\\\\application/1570521777391"
# webtalk_add_data -client sdk -key bspid -value "1570521774709" -context "sdk\\\\application/1570521777391"
# webtalk_add_data -client sdk -key newbsp -value "true" -context "sdk\\\\application/1570521777391"
# webtalk_add_data -client sdk -key os -value "standalone" -context "sdk\\\\application/1570521777391"
# webtalk_add_data -client sdk -key apptemplate -value "empty_application" -context "sdk\\\\application/1570521777391"
# webtalk_add_data -client sdk -key RecordType -value "APPCreation" -context "sdk\\\\application/1570521777391"
# webtalk_add_data -client sdk -key LangUsed -value "CPP" -context "sdk\\\\application/1570521777391"
# webtalk_add_data -client sdk -key Procused -value "ps7_cortexa9" -context "sdk\\\\application/1570521777391"
# webtalk_add_data -client sdk -key projSize -value "117.04296875" -context "sdk\\\\application/1570521777391"
# webtalk_add_data -client sdk -key uid -value "NA" -context "sdk\\\\bsp/1570522107580"
# webtalk_add_data -client sdk -key RecordType -value "ToolUsage" -context "sdk\\\\bsp/1570522107580"
# webtalk_add_data -client sdk -key BootgenCount -value "0" -context "sdk\\\\bsp/1570522107580"
# webtalk_add_data -client sdk -key DebugCount -value "3" -context "sdk\\\\bsp/1570522107580"
# webtalk_add_data -client sdk -key PerfCount -value "0" -context "sdk\\\\bsp/1570522107580"
# webtalk_add_data -client sdk -key FlashCount -value "0" -context "sdk\\\\bsp/1570522107580"
# webtalk_add_data -client sdk -key CrossTriggCount -value "0" -context "sdk\\\\bsp/1570522107580"
# webtalk_add_data -client sdk -key QemuDebugCount -value "0" -context "sdk\\\\bsp/1570522107580"
# webtalk_transmit -clientid 970982828 -regid "" -xml F:\\xilinx_project\\AX7Z020\\mipi_hdmi_7Z020_crc5640\\mipi_hdmi.sdk\\webtalk\\usage_statistics_ext_sdk.xml -html F:\\xilinx_project\\AX7Z020\\mipi_hdmi_7Z020_crc5640\\mipi_hdmi.sdk\\webtalk\\usage_statistics_ext_sdk.html -wdm F:\\xilinx_project\\AX7Z020\\mipi_hdmi_7Z020_crc5640\\mipi_hdmi.sdk\\webtalk\\sdk_webtalk.wdm -intro "<H3>SDK Usage Report</H3><BR>"
INFO: [Common 17-186] 'F:\xilinx_project\AX7Z020\mipi_hdmi_7Z020_crc5640\mipi_hdmi.sdk\webtalk\usage_statistics_ext_sdk.xml' has been successfully sent to Xilinx on Tue Oct  8 16:08:37 2019. For additional details about this file, please refer to the WebTalk help file at C:/Xilinx/SDK/2017.4/doc/webtalk_introduction.html.
# webtalk_terminate
INFO: [Common 17-206] Exiting Webtalk at Tue Oct  8 16:08:37 2019...
