

================================================================
== Vitis HLS Report for 'erosion'
================================================================
* Date:           Wed Nov  4 16:14:48 2020

* Version:        2020.1 (Build 2902540 on Wed May 27 20:16:15 MDT 2020)
* Project:        erosion
* Solution:       solution1 (Vivado IP Flow Target)
* Product family: zynquplus
* Target device:  xczu3eg-sfvc784-1-i


================================================================
== Performance Estimates
================================================================
+ Timing: 
    * Summary: 
    +--------+----------+----------+------------+
    |  Clock |  Target  | Estimated| Uncertainty|
    +--------+----------+----------+------------+
    |ap_clk  | 10.00 ns | 6.528 ns |   2.70 ns  |
    +--------+----------+----------+------------+

+ Latency: 
    * Summary: 
    +---------+---------+----------+----------+-----+-----+----------+
    |  Latency (cycles) |  Latency (absolute) |  Interval | Pipeline |
    |   min   |   max   |    min   |    max   | min | max |   Type   |
    +---------+---------+----------+----------+-----+-----+----------+
    |        ?|        ?|         ?|         ?|    ?|    ?| dataflow |
    +---------+---------+----------+----------+-----+-----+----------+

    + Detail: 
        * Instance: 
        N/A

        * Loop: 
        N/A

============================================================
+ Verbose Summary: Synthesis Manager
============================================================
InlineROM: 1
ExposeGlobal: 0
============================================================
+ Verbose Summary: CDFG Model
============================================================
IsTopModel: 1
ResetActiveHigh: 1
IsCombinational: 2
IsDatapathOnly: 0
HasWiredReturn: 1
HasMFsm: 0
HasVarLatency: 1
IsPipeline: 0
IsRtlPipelined: 0
IsInstanceOverlapped: 0
IsDontTouch: 0
HasImplIP: 0
IsGatedGlobalClock: 0


============================================================
+ Verbose Summary: Schedule
============================================================
* Number of FSM states : 12
* Pipeline : 0
* Dataflow Pipeline: 1
  DF-Pipeline-0: Size = 12, States = { 1 2 3 4 5 6 7 8 9 10 11 12 }

* FSM state transitions: 
1 --> 2 
2 --> 3 
3 --> 4 
4 --> 5 
5 --> 6 
6 --> 7 
7 --> 8 
8 --> 9 
9 --> 10 
10 --> 11 
11 --> 12 
12 --> 

* FSM state operations: 

State 1 <SV = 0> <Delay = 0.00>
ST_1 : Operation 13 [1/1] (0.00ns)   --->   "%rgb_src_data = alloca i64" [source/erosion.cpp:327]   --->   Operation 13 'alloca' 'rgb_src_data' <Predicate = true> <Delay = 0.00> <CoreInst = "FIFO">   --->   Core 18 'FIFO' <Latency = 0> <II = 1> <Delay = 1.94> <Storage> <Opcode : 'read' 'write' 'nbread' 'nbwrite'> <Ports = 0> <Width = 24> <Depth = 1920> <FIFO>
ST_1 : Operation 14 [1/1] (0.00ns)   --->   "%rgb_dst_data = alloca i64" [source/erosion.cpp:329]   --->   Operation 14 'alloca' 'rgb_dst_data' <Predicate = true> <Delay = 0.00> <CoreInst = "FIFO">   --->   Core 18 'FIFO' <Latency = 0> <II = 1> <Delay = 1.94> <Storage> <Opcode : 'read' 'write' 'nbread' 'nbwrite'> <Ports = 0> <Width = 24> <Depth = 1920> <FIFO>
ST_1 : Operation 15 [1/1] (0.00ns)   --->   "%gray_src_data = alloca i64" [source/erosion.cpp:331]   --->   Operation 15 'alloca' 'gray_src_data' <Predicate = true> <Delay = 0.00> <CoreInst = "FIFO">   --->   Core 18 'FIFO' <Latency = 0> <II = 1> <Delay = 1.94> <Storage> <Opcode : 'read' 'write' 'nbread' 'nbwrite'> <Ports = 0> <Width = 24> <Depth = 1920> <FIFO>
ST_1 : Operation 16 [1/1] (0.00ns)   --->   "%gray_dst_data = alloca i64" [source/erosion.cpp:333]   --->   Operation 16 'alloca' 'gray_dst_data' <Predicate = true> <Delay = 0.00> <CoreInst = "FIFO">   --->   Core 18 'FIFO' <Latency = 0> <II = 1> <Delay = 1.94> <Storage> <Opcode : 'read' 'write' 'nbread' 'nbwrite'> <Ports = 0> <Width = 24> <Depth = 1920> <FIFO>
ST_1 : Operation 17 [1/1] (0.00ns)   --->   "%kernel_0 = alloca i64" [source/erosion.cpp:336]   --->   Operation 17 'alloca' 'kernel_0' <Predicate = true> <Delay = 0.00>
ST_1 : Operation 18 [1/1] (0.00ns)   --->   "%kernel_1 = alloca i64" [source/erosion.cpp:336]   --->   Operation 18 'alloca' 'kernel_1' <Predicate = true> <Delay = 0.00>
ST_1 : Operation 19 [1/1] (0.00ns)   --->   "%kernel_2 = alloca i64" [source/erosion.cpp:336]   --->   Operation 19 'alloca' 'kernel_2' <Predicate = true> <Delay = 0.00>

State 2 <SV = 1> <Delay = 0.00>
ST_2 : Operation 20 [2/2] (0.00ns)   --->   "%call_ln0 = call void @Loop_VITIS_LOOP_339_1_proc, i1 %kernel_0, i1 %kernel_1, i1 %kernel_2"   --->   Operation 20 'call' 'call_ln0' <Predicate = true> <Delay = 0.00> <CoreType = "Generic">   --->   Core 0 '' <Latency = 0> <II = 1> <Delay = 1.00> <Generic> <Opcode : >
ST_2 : Operation 21 [2/2] (0.00ns)   --->   "%call_ln0 = call void @Loop_loop_height_proc17, i24 %src_V_data_V, i3 %src_V_keep_V, i3 %src_V_strb_V, i1 %src_V_user_V, i1 %src_V_last_V, i1 %src_V_id_V, i1 %src_V_dest_V, i24 %rgb_src_data"   --->   Operation 21 'call' 'call_ln0' <Predicate = true> <Delay = 0.00> <CoreType = "Generic">   --->   Core 0 '' <Latency = 0> <II = 1> <Delay = 1.00> <Generic> <Opcode : >

State 3 <SV = 2> <Delay = 0.00>
ST_3 : Operation 22 [1/2] (0.00ns)   --->   "%call_ln0 = call void @Loop_VITIS_LOOP_339_1_proc, i1 %kernel_0, i1 %kernel_1, i1 %kernel_2"   --->   Operation 22 'call' 'call_ln0' <Predicate = true> <Delay = 0.00> <CoreType = "Generic">   --->   Core 0 '' <Latency = 0> <II = 1> <Delay = 1.00> <Generic> <Opcode : >
ST_3 : Operation 23 [1/2] (0.00ns)   --->   "%call_ln0 = call void @Loop_loop_height_proc17, i24 %src_V_data_V, i3 %src_V_keep_V, i3 %src_V_strb_V, i1 %src_V_user_V, i1 %src_V_last_V, i1 %src_V_id_V, i1 %src_V_dest_V, i24 %rgb_src_data"   --->   Operation 23 'call' 'call_ln0' <Predicate = true> <Delay = 0.00> <CoreType = "Generic">   --->   Core 0 '' <Latency = 0> <II = 1> <Delay = 1.00> <Generic> <Opcode : >

State 4 <SV = 3> <Delay = 0.00>
ST_4 : Operation 24 [2/2] (0.00ns)   --->   "%call_ln348 = call void @rgb2YCrCb<1080, 1920>, i24 %rgb_src_data, i24 %gray_src_data, void %call_ln0" [source/erosion.cpp:348]   --->   Operation 24 'call' 'call_ln348' <Predicate = true> <Delay = 0.00> <CoreType = "Generic">   --->   Core 0 '' <Latency = 0> <II = 1> <Delay = 1.00> <Generic> <Opcode : >

State 5 <SV = 4> <Delay = 0.00>
ST_5 : Operation 25 [1/2] (0.00ns)   --->   "%call_ln348 = call void @rgb2YCrCb<1080, 1920>, i24 %rgb_src_data, i24 %gray_src_data, void %call_ln0" [source/erosion.cpp:348]   --->   Operation 25 'call' 'call_ln348' <Predicate = true> <Delay = 0.00> <CoreType = "Generic">   --->   Core 0 '' <Latency = 0> <II = 1> <Delay = 1.00> <Generic> <Opcode : >

State 6 <SV = 5> <Delay = 0.00>
ST_6 : Operation 26 [2/2] (0.00ns)   --->   "%call_ln349 = call void @xferode<1080, 1920, 3, 9, 1, 0, 1921, 3, 3>, i24 %gray_src_data, i24 %gray_dst_data, i1 %kernel_0, i1 %kernel_1, i1 %kernel_2, void %call_ln0, void %call_ln348, void %call_ln0" [source/erosion.cpp:349]   --->   Operation 26 'call' 'call_ln349' <Predicate = true> <Delay = 0.00> <CoreType = "Generic">   --->   Core 0 '' <Latency = 0> <II = 1> <Delay = 1.00> <Generic> <Opcode : >

State 7 <SV = 6> <Delay = 0.00>
ST_7 : Operation 27 [1/2] (0.00ns)   --->   "%call_ln349 = call void @xferode<1080, 1920, 3, 9, 1, 0, 1921, 3, 3>, i24 %gray_src_data, i24 %gray_dst_data, i1 %kernel_0, i1 %kernel_1, i1 %kernel_2, void %call_ln0, void %call_ln348, void %call_ln0" [source/erosion.cpp:349]   --->   Operation 27 'call' 'call_ln349' <Predicate = true> <Delay = 0.00> <CoreType = "Generic">   --->   Core 0 '' <Latency = 0> <II = 1> <Delay = 1.00> <Generic> <Opcode : >

State 8 <SV = 7> <Delay = 0.00>
ST_8 : Operation 28 [2/2] (0.00ns)   --->   "%call_ln351 = call void @YCrCb2rgb<1080, 1920>, i24 %gray_dst_data, i24 %rgb_dst_data, void %call_ln349, void %call_ln349" [source/erosion.cpp:351]   --->   Operation 28 'call' 'call_ln351' <Predicate = true> <Delay = 0.00> <CoreType = "Generic">   --->   Core 0 '' <Latency = 0> <II = 1> <Delay = 1.00> <Generic> <Opcode : >

State 9 <SV = 8> <Delay = 0.00>
ST_9 : Operation 29 [1/2] (0.00ns)   --->   "%call_ln351 = call void @YCrCb2rgb<1080, 1920>, i24 %gray_dst_data, i24 %rgb_dst_data, void %call_ln349, void %call_ln349" [source/erosion.cpp:351]   --->   Operation 29 'call' 'call_ln351' <Predicate = true> <Delay = 0.00> <CoreType = "Generic">   --->   Core 0 '' <Latency = 0> <II = 1> <Delay = 1.00> <Generic> <Opcode : >

State 10 <SV = 9> <Delay = 0.00>
ST_10 : Operation 30 [2/2] (0.00ns)   --->   "%call_ln0 = call void @Loop_loop_height_proc1618, i24 %rgb_dst_data, i24 %dst_V_data_V, i3 %dst_V_keep_V, i3 %dst_V_strb_V, i1 %dst_V_user_V, i1 %dst_V_last_V, i1 %dst_V_id_V, i1 %dst_V_dest_V, void %call_ln351, void %call_ln351"   --->   Operation 30 'call' 'call_ln0' <Predicate = true> <Delay = 0.00> <CoreType = "Generic">   --->   Core 0 '' <Latency = 0> <II = 1> <Delay = 1.00> <Generic> <Opcode : >

State 11 <SV = 10> <Delay = 0.00>
ST_11 : Operation 31 [1/2] (0.00ns)   --->   "%call_ln0 = call void @Loop_loop_height_proc1618, i24 %rgb_dst_data, i24 %dst_V_data_V, i3 %dst_V_keep_V, i3 %dst_V_strb_V, i1 %dst_V_user_V, i1 %dst_V_last_V, i1 %dst_V_id_V, i1 %dst_V_dest_V, void %call_ln351, void %call_ln351"   --->   Operation 31 'call' 'call_ln0' <Predicate = true> <Delay = 0.00> <CoreType = "Generic">   --->   Core 0 '' <Latency = 0> <II = 1> <Delay = 1.00> <Generic> <Opcode : >

State 12 <SV = 11> <Delay = 0.00>
ST_12 : Operation 32 [1/1] (0.00ns)   --->   "%specdataflowpipeline_ln0 = specdataflowpipeline void @_ssdm_op_SpecDataflowPipeline, i32, i32, void @empty_1"   --->   Operation 32 'specdataflowpipeline' 'specdataflowpipeline_ln0' <Predicate = true> <Delay = 0.00>
ST_12 : Operation 33 [1/1] (0.00ns)   --->   "%spectopmodule_ln0 = spectopmodule void @_ssdm_op_SpecTopModule, void @empty_3"   --->   Operation 33 'spectopmodule' 'spectopmodule_ln0' <Predicate = true> <Delay = 0.00>
ST_12 : Operation 34 [1/1] (0.00ns)   --->   "%specinterface_ln0 = specinterface void @_ssdm_op_SpecInterface, i32, void @empty_4, i32, i32, void @empty_1, i32, i32, void @empty_1, void @empty_1, void @empty_1, i32, i32, i32, i32, void @empty_1, void @empty_1"   --->   Operation 34 'specinterface' 'specinterface_ln0' <Predicate = true> <Delay = 0.00>
ST_12 : Operation 35 [1/1] (0.00ns)   --->   "%specinterface_ln0 = specinterface void @_ssdm_op_SpecInterface, i24 %src_V_data_V, i3 %src_V_keep_V, i3 %src_V_strb_V, i1 %src_V_user_V, i1 %src_V_last_V, i1 %src_V_id_V, i1 %src_V_dest_V, void @empty, i32, i32, void @empty_0, i32, i32, void @empty_1, void @empty_1, void @empty_1, i32, i32, i32, i32, void @empty_1, void @empty_1"   --->   Operation 35 'specinterface' 'specinterface_ln0' <Predicate = true> <Delay = 0.00>
ST_12 : Operation 36 [1/1] (0.00ns)   --->   "%specbitsmap_ln0 = specbitsmap void @_ssdm_op_SpecBitsMap, i24 %src_V_data_V"   --->   Operation 36 'specbitsmap' 'specbitsmap_ln0' <Predicate = true> <Delay = 0.00>
ST_12 : Operation 37 [1/1] (0.00ns)   --->   "%specbitsmap_ln0 = specbitsmap void @_ssdm_op_SpecBitsMap, i3 %src_V_keep_V"   --->   Operation 37 'specbitsmap' 'specbitsmap_ln0' <Predicate = true> <Delay = 0.00>
ST_12 : Operation 38 [1/1] (0.00ns)   --->   "%specbitsmap_ln0 = specbitsmap void @_ssdm_op_SpecBitsMap, i3 %src_V_strb_V"   --->   Operation 38 'specbitsmap' 'specbitsmap_ln0' <Predicate = true> <Delay = 0.00>
ST_12 : Operation 39 [1/1] (0.00ns)   --->   "%specbitsmap_ln0 = specbitsmap void @_ssdm_op_SpecBitsMap, i1 %src_V_user_V"   --->   Operation 39 'specbitsmap' 'specbitsmap_ln0' <Predicate = true> <Delay = 0.00>
ST_12 : Operation 40 [1/1] (0.00ns)   --->   "%specbitsmap_ln0 = specbitsmap void @_ssdm_op_SpecBitsMap, i1 %src_V_last_V"   --->   Operation 40 'specbitsmap' 'specbitsmap_ln0' <Predicate = true> <Delay = 0.00>
ST_12 : Operation 41 [1/1] (0.00ns)   --->   "%specbitsmap_ln0 = specbitsmap void @_ssdm_op_SpecBitsMap, i1 %src_V_id_V"   --->   Operation 41 'specbitsmap' 'specbitsmap_ln0' <Predicate = true> <Delay = 0.00>
ST_12 : Operation 42 [1/1] (0.00ns)   --->   "%specbitsmap_ln0 = specbitsmap void @_ssdm_op_SpecBitsMap, i1 %src_V_dest_V"   --->   Operation 42 'specbitsmap' 'specbitsmap_ln0' <Predicate = true> <Delay = 0.00>
ST_12 : Operation 43 [1/1] (0.00ns)   --->   "%specinterface_ln0 = specinterface void @_ssdm_op_SpecInterface, i24 %dst_V_data_V, i3 %dst_V_keep_V, i3 %dst_V_strb_V, i1 %dst_V_user_V, i1 %dst_V_last_V, i1 %dst_V_id_V, i1 %dst_V_dest_V, void @empty, i32, i32, void @empty_0, i32, i32, void @empty_1, void @empty_1, void @empty_1, i32, i32, i32, i32, void @empty_1, void @empty_1"   --->   Operation 43 'specinterface' 'specinterface_ln0' <Predicate = true> <Delay = 0.00>
ST_12 : Operation 44 [1/1] (0.00ns)   --->   "%specbitsmap_ln0 = specbitsmap void @_ssdm_op_SpecBitsMap, i24 %dst_V_data_V"   --->   Operation 44 'specbitsmap' 'specbitsmap_ln0' <Predicate = true> <Delay = 0.00>
ST_12 : Operation 45 [1/1] (0.00ns)   --->   "%specbitsmap_ln0 = specbitsmap void @_ssdm_op_SpecBitsMap, i3 %dst_V_keep_V"   --->   Operation 45 'specbitsmap' 'specbitsmap_ln0' <Predicate = true> <Delay = 0.00>
ST_12 : Operation 46 [1/1] (0.00ns)   --->   "%specbitsmap_ln0 = specbitsmap void @_ssdm_op_SpecBitsMap, i3 %dst_V_strb_V"   --->   Operation 46 'specbitsmap' 'specbitsmap_ln0' <Predicate = true> <Delay = 0.00>
ST_12 : Operation 47 [1/1] (0.00ns)   --->   "%specbitsmap_ln0 = specbitsmap void @_ssdm_op_SpecBitsMap, i1 %dst_V_user_V"   --->   Operation 47 'specbitsmap' 'specbitsmap_ln0' <Predicate = true> <Delay = 0.00>
ST_12 : Operation 48 [1/1] (0.00ns)   --->   "%specbitsmap_ln0 = specbitsmap void @_ssdm_op_SpecBitsMap, i1 %dst_V_last_V"   --->   Operation 48 'specbitsmap' 'specbitsmap_ln0' <Predicate = true> <Delay = 0.00>
ST_12 : Operation 49 [1/1] (0.00ns)   --->   "%specbitsmap_ln0 = specbitsmap void @_ssdm_op_SpecBitsMap, i1 %dst_V_id_V"   --->   Operation 49 'specbitsmap' 'specbitsmap_ln0' <Predicate = true> <Delay = 0.00>
ST_12 : Operation 50 [1/1] (0.00ns)   --->   "%specbitsmap_ln0 = specbitsmap void @_ssdm_op_SpecBitsMap, i1 %dst_V_dest_V"   --->   Operation 50 'specbitsmap' 'specbitsmap_ln0' <Predicate = true> <Delay = 0.00>
ST_12 : Operation 51 [1/1] (0.00ns)   --->   "%empty = specchannel i32 @_ssdm_op_SpecChannel, void @rgb_src_OC_data_str, i32, void @p_str, void @p_str, i32, i32, i24 %rgb_src_data, i24 %rgb_src_data"   --->   Operation 51 'specchannel' 'empty' <Predicate = true> <Delay = 0.00>
ST_12 : Operation 52 [1/1] (0.00ns)   --->   "%specinterface_ln0 = specinterface void @_ssdm_op_SpecInterface, i24 %rgb_src_data, void @empty_2, i32, i32, void @empty_1, i32, i32, void @empty_1, void @empty_1, void @empty_1, i32, i32, i32, i32, void @empty_1, void @empty_1"   --->   Operation 52 'specinterface' 'specinterface_ln0' <Predicate = true> <Delay = 0.00>
ST_12 : Operation 53 [1/1] (0.00ns)   --->   "%empty_42 = specchannel i32 @_ssdm_op_SpecChannel, void @rgb_dst_OC_data_str, i32, void @p_str, void @p_str, i32, i32, i24 %rgb_dst_data, i24 %rgb_dst_data"   --->   Operation 53 'specchannel' 'empty_42' <Predicate = true> <Delay = 0.00>
ST_12 : Operation 54 [1/1] (0.00ns)   --->   "%specinterface_ln0 = specinterface void @_ssdm_op_SpecInterface, i24 %rgb_dst_data, void @empty_2, i32, i32, void @empty_1, i32, i32, void @empty_1, void @empty_1, void @empty_1, i32, i32, i32, i32, void @empty_1, void @empty_1"   --->   Operation 54 'specinterface' 'specinterface_ln0' <Predicate = true> <Delay = 0.00>
ST_12 : Operation 55 [1/1] (0.00ns)   --->   "%empty_43 = specchannel i32 @_ssdm_op_SpecChannel, void @gray_src_OC_data_str, i32, void @p_str, void @p_str, i32, i32, i24 %gray_src_data, i24 %gray_src_data"   --->   Operation 55 'specchannel' 'empty_43' <Predicate = true> <Delay = 0.00>
ST_12 : Operation 56 [1/1] (0.00ns)   --->   "%specinterface_ln0 = specinterface void @_ssdm_op_SpecInterface, i24 %gray_src_data, void @empty_2, i32, i32, void @empty_1, i32, i32, void @empty_1, void @empty_1, void @empty_1, i32, i32, i32, i32, void @empty_1, void @empty_1"   --->   Operation 56 'specinterface' 'specinterface_ln0' <Predicate = true> <Delay = 0.00>
ST_12 : Operation 57 [1/1] (0.00ns)   --->   "%empty_44 = specchannel i32 @_ssdm_op_SpecChannel, void @gray_dst_OC_data_str, i32, void @p_str, void @p_str, i32, i32, i24 %gray_dst_data, i24 %gray_dst_data"   --->   Operation 57 'specchannel' 'empty_44' <Predicate = true> <Delay = 0.00>
ST_12 : Operation 58 [1/1] (0.00ns)   --->   "%specinterface_ln0 = specinterface void @_ssdm_op_SpecInterface, i24 %gray_dst_data, void @empty_2, i32, i32, void @empty_1, i32, i32, void @empty_1, void @empty_1, void @empty_1, i32, i32, i32, i32, void @empty_1, void @empty_1"   --->   Operation 58 'specinterface' 'specinterface_ln0' <Predicate = true> <Delay = 0.00>
ST_12 : Operation 59 [1/1] (0.00ns)   --->   "%ret_ln353 = ret" [source/erosion.cpp:353]   --->   Operation 59 'ret' 'ret_ln353' <Predicate = true> <Delay = 0.00>


============================================================
+ Verbose Summary: Timing violations
============================================================
Target clock period: 10ns, clock uncertainty: 2.7ns.

 <State 1>: 0ns
The critical path consists of the following:

 <State 2>: 0ns
The critical path consists of the following:

 <State 3>: 0ns
The critical path consists of the following:

 <State 4>: 0ns
The critical path consists of the following:

 <State 5>: 0ns
The critical path consists of the following:

 <State 6>: 0ns
The critical path consists of the following:

 <State 7>: 0ns
The critical path consists of the following:

 <State 8>: 0ns
The critical path consists of the following:

 <State 9>: 0ns
The critical path consists of the following:

 <State 10>: 0ns
The critical path consists of the following:

 <State 11>: 0ns
The critical path consists of the following:

 <State 12>: 0ns
The critical path consists of the following:


============================================================
+ Verbose Summary: Binding
============================================================
N/A
* FSMD analyzer results:
  - Output states:
 - Input state : 
  - Chain level:
	State 1
	State 2
	State 3
	State 4
	State 5
	State 6
	State 7
	State 8
	State 9
	State 10
	State 11
	State 12


============================================================
+ Verbose Summary: Datapath Resource usage 
============================================================
N/A
