

================================================================
== Vitis HLS Report for 'edge_detector'
================================================================
* Date:           Mon Nov  2 14:21:23 2020

* Version:        2020.1 (Build 2902540 on Wed May 27 20:16:15 MDT 2020)
* Project:        edge_detector
* Solution:       solution1 (Vivado IP Flow Target)
* Product family: zynquplus
* Target device:  xczu3eg-sfvc784-1-i


================================================================
== Performance Estimates
================================================================
+ Timing: 
    * Summary: 
    +--------+----------+----------+------------+
    |  Clock |  Target  | Estimated| Uncertainty|
    +--------+----------+----------+------------+
    |ap_clk  | 10.00 ns | 7.009 ns |   2.70 ns  |
    +--------+----------+----------+------------+

+ Latency: 
    * Summary: 
    +---------+---------+----------+----------+-----+-----+----------+
    |  Latency (cycles) |  Latency (absolute) |  Interval | Pipeline |
    |   min   |   max   |    min   |    max   | min | max |   Type   |
    +---------+---------+----------+----------+-----+-----+----------+
    |        ?|        ?|         ?|         ?|    ?|    ?| dataflow |
    +---------+---------+----------+----------+-----+-----+----------+

    + Detail: 
        * Instance: 
        N/A

        * Loop: 
        N/A

============================================================
+ Verbose Summary: Synthesis Manager
============================================================
InlineROM: 1
ExposeGlobal: 0
============================================================
+ Verbose Summary: CDFG Model
============================================================
IsTopModel: 1
ResetActiveHigh: 1
IsCombinational: 2
IsDatapathOnly: 0
HasWiredReturn: 1
HasMFsm: 0
HasVarLatency: 1
IsPipeline: 0
IsRtlPipelined: 0
IsInstanceOverlapped: 0
IsDontTouch: 0
HasImplIP: 0
IsGatedGlobalClock: 0


============================================================
+ Verbose Summary: Schedule
============================================================
* Number of FSM states : 16
* Pipeline : 0
* Dataflow Pipeline: 1
  DF-Pipeline-0: Size = 16, States = { 1 2 3 4 5 6 7 8 9 10 11 12 13 14 15 16 }

* FSM state transitions: 
1 --> 2 
2 --> 3 
3 --> 4 
4 --> 5 
5 --> 6 
6 --> 7 
7 --> 8 
8 --> 9 
9 --> 10 
10 --> 11 
11 --> 12 
12 --> 13 
13 --> 14 
14 --> 15 
15 --> 16 
16 --> 

* FSM state operations: 

State 1 <SV = 0> <Delay = 0.00>
ST_1 : Operation 17 [2/2] (0.00ns)   --->   "%threshold_read = read i8 @_ssdm_op_Read.ap_vld.i8, i8 %threshold" [source/edge_detector.cpp:150]   --->   Operation 17 'read' 'threshold_read' <Predicate = true> <Delay = 0.00>
ST_1 : Operation 18 [1/1] (0.00ns)   --->   "%threshold_c1 = alloca i64" [source/edge_detector.cpp:150]   --->   Operation 18 'alloca' 'threshold_c1' <Predicate = true> <Delay = 0.00> <CoreInst = "FIFO_SRL">   --->   Core 21 'FIFO_SRL' <Latency = 0> <II = 1> <Delay = 2.16> <Storage> <Opcode : 'read' 'write' 'nbread' 'nbwrite'> <Ports = 0> <Width = 8> <Depth = 2> <FIFO>
ST_1 : Operation 19 [1/1] (0.00ns)   --->   "%threshold_V_c = alloca i64"   --->   Operation 19 'alloca' 'threshold_V_c' <Predicate = true> <Delay = 0.00> <CoreInst = "FIFO_SRL">   --->   Core 21 'FIFO_SRL' <Latency = 0> <II = 1> <Delay = 2.15> <Storage> <Opcode : 'read' 'write' 'nbread' 'nbwrite'> <Ports = 0> <Width = 8> <Depth = 5> <FIFO>
ST_1 : Operation 20 [1/1] (0.00ns)   --->   "%threshold_c = alloca i64" [source/edge_detector.cpp:150]   --->   Operation 20 'alloca' 'threshold_c' <Predicate = true> <Delay = 0.00> <CoreInst = "FIFO_SRL">   --->   Core 21 'FIFO_SRL' <Latency = 0> <II = 1> <Delay = 2.16> <Storage> <Opcode : 'read' 'write' 'nbread' 'nbwrite'> <Ports = 0> <Width = 8> <Depth = 2> <FIFO>
ST_1 : Operation 21 [1/1] (0.00ns)   --->   "%srcImg_data = alloca i64" [source/edge_detector.cpp:158]   --->   Operation 21 'alloca' 'srcImg_data' <Predicate = true> <Delay = 0.00> <CoreInst = "FIFO">   --->   Core 18 'FIFO' <Latency = 0> <II = 1> <Delay = 1.94> <Storage> <Opcode : 'read' 'write' 'nbread' 'nbwrite'> <Ports = 0> <Width = 24> <Depth = 1920> <FIFO>
ST_1 : Operation 22 [1/1] (0.00ns)   --->   "%rgbSobel_data = alloca i64" [source/edge_detector.cpp:160]   --->   Operation 22 'alloca' 'rgbSobel_data' <Predicate = true> <Delay = 0.00> <CoreInst = "FIFO">   --->   Core 18 'FIFO' <Latency = 0> <II = 1> <Delay = 1.94> <Storage> <Opcode : 'read' 'write' 'nbread' 'nbwrite'> <Ports = 0> <Width = 24> <Depth = 1920> <FIFO>
ST_1 : Operation 23 [1/1] (0.00ns)   --->   "%grayImg_data = alloca i64" [source/edge_detector.cpp:162]   --->   Operation 23 'alloca' 'grayImg_data' <Predicate = true> <Delay = 0.00> <CoreInst = "FIFO">   --->   Core 18 'FIFO' <Latency = 0> <II = 1> <Delay = 1.94> <Storage> <Opcode : 'read' 'write' 'nbread' 'nbwrite'> <Ports = 0> <Width = 8> <Depth = 1920> <FIFO>
ST_1 : Operation 24 [1/1] (0.00ns)   --->   "%sobelImg_x_data = alloca i64" [source/edge_detector.cpp:164]   --->   Operation 24 'alloca' 'sobelImg_x_data' <Predicate = true> <Delay = 0.00> <CoreInst = "FIFO">   --->   Core 18 'FIFO' <Latency = 0> <II = 1> <Delay = 1.94> <Storage> <Opcode : 'read' 'write' 'nbread' 'nbwrite'> <Ports = 0> <Width = 8> <Depth = 1920> <FIFO>
ST_1 : Operation 25 [1/1] (0.00ns)   --->   "%sobelImg_y_data = alloca i64" [source/edge_detector.cpp:166]   --->   Operation 25 'alloca' 'sobelImg_y_data' <Predicate = true> <Delay = 0.00> <CoreInst = "FIFO">   --->   Core 18 'FIFO' <Latency = 0> <II = 1> <Delay = 1.94> <Storage> <Opcode : 'read' 'write' 'nbread' 'nbwrite'> <Ports = 0> <Width = 8> <Depth = 1920> <FIFO>
ST_1 : Operation 26 [1/1] (0.00ns)   --->   "%sobelImg_data = alloca i64" [source/edge_detector.cpp:168]   --->   Operation 26 'alloca' 'sobelImg_data' <Predicate = true> <Delay = 0.00> <CoreInst = "FIFO">   --->   Core 18 'FIFO' <Latency = 0> <II = 1> <Delay = 1.94> <Storage> <Opcode : 'read' 'write' 'nbread' 'nbwrite'> <Ports = 0> <Width = 8> <Depth = 1920> <FIFO>
ST_1 : Operation 27 [1/1] (0.00ns)   --->   "%thresholdImg_data = alloca i64" [source/edge_detector.cpp:170]   --->   Operation 27 'alloca' 'thresholdImg_data' <Predicate = true> <Delay = 0.00> <CoreInst = "FIFO">   --->   Core 18 'FIFO' <Latency = 0> <II = 1> <Delay = 1.94> <Storage> <Opcode : 'read' 'write' 'nbread' 'nbwrite'> <Ports = 0> <Width = 8> <Depth = 1920> <FIFO>

State 2 <SV = 1> <Delay = 2.16>
ST_2 : Operation 28 [1/2] (0.00ns)   --->   "%threshold_read = read i8 @_ssdm_op_Read.ap_vld.i8, i8 %threshold" [source/edge_detector.cpp:150]   --->   Operation 28 'read' 'threshold_read' <Predicate = true> <Delay = 0.00>
ST_2 : Operation 29 [1/1] (2.16ns)   --->   "%call_ln150 = call void @edge_detector.entry3, i8 %threshold_read, i8 %threshold_c1" [source/edge_detector.cpp:150]   --->   Operation 29 'call' 'call_ln150' <Predicate = true> <Delay = 2.16> <CoreType = "Generic">   --->   Core 0 '' <Latency = 0> <II = 1> <Delay = 1.00> <Generic> <Opcode : >
ST_2 : Operation 30 [2/2] (0.00ns)   --->   "%call_ln0 = call void @Loop_loop_height_proc14, i24 %src_V_data_V, i3 %src_V_keep_V, i3 %src_V_strb_V, i1 %src_V_user_V, i1 %src_V_last_V, i1 %src_V_id_V, i1 %src_V_dest_V, i24 %srcImg_data"   --->   Operation 30 'call' 'call_ln0' <Predicate = true> <Delay = 0.00> <CoreType = "Generic">   --->   Core 0 '' <Latency = 0> <II = 1> <Delay = 1.00> <Generic> <Opcode : >

State 3 <SV = 2> <Delay = 0.00>
ST_3 : Operation 31 [1/1] (0.00ns)   --->   "%call_ln150 = call void @edge_detector.entry16, i8 %threshold_c1, i8 %threshold_c, void %call_ln150, void %call_ln150" [source/edge_detector.cpp:150]   --->   Operation 31 'call' 'call_ln150' <Predicate = true> <Delay = 0.00> <CoreType = "Generic">   --->   Core 0 '' <Latency = 0> <II = 1> <Delay = 1.00> <Generic> <Opcode : >
ST_3 : Operation 32 [1/2] (0.00ns)   --->   "%call_ln0 = call void @Loop_loop_height_proc14, i24 %src_V_data_V, i3 %src_V_keep_V, i3 %src_V_strb_V, i1 %src_V_user_V, i1 %src_V_last_V, i1 %src_V_id_V, i1 %src_V_dest_V, i24 %srcImg_data"   --->   Operation 32 'call' 'call_ln0' <Predicate = true> <Delay = 0.00> <CoreType = "Generic">   --->   Core 0 '' <Latency = 0> <II = 1> <Delay = 1.00> <Generic> <Opcode : >

State 4 <SV = 3> <Delay = 0.00>
ST_4 : Operation 33 [2/2] (0.00ns)   --->   "%call_ln174 = call void @xfrgb2gray<1080, 1920>, i24 %srcImg_data, i8 %grayImg_data, void %call_ln0" [source/edge_detector.cpp:174]   --->   Operation 33 'call' 'call_ln174' <Predicate = true> <Delay = 0.00> <CoreType = "Generic">   --->   Core 0 '' <Latency = 0> <II = 1> <Delay = 1.00> <Generic> <Opcode : >

State 5 <SV = 4> <Delay = 0.00>
ST_5 : Operation 34 [1/2] (0.00ns)   --->   "%call_ln174 = call void @xfrgb2gray<1080, 1920>, i24 %srcImg_data, i8 %grayImg_data, void %call_ln0" [source/edge_detector.cpp:174]   --->   Operation 34 'call' 'call_ln174' <Predicate = true> <Delay = 0.00> <CoreType = "Generic">   --->   Core 0 '' <Latency = 0> <II = 1> <Delay = 1.00> <Generic> <Opcode : >

State 6 <SV = 5> <Delay = 0.00>
ST_6 : Operation 35 [2/2] (0.00ns)   --->   "%call_ln175 = call void @xFSobelFilter3x3<0, 0, 1080, 1920, 1, 0, 0, 1, 1, 1, 1920, false>, i8 %grayImg_data, i8 %sobelImg_x_data, i8 %sobelImg_y_data, void %call_ln174" [source/edge_detector.cpp:175]   --->   Operation 35 'call' 'call_ln175' <Predicate = true> <Delay = 0.00> <CoreType = "Generic">   --->   Core 0 '' <Latency = 0> <II = 1> <Delay = 1.00> <Generic> <Opcode : >

State 7 <SV = 6> <Delay = 0.00>
ST_7 : Operation 36 [1/2] (0.00ns)   --->   "%call_ln175 = call void @xFSobelFilter3x3<0, 0, 1080, 1920, 1, 0, 0, 1, 1, 1, 1920, false>, i8 %grayImg_data, i8 %sobelImg_x_data, i8 %sobelImg_y_data, void %call_ln174" [source/edge_detector.cpp:175]   --->   Operation 36 'call' 'call_ln175' <Predicate = true> <Delay = 0.00> <CoreType = "Generic">   --->   Core 0 '' <Latency = 0> <II = 1> <Delay = 1.00> <Generic> <Opcode : >

State 8 <SV = 7> <Delay = 0.00>
ST_8 : Operation 37 [2/2] (0.00ns)   --->   "%call_ln178 = call void @AddWeightedKernel<1080, 1920>, i8 %sobelImg_x_data, i8 %sobelImg_y_data, i8 %sobelImg_data, void %call_ln175" [source/edge_detector.cpp:178]   --->   Operation 37 'call' 'call_ln178' <Predicate = true> <Delay = 0.00> <CoreType = "Generic">   --->   Core 0 '' <Latency = 0> <II = 1> <Delay = 1.00> <Generic> <Opcode : >

State 9 <SV = 8> <Delay = 0.00>
ST_9 : Operation 38 [1/1] (0.00ns)   --->   "%call_ln150 = call void @Block__ZN2xf2cv6ScalarILi3E7ap_uintILi24EEEC2Ev.exit.i5067_proc, i8 %threshold_c, i8 %threshold_V_c, void %call_ln150, void %call_ln150" [source/edge_detector.cpp:150]   --->   Operation 38 'call' 'call_ln150' <Predicate = true> <Delay = 0.00> <CoreType = "Generic">   --->   Core 0 '' <Latency = 0> <II = 1> <Delay = 1.00> <Generic> <Opcode : >
ST_9 : Operation 39 [1/2] (0.00ns)   --->   "%call_ln178 = call void @AddWeightedKernel<1080, 1920>, i8 %sobelImg_x_data, i8 %sobelImg_y_data, i8 %sobelImg_data, void %call_ln175" [source/edge_detector.cpp:178]   --->   Operation 39 'call' 'call_ln178' <Predicate = true> <Delay = 0.00> <CoreType = "Generic">   --->   Core 0 '' <Latency = 0> <II = 1> <Delay = 1.00> <Generic> <Opcode : >

State 10 <SV = 9> <Delay = 0.00>
ST_10 : Operation 40 [2/2] (0.00ns)   --->   "%call_ln179 = call void @thresholding<1080, 1920>, i8 %sobelImg_data, i8 %thresholdImg_data, i8 %threshold_V_c, void %call_ln178, void %call_ln150, void %call_ln150" [source/edge_detector.cpp:179]   --->   Operation 40 'call' 'call_ln179' <Predicate = true> <Delay = 0.00> <CoreType = "Generic">   --->   Core 0 '' <Latency = 0> <II = 1> <Delay = 1.00> <Generic> <Opcode : >

State 11 <SV = 10> <Delay = 0.00>
ST_11 : Operation 41 [1/2] (0.00ns)   --->   "%call_ln179 = call void @thresholding<1080, 1920>, i8 %sobelImg_data, i8 %thresholdImg_data, i8 %threshold_V_c, void %call_ln178, void %call_ln150, void %call_ln150" [source/edge_detector.cpp:179]   --->   Operation 41 'call' 'call_ln179' <Predicate = true> <Delay = 0.00> <CoreType = "Generic">   --->   Core 0 '' <Latency = 0> <II = 1> <Delay = 1.00> <Generic> <Opcode : >

State 12 <SV = 11> <Delay = 0.00>
ST_12 : Operation 42 [2/2] (0.00ns)   --->   "%call_ln180 = call void @xfgray2rgb<1080, 1920>, i8 %thresholdImg_data, i24 %rgbSobel_data, void %call_ln179, void %call_ln179" [source/edge_detector.cpp:180]   --->   Operation 42 'call' 'call_ln180' <Predicate = true> <Delay = 0.00> <CoreType = "Generic">   --->   Core 0 '' <Latency = 0> <II = 1> <Delay = 1.00> <Generic> <Opcode : >

State 13 <SV = 12> <Delay = 0.00>
ST_13 : Operation 43 [1/2] (0.00ns)   --->   "%call_ln180 = call void @xfgray2rgb<1080, 1920>, i8 %thresholdImg_data, i24 %rgbSobel_data, void %call_ln179, void %call_ln179" [source/edge_detector.cpp:180]   --->   Operation 43 'call' 'call_ln180' <Predicate = true> <Delay = 0.00> <CoreType = "Generic">   --->   Core 0 '' <Latency = 0> <II = 1> <Delay = 1.00> <Generic> <Opcode : >

State 14 <SV = 13> <Delay = 0.00>
ST_14 : Operation 44 [2/2] (0.00ns)   --->   "%call_ln0 = call void @Loop_loop_height_proc1315, i24 %rgbSobel_data, i24 %dst_V_data_V, i3 %dst_V_keep_V, i3 %dst_V_strb_V, i1 %dst_V_user_V, i1 %dst_V_last_V, i1 %dst_V_id_V, i1 %dst_V_dest_V, void %call_ln180, void %call_ln180"   --->   Operation 44 'call' 'call_ln0' <Predicate = true> <Delay = 0.00> <CoreType = "Generic">   --->   Core 0 '' <Latency = 0> <II = 1> <Delay = 1.00> <Generic> <Opcode : >

State 15 <SV = 14> <Delay = 0.00>
ST_15 : Operation 45 [1/2] (0.00ns)   --->   "%call_ln0 = call void @Loop_loop_height_proc1315, i24 %rgbSobel_data, i24 %dst_V_data_V, i3 %dst_V_keep_V, i3 %dst_V_strb_V, i1 %dst_V_user_V, i1 %dst_V_last_V, i1 %dst_V_id_V, i1 %dst_V_dest_V, void %call_ln180, void %call_ln180"   --->   Operation 45 'call' 'call_ln0' <Predicate = true> <Delay = 0.00> <CoreType = "Generic">   --->   Core 0 '' <Latency = 0> <II = 1> <Delay = 1.00> <Generic> <Opcode : >

State 16 <SV = 15> <Delay = 0.00>
ST_16 : Operation 46 [1/1] (0.00ns)   --->   "%specdataflowpipeline_ln0 = specdataflowpipeline void @_ssdm_op_SpecDataflowPipeline, i32, i32, void @empty_7"   --->   Operation 46 'specdataflowpipeline' 'specdataflowpipeline_ln0' <Predicate = true> <Delay = 0.00>
ST_16 : Operation 47 [1/1] (0.00ns)   --->   "%spectopmodule_ln0 = spectopmodule void @_ssdm_op_SpecTopModule, void @empty_10"   --->   Operation 47 'spectopmodule' 'spectopmodule_ln0' <Predicate = true> <Delay = 0.00>
ST_16 : Operation 48 [1/1] (0.00ns)   --->   "%specinterface_ln0 = specinterface void @_ssdm_op_SpecInterface, i32, void @empty_11, i32, i32, void @empty_7, i32, i32, void @empty_7, void @empty_7, void @empty_7, i32, i32, i32, i32, void @empty_7, void @empty_7"   --->   Operation 48 'specinterface' 'specinterface_ln0' <Predicate = true> <Delay = 0.00>
ST_16 : Operation 49 [1/1] (0.00ns)   --->   "%specinterface_ln0 = specinterface void @_ssdm_op_SpecInterface, i24 %src_V_data_V, i3 %src_V_keep_V, i3 %src_V_strb_V, i1 %src_V_user_V, i1 %src_V_last_V, i1 %src_V_id_V, i1 %src_V_dest_V, void @empty_0, i32, i32, void @empty_14, i32, i32, void @empty_7, void @empty_7, void @empty_7, i32, i32, i32, i32, void @empty_7, void @empty_7"   --->   Operation 49 'specinterface' 'specinterface_ln0' <Predicate = true> <Delay = 0.00>
ST_16 : Operation 50 [1/1] (0.00ns)   --->   "%specbitsmap_ln0 = specbitsmap void @_ssdm_op_SpecBitsMap, i24 %src_V_data_V"   --->   Operation 50 'specbitsmap' 'specbitsmap_ln0' <Predicate = true> <Delay = 0.00>
ST_16 : Operation 51 [1/1] (0.00ns)   --->   "%specbitsmap_ln0 = specbitsmap void @_ssdm_op_SpecBitsMap, i3 %src_V_keep_V"   --->   Operation 51 'specbitsmap' 'specbitsmap_ln0' <Predicate = true> <Delay = 0.00>
ST_16 : Operation 52 [1/1] (0.00ns)   --->   "%specbitsmap_ln0 = specbitsmap void @_ssdm_op_SpecBitsMap, i3 %src_V_strb_V"   --->   Operation 52 'specbitsmap' 'specbitsmap_ln0' <Predicate = true> <Delay = 0.00>
ST_16 : Operation 53 [1/1] (0.00ns)   --->   "%specbitsmap_ln0 = specbitsmap void @_ssdm_op_SpecBitsMap, i1 %src_V_user_V"   --->   Operation 53 'specbitsmap' 'specbitsmap_ln0' <Predicate = true> <Delay = 0.00>
ST_16 : Operation 54 [1/1] (0.00ns)   --->   "%specbitsmap_ln0 = specbitsmap void @_ssdm_op_SpecBitsMap, i1 %src_V_last_V"   --->   Operation 54 'specbitsmap' 'specbitsmap_ln0' <Predicate = true> <Delay = 0.00>
ST_16 : Operation 55 [1/1] (0.00ns)   --->   "%specbitsmap_ln0 = specbitsmap void @_ssdm_op_SpecBitsMap, i1 %src_V_id_V"   --->   Operation 55 'specbitsmap' 'specbitsmap_ln0' <Predicate = true> <Delay = 0.00>
ST_16 : Operation 56 [1/1] (0.00ns)   --->   "%specbitsmap_ln0 = specbitsmap void @_ssdm_op_SpecBitsMap, i1 %src_V_dest_V"   --->   Operation 56 'specbitsmap' 'specbitsmap_ln0' <Predicate = true> <Delay = 0.00>
ST_16 : Operation 57 [1/1] (0.00ns)   --->   "%specinterface_ln0 = specinterface void @_ssdm_op_SpecInterface, i24 %dst_V_data_V, i3 %dst_V_keep_V, i3 %dst_V_strb_V, i1 %dst_V_user_V, i1 %dst_V_last_V, i1 %dst_V_id_V, i1 %dst_V_dest_V, void @empty_0, i32, i32, void @empty_14, i32, i32, void @empty_7, void @empty_7, void @empty_7, i32, i32, i32, i32, void @empty_7, void @empty_7"   --->   Operation 57 'specinterface' 'specinterface_ln0' <Predicate = true> <Delay = 0.00>
ST_16 : Operation 58 [1/1] (0.00ns)   --->   "%specbitsmap_ln0 = specbitsmap void @_ssdm_op_SpecBitsMap, i24 %dst_V_data_V"   --->   Operation 58 'specbitsmap' 'specbitsmap_ln0' <Predicate = true> <Delay = 0.00>
ST_16 : Operation 59 [1/1] (0.00ns)   --->   "%specbitsmap_ln0 = specbitsmap void @_ssdm_op_SpecBitsMap, i3 %dst_V_keep_V"   --->   Operation 59 'specbitsmap' 'specbitsmap_ln0' <Predicate = true> <Delay = 0.00>
ST_16 : Operation 60 [1/1] (0.00ns)   --->   "%specbitsmap_ln0 = specbitsmap void @_ssdm_op_SpecBitsMap, i3 %dst_V_strb_V"   --->   Operation 60 'specbitsmap' 'specbitsmap_ln0' <Predicate = true> <Delay = 0.00>
ST_16 : Operation 61 [1/1] (0.00ns)   --->   "%specbitsmap_ln0 = specbitsmap void @_ssdm_op_SpecBitsMap, i1 %dst_V_user_V"   --->   Operation 61 'specbitsmap' 'specbitsmap_ln0' <Predicate = true> <Delay = 0.00>
ST_16 : Operation 62 [1/1] (0.00ns)   --->   "%specbitsmap_ln0 = specbitsmap void @_ssdm_op_SpecBitsMap, i1 %dst_V_last_V"   --->   Operation 62 'specbitsmap' 'specbitsmap_ln0' <Predicate = true> <Delay = 0.00>
ST_16 : Operation 63 [1/1] (0.00ns)   --->   "%specbitsmap_ln0 = specbitsmap void @_ssdm_op_SpecBitsMap, i1 %dst_V_id_V"   --->   Operation 63 'specbitsmap' 'specbitsmap_ln0' <Predicate = true> <Delay = 0.00>
ST_16 : Operation 64 [1/1] (0.00ns)   --->   "%specbitsmap_ln0 = specbitsmap void @_ssdm_op_SpecBitsMap, i1 %dst_V_dest_V"   --->   Operation 64 'specbitsmap' 'specbitsmap_ln0' <Predicate = true> <Delay = 0.00>
ST_16 : Operation 65 [1/1] (0.00ns)   --->   "%specbitsmap_ln0 = specbitsmap void @_ssdm_op_SpecBitsMap, i8 %threshold"   --->   Operation 65 'specbitsmap' 'specbitsmap_ln0' <Predicate = true> <Delay = 0.00>
ST_16 : Operation 66 [1/1] (0.00ns)   --->   "%specinterface_ln0 = specinterface void @_ssdm_op_SpecInterface, i8 %threshold, void @empty_8, i32, i32, void @empty_14, i32, i32, void @empty_7, void @empty_7, void @empty_7, i32, i32, i32, i32, void @empty_7, void @empty_7"   --->   Operation 66 'specinterface' 'specinterface_ln0' <Predicate = true> <Delay = 0.00>
ST_16 : Operation 67 [1/1] (0.00ns)   --->   "%empty = specchannel i32 @_ssdm_op_SpecChannel, void @srcImg_OC_data_str, i32, void @p_str, void @p_str, i32, i32, i24 %srcImg_data, i24 %srcImg_data"   --->   Operation 67 'specchannel' 'empty' <Predicate = true> <Delay = 0.00>
ST_16 : Operation 68 [1/1] (0.00ns)   --->   "%specinterface_ln0 = specinterface void @_ssdm_op_SpecInterface, i24 %srcImg_data, void @empty_9, i32, i32, void @empty_7, i32, i32, void @empty_7, void @empty_7, void @empty_7, i32, i32, i32, i32, void @empty_7, void @empty_7"   --->   Operation 68 'specinterface' 'specinterface_ln0' <Predicate = true> <Delay = 0.00>
ST_16 : Operation 69 [1/1] (0.00ns)   --->   "%empty_36 = specchannel i32 @_ssdm_op_SpecChannel, void @rgbSobel_OC_data_str, i32, void @p_str, void @p_str, i32, i32, i24 %rgbSobel_data, i24 %rgbSobel_data"   --->   Operation 69 'specchannel' 'empty_36' <Predicate = true> <Delay = 0.00>
ST_16 : Operation 70 [1/1] (0.00ns)   --->   "%specinterface_ln0 = specinterface void @_ssdm_op_SpecInterface, i24 %rgbSobel_data, void @empty_9, i32, i32, void @empty_7, i32, i32, void @empty_7, void @empty_7, void @empty_7, i32, i32, i32, i32, void @empty_7, void @empty_7"   --->   Operation 70 'specinterface' 'specinterface_ln0' <Predicate = true> <Delay = 0.00>
ST_16 : Operation 71 [1/1] (0.00ns)   --->   "%empty_37 = specchannel i32 @_ssdm_op_SpecChannel, void @grayImg_OC_data_str, i32, void @p_str, void @p_str, i32, i32, i8 %grayImg_data, i8 %grayImg_data"   --->   Operation 71 'specchannel' 'empty_37' <Predicate = true> <Delay = 0.00>
ST_16 : Operation 72 [1/1] (0.00ns)   --->   "%specinterface_ln0 = specinterface void @_ssdm_op_SpecInterface, i8 %grayImg_data, void @empty_9, i32, i32, void @empty_7, i32, i32, void @empty_7, void @empty_7, void @empty_7, i32, i32, i32, i32, void @empty_7, void @empty_7"   --->   Operation 72 'specinterface' 'specinterface_ln0' <Predicate = true> <Delay = 0.00>
ST_16 : Operation 73 [1/1] (0.00ns)   --->   "%empty_38 = specchannel i32 @_ssdm_op_SpecChannel, void @sobelImg_x_OC_data_str, i32, void @p_str, void @p_str, i32, i32, i8 %sobelImg_x_data, i8 %sobelImg_x_data"   --->   Operation 73 'specchannel' 'empty_38' <Predicate = true> <Delay = 0.00>
ST_16 : Operation 74 [1/1] (0.00ns)   --->   "%specinterface_ln0 = specinterface void @_ssdm_op_SpecInterface, i8 %sobelImg_x_data, void @empty_9, i32, i32, void @empty_7, i32, i32, void @empty_7, void @empty_7, void @empty_7, i32, i32, i32, i32, void @empty_7, void @empty_7"   --->   Operation 74 'specinterface' 'specinterface_ln0' <Predicate = true> <Delay = 0.00>
ST_16 : Operation 75 [1/1] (0.00ns)   --->   "%empty_39 = specchannel i32 @_ssdm_op_SpecChannel, void @sobelImg_y_OC_data_str, i32, void @p_str, void @p_str, i32, i32, i8 %sobelImg_y_data, i8 %sobelImg_y_data"   --->   Operation 75 'specchannel' 'empty_39' <Predicate = true> <Delay = 0.00>
ST_16 : Operation 76 [1/1] (0.00ns)   --->   "%specinterface_ln0 = specinterface void @_ssdm_op_SpecInterface, i8 %sobelImg_y_data, void @empty_9, i32, i32, void @empty_7, i32, i32, void @empty_7, void @empty_7, void @empty_7, i32, i32, i32, i32, void @empty_7, void @empty_7"   --->   Operation 76 'specinterface' 'specinterface_ln0' <Predicate = true> <Delay = 0.00>
ST_16 : Operation 77 [1/1] (0.00ns)   --->   "%empty_40 = specchannel i32 @_ssdm_op_SpecChannel, void @sobelImg_OC_data_str, i32, void @p_str, void @p_str, i32, i32, i8 %sobelImg_data, i8 %sobelImg_data"   --->   Operation 77 'specchannel' 'empty_40' <Predicate = true> <Delay = 0.00>
ST_16 : Operation 78 [1/1] (0.00ns)   --->   "%specinterface_ln0 = specinterface void @_ssdm_op_SpecInterface, i8 %sobelImg_data, void @empty_9, i32, i32, void @empty_7, i32, i32, void @empty_7, void @empty_7, void @empty_7, i32, i32, i32, i32, void @empty_7, void @empty_7"   --->   Operation 78 'specinterface' 'specinterface_ln0' <Predicate = true> <Delay = 0.00>
ST_16 : Operation 79 [1/1] (0.00ns)   --->   "%empty_41 = specchannel i32 @_ssdm_op_SpecChannel, void @thresholdImg_OC_data_str, i32, void @p_str, void @p_str, i32, i32, i8 %thresholdImg_data, i8 %thresholdImg_data"   --->   Operation 79 'specchannel' 'empty_41' <Predicate = true> <Delay = 0.00>
ST_16 : Operation 80 [1/1] (0.00ns)   --->   "%specinterface_ln0 = specinterface void @_ssdm_op_SpecInterface, i8 %thresholdImg_data, void @empty_9, i32, i32, void @empty_7, i32, i32, void @empty_7, void @empty_7, void @empty_7, i32, i32, i32, i32, void @empty_7, void @empty_7"   --->   Operation 80 'specinterface' 'specinterface_ln0' <Predicate = true> <Delay = 0.00>
ST_16 : Operation 81 [1/1] (0.00ns)   --->   "%empty_42 = specchannel i32 @_ssdm_op_SpecChannel, void @threshold_c_str, i32, void @p_str, void @p_str, i32, i32, i8 %threshold_c, i8 %threshold_c" [source/edge_detector.cpp:150]   --->   Operation 81 'specchannel' 'empty_42' <Predicate = true> <Delay = 0.00>
ST_16 : Operation 82 [1/1] (0.00ns)   --->   "%specinterface_ln150 = specinterface void @_ssdm_op_SpecInterface, i8 %threshold_c, void @ap_fifo_str, i32, i32, void @p_str, i32, i32, void @p_str, void @p_str, void @p_str, i32, i32, i32, i32, void @p_str, void @p_str" [source/edge_detector.cpp:150]   --->   Operation 82 'specinterface' 'specinterface_ln150' <Predicate = true> <Delay = 0.00>
ST_16 : Operation 83 [1/1] (0.00ns)   --->   "%empty_43 = specchannel i32 @_ssdm_op_SpecChannel, void @threshold_c1_str, i32, void @p_str, void @p_str, i32, i32, i8 %threshold_c1, i8 %threshold_c1" [source/edge_detector.cpp:150]   --->   Operation 83 'specchannel' 'empty_43' <Predicate = true> <Delay = 0.00>
ST_16 : Operation 84 [1/1] (0.00ns)   --->   "%specinterface_ln150 = specinterface void @_ssdm_op_SpecInterface, i8 %threshold_c1, void @ap_fifo_str, i32, i32, void @p_str, i32, i32, void @p_str, void @p_str, void @p_str, i32, i32, i32, i32, void @p_str, void @p_str" [source/edge_detector.cpp:150]   --->   Operation 84 'specinterface' 'specinterface_ln150' <Predicate = true> <Delay = 0.00>
ST_16 : Operation 85 [1/1] (0.00ns)   --->   "%empty_44 = specchannel i32 @_ssdm_op_SpecChannel, void @threshold_OC_V_c_str, i32, void @p_str, void @p_str, i32, i32, i8 %threshold_V_c, i8 %threshold_V_c"   --->   Operation 85 'specchannel' 'empty_44' <Predicate = true> <Delay = 0.00>
ST_16 : Operation 86 [1/1] (0.00ns)   --->   "%specinterface_ln0 = specinterface void @_ssdm_op_SpecInterface, i8 %threshold_V_c, void @ap_fifo_str, i32, i32, void @p_str, i32, i32, void @p_str, void @p_str, void @p_str, i32, i32, i32, i32, void @p_str, void @p_str"   --->   Operation 86 'specinterface' 'specinterface_ln0' <Predicate = true> <Delay = 0.00>
ST_16 : Operation 87 [1/1] (0.00ns)   --->   "%ret_ln182 = ret" [source/edge_detector.cpp:182]   --->   Operation 87 'ret' 'ret_ln182' <Predicate = true> <Delay = 0.00>


============================================================
+ Verbose Summary: Timing violations
============================================================
Target clock period: 10ns, clock uncertainty: 2.7ns.

 <State 1>: 0ns
The critical path consists of the following:

 <State 2>: 2.17ns
The critical path consists of the following:
	register read on port 'threshold' (source/edge_detector.cpp:150) [16]  (0 ns)
	'call' operation ('call_ln150', source/edge_detector.cpp:150) to 'edge_detector.entry3' [66]  (2.17 ns)

 <State 3>: 0ns
The critical path consists of the following:

 <State 4>: 0ns
The critical path consists of the following:

 <State 5>: 0ns
The critical path consists of the following:

 <State 6>: 0ns
The critical path consists of the following:

 <State 7>: 0ns
The critical path consists of the following:

 <State 8>: 0ns
The critical path consists of the following:

 <State 9>: 0ns
The critical path consists of the following:

 <State 10>: 0ns
The critical path consists of the following:

 <State 11>: 0ns
The critical path consists of the following:

 <State 12>: 0ns
The critical path consists of the following:

 <State 13>: 0ns
The critical path consists of the following:

 <State 14>: 0ns
The critical path consists of the following:

 <State 15>: 0ns
The critical path consists of the following:

 <State 16>: 0ns
The critical path consists of the following:


============================================================
+ Verbose Summary: Binding
============================================================
N/A
* FSMD analyzer results:
  - Output states:
 - Input state : 
  - Chain level:
	State 1
	State 2
	State 3
	State 4
	State 5
	State 6
	State 7
	State 8
	State 9
	State 10
	State 11
	State 12
	State 13
	State 14
	State 15
	State 16


============================================================
+ Verbose Summary: Datapath Resource usage 
============================================================
N/A
