

================================================================
== Vitis HLS Report for 'xfrgb2gray_1080_1920_s'
================================================================
* Date:           Mon Nov  2 14:21:25 2020

* Version:        2020.1 (Build 2902540 on Wed May 27 20:16:15 MDT 2020)
* Project:        edge_detector
* Solution:       solution1 (Vivado IP Flow Target)
* Product family: zynquplus
* Target device:  xczu3eg-sfvc784-1-i


================================================================
== Performance Estimates
================================================================
+ Timing: 
    * Summary: 
    +--------+----------+----------+------------+
    |  Clock |  Target  | Estimated| Uncertainty|
    +--------+----------+----------+------------+
    |ap_clk  | 10.00 ns | 2.777 ns |   2.70 ns  |
    +--------+----------+----------+------------+

+ Latency: 
    * Summary: 
    +---------+---------+-----------+-----------+---------+---------+---------+
    |  Latency (cycles) |   Latency (absolute)  |      Interval     | Pipeline|
    |   min   |   max   |    min    |    max    |   min   |   max   |   Type  |
    +---------+---------+-----------+-----------+---------+---------+---------+
    |  2073607|  2073607| 20.736 ms | 20.736 ms |  2073607|  2073607|   none  |
    +---------+---------+-----------+-----------+---------+---------+---------+

    + Detail: 
        * Instance: 
        N/A

        * Loop: 
        +-----------------------------------+---------+---------+----------+-----------+-----------+---------+----------+
        |                                   |  Latency (cycles) | Iteration|  Initiation Interval  |   Trip  |          |
        |             Loop Name             |   min   |   max   |  Latency |  achieved |   target  |  Count  | Pipelined|
        +-----------------------------------+---------+---------+----------+-----------+-----------+---------+----------+
        |- VITIS_LOOP_65_1_VITIS_LOOP_67_2  |  2073605|  2073605|         7|          1|          1|  2073600|    yes   |
        +-----------------------------------+---------+---------+----------+-----------+-----------+---------+----------+



================================================================
== Utilization Estimates
================================================================
* Summary: 
+-----------------+---------+-----+--------+-------+-----+
|       Name      | BRAM_18K| DSP |   FF   |  LUT  | URAM|
+-----------------+---------+-----+--------+-------+-----+
|DSP              |        -|    3|       -|      -|    -|
|Expression       |        -|    -|       0|     60|    -|
|FIFO             |        -|    -|       -|      -|    -|
|Instance         |        -|    -|       -|      -|    -|
|Memory           |        -|    -|       -|      -|    -|
|Multiplexer      |        -|    -|       -|     84|    -|
|Register         |        -|    -|     122|     32|    -|
+-----------------+---------+-----+--------+-------+-----+
|Total            |        0|    3|     122|    176|    0|
+-----------------+---------+-----+--------+-------+-----+
|Available        |      432|  360|  141120|  70560|    0|
+-----------------+---------+-----+--------+-------+-----+
|Utilization (%)  |        0|  ~0 |   ~0   |   ~0  |    0|
+-----------------+---------+-----+--------+-------+-----+

+ Detail: 
    * Instance: 
    N/A

    * DSP: 
    +-------------------------------------+---------------------------------+--------------+
    |               Instance              |              Module             |  Expression  |
    +-------------------------------------+---------------------------------+--------------+
    |mac_muladd_13ns_8ns_22ns_22_4_1_U17  |mac_muladd_13ns_8ns_22ns_22_4_1  | i0 * i1 + i2 |
    |mac_muladd_16ns_8ns_22ns_23_4_1_U18  |mac_muladd_16ns_8ns_22ns_23_4_1  | i0 * i1 + i2 |
    |mul_mul_15ns_8ns_22_4_1_U16          |mul_mul_15ns_8ns_22_4_1          |    i0 * i1   |
    +-------------------------------------+---------------------------------+--------------+

    * Memory: 
    N/A

    * FIFO: 
    N/A

    * Expression: 
    +----------------------------------+----------+----+---+----+------------+------------+
    |           Variable Name          | Operation| DSP| FF| LUT| Bitwidth P0| Bitwidth P1|
    +----------------------------------+----------+----+---+----+------------+------------+
    |add_ln65_fu_90_p2                 |     +    |   0|  0|  28|          21|           1|
    |ap_block_state3_pp0_stage0_iter1  |    and   |   0|  0|   2|           1|           1|
    |ap_block_state8_pp0_stage0_iter6  |    and   |   0|  0|   2|           1|           1|
    |icmp_ln65_fu_84_p2                |   icmp   |   0|  0|  20|          21|          16|
    |ap_block_pp0_stage0_01001         |    or    |   0|  0|   2|           1|           1|
    |ap_block_state1                   |    or    |   0|  0|   2|           1|           1|
    |ap_enable_pp0                     |    xor   |   0|  0|   2|           1|           2|
    |ap_enable_reg_pp0_iter1           |    xor   |   0|  0|   2|           2|           1|
    +----------------------------------+----------+----+---+----+------------+------------+
    |Total                             |          |   0|  0|  60|          49|          24|
    +----------------------------------+----------+----+---+----+------------+------------+

    * Multiplexer: 
    +-------------------------+----+-----------+-----+-----------+
    |           Name          | LUT| Input Size| Bits| Total Bits|
    +-------------------------+----+-----------+-----+-----------+
    |ap_NS_fsm                |  21|          4|    1|          4|
    |ap_done                  |   9|          2|    1|          2|
    |ap_enable_reg_pp0_iter1  |   9|          2|    1|          2|
    |ap_enable_reg_pp0_iter6  |   9|          2|    1|          2|
    |grayImg_4230_blk_n       |   9|          2|    1|          2|
    |indvar_flatten_reg_73    |   9|          2|   21|         42|
    |real_start               |   9|          2|    1|          2|
    |srcImg_4228_blk_n        |   9|          2|    1|          2|
    +-------------------------+----+-----------+-----+-----------+
    |Total                    |  84|         18|   28|         58|
    +-------------------------+----+-----------+-----+-----------+

    * Register: 
    +--------------------------------+----+----+-----+-----------+
    |              Name              | FF | LUT| Bits| Const Bits|
    +--------------------------------+----+----+-----+-----------+
    |B_assign_reg_181                |   8|   0|    8|          0|
    |G_assign_reg_176                |   8|   0|    8|          0|
    |G_assign_reg_176_pp0_iter2_reg  |   8|   0|    8|          0|
    |ap_CS_fsm                       |   3|   0|    3|          0|
    |ap_done_reg                     |   1|   0|    1|          0|
    |ap_enable_reg_pp0_iter0         |   1|   0|    1|          0|
    |ap_enable_reg_pp0_iter1         |   1|   0|    1|          0|
    |ap_enable_reg_pp0_iter2         |   1|   0|    1|          0|
    |ap_enable_reg_pp0_iter3         |   1|   0|    1|          0|
    |ap_enable_reg_pp0_iter4         |   1|   0|    1|          0|
    |ap_enable_reg_pp0_iter5         |   1|   0|    1|          0|
    |ap_enable_reg_pp0_iter6         |   1|   0|    1|          0|
    |icmp_ln65_reg_167               |   1|   0|    1|          0|
    |indvar_flatten_reg_73           |  21|   0|   21|          0|
    |start_once_reg                  |   1|   0|    1|          0|
    |icmp_ln65_reg_167               |  64|  32|    1|          0|
    +--------------------------------+----+----+-----+-----------+
    |Total                           | 122|  32|   59|          0|
    +--------------------------------+----+----+-----+-----------+



================================================================
== Interface
================================================================
* Summary: 
+---------------------+-----+-----+------------+------------------------+--------------+
|      RTL Ports      | Dir | Bits|  Protocol  |      Source Object     |    C Type    |
+---------------------+-----+-----+------------+------------------------+--------------+
|ap_clk               |  in |    1| ap_ctrl_hs | xfrgb2gray<1080, 1920> | return value |
|ap_rst               |  in |    1| ap_ctrl_hs | xfrgb2gray<1080, 1920> | return value |
|ap_start             |  in |    1| ap_ctrl_hs | xfrgb2gray<1080, 1920> | return value |
|start_full_n         |  in |    1| ap_ctrl_hs | xfrgb2gray<1080, 1920> | return value |
|ap_done              | out |    1| ap_ctrl_hs | xfrgb2gray<1080, 1920> | return value |
|ap_continue          |  in |    1| ap_ctrl_hs | xfrgb2gray<1080, 1920> | return value |
|ap_idle              | out |    1| ap_ctrl_hs | xfrgb2gray<1080, 1920> | return value |
|ap_ready             | out |    1| ap_ctrl_hs | xfrgb2gray<1080, 1920> | return value |
|start_out            | out |    1| ap_ctrl_hs | xfrgb2gray<1080, 1920> | return value |
|start_write          | out |    1| ap_ctrl_hs | xfrgb2gray<1080, 1920> | return value |
|srcImg_4228_dout     |  in |   24|   ap_fifo  |       srcImg_4228      |    pointer   |
|srcImg_4228_empty_n  |  in |    1|   ap_fifo  |       srcImg_4228      |    pointer   |
|srcImg_4228_read     | out |    1|   ap_fifo  |       srcImg_4228      |    pointer   |
|grayImg_4230_din     | out |    8|   ap_fifo  |      grayImg_4230      |    pointer   |
|grayImg_4230_full_n  |  in |    1|   ap_fifo  |      grayImg_4230      |    pointer   |
|grayImg_4230_write   | out |    1|   ap_fifo  |      grayImg_4230      |    pointer   |
+---------------------+-----+-----+------------+------------------------+--------------+

============================================================
+ Verbose Summary: Synthesis Manager
============================================================
InlineROM: 1
ExposeGlobal: 0
============================================================
+ Verbose Summary: CDFG Model
============================================================
IsTopModel: 0
ResetActiveHigh: 1
IsCombinational: 2
IsDatapathOnly: 0
HasWiredReturn: 1
HasMFsm: 0
HasVarLatency: 1
IsPipeline: 0
IsRtlPipelined: 0
IsInstanceOverlapped: 0
IsDontTouch: 0
HasImplIP: 0
IsGatedGlobalClock: 0

+ Individual pipeline summary: 
  * Pipeline-0: initiation interval (II) = 1, depth = 7


============================================================
+ Verbose Summary: Schedule
============================================================
* Number of FSM states : 9
* Pipeline : 1
  Pipeline-0 : II = 1, D = 7, States = { 2 3 4 5 6 7 8 }
* Dataflow Pipeline: 0

* FSM state transitions: 
1 --> 2 
2 --> 9 3 
3 --> 4 
4 --> 5 
5 --> 6 
6 --> 7 
7 --> 8 
8 --> 2 
9 --> 

* FSM state operations: 

State 1 <SV = 0> <Delay = 0.75>
ST_1 : Operation 10 [1/1] (0.00ns)   --->   "%specinterface_ln0 = specinterface void @_ssdm_op_SpecInterface, i8 %grayImg_4230, void @empty_9, i32, i32, void @empty_7, i32, i32, void @empty_7, void @empty_7, void @empty_7, i32, i32, i32, i32, void @empty_7, void @empty_7"   --->   Operation 10 'specinterface' 'specinterface_ln0' <Predicate = true> <Delay = 0.00>
ST_1 : Operation 11 [1/1] (0.00ns)   --->   "%specinterface_ln0 = specinterface void @_ssdm_op_SpecInterface, i24 %srcImg_4228, void @empty_9, i32, i32, void @empty_7, i32, i32, void @empty_7, void @empty_7, void @empty_7, i32, i32, i32, i32, void @empty_7, void @empty_7"   --->   Operation 11 'specinterface' 'specinterface_ln0' <Predicate = true> <Delay = 0.00>
ST_1 : Operation 12 [1/1] (0.75ns)   --->   "%br_ln65 = br void" [source/edge_detector.cpp:65]   --->   Operation 12 'br' 'br_ln65' <Predicate = true> <Delay = 0.75>

State 2 <SV = 1> <Delay = 1.07>
ST_2 : Operation 13 [1/1] (0.00ns)   --->   "%indvar_flatten = phi i21, void, i21 %add_ln65, void %.split3" [source/edge_detector.cpp:65]   --->   Operation 13 'phi' 'indvar_flatten' <Predicate = true> <Delay = 0.00>
ST_2 : Operation 14 [1/1] (0.00ns)   --->   "%specpipeline_ln0 = specpipeline void @_ssdm_op_SpecPipeline, i32, i32, i32, i32, void @p_str"   --->   Operation 14 'specpipeline' 'specpipeline_ln0' <Predicate = true> <Delay = 0.00>
ST_2 : Operation 15 [1/1] (0.94ns)   --->   "%icmp_ln65 = icmp_eq  i21 %indvar_flatten, i21" [source/edge_detector.cpp:65]   --->   Operation 15 'icmp' 'icmp_ln65' <Predicate = true> <Delay = 0.94> <CoreInst = "Cmp">   --->   Core 10 'Cmp' <Latency = 0> <II = 1> <Delay = 0.94> <FuncUnit> <Opcode : 'icmp'> <InPorts = 2> <OutPorts = 1>
ST_2 : Operation 16 [1/1] (1.07ns)   --->   "%add_ln65 = add i21 %indvar_flatten, i21" [source/edge_detector.cpp:65]   --->   Operation 16 'add' 'add_ln65' <Predicate = true> <Delay = 1.07> <CoreInst = "Adder">   --->   Core 1 'Adder' <Latency = 0> <II = 1> <Delay = 1.07> <FuncUnit> <Opcode : 'add' 'sub'> <InPorts = 2> <OutPorts = 1>
ST_2 : Operation 17 [1/1] (0.00ns)   --->   "%br_ln65 = br i1 %icmp_ln65, void %.split3, void" [source/edge_detector.cpp:65]   --->   Operation 17 'br' 'br_ln65' <Predicate = true> <Delay = 0.00>

State 3 <SV = 2> <Delay = 2.64>
ST_3 : Operation 18 [1/1] (1.94ns)   --->   "%tmp_V = read i24 @_ssdm_op_Read.ap_fifo.volatile.i24P, i24 %srcImg_4228" [F:/xilinx_2020.1/Vitis/2020.1/common/technology/autopilot/hls_stream_39.h:145]   --->   Operation 18 'read' 'tmp_V' <Predicate = (!icmp_ln65)> <Delay = 1.94> <CoreInst = "FIFO">   --->   Core 18 'FIFO' <Latency = 0> <II = 1> <Delay = 1.94> <Storage> <Opcode : 'read' 'write' 'nbread' 'nbwrite'> <Ports = 0> <Width = 24> <Depth = 1920> <FIFO>
ST_3 : Operation 19 [1/1] (0.00ns)   --->   "%trunc_ln674 = trunc i24 %tmp_V"   --->   Operation 19 'trunc' 'trunc_ln674' <Predicate = (!icmp_ln65)> <Delay = 0.00>
ST_3 : Operation 20 [1/1] (0.00ns)   --->   "%G_assign = partselect i8 @_ssdm_op_PartSelect.i8.i24.i32.i32, i24 %tmp_V, i32, i32"   --->   Operation 20 'partselect' 'G_assign' <Predicate = (!icmp_ln65)> <Delay = 0.00>
ST_3 : Operation 21 [1/1] (0.00ns)   --->   "%B_assign = partselect i8 @_ssdm_op_PartSelect.i8.i24.i32.i32, i24 %tmp_V, i32, i32"   --->   Operation 21 'partselect' 'B_assign' <Predicate = (!icmp_ln65)> <Delay = 0.00>
ST_3 : Operation 22 [1/1] (0.00ns)   --->   "%zext_ln852 = zext i8 %trunc_ln674" [F:/Vitis_Libraries/vision/L1/include\imgproc/xf_cvt_color_utils.hpp:852]   --->   Operation 22 'zext' 'zext_ln852' <Predicate = (!icmp_ln65)> <Delay = 0.00>
ST_3 : Operation 23 [4/4] (0.69ns) (root node of the DSP)   --->   "%mul_ln852 = mul i22, i22 %zext_ln852" [F:/Vitis_Libraries/vision/L1/include\imgproc/xf_cvt_color_utils.hpp:852]   --->   Operation 23 'mul' 'mul_ln852' <Predicate = (!icmp_ln65)> <Delay = 0.69> <CoreInst = "DSP48">   --->   Core 71 'DSP48' <Latency = 3> <II = 1> <Delay = 0.69> <IPBlock> <Opcode : 'mul' 'add' 'sub' 'select'> <InPorts = 2> <OutPorts = 1> <Sync> <CReg>

State 4 <SV = 3> <Delay = 1.08>
ST_4 : Operation 24 [3/4] (0.69ns) (root node of the DSP)   --->   "%mul_ln852 = mul i22, i22 %zext_ln852" [F:/Vitis_Libraries/vision/L1/include\imgproc/xf_cvt_color_utils.hpp:852]   --->   Operation 24 'mul' 'mul_ln852' <Predicate = (!icmp_ln65)> <Delay = 0.69> <CoreInst = "DSP48">   --->   Core 71 'DSP48' <Latency = 3> <II = 1> <Delay = 0.69> <IPBlock> <Opcode : 'mul' 'add' 'sub' 'select'> <InPorts = 2> <OutPorts = 1> <Sync> <CReg>
ST_4 : Operation 25 [1/1] (0.00ns)   --->   "%zext_ln852_2 = zext i8 %B_assign" [F:/Vitis_Libraries/vision/L1/include\imgproc/xf_cvt_color_utils.hpp:852]   --->   Operation 25 'zext' 'zext_ln852_2' <Predicate = (!icmp_ln65)> <Delay = 0.00>
ST_4 : Operation 26 [3/3] (1.08ns) (grouped into DSP with root node add_ln852)   --->   "%mul_ln852_2 = mul i20, i20 %zext_ln852_2" [F:/Vitis_Libraries/vision/L1/include\imgproc/xf_cvt_color_utils.hpp:852]   --->   Operation 26 'mul' 'mul_ln852_2' <Predicate = (!icmp_ln65)> <Delay = 1.08> <CoreInst = "DSP48">   --->   Core 71 'DSP48' <Latency = 3> <II = 1> <Delay = 0.69> <IPBlock> <Opcode : 'mul' 'add' 'sub' 'select'> <InPorts = 2> <OutPorts = 1> <Sync> <CReg>

State 5 <SV = 4> <Delay = 1.08>
ST_5 : Operation 27 [2/4] (0.69ns) (root node of the DSP)   --->   "%mul_ln852 = mul i22, i22 %zext_ln852" [F:/Vitis_Libraries/vision/L1/include\imgproc/xf_cvt_color_utils.hpp:852]   --->   Operation 27 'mul' 'mul_ln852' <Predicate = (!icmp_ln65)> <Delay = 0.69> <CoreInst = "DSP48">   --->   Core 71 'DSP48' <Latency = 3> <II = 1> <Delay = 0.69> <IPBlock> <Opcode : 'mul' 'add' 'sub' 'select'> <InPorts = 2> <OutPorts = 1> <Sync> <CReg>
ST_5 : Operation 28 [1/1] (0.00ns)   --->   "%zext_ln852_1 = zext i8 %G_assign" [F:/Vitis_Libraries/vision/L1/include\imgproc/xf_cvt_color_utils.hpp:852]   --->   Operation 28 'zext' 'zext_ln852_1' <Predicate = (!icmp_ln65)> <Delay = 0.00>
ST_5 : Operation 29 [3/3] (1.08ns) (grouped into DSP with root node GRAY)   --->   "%mul_ln852_1 = mul i23, i23 %zext_ln852_1" [F:/Vitis_Libraries/vision/L1/include\imgproc/xf_cvt_color_utils.hpp:852]   --->   Operation 29 'mul' 'mul_ln852_1' <Predicate = (!icmp_ln65)> <Delay = 1.08> <CoreInst = "DSP48">   --->   Core 71 'DSP48' <Latency = 3> <II = 1> <Delay = 0.69> <IPBlock> <Opcode : 'mul' 'add' 'sub' 'select'> <InPorts = 2> <OutPorts = 1> <Sync> <CReg>
ST_5 : Operation 30 [2/3] (1.08ns) (grouped into DSP with root node add_ln852)   --->   "%mul_ln852_2 = mul i20, i20 %zext_ln852_2" [F:/Vitis_Libraries/vision/L1/include\imgproc/xf_cvt_color_utils.hpp:852]   --->   Operation 30 'mul' 'mul_ln852_2' <Predicate = (!icmp_ln65)> <Delay = 1.08> <CoreInst = "DSP48">   --->   Core 71 'DSP48' <Latency = 3> <II = 1> <Delay = 0.69> <IPBlock> <Opcode : 'mul' 'add' 'sub' 'select'> <InPorts = 2> <OutPorts = 1> <Sync> <CReg>

State 6 <SV = 5> <Delay = 1.08>
ST_6 : Operation 31 [1/4] (0.00ns) (root node of the DSP)   --->   "%mul_ln852 = mul i22, i22 %zext_ln852" [F:/Vitis_Libraries/vision/L1/include\imgproc/xf_cvt_color_utils.hpp:852]   --->   Operation 31 'mul' 'mul_ln852' <Predicate = (!icmp_ln65)> <Delay = 0.00> <CoreInst = "DSP48">   --->   Core 71 'DSP48' <Latency = 3> <II = 1> <Delay = 0.69> <IPBlock> <Opcode : 'mul' 'add' 'sub' 'select'> <InPorts = 2> <OutPorts = 1> <Sync> <CReg>
ST_6 : Operation 32 [2/3] (1.08ns) (grouped into DSP with root node GRAY)   --->   "%mul_ln852_1 = mul i23, i23 %zext_ln852_1" [F:/Vitis_Libraries/vision/L1/include\imgproc/xf_cvt_color_utils.hpp:852]   --->   Operation 32 'mul' 'mul_ln852_1' <Predicate = (!icmp_ln65)> <Delay = 1.08> <CoreInst = "DSP48">   --->   Core 71 'DSP48' <Latency = 3> <II = 1> <Delay = 0.69> <IPBlock> <Opcode : 'mul' 'add' 'sub' 'select'> <InPorts = 2> <OutPorts = 1> <Sync> <CReg>
ST_6 : Operation 33 [1/3] (0.00ns) (grouped into DSP with root node add_ln852)   --->   "%mul_ln852_2 = mul i20, i20 %zext_ln852_2" [F:/Vitis_Libraries/vision/L1/include\imgproc/xf_cvt_color_utils.hpp:852]   --->   Operation 33 'mul' 'mul_ln852_2' <Predicate = (!icmp_ln65)> <Delay = 0.00> <CoreInst = "DSP48">   --->   Core 71 'DSP48' <Latency = 3> <II = 1> <Delay = 0.69> <IPBlock> <Opcode : 'mul' 'add' 'sub' 'select'> <InPorts = 2> <OutPorts = 1> <Sync> <CReg>
ST_6 : Operation 34 [1/1] (0.00ns) (grouped into DSP with root node add_ln852)   --->   "%zext_ln852_3 = zext i20 %mul_ln852_2" [F:/Vitis_Libraries/vision/L1/include\imgproc/xf_cvt_color_utils.hpp:852]   --->   Operation 34 'zext' 'zext_ln852_3' <Predicate = (!icmp_ln65)> <Delay = 0.00>
ST_6 : Operation 35 [2/2] (0.83ns) (root node of the DSP)   --->   "%add_ln852 = add i22 %zext_ln852_3, i22 %mul_ln852" [F:/Vitis_Libraries/vision/L1/include\imgproc/xf_cvt_color_utils.hpp:852]   --->   Operation 35 'add' 'add_ln852' <Predicate = (!icmp_ln65)> <Delay = 0.83> <CoreInst = "DSP48">   --->   Core 71 'DSP48' <Latency = 3> <II = 1> <Delay = 0.69> <IPBlock> <Opcode : 'mul' 'add' 'sub' 'select'> <InPorts = 2> <OutPorts = 1> <Sync> <CReg>

State 7 <SV = 6> <Delay = 1.66>
ST_7 : Operation 36 [1/3] (0.00ns) (grouped into DSP with root node GRAY)   --->   "%mul_ln852_1 = mul i23, i23 %zext_ln852_1" [F:/Vitis_Libraries/vision/L1/include\imgproc/xf_cvt_color_utils.hpp:852]   --->   Operation 36 'mul' 'mul_ln852_1' <Predicate = (!icmp_ln65)> <Delay = 0.00> <CoreInst = "DSP48">   --->   Core 71 'DSP48' <Latency = 3> <II = 1> <Delay = 0.69> <IPBlock> <Opcode : 'mul' 'add' 'sub' 'select'> <InPorts = 2> <OutPorts = 1> <Sync> <CReg>
ST_7 : Operation 37 [1/2] (0.83ns) (root node of the DSP)   --->   "%add_ln852 = add i22 %zext_ln852_3, i22 %mul_ln852" [F:/Vitis_Libraries/vision/L1/include\imgproc/xf_cvt_color_utils.hpp:852]   --->   Operation 37 'add' 'add_ln852' <Predicate = (!icmp_ln65)> <Delay = 0.83> <CoreInst = "DSP48">   --->   Core 71 'DSP48' <Latency = 3> <II = 1> <Delay = 0.69> <IPBlock> <Opcode : 'mul' 'add' 'sub' 'select'> <InPorts = 2> <OutPorts = 1> <Sync> <CReg>
ST_7 : Operation 38 [1/1] (0.00ns)   --->   "%zext_ln852_4 = zext i22 %add_ln852" [F:/Vitis_Libraries/vision/L1/include\imgproc/xf_cvt_color_utils.hpp:852]   --->   Operation 38 'zext' 'zext_ln852_4' <Predicate = (!icmp_ln65)> <Delay = 0.00>
ST_7 : Operation 39 [2/2] (0.83ns) (root node of the DSP)   --->   "%GRAY = add i23 %mul_ln852_1, i23 %zext_ln852_4" [F:/Vitis_Libraries/vision/L1/include\imgproc/xf_cvt_color_utils.hpp:852]   --->   Operation 39 'add' 'GRAY' <Predicate = (!icmp_ln65)> <Delay = 0.83> <CoreInst = "DSP48">   --->   Core 71 'DSP48' <Latency = 3> <II = 1> <Delay = 0.69> <IPBlock> <Opcode : 'mul' 'add' 'sub' 'select'> <InPorts = 2> <OutPorts = 1> <Sync> <CReg>

State 8 <SV = 7> <Delay = 2.77>
ST_8 : Operation 40 [1/1] (0.00ns)   --->   "%specloopname_ln0 = specloopname void @_ssdm_op_SpecLoopName, void @VITIS_LOOP_65_1_VITIS_LOOP_67_2_str"   --->   Operation 40 'specloopname' 'specloopname_ln0' <Predicate = (!icmp_ln65)> <Delay = 0.00>
ST_8 : Operation 41 [1/1] (0.00ns)   --->   "%speclooptripcount_ln0 = speclooptripcount void @_ssdm_op_SpecLoopTripCount, i64, i64, i64"   --->   Operation 41 'speclooptripcount' 'speclooptripcount_ln0' <Predicate = (!icmp_ln65)> <Delay = 0.00>
ST_8 : Operation 42 [1/1] (0.00ns)   --->   "%specpipeline_ln0 = specpipeline void @_ssdm_op_SpecPipeline, i32, i32, i32, i32, void @p_str"   --->   Operation 42 'specpipeline' 'specpipeline_ln0' <Predicate = (!icmp_ln65)> <Delay = 0.00>
ST_8 : Operation 43 [1/1] (0.00ns)   --->   "%specloopname_ln60 = specloopname void @_ssdm_op_SpecLoopName, void @empty_15" [source/edge_detector.cpp:60]   --->   Operation 43 'specloopname' 'specloopname_ln60' <Predicate = (!icmp_ln65)> <Delay = 0.00>
ST_8 : Operation 44 [1/2] (0.83ns) (root node of the DSP)   --->   "%GRAY = add i23 %mul_ln852_1, i23 %zext_ln852_4" [F:/Vitis_Libraries/vision/L1/include\imgproc/xf_cvt_color_utils.hpp:852]   --->   Operation 44 'add' 'GRAY' <Predicate = (!icmp_ln65)> <Delay = 0.83> <CoreInst = "DSP48">   --->   Core 71 'DSP48' <Latency = 3> <II = 1> <Delay = 0.69> <IPBlock> <Opcode : 'mul' 'add' 'sub' 'select'> <InPorts = 2> <OutPorts = 1> <Sync> <CReg>
ST_8 : Operation 45 [1/1] (0.00ns)   --->   "%Value_uchar = partselect i8 @_ssdm_op_PartSelect.i8.i23.i32.i32, i23 %GRAY, i32, i32" [F:/Vitis_Libraries/vision/L1/include\imgproc/xf_cvt_color_utils.hpp:745]   --->   Operation 45 'partselect' 'Value_uchar' <Predicate = (!icmp_ln65)> <Delay = 0.00>
ST_8 : Operation 46 [1/1] (1.94ns)   --->   "%write_ln167 = write void @_ssdm_op_Write.ap_fifo.volatile.i8P, i8 %grayImg_4230, i8 %Value_uchar" [F:/xilinx_2020.1/Vitis/2020.1/common/technology/autopilot/hls_stream_39.h:167]   --->   Operation 46 'write' 'write_ln167' <Predicate = (!icmp_ln65)> <Delay = 1.94> <CoreInst = "FIFO">   --->   Core 18 'FIFO' <Latency = 0> <II = 1> <Delay = 1.94> <Storage> <Opcode : 'read' 'write' 'nbread' 'nbwrite'> <Ports = 0> <Width = 8> <Depth = 1920> <FIFO>
ST_8 : Operation 47 [1/1] (0.00ns)   --->   "%br_ln0 = br void"   --->   Operation 47 'br' 'br_ln0' <Predicate = (!icmp_ln65)> <Delay = 0.00>

State 9 <SV = 2> <Delay = 0.00>
ST_9 : Operation 48 [1/1] (0.00ns)   --->   "%ret_ln76 = ret" [source/edge_detector.cpp:76]   --->   Operation 48 'ret' 'ret_ln76' <Predicate = true> <Delay = 0.00>


============================================================
+ Verbose Summary: Binding
============================================================
STG Binding: 
---------------- STG Properties BEGIN ----------------
- Is combinational: 0
- Is one-state seq: 0
- Is datapath-only: 0
- Is pipelined: 0
- Is top level: 0
Port [ Return ] is wired: 1; IO mode=ap_ctrl_hs:ce=0
Port [ srcImg_4228]:  wired=1; compound=1; hidden=0; nouse=0; global=0; static=0; extern=0; dir=0; type=3; pingpong=0; private_global=0; IO mode=ap_fifo:ce=0
Port [ grayImg_4230]:  wired=1; compound=1; hidden=0; nouse=0; global=0; static=0; extern=0; dir=1; type=3; pingpong=0; private_global=0; IO mode=ap_fifo:ce=0
---------------- STG Properties END ------------------

---------------- Datapath Model BEGIN ----------------

<LifeTime>
<method=bitvector/>
specinterface_ln0     (specinterface    ) [ 0000000000]
specinterface_ln0     (specinterface    ) [ 0000000000]
br_ln65               (br               ) [ 0111111110]
indvar_flatten        (phi              ) [ 0010000000]
specpipeline_ln0      (specpipeline     ) [ 0000000000]
icmp_ln65             (icmp             ) [ 0011111110]
add_ln65              (add              ) [ 0111111110]
br_ln65               (br               ) [ 0000000000]
tmp_V                 (read             ) [ 0000000000]
trunc_ln674           (trunc            ) [ 0000000000]
G_assign              (partselect       ) [ 0010110000]
B_assign              (partselect       ) [ 0010100000]
zext_ln852            (zext             ) [ 0010111000]
zext_ln852_2          (zext             ) [ 0010011000]
zext_ln852_1          (zext             ) [ 0010001100]
mul_ln852             (mul              ) [ 0010000100]
mul_ln852_2           (mul              ) [ 0000000000]
zext_ln852_3          (zext             ) [ 0010000100]
mul_ln852_1           (mul              ) [ 0010000010]
add_ln852             (add              ) [ 0000000000]
zext_ln852_4          (zext             ) [ 0010000010]
specloopname_ln0      (specloopname     ) [ 0000000000]
speclooptripcount_ln0 (speclooptripcount) [ 0000000000]
specpipeline_ln0      (specpipeline     ) [ 0000000000]
specloopname_ln60     (specloopname     ) [ 0000000000]
GRAY                  (add              ) [ 0000000000]
Value_uchar           (partselect       ) [ 0000000000]
write_ln167           (write            ) [ 0000000000]
br_ln0                (br               ) [ 0111111110]
ret_ln76              (ret              ) [ 0000000000]
</LifeTime>

<model>

<comp_list>
<comp id="0" class="1000" name="srcImg_4228">
<pin_list>
<pin id="1" dir="1" index="0" bw="1" slack="0"/>
</pin_list>
<bind>
<StgValue><ssdm name="srcImg_4228"/></StgValue>
</bind>
</comp>

<comp id="2" class="1000" name="grayImg_4230">
<pin_list>
<pin id="3" dir="1" index="0" bw="1" slack="0"/>
</pin_list>
<bind>
<StgValue><ssdm name="grayImg_4230"/></StgValue>
</bind>
</comp>

<comp id="4" class="1001" name="const_4">
<pin_list>
<pin id="5" dir="1" index="0" bw="1" slack="2147483647"/>
</pin_list>
<bind>
<StgValue><ssdm name="_ssdm_op_SpecInterface"/></StgValue>
</bind>
</comp>

<comp id="6" class="1001" name="const_6">
<pin_list>
<pin id="7" dir="1" index="0" bw="1" slack="2147483647"/>
</pin_list>
<bind>
<StgValue><ssdm name="empty_9"/></StgValue>
</bind>
</comp>

<comp id="8" class="1001" name="const_8">
<pin_list>
<pin id="9" dir="1" index="0" bw="1" slack="2147483647"/>
</pin_list>
<bind>
<StgValue><ssdm name=""/></StgValue>
</bind>
</comp>

<comp id="10" class="1001" name="const_10">
<pin_list>
<pin id="11" dir="1" index="0" bw="1" slack="2147483647"/>
</pin_list>
<bind>
<StgValue><ssdm name="empty_7"/></StgValue>
</bind>
</comp>

<comp id="12" class="1001" name="const_12">
<pin_list>
<pin id="13" dir="1" index="0" bw="1" slack="1"/>
</pin_list>
<bind>
<StgValue><ssdm name=""/></StgValue>
</bind>
</comp>

<comp id="14" class="1001" name="const_14">
<pin_list>
<pin id="15" dir="1" index="0" bw="1" slack="2147483647"/>
</pin_list>
<bind>
<StgValue><ssdm name="_ssdm_op_SpecPipeline"/></StgValue>
</bind>
</comp>

<comp id="16" class="1001" name="const_16">
<pin_list>
<pin id="17" dir="1" index="0" bw="1" slack="2147483647"/>
</pin_list>
<bind>
<StgValue><ssdm name=""/></StgValue>
</bind>
</comp>

<comp id="18" class="1001" name="const_18">
<pin_list>
<pin id="19" dir="1" index="0" bw="1" slack="2147483647"/>
</pin_list>
<bind>
<StgValue><ssdm name=""/></StgValue>
</bind>
</comp>

<comp id="20" class="1001" name="const_20">
<pin_list>
<pin id="21" dir="1" index="0" bw="1" slack="2147483647"/>
</pin_list>
<bind>
<StgValue><ssdm name="p_str"/></StgValue>
</bind>
</comp>

<comp id="22" class="1001" name="const_22">
<pin_list>
<pin id="23" dir="1" index="0" bw="1" slack="0"/>
</pin_list>
<bind>
<StgValue><ssdm name=""/></StgValue>
</bind>
</comp>

<comp id="24" class="1001" name="const_24">
<pin_list>
<pin id="25" dir="1" index="0" bw="1" slack="0"/>
</pin_list>
<bind>
<StgValue><ssdm name=""/></StgValue>
</bind>
</comp>

<comp id="26" class="1001" name="const_26">
<pin_list>
<pin id="27" dir="1" index="0" bw="1" slack="0"/>
</pin_list>
<bind>
<StgValue><ssdm name="_ssdm_op_Read.ap_fifo.volatile.i24P"/></StgValue>
</bind>
</comp>

<comp id="28" class="1001" name="const_28">
<pin_list>
<pin id="29" dir="1" index="0" bw="1" slack="0"/>
</pin_list>
<bind>
<StgValue><ssdm name="_ssdm_op_PartSelect.i8.i24.i32.i32"/></StgValue>
</bind>
</comp>

<comp id="30" class="1001" name="const_30">
<pin_list>
<pin id="31" dir="1" index="0" bw="1" slack="0"/>
</pin_list>
<bind>
<StgValue><ssdm name=""/></StgValue>
</bind>
</comp>

<comp id="32" class="1001" name="const_32">
<pin_list>
<pin id="33" dir="1" index="0" bw="1" slack="0"/>
</pin_list>
<bind>
<StgValue><ssdm name=""/></StgValue>
</bind>
</comp>

<comp id="34" class="1001" name="const_34">
<pin_list>
<pin id="35" dir="1" index="0" bw="1" slack="0"/>
</pin_list>
<bind>
<StgValue><ssdm name=""/></StgValue>
</bind>
</comp>

<comp id="36" class="1001" name="const_36">
<pin_list>
<pin id="37" dir="1" index="0" bw="1" slack="0"/>
</pin_list>
<bind>
<StgValue><ssdm name=""/></StgValue>
</bind>
</comp>

<comp id="38" class="1001" name="const_38">
<pin_list>
<pin id="39" dir="1" index="0" bw="1" slack="0"/>
</pin_list>
<bind>
<StgValue><ssdm name=""/></StgValue>
</bind>
</comp>

<comp id="40" class="1001" name="const_40">
<pin_list>
<pin id="41" dir="1" index="0" bw="1" slack="0"/>
</pin_list>
<bind>
<StgValue><ssdm name=""/></StgValue>
</bind>
</comp>

<comp id="42" class="1001" name="const_42">
<pin_list>
<pin id="43" dir="1" index="0" bw="1" slack="0"/>
</pin_list>
<bind>
<StgValue><ssdm name=""/></StgValue>
</bind>
</comp>

<comp id="44" class="1001" name="const_44">
<pin_list>
<pin id="45" dir="1" index="0" bw="1" slack="2147483647"/>
</pin_list>
<bind>
<StgValue><ssdm name="_ssdm_op_SpecLoopName"/></StgValue>
</bind>
</comp>

<comp id="46" class="1001" name="const_46">
<pin_list>
<pin id="47" dir="1" index="0" bw="1" slack="2147483647"/>
</pin_list>
<bind>
<StgValue><ssdm name="VITIS_LOOP_65_1_VITIS_LOOP_67_2_str"/></StgValue>
</bind>
</comp>

<comp id="48" class="1001" name="const_48">
<pin_list>
<pin id="49" dir="1" index="0" bw="1" slack="2147483647"/>
</pin_list>
<bind>
<StgValue><ssdm name="_ssdm_op_SpecLoopTripCount"/></StgValue>
</bind>
</comp>

<comp id="50" class="1001" name="const_50">
<pin_list>
<pin id="51" dir="1" index="0" bw="1" slack="2147483647"/>
</pin_list>
<bind>
<StgValue><ssdm name=""/></StgValue>
</bind>
</comp>

<comp id="52" class="1001" name="const_52">
<pin_list>
<pin id="53" dir="1" index="0" bw="1" slack="2147483647"/>
</pin_list>
<bind>
<StgValue><ssdm name="empty_15"/></StgValue>
</bind>
</comp>

<comp id="54" class="1001" name="const_54">
<pin_list>
<pin id="55" dir="1" index="0" bw="1" slack="0"/>
</pin_list>
<bind>
<StgValue><ssdm name="_ssdm_op_PartSelect.i8.i23.i32.i32"/></StgValue>
</bind>
</comp>

<comp id="56" class="1001" name="const_56">
<pin_list>
<pin id="57" dir="1" index="0" bw="1" slack="0"/>
</pin_list>
<bind>
<StgValue><ssdm name=""/></StgValue>
</bind>
</comp>

<comp id="58" class="1001" name="const_58">
<pin_list>
<pin id="59" dir="1" index="0" bw="1" slack="0"/>
</pin_list>
<bind>
<StgValue><ssdm name="_ssdm_op_Write.ap_fifo.volatile.i8P"/></StgValue>
</bind>
</comp>

<comp id="60" class="1004" name="tmp_V_read_fu_60">
<pin_list>
<pin id="61" dir="0" index="0" bw="24" slack="0"/>
<pin id="62" dir="0" index="1" bw="24" slack="0"/>
<pin id="63" dir="1" index="2" bw="24" slack="0"/>
</pin_list>
<bind>
<opcode="read(1150) " fcode="read"/>
<opset="tmp_V/3 "/>
</bind>
</comp>

<comp id="66" class="1004" name="write_ln167_write_fu_66">
<pin_list>
<pin id="67" dir="0" index="0" bw="0" slack="0"/>
<pin id="68" dir="0" index="1" bw="8" slack="0"/>
<pin id="69" dir="0" index="2" bw="8" slack="0"/>
<pin id="70" dir="1" index="3" bw="0" slack="2147483647"/>
</pin_list>
<bind>
<opcode="write(1151) " fcode="write"/>
<opset="write_ln167/8 "/>
</bind>
</comp>

<comp id="73" class="1005" name="indvar_flatten_reg_73">
<pin_list>
<pin id="74" dir="0" index="0" bw="21" slack="1"/>
<pin id="75" dir="1" index="1" bw="21" slack="1"/>
</pin_list>
<bind>
<opset="indvar_flatten (phireg) "/>
</bind>
</comp>

<comp id="77" class="1004" name="indvar_flatten_phi_fu_77">
<pin_list>
<pin id="78" dir="0" index="0" bw="1" slack="1"/>
<pin id="79" dir="0" index="1" bw="0" slack="2147483647"/>
<pin id="80" dir="0" index="2" bw="21" slack="0"/>
<pin id="81" dir="0" index="3" bw="0" slack="2147483647"/>
<pin id="82" dir="1" index="4" bw="21" slack="0"/>
</pin_list>
<bind>
<opcode="phi(47) " fcode="phi"/>
<opset="indvar_flatten/2 "/>
</bind>
</comp>

<comp id="84" class="1004" name="icmp_ln65_fu_84">
<pin_list>
<pin id="85" dir="0" index="0" bw="21" slack="0"/>
<pin id="86" dir="0" index="1" bw="21" slack="0"/>
<pin id="87" dir="1" index="2" bw="1" slack="1"/>
</pin_list>
<bind>
<opcode="icmp(45) " fcode="icmp"/>
<opset="icmp_ln65/2 "/>
</bind>
</comp>

<comp id="90" class="1004" name="add_ln65_fu_90">
<pin_list>
<pin id="91" dir="0" index="0" bw="21" slack="0"/>
<pin id="92" dir="0" index="1" bw="1" slack="0"/>
<pin id="93" dir="1" index="2" bw="21" slack="0"/>
</pin_list>
<bind>
<opcode="add(8) " fcode="add"/>
<opset="add_ln65/2 "/>
</bind>
</comp>

<comp id="96" class="1004" name="trunc_ln674_fu_96">
<pin_list>
<pin id="97" dir="0" index="0" bw="24" slack="0"/>
<pin id="98" dir="1" index="1" bw="8" slack="0"/>
</pin_list>
<bind>
<opcode="trunc(33) " fcode="trunc"/>
<opset="trunc_ln674/3 "/>
</bind>
</comp>

<comp id="100" class="1004" name="G_assign_fu_100">
<pin_list>
<pin id="101" dir="0" index="0" bw="8" slack="0"/>
<pin id="102" dir="0" index="1" bw="24" slack="0"/>
<pin id="103" dir="0" index="2" bw="5" slack="0"/>
<pin id="104" dir="0" index="3" bw="5" slack="0"/>
<pin id="105" dir="1" index="4" bw="8" slack="2"/>
</pin_list>
<bind>
<opcode="partselect(1002) " fcode="partselect"/>
<opset="G_assign/3 "/>
</bind>
</comp>

<comp id="110" class="1004" name="B_assign_fu_110">
<pin_list>
<pin id="111" dir="0" index="0" bw="8" slack="0"/>
<pin id="112" dir="0" index="1" bw="24" slack="0"/>
<pin id="113" dir="0" index="2" bw="6" slack="0"/>
<pin id="114" dir="0" index="3" bw="6" slack="0"/>
<pin id="115" dir="1" index="4" bw="8" slack="1"/>
</pin_list>
<bind>
<opcode="partselect(1002) " fcode="partselect"/>
<opset="B_assign/3 "/>
</bind>
</comp>

<comp id="120" class="1004" name="zext_ln852_fu_120">
<pin_list>
<pin id="121" dir="0" index="0" bw="8" slack="0"/>
<pin id="122" dir="1" index="1" bw="22" slack="0"/>
</pin_list>
<bind>
<opcode="zext(34) " fcode="zext"/>
<opset="zext_ln852/3 "/>
</bind>
</comp>

<comp id="124" class="1004" name="zext_ln852_2_fu_124">
<pin_list>
<pin id="125" dir="0" index="0" bw="8" slack="1"/>
<pin id="126" dir="1" index="1" bw="20" slack="0"/>
</pin_list>
<bind>
<opcode="zext(34) " fcode="zext"/>
<opset="zext_ln852_2/4 "/>
</bind>
</comp>

<comp id="127" class="1004" name="zext_ln852_1_fu_127">
<pin_list>
<pin id="128" dir="0" index="0" bw="8" slack="2"/>
<pin id="129" dir="1" index="1" bw="23" slack="0"/>
</pin_list>
<bind>
<opcode="zext(34) " fcode="zext"/>
<opset="zext_ln852_1/5 "/>
</bind>
</comp>

<comp id="130" class="1004" name="zext_ln852_4_fu_130">
<pin_list>
<pin id="131" dir="0" index="0" bw="22" slack="0"/>
<pin id="132" dir="1" index="1" bw="23" slack="0"/>
</pin_list>
<bind>
<opcode="zext(34) " fcode="zext"/>
<opset="zext_ln852_4/7 "/>
</bind>
</comp>

<comp id="133" class="1004" name="Value_uchar_fu_133">
<pin_list>
<pin id="134" dir="0" index="0" bw="8" slack="0"/>
<pin id="135" dir="0" index="1" bw="23" slack="0"/>
<pin id="136" dir="0" index="2" bw="5" slack="0"/>
<pin id="137" dir="0" index="3" bw="6" slack="0"/>
<pin id="138" dir="1" index="4" bw="8" slack="0"/>
</pin_list>
<bind>
<opcode="partselect(1002) " fcode="partselect"/>
<opset="Value_uchar/8 "/>
</bind>
</comp>

<comp id="143" class="1007" name="grp_fu_143">
<pin_list>
<pin id="144" dir="0" index="0" bw="22" slack="0"/>
<pin id="145" dir="0" index="1" bw="8" slack="0"/>
<pin id="146" dir="1" index="2" bw="22" slack="0"/>
</pin_list>
<bind>
<opcode="mul(12) " fcode="mul"/>
<opset="mul_ln852/3 "/>
</bind>
</comp>

<comp id="149" class="1007" name="grp_fu_149">
<pin_list>
<pin id="150" dir="0" index="0" bw="20" slack="0"/>
<pin id="151" dir="0" index="1" bw="8" slack="0"/>
<pin id="152" dir="0" index="2" bw="22" slack="0"/>
<pin id="153" dir="1" index="3" bw="22" slack="0"/>
</pin_list>
<bind>
<opcode="muladd(1172) " fcode="muladd"/>
<opset="mul_ln852_2/4 zext_ln852_3/6 add_ln852/6 "/>
</bind>
</comp>

<comp id="158" class="1007" name="grp_fu_158">
<pin_list>
<pin id="159" dir="0" index="0" bw="23" slack="0"/>
<pin id="160" dir="0" index="1" bw="8" slack="0"/>
<pin id="161" dir="0" index="2" bw="22" slack="0"/>
<pin id="162" dir="1" index="3" bw="23" slack="0"/>
</pin_list>
<bind>
<opcode="muladd(1172) " fcode="muladd"/>
<opset="mul_ln852_1/5 GRAY/7 "/>
</bind>
</comp>

<comp id="167" class="1005" name="icmp_ln65_reg_167">
<pin_list>
<pin id="168" dir="0" index="0" bw="1" slack="1"/>
<pin id="169" dir="1" index="1" bw="1" slack="2147483647"/>
</pin_list>
<bind>
<opset="icmp_ln65 "/>
</bind>
</comp>

<comp id="171" class="1005" name="add_ln65_reg_171">
<pin_list>
<pin id="172" dir="0" index="0" bw="21" slack="0"/>
<pin id="173" dir="1" index="1" bw="21" slack="0"/>
</pin_list>
<bind>
<opset="add_ln65 "/>
</bind>
</comp>

<comp id="176" class="1005" name="G_assign_reg_176">
<pin_list>
<pin id="177" dir="0" index="0" bw="8" slack="2"/>
<pin id="178" dir="1" index="1" bw="8" slack="2"/>
</pin_list>
<bind>
<opset="G_assign "/>
</bind>
</comp>

<comp id="181" class="1005" name="B_assign_reg_181">
<pin_list>
<pin id="182" dir="0" index="0" bw="8" slack="1"/>
<pin id="183" dir="1" index="1" bw="8" slack="1"/>
</pin_list>
<bind>
<opset="B_assign "/>
</bind>
</comp>

<comp id="186" class="1005" name="zext_ln852_reg_186">
<pin_list>
<pin id="187" dir="0" index="0" bw="22" slack="1"/>
<pin id="188" dir="1" index="1" bw="22" slack="1"/>
</pin_list>
<bind>
<opset="zext_ln852 "/>
</bind>
</comp>

<comp id="191" class="1005" name="zext_ln852_2_reg_191">
<pin_list>
<pin id="192" dir="0" index="0" bw="20" slack="1"/>
<pin id="193" dir="1" index="1" bw="20" slack="1"/>
</pin_list>
<bind>
<opset="zext_ln852_2 "/>
</bind>
</comp>

<comp id="196" class="1005" name="zext_ln852_1_reg_196">
<pin_list>
<pin id="197" dir="0" index="0" bw="23" slack="1"/>
<pin id="198" dir="1" index="1" bw="23" slack="1"/>
</pin_list>
<bind>
<opset="zext_ln852_1 "/>
</bind>
</comp>

<comp id="201" class="1005" name="mul_ln852_reg_201">
<pin_list>
<pin id="202" dir="0" index="0" bw="22" slack="1"/>
<pin id="203" dir="1" index="1" bw="22" slack="1"/>
</pin_list>
<bind>
<opset="mul_ln852 "/>
</bind>
</comp>

<comp id="206" class="1005" name="zext_ln852_4_reg_206">
<pin_list>
<pin id="207" dir="0" index="0" bw="23" slack="1"/>
<pin id="208" dir="1" index="1" bw="23" slack="1"/>
</pin_list>
<bind>
<opset="zext_ln852_4 "/>
</bind>
</comp>

</comp_list>

<net_list>
<net id="64"><net_src comp="26" pin="0"/><net_sink comp="60" pin=0"/></net>

<net id="65"><net_src comp="0" pin="0"/><net_sink comp="60" pin=1"/></net>

<net id="71"><net_src comp="58" pin="0"/><net_sink comp="66" pin=0"/></net>

<net id="72"><net_src comp="2" pin="0"/><net_sink comp="66" pin=1"/></net>

<net id="76"><net_src comp="12" pin="0"/><net_sink comp="73" pin=0"/></net>

<net id="83"><net_src comp="73" pin="1"/><net_sink comp="77" pin=0"/></net>

<net id="88"><net_src comp="77" pin="4"/><net_sink comp="84" pin=0"/></net>

<net id="89"><net_src comp="22" pin="0"/><net_sink comp="84" pin=1"/></net>

<net id="94"><net_src comp="77" pin="4"/><net_sink comp="90" pin=0"/></net>

<net id="95"><net_src comp="24" pin="0"/><net_sink comp="90" pin=1"/></net>

<net id="99"><net_src comp="60" pin="2"/><net_sink comp="96" pin=0"/></net>

<net id="106"><net_src comp="28" pin="0"/><net_sink comp="100" pin=0"/></net>

<net id="107"><net_src comp="60" pin="2"/><net_sink comp="100" pin=1"/></net>

<net id="108"><net_src comp="30" pin="0"/><net_sink comp="100" pin=2"/></net>

<net id="109"><net_src comp="32" pin="0"/><net_sink comp="100" pin=3"/></net>

<net id="116"><net_src comp="28" pin="0"/><net_sink comp="110" pin=0"/></net>

<net id="117"><net_src comp="60" pin="2"/><net_sink comp="110" pin=1"/></net>

<net id="118"><net_src comp="34" pin="0"/><net_sink comp="110" pin=2"/></net>

<net id="119"><net_src comp="36" pin="0"/><net_sink comp="110" pin=3"/></net>

<net id="123"><net_src comp="96" pin="1"/><net_sink comp="120" pin=0"/></net>

<net id="139"><net_src comp="54" pin="0"/><net_sink comp="133" pin=0"/></net>

<net id="140"><net_src comp="32" pin="0"/><net_sink comp="133" pin=2"/></net>

<net id="141"><net_src comp="56" pin="0"/><net_sink comp="133" pin=3"/></net>

<net id="142"><net_src comp="133" pin="4"/><net_sink comp="66" pin=2"/></net>

<net id="147"><net_src comp="38" pin="0"/><net_sink comp="143" pin=0"/></net>

<net id="148"><net_src comp="120" pin="1"/><net_sink comp="143" pin=1"/></net>

<net id="154"><net_src comp="40" pin="0"/><net_sink comp="149" pin=0"/></net>

<net id="155"><net_src comp="124" pin="1"/><net_sink comp="149" pin=1"/></net>

<net id="156"><net_src comp="143" pin="2"/><net_sink comp="149" pin=2"/></net>

<net id="157"><net_src comp="149" pin="3"/><net_sink comp="130" pin=0"/></net>

<net id="163"><net_src comp="42" pin="0"/><net_sink comp="158" pin=0"/></net>

<net id="164"><net_src comp="127" pin="1"/><net_sink comp="158" pin=1"/></net>

<net id="165"><net_src comp="130" pin="1"/><net_sink comp="158" pin=2"/></net>

<net id="166"><net_src comp="158" pin="3"/><net_sink comp="133" pin=1"/></net>

<net id="170"><net_src comp="84" pin="2"/><net_sink comp="167" pin=0"/></net>

<net id="174"><net_src comp="90" pin="2"/><net_sink comp="171" pin=0"/></net>

<net id="175"><net_src comp="171" pin="1"/><net_sink comp="77" pin=2"/></net>

<net id="179"><net_src comp="100" pin="4"/><net_sink comp="176" pin=0"/></net>

<net id="180"><net_src comp="176" pin="1"/><net_sink comp="127" pin=0"/></net>

<net id="184"><net_src comp="110" pin="4"/><net_sink comp="181" pin=0"/></net>

<net id="185"><net_src comp="181" pin="1"/><net_sink comp="124" pin=0"/></net>

<net id="189"><net_src comp="120" pin="1"/><net_sink comp="186" pin=0"/></net>

<net id="190"><net_src comp="186" pin="1"/><net_sink comp="143" pin=1"/></net>

<net id="194"><net_src comp="124" pin="1"/><net_sink comp="191" pin=0"/></net>

<net id="195"><net_src comp="191" pin="1"/><net_sink comp="149" pin=1"/></net>

<net id="199"><net_src comp="127" pin="1"/><net_sink comp="196" pin=0"/></net>

<net id="200"><net_src comp="196" pin="1"/><net_sink comp="158" pin=1"/></net>

<net id="204"><net_src comp="143" pin="2"/><net_sink comp="201" pin=0"/></net>

<net id="205"><net_src comp="201" pin="1"/><net_sink comp="149" pin=1"/></net>

<net id="209"><net_src comp="130" pin="1"/><net_sink comp="206" pin=0"/></net>

<net id="210"><net_src comp="206" pin="1"/><net_sink comp="158" pin=1"/></net>

</net_list>

</model> 
---------------- Datapath Model END ------------------

* FSMD analyzer results:
  - Output states:
	Port: grayImg_4230 | {8 }
 - Input state : 
	Port: xfrgb2gray<1080, 1920> : srcImg_4228 | {3 }
  - Chain level:
	State 1
	State 2
		icmp_ln65 : 1
		add_ln65 : 1
		br_ln65 : 2
	State 3
		zext_ln852 : 1
		mul_ln852 : 2
	State 4
		mul_ln852_2 : 1
	State 5
		mul_ln852_1 : 1
	State 6
		zext_ln852_3 : 1
		add_ln852 : 2
	State 7
		zext_ln852_4 : 1
		GRAY : 2
	State 8
		Value_uchar : 1
		write_ln167 : 2
	State 9


============================================================
+ Verbose Summary: Datapath Resource usage 
============================================================

* Functional unit list:
|----------|-------------------------|---------|---------|---------|
| Operation|     Functional Unit     |   DSP   |    FF   |   LUT   |
|----------|-------------------------|---------|---------|---------|
|    add   |      add_ln65_fu_90     |    0    |    0    |    28   |
|----------|-------------------------|---------|---------|---------|
|   icmp   |     icmp_ln65_fu_84     |    0    |    0    |    20   |
|----------|-------------------------|---------|---------|---------|
|  muladd  |        grp_fu_149       |    1    |    0    |    0    |
|          |        grp_fu_158       |    1    |    0    |    0    |
|----------|-------------------------|---------|---------|---------|
|    mul   |        grp_fu_143       |    1    |    0    |    0    |
|----------|-------------------------|---------|---------|---------|
|   read   |     tmp_V_read_fu_60    |    0    |    0    |    0    |
|----------|-------------------------|---------|---------|---------|
|   write  | write_ln167_write_fu_66 |    0    |    0    |    0    |
|----------|-------------------------|---------|---------|---------|
|   trunc  |    trunc_ln674_fu_96    |    0    |    0    |    0    |
|----------|-------------------------|---------|---------|---------|
|          |     G_assign_fu_100     |    0    |    0    |    0    |
|partselect|     B_assign_fu_110     |    0    |    0    |    0    |
|          |    Value_uchar_fu_133   |    0    |    0    |    0    |
|----------|-------------------------|---------|---------|---------|
|          |    zext_ln852_fu_120    |    0    |    0    |    0    |
|   zext   |   zext_ln852_2_fu_124   |    0    |    0    |    0    |
|          |   zext_ln852_1_fu_127   |    0    |    0    |    0    |
|          |   zext_ln852_4_fu_130   |    0    |    0    |    0    |
|----------|-------------------------|---------|---------|---------|
|   Total  |                         |    3    |    0    |    48   |
|----------|-------------------------|---------|---------|---------|

Memories:
N/A

* Register list:
+---------------------+--------+
|                     |   FF   |
+---------------------+--------+
|   B_assign_reg_181  |    8   |
|   G_assign_reg_176  |    8   |
|   add_ln65_reg_171  |   21   |
|  icmp_ln65_reg_167  |    1   |
|indvar_flatten_reg_73|   21   |
|  mul_ln852_reg_201  |   22   |
| zext_ln852_1_reg_196|   23   |
| zext_ln852_2_reg_191|   20   |
| zext_ln852_4_reg_206|   23   |
|  zext_ln852_reg_186 |   22   |
+---------------------+--------+
|        Total        |   169  |
+---------------------+--------+

* Multiplexer (MUX) list: 
|------------|------|------|------|--------||---------||---------|
|    Comp    |  Pin | Size |  BW  | S x BW ||  Delay  ||   LUT   |
|------------|------|------|------|--------||---------||---------|
| grp_fu_143 |  p1  |   2  |   8  |   16   ||    9    |
| grp_fu_149 |  p1  |   3  |   8  |   24   ||    15   |
| grp_fu_158 |  p1  |   3  |   8  |   24   ||    15   |
|------------|------|------|------|--------||---------||---------|
|    Total   |      |      |      |   64   ||  3.1245 ||    39   |
|------------|------|------|------|--------||---------||---------|



* Summary:
+-----------+--------+--------+--------+--------+
|           |   DSP  |  Delay |   FF   |   LUT  |
+-----------+--------+--------+--------+--------+
|  Function |    3   |    -   |    0   |   48   |
|   Memory  |    -   |    -   |    -   |    -   |
|Multiplexer|    -   |    3   |    -   |   39   |
|  Register |    -   |    -   |   169  |    -   |
+-----------+--------+--------+--------+--------+
|   Total   |    3   |    3   |   169  |   87   |
+-----------+--------+--------+--------+--------+
