
*** Running vivado
    with args -log pwm_test.vdi -applog -m64 -product Vivado -messageDb vivado.pb -mode batch -source pwm_test.tcl -notrace



****** Vivado v2020.1 (64-bit)
  **** SW Build 2902540 on Wed May 27 19:54:49 MDT 2020
  **** IP Build 2902112 on Wed May 27 22:43:36 MDT 2020
    ** Copyright 1986-2020 Xilinx, Inc. All Rights Reserved.

source pwm_test.tcl -notrace
Command: link_design -top pwm_test -part xazu5ev-sfvc784-1-i
Design is defaulting to srcset: sources_1
Design is defaulting to constrset: constrs_1
INFO: [Device 21-403] Loading part xazu5ev-sfvc784-1-i
Netlist sorting complete. Time (s): cpu = 00:00:00 ; elapsed = 00:00:00.003 . Memory (MB): peak = 1283.371 ; gain = 0.000
INFO: [Netlist 29-17] Analyzing 18 Unisim elements for replacement
INFO: [Netlist 29-28] Unisim Transformation completed in 2 CPU seconds
INFO: [Project 1-479] Netlist was created with Vivado 2020.1
INFO: [Project 1-570] Preparing netlist for logic optimization
Parsing XDC File [E:/XilinxPrj/AXU5EVB/2020/course_s1_fpga/07_pwm_led/pwm_led.srcs/constrs_1/new/pwm.xdc]
Finished Parsing XDC File [E:/XilinxPrj/AXU5EVB/2020/course_s1_fpga/07_pwm_led/pwm_led.srcs/constrs_1/new/pwm.xdc]
INFO: [Opt 31-138] Pushed 0 inverter(s) to 0 load pin(s).
Netlist sorting complete. Time (s): cpu = 00:00:00 ; elapsed = 00:00:00.001 . Memory (MB): peak = 1401.824 ; gain = 0.000
INFO: [Project 1-111] Unisim Transformation Summary:
  A total of 2 instances were transformed.
  IBUF => IBUF (IBUFCTRL, INBUF): 1 instance 
  IBUFDS => IBUFDS (DIFFINBUF, IBUFCTRL): 1 instance 

7 Infos, 0 Warnings, 0 Critical Warnings and 0 Errors encountered.
link_design completed successfully
link_design: Time (s): cpu = 00:00:13 ; elapsed = 00:00:15 . Memory (MB): peak = 1401.824 ; gain = 328.508
Command: opt_design
Attempting to get a license for feature 'Implementation' and/or device 'xazu5ev'
INFO: [Common 17-349] Got license for feature 'Implementation' and/or device 'xazu5ev'
Running DRC as a precondition to command opt_design

Starting DRC Task
INFO: [DRC 23-27] Running DRC with 2 threads
INFO: [Project 1-461] DRC finished with 0 Errors
INFO: [Project 1-462] Please refer to the DRC report (report_drc) for more information.

Time (s): cpu = 00:00:02 ; elapsed = 00:00:01 . Memory (MB): peak = 1432.766 ; gain = 30.941

Starting Cache Timing Information Task
INFO: [Timing 38-35] Done setting XDC timing constraints.
Ending Cache Timing Information Task | Checksum: cbb1e2a5

Time (s): cpu = 00:00:03 ; elapsed = 00:00:03 . Memory (MB): peak = 1715.102 ; gain = 282.336

Starting Logic Optimization Task

Phase 1 Retarget
INFO: [Opt 31-138] Pushed 1 inverter(s) to 118 load pin(s).
INFO: [Opt 31-49] Retargeted 0 cell(s).
Phase 1 Retarget | Checksum: ba592722

Time (s): cpu = 00:00:00 ; elapsed = 00:00:00.036 . Memory (MB): peak = 1927.570 ; gain = 0.000
INFO: [Opt 31-389] Phase Retarget created 0 cells and removed 1 cells

Phase 2 Constant propagation
INFO: [Opt 31-138] Pushed 0 inverter(s) to 0 load pin(s).
Phase 2 Constant propagation | Checksum: 12dd9e10b

Time (s): cpu = 00:00:00 ; elapsed = 00:00:00.039 . Memory (MB): peak = 1927.570 ; gain = 0.000
INFO: [Opt 31-389] Phase Constant propagation created 0 cells and removed 0 cells

Phase 3 Sweep
Phase 3 Sweep | Checksum: 18d6767f1

Time (s): cpu = 00:00:00 ; elapsed = 00:00:00.047 . Memory (MB): peak = 1927.570 ; gain = 0.000
INFO: [Opt 31-389] Phase Sweep created 0 cells and removed 0 cells

Phase 4 BUFG optimization
INFO: [Opt 31-1077] Phase BUFG optimization inserted 0 global clock buffer(s) for CLOCK_LOW_FANOUT.
Phase 4 BUFG optimization | Checksum: 18d6767f1

Time (s): cpu = 00:00:00 ; elapsed = 00:00:00.057 . Memory (MB): peak = 1927.570 ; gain = 0.000
INFO: [Opt 31-662] Phase BUFG optimization created 0 cells of which 0 are BUFGs and removed 0 cells.

Phase 5 Shift Register Optimization
INFO: [Opt 31-1064] SRL Remap converted 0 SRLs to 0 registers and converted 0 registers of register chains to 0 SRLs
Phase 5 Shift Register Optimization | Checksum: 18d6767f1

Time (s): cpu = 00:00:00 ; elapsed = 00:00:00.060 . Memory (MB): peak = 1927.570 ; gain = 0.000
INFO: [Opt 31-389] Phase Shift Register Optimization created 0 cells and removed 0 cells

Phase 6 Post Processing Netlist
Phase 6 Post Processing Netlist | Checksum: 18d6767f1

Time (s): cpu = 00:00:00 ; elapsed = 00:00:00.062 . Memory (MB): peak = 1927.570 ; gain = 0.000
INFO: [Opt 31-389] Phase Post Processing Netlist created 0 cells and removed 0 cells
Opt_design Change Summary
=========================


-------------------------------------------------------------------------------------------------------------------------
|  Phase                        |  #Cells created  |  #Cells Removed  |  #Constrained objects preventing optimizations  |
-------------------------------------------------------------------------------------------------------------------------
|  Retarget                     |               0  |               1  |                                              0  |
|  Constant propagation         |               0  |               0  |                                              0  |
|  Sweep                        |               0  |               0  |                                              0  |
|  BUFG optimization            |               0  |               0  |                                              0  |
|  Shift Register Optimization  |               0  |               0  |                                              0  |
|  Post Processing Netlist      |               0  |               0  |                                              0  |
-------------------------------------------------------------------------------------------------------------------------



Starting Connectivity Check Task

Time (s): cpu = 00:00:00 ; elapsed = 00:00:00 . Memory (MB): peak = 1927.570 ; gain = 0.000
Ending Logic Optimization Task | Checksum: 15f6a4a30

Time (s): cpu = 00:00:00 ; elapsed = 00:00:00.079 . Memory (MB): peak = 1927.570 ; gain = 0.000

Starting Power Optimization Task
INFO: [Pwropt 34-132] Skipping clock gating for clocks with a period < 2.00 ns.
Ending Power Optimization Task | Checksum: 15f6a4a30

Time (s): cpu = 00:00:00 ; elapsed = 00:00:00.007 . Memory (MB): peak = 1927.570 ; gain = 0.000

Starting Final Cleanup Task
Ending Final Cleanup Task | Checksum: 15f6a4a30

Time (s): cpu = 00:00:00 ; elapsed = 00:00:00 . Memory (MB): peak = 1927.570 ; gain = 0.000

Starting Netlist Obfuscation Task
Netlist sorting complete. Time (s): cpu = 00:00:00 ; elapsed = 00:00:00 . Memory (MB): peak = 1927.570 ; gain = 0.000
Ending Netlist Obfuscation Task | Checksum: 15f6a4a30

Time (s): cpu = 00:00:00 ; elapsed = 00:00:00 . Memory (MB): peak = 1927.570 ; gain = 0.000
INFO: [Common 17-83] Releasing license: Implementation
25 Infos, 0 Warnings, 0 Critical Warnings and 0 Errors encountered.
opt_design completed successfully
opt_design: Time (s): cpu = 00:00:07 ; elapsed = 00:00:06 . Memory (MB): peak = 1927.570 ; gain = 525.746
INFO: [Timing 38-480] Writing timing data to binary archive.
Writing placer database...
Writing XDEF routing.
Writing XDEF routing logical nets.
Writing XDEF routing special nets.
Write XDEF Complete: Time (s): cpu = 00:00:00 ; elapsed = 00:00:00.078 . Memory (MB): peak = 1927.570 ; gain = 0.000
INFO: [Common 17-1381] The checkpoint 'E:/XilinxPrj/AXU5EVB/2020/course_s1_fpga/07_pwm_led/pwm_led.runs/impl_1/pwm_test_opt.dcp' has been generated.
INFO: [runtcl-4] Executing : report_drc -file pwm_test_drc_opted.rpt -pb pwm_test_drc_opted.pb -rpx pwm_test_drc_opted.rpx
Command: report_drc -file pwm_test_drc_opted.rpt -pb pwm_test_drc_opted.pb -rpx pwm_test_drc_opted.rpx
INFO: [IP_Flow 19-234] Refreshing IP repositories
INFO: [IP_Flow 19-1704] No user IP repositories specified
INFO: [IP_Flow 19-2313] Loaded Vivado IP repository 'E:/XilinxVitis/Vivado/2020.1/data/ip'.
INFO: [DRC 23-27] Running DRC with 2 threads
INFO: [Coretcl 2-168] The results of DRC are in file E:/XilinxPrj/AXU5EVB/2020/course_s1_fpga/07_pwm_led/pwm_led.runs/impl_1/pwm_test_drc_opted.rpt.
report_drc completed successfully
Command: place_design
Attempting to get a license for feature 'Implementation' and/or device 'xazu5ev'
INFO: [Common 17-349] Got license for feature 'Implementation' and/or device 'xazu5ev'
INFO: [DRC 23-27] Running DRC with 2 threads
INFO: [Vivado_Tcl 4-198] DRC finished with 0 Errors
INFO: [Vivado_Tcl 4-199] Please refer to the DRC report (report_drc) for more information.
Running DRC as a precondition to command place_design
INFO: [DRC 23-27] Running DRC with 2 threads
INFO: [Vivado_Tcl 4-198] DRC finished with 0 Errors
INFO: [Vivado_Tcl 4-199] Please refer to the DRC report (report_drc) for more information.

Starting Placer Task
INFO: [Place 30-611] Multithreading enabled for place_design using a maximum of 2 CPUs

Phase 1 Placer Initialization

Phase 1.1 Placer Initialization Netlist Sorting
Netlist sorting complete. Time (s): cpu = 00:00:00 ; elapsed = 00:00:00 . Memory (MB): peak = 1927.570 ; gain = 0.000
Phase 1.1 Placer Initialization Netlist Sorting | Checksum: 119fdecb0

Time (s): cpu = 00:00:00 ; elapsed = 00:00:00.004 . Memory (MB): peak = 1927.570 ; gain = 0.000
Netlist sorting complete. Time (s): cpu = 00:00:00 ; elapsed = 00:00:00 . Memory (MB): peak = 1927.570 ; gain = 0.000

Phase 1.2 IO Placement/ Clock Placement/ Build Placer Device
INFO: [Timing 38-35] Done setting XDC timing constraints.
Phase 1.2 IO Placement/ Clock Placement/ Build Placer Device | Checksum: fac6b5ad

Time (s): cpu = 00:00:24 ; elapsed = 00:00:26 . Memory (MB): peak = 3125.285 ; gain = 1197.715

Phase 1.3 Build Placer Netlist Model
Phase 1.3 Build Placer Netlist Model | Checksum: 12a911c05

Time (s): cpu = 00:00:25 ; elapsed = 00:00:27 . Memory (MB): peak = 3125.285 ; gain = 1197.715

Phase 1.4 Constrain Clocks/Macros
Phase 1.4 Constrain Clocks/Macros | Checksum: 12a911c05

Time (s): cpu = 00:00:25 ; elapsed = 00:00:27 . Memory (MB): peak = 3125.285 ; gain = 1197.715
Phase 1 Placer Initialization | Checksum: 12a911c05

Time (s): cpu = 00:00:25 ; elapsed = 00:00:27 . Memory (MB): peak = 3125.285 ; gain = 1197.715

Phase 2 Global Placement

Phase 2.1 Floorplanning

Phase 2.1.1 Partition Driven Placement

Phase 2.1.1.1 PBP: Partition Driven Placement
Phase 2.1.1.1 PBP: Partition Driven Placement | Checksum: 11130d7e8

Time (s): cpu = 00:00:25 ; elapsed = 00:00:27 . Memory (MB): peak = 3125.285 ; gain = 1197.715

Phase 2.1.1.2 PBP: Clock Region Placement
Phase 2.1.1.2 PBP: Clock Region Placement | Checksum: ed3bd697

Time (s): cpu = 00:00:25 ; elapsed = 00:00:27 . Memory (MB): peak = 3125.285 ; gain = 1197.715

Phase 2.1.1.3 PBP: Compute Congestion
Phase 2.1.1.3 PBP: Compute Congestion | Checksum: ed3bd697

Time (s): cpu = 00:00:26 ; elapsed = 00:00:27 . Memory (MB): peak = 3125.285 ; gain = 1197.715

Phase 2.1.1.4 PBP: UpdateTiming
Phase 2.1.1.4 PBP: UpdateTiming | Checksum: 138a65b7d

Time (s): cpu = 00:00:26 ; elapsed = 00:00:27 . Memory (MB): peak = 3125.285 ; gain = 1197.715

Phase 2.1.1.5 PBP: Add part constraints
Phase 2.1.1.5 PBP: Add part constraints | Checksum: 138a65b7d

Time (s): cpu = 00:00:26 ; elapsed = 00:00:27 . Memory (MB): peak = 3125.285 ; gain = 1197.715
Phase 2.1.1 Partition Driven Placement | Checksum: 138a65b7d

Time (s): cpu = 00:00:26 ; elapsed = 00:00:27 . Memory (MB): peak = 3125.285 ; gain = 1197.715
Phase 2.1 Floorplanning | Checksum: 138a65b7d

Time (s): cpu = 00:00:26 ; elapsed = 00:00:27 . Memory (MB): peak = 3125.285 ; gain = 1197.715

Phase 2.2 Global Placement Core

Phase 2.2.1 Physical Synthesis In Placer
INFO: [Physopt 32-1035] Found 0 LUTNM shape to break, 3 LUT instances to create LUTNM shape
INFO: [Physopt 32-1044] Break lutnm for timing: one critical 0, two critical 0, total 0, new lutff created 0
INFO: [Physopt 32-775] End 1 Pass. Optimized 1 net or cell. Created 0 new cell, deleted 1 existing cell and moved 0 existing cell
INFO: [Physopt 32-65] No nets found for high-fanout optimization.
INFO: [Physopt 32-232] Optimized 0 net. Created 0 new instance.
INFO: [Physopt 32-775] End 1 Pass. Optimized 0 net or cell. Created 0 new cell, deleted 0 existing cell and moved 0 existing cell
INFO: [Physopt 32-670] No setup violation found.  DSP Register Optimization was not performed.
INFO: [Physopt 32-670] No setup violation found.  Shift Register to Pipeline Optimization was not performed.
INFO: [Physopt 32-670] No setup violation found.  Shift Register Optimization was not performed.
INFO: [Physopt 32-670] No setup violation found.  BRAM Register Optimization was not performed.
INFO: [Physopt 32-670] No setup violation found.  URAM Register Optimization was not performed.
INFO: [Physopt 32-949] No candidate nets found for HD net replication
INFO: [Physopt 32-775] End 1 Pass. Optimized 0 net or cell. Created 0 new cell, deleted 0 existing cell and moved 0 existing cell
Netlist sorting complete. Time (s): cpu = 00:00:00 ; elapsed = 00:00:00 . Memory (MB): peak = 3125.285 ; gain = 0.000

Summary of Physical Synthesis Optimizations
============================================


-----------------------------------------------------------------------------------------------------------------------------------------------------------
|  Optimization                                     |  Added Cells  |  Removed Cells  |  Optimized Cells/Nets  |  Dont Touch  |  Iterations  |  Elapsed   |
-----------------------------------------------------------------------------------------------------------------------------------------------------------
|  LUT Combining                                    |            0  |              1  |                     1  |           0  |           1  |  00:00:00  |
|  Very High Fanout                                 |            0  |              0  |                     0  |           0  |           1  |  00:00:00  |
|  DSP Register                                     |            0  |              0  |                     0  |           0  |           0  |  00:00:00  |
|  Shift Register to Pipeline                       |            0  |              0  |                     0  |           0  |           0  |  00:00:00  |
|  Shift Register                                   |            0  |              0  |                     0  |           0  |           0  |  00:00:00  |
|  BRAM Register                                    |            0  |              0  |                     0  |           0  |           0  |  00:00:00  |
|  URAM Register                                    |            0  |              0  |                     0  |           0  |           0  |  00:00:00  |
|  Dynamic/Static Region Interface Net Replication  |            0  |              0  |                     0  |           0  |           1  |  00:00:00  |
|  Total                                            |            0  |              1  |                     1  |           0  |           3  |  00:00:00  |
-----------------------------------------------------------------------------------------------------------------------------------------------------------


Phase 2.2.1 Physical Synthesis In Placer | Checksum: 1d0727c6b

Time (s): cpu = 00:00:28 ; elapsed = 00:00:29 . Memory (MB): peak = 3125.285 ; gain = 1197.715
Phase 2.2 Global Placement Core | Checksum: 1ff318c21

Time (s): cpu = 00:00:28 ; elapsed = 00:00:29 . Memory (MB): peak = 3125.285 ; gain = 1197.715
Phase 2 Global Placement | Checksum: 1ff318c21

Time (s): cpu = 00:00:28 ; elapsed = 00:00:29 . Memory (MB): peak = 3125.285 ; gain = 1197.715

Phase 3 Detail Placement

Phase 3.1 Commit Multi Column Macros
Phase 3.1 Commit Multi Column Macros | Checksum: 1b9bcbd2d

Time (s): cpu = 00:00:28 ; elapsed = 00:00:30 . Memory (MB): peak = 3125.285 ; gain = 1197.715

Phase 3.2 Commit Most Macros & LUTRAMs
Phase 3.2 Commit Most Macros & LUTRAMs | Checksum: 233ac96ee

Time (s): cpu = 00:00:29 ; elapsed = 00:00:30 . Memory (MB): peak = 3125.285 ; gain = 1197.715

Phase 3.3 Area Swap Optimization
Phase 3.3 Area Swap Optimization | Checksum: 1bd97737d

Time (s): cpu = 00:00:29 ; elapsed = 00:00:30 . Memory (MB): peak = 3125.285 ; gain = 1197.715

Phase 3.4 Small Shape DP

Phase 3.4.1 Small Shape Clustering
Phase 3.4.1 Small Shape Clustering | Checksum: 1c0547888

Time (s): cpu = 00:00:29 ; elapsed = 00:00:30 . Memory (MB): peak = 3125.285 ; gain = 1197.715

Phase 3.4.2 Flow Legalize Slice Clusters
Phase 3.4.2 Flow Legalize Slice Clusters | Checksum: 1da2fe540

Time (s): cpu = 00:00:29 ; elapsed = 00:00:30 . Memory (MB): peak = 3125.285 ; gain = 1197.715

Phase 3.4.3 Slice Area Swap
Phase 3.4.3 Slice Area Swap | Checksum: 258bbeda4

Time (s): cpu = 00:00:29 ; elapsed = 00:00:30 . Memory (MB): peak = 3125.285 ; gain = 1197.715
Phase 3.4 Small Shape DP | Checksum: 27bfac179

Time (s): cpu = 00:00:30 ; elapsed = 00:00:31 . Memory (MB): peak = 3125.285 ; gain = 1197.715

Phase 3.5 Re-assign LUT pins
Phase 3.5 Re-assign LUT pins | Checksum: 2010639f6

Time (s): cpu = 00:00:30 ; elapsed = 00:00:31 . Memory (MB): peak = 3125.285 ; gain = 1197.715

Phase 3.6 Pipeline Register Optimization
Phase 3.6 Pipeline Register Optimization | Checksum: 1e3b39965

Time (s): cpu = 00:00:30 ; elapsed = 00:00:31 . Memory (MB): peak = 3125.285 ; gain = 1197.715
Phase 3 Detail Placement | Checksum: 1e3b39965

Time (s): cpu = 00:00:30 ; elapsed = 00:00:31 . Memory (MB): peak = 3125.285 ; gain = 1197.715

Phase 4 Post Placement Optimization and Clean-Up

Phase 4.1 Post Commit Optimization
INFO: [Timing 38-35] Done setting XDC timing constraints.

Phase 4.1.1 Post Placement Optimization
Post Placement Optimization Initialization | Checksum: 12f6fbbe6

Phase 4.1.1.1 BUFG Insertion

Starting Physical Synthesis Task

Phase 1 Physical Synthesis Initialization
INFO: [Physopt 32-721] Multithreading enabled for phys_opt_design using a maximum of 2 CPUs
INFO: [Physopt 32-619] Estimated Timing Summary | WNS=3.164 | TNS=0.000 |
Phase 1 Physical Synthesis Initialization | Checksum: 101114cf4

Time (s): cpu = 00:00:00 ; elapsed = 00:00:00.022 . Memory (MB): peak = 3125.285 ; gain = 0.000
INFO: [Place 46-56] BUFG insertion identified 0 candidate nets. Inserted BUFG: 0, Replicated BUFG Driver: 0, Skipped due to Placement/Routing Conflicts: 0, Skipped due to Timing Degradation: 0, Skipped due to Illegal Netlist: 0.
Ending Physical Synthesis Task | Checksum: cab7f1cb

Time (s): cpu = 00:00:00 ; elapsed = 00:00:00.025 . Memory (MB): peak = 3125.285 ; gain = 0.000
Phase 4.1.1.1 BUFG Insertion | Checksum: 12f6fbbe6

Time (s): cpu = 00:00:30 ; elapsed = 00:00:31 . Memory (MB): peak = 3125.285 ; gain = 1197.715
INFO: [Place 30-746] Post Placement Timing Summary WNS=3.164. For the most accurate timing information please run report_timing.
Phase 4.1.1 Post Placement Optimization | Checksum: 152478ef4

Time (s): cpu = 00:00:30 ; elapsed = 00:00:31 . Memory (MB): peak = 3125.285 ; gain = 1197.715
Phase 4.1 Post Commit Optimization | Checksum: 152478ef4

Time (s): cpu = 00:00:30 ; elapsed = 00:00:31 . Memory (MB): peak = 3125.285 ; gain = 1197.715

Phase 4.2 Post Placement Cleanup
Phase 4.2 Post Placement Cleanup | Checksum: 152478ef4

Time (s): cpu = 00:00:30 ; elapsed = 00:00:31 . Memory (MB): peak = 3125.285 ; gain = 1197.715
Netlist sorting complete. Time (s): cpu = 00:00:00 ; elapsed = 00:00:00 . Memory (MB): peak = 3125.285 ; gain = 0.000

Phase 4.3 Placer Reporting
Phase 4.3 Placer Reporting | Checksum: 21acb1d12

Time (s): cpu = 00:00:34 ; elapsed = 00:00:35 . Memory (MB): peak = 3125.285 ; gain = 1197.715

Phase 4.4 Final Placement Cleanup
Netlist sorting complete. Time (s): cpu = 00:00:00 ; elapsed = 00:00:00 . Memory (MB): peak = 3125.285 ; gain = 0.000
Phase 4.4 Final Placement Cleanup | Checksum: 24d08c0f4

Time (s): cpu = 00:00:34 ; elapsed = 00:00:35 . Memory (MB): peak = 3125.285 ; gain = 1197.715
Phase 4 Post Placement Optimization and Clean-Up | Checksum: 24d08c0f4

Time (s): cpu = 00:00:34 ; elapsed = 00:00:35 . Memory (MB): peak = 3125.285 ; gain = 1197.715
Ending Placer Task | Checksum: 1800cc64b

Time (s): cpu = 00:00:34 ; elapsed = 00:00:35 . Memory (MB): peak = 3125.285 ; gain = 1197.715
INFO: [Common 17-83] Releasing license: Implementation
61 Infos, 0 Warnings, 0 Critical Warnings and 0 Errors encountered.
place_design completed successfully
place_design: Time (s): cpu = 00:00:36 ; elapsed = 00:00:36 . Memory (MB): peak = 3125.285 ; gain = 1197.715
INFO: [Timing 38-480] Writing timing data to binary archive.
Writing placer database...
Writing XDEF routing.
Writing XDEF routing logical nets.
Writing XDEF routing special nets.
Write XDEF Complete: Time (s): cpu = 00:00:00 ; elapsed = 00:00:00.103 . Memory (MB): peak = 3125.285 ; gain = 0.000
INFO: [Common 17-1381] The checkpoint 'E:/XilinxPrj/AXU5EVB/2020/course_s1_fpga/07_pwm_led/pwm_led.runs/impl_1/pwm_test_placed.dcp' has been generated.
INFO: [runtcl-4] Executing : report_io -file pwm_test_io_placed.rpt
report_io: Time (s): cpu = 00:00:00 ; elapsed = 00:00:00.074 . Memory (MB): peak = 3125.285 ; gain = 0.000
INFO: [runtcl-4] Executing : report_utilization -file pwm_test_utilization_placed.rpt -pb pwm_test_utilization_placed.pb
INFO: [runtcl-4] Executing : report_control_sets -verbose -file pwm_test_control_sets_placed.rpt
report_control_sets: Time (s): cpu = 00:00:00 ; elapsed = 00:00:00.043 . Memory (MB): peak = 3125.285 ; gain = 0.000
Command: phys_opt_design
Attempting to get a license for feature 'Implementation' and/or device 'xazu5ev'
INFO: [Common 17-349] Got license for feature 'Implementation' and/or device 'xazu5ev'
INFO: [Vivado_Tcl 4-383] Design worst setup slack (WNS) is greater than or equal to 0.000 ns. Skipping all physical synthesis optimizations.
INFO: [Vivado_Tcl 4-232] No setup violation found. The netlist was not modified.
INFO: [Common 17-83] Releasing license: Implementation
70 Infos, 0 Warnings, 0 Critical Warnings and 0 Errors encountered.
phys_opt_design completed successfully
INFO: [Timing 38-480] Writing timing data to binary archive.
Writing placer database...
Writing XDEF routing.
Writing XDEF routing logical nets.
Writing XDEF routing special nets.
Write XDEF Complete: Time (s): cpu = 00:00:00 ; elapsed = 00:00:00.173 . Memory (MB): peak = 3125.285 ; gain = 0.000
INFO: [Common 17-1381] The checkpoint 'E:/XilinxPrj/AXU5EVB/2020/course_s1_fpga/07_pwm_led/pwm_led.runs/impl_1/pwm_test_physopt.dcp' has been generated.
Command: route_design
Attempting to get a license for feature 'Implementation' and/or device 'xazu5ev'
INFO: [Common 17-349] Got license for feature 'Implementation' and/or device 'xazu5ev'
Running DRC as a precondition to command route_design
INFO: [DRC 23-27] Running DRC with 2 threads
INFO: [Vivado_Tcl 4-198] DRC finished with 0 Errors
INFO: [Vivado_Tcl 4-199] Please refer to the DRC report (report_drc) for more information.


Starting Routing Task
INFO: [Route 35-254] Multithreading enabled for route_design using a maximum of 2 CPUs
Checksum: PlaceDB: 73cacc72 ConstDB: 0 ShapeSum: 43be6bbb RouteDB: c8838e1e

Phase 1 Build RT Design
Nodegraph reading from file.  Time (s): cpu = 00:00:01 ; elapsed = 00:00:01 . Memory (MB): peak = 3125.285 ; gain = 0.000
Phase 1 Build RT Design | Checksum: 1dcfe9275

Time (s): cpu = 00:00:03 ; elapsed = 00:00:03 . Memory (MB): peak = 3125.285 ; gain = 0.000
Post Restoration Checksum: NetGraph: 2e6cfbbb NumContArr: e5648802 Constraints: 6c1dc9e5 Timing: 0

Phase 2 Router Initialization

Phase 2.1 Create Timer
Phase 2.1 Create Timer | Checksum: 17fef4da2

Time (s): cpu = 00:00:03 ; elapsed = 00:00:03 . Memory (MB): peak = 3125.285 ; gain = 0.000

Phase 2.2 Fix Topology Constraints
Phase 2.2 Fix Topology Constraints | Checksum: 17fef4da2

Time (s): cpu = 00:00:03 ; elapsed = 00:00:03 . Memory (MB): peak = 3125.285 ; gain = 0.000

Phase 2.3 Pre Route Cleanup
Phase 2.3 Pre Route Cleanup | Checksum: 17fef4da2

Time (s): cpu = 00:00:03 ; elapsed = 00:00:03 . Memory (MB): peak = 3125.285 ; gain = 0.000

Phase 2.4 Global Clock Net Routing
 Number of Nodes with overlaps = 0
Phase 2.4 Global Clock Net Routing | Checksum: 1ff9bbf7d

Time (s): cpu = 00:00:03 ; elapsed = 00:00:04 . Memory (MB): peak = 3125.285 ; gain = 0.000

Phase 2.5 Update Timing
Phase 2.5 Update Timing | Checksum: 252784d28

Time (s): cpu = 00:00:03 ; elapsed = 00:00:04 . Memory (MB): peak = 3125.285 ; gain = 0.000
INFO: [Route 35-416] Intermediate Timing Summary | WNS=3.251  | TNS=0.000  | WHS=0.012  | THS=0.000  |

Phase 2 Router Initialization | Checksum: 1c2f94f20

Time (s): cpu = 00:00:04 ; elapsed = 00:00:04 . Memory (MB): peak = 3125.285 ; gain = 0.000

Router Utilization Summary
  Global Vertical Routing Utilization    = 0 %
  Global Horizontal Routing Utilization  = 0 %
  Routable Net Status*
  *Does not include unroutable nets such as driverless and loadless.
  Run report_route_status for detailed report.
  Number of Failed Nets               = 213
    (Failed Nets is the sum of unrouted and partially routed nets)
  Number of Unrouted Nets             = 197
  Number of Partially Routed Nets     = 16
  Number of Node Overlaps             = 0


Phase 3 Initial Routing
Phase 3 Initial Routing | Checksum: f2295d95

Time (s): cpu = 00:00:05 ; elapsed = 00:00:05 . Memory (MB): peak = 3125.285 ; gain = 0.000

Phase 4 Rip-up And Reroute

Phase 4.1 Global Iteration 0
 Number of Nodes with overlaps = 16
 Number of Nodes with overlaps = 0
INFO: [Route 35-416] Intermediate Timing Summary | WNS=2.748  | TNS=0.000  | WHS=0.017  | THS=0.000  |

Phase 4.1 Global Iteration 0 | Checksum: 1fb5d70c2

Time (s): cpu = 00:00:05 ; elapsed = 00:00:05 . Memory (MB): peak = 3125.285 ; gain = 0.000

Phase 4.2 Additional Iteration for Hold
Phase 4.2 Additional Iteration for Hold | Checksum: 18db27083

Time (s): cpu = 00:00:05 ; elapsed = 00:00:05 . Memory (MB): peak = 3125.285 ; gain = 0.000
Phase 4 Rip-up And Reroute | Checksum: 18db27083

Time (s): cpu = 00:00:05 ; elapsed = 00:00:05 . Memory (MB): peak = 3125.285 ; gain = 0.000

Phase 5 Delay and Skew Optimization

Phase 5.1 Delay CleanUp
Phase 5.1 Delay CleanUp | Checksum: 1ae253aeb

Time (s): cpu = 00:00:05 ; elapsed = 00:00:05 . Memory (MB): peak = 3125.285 ; gain = 0.000

Phase 5.2 Clock Skew Optimization
Phase 5.2 Clock Skew Optimization | Checksum: 1ae253aeb

Time (s): cpu = 00:00:05 ; elapsed = 00:00:05 . Memory (MB): peak = 3125.285 ; gain = 0.000
Phase 5 Delay and Skew Optimization | Checksum: 1ae253aeb

Time (s): cpu = 00:00:05 ; elapsed = 00:00:05 . Memory (MB): peak = 3125.285 ; gain = 0.000

Phase 6 Post Hold Fix

Phase 6.1 Hold Fix Iter

Phase 6.1.1 Update Timing
Phase 6.1.1 Update Timing | Checksum: 26a823520

Time (s): cpu = 00:00:05 ; elapsed = 00:00:05 . Memory (MB): peak = 3125.285 ; gain = 0.000
INFO: [Route 35-416] Intermediate Timing Summary | WNS=2.748  | TNS=0.000  | WHS=0.017  | THS=0.000  |

Phase 6.1 Hold Fix Iter | Checksum: 26a823520

Time (s): cpu = 00:00:05 ; elapsed = 00:00:05 . Memory (MB): peak = 3125.285 ; gain = 0.000
Phase 6 Post Hold Fix | Checksum: 26a823520

Time (s): cpu = 00:00:05 ; elapsed = 00:00:05 . Memory (MB): peak = 3125.285 ; gain = 0.000

Phase 7 Route finalize

Router Utilization Summary
  Global Vertical Routing Utilization    = 0.00884881 %
  Global Horizontal Routing Utilization  = 0.00986445 %
  Routable Net Status*
  *Does not include unroutable nets such as driverless and loadless.
  Run report_route_status for detailed report.
  Number of Failed Nets               = 0
    (Failed Nets is the sum of unrouted and partially routed nets)
  Number of Unrouted Nets             = 0
  Number of Partially Routed Nets     = 0
  Number of Node Overlaps             = 0

Phase 7 Route finalize | Checksum: 22d45b6bc

Time (s): cpu = 00:00:05 ; elapsed = 00:00:05 . Memory (MB): peak = 3125.285 ; gain = 0.000

Phase 8 Verifying routed nets

 Verification completed successfully
Phase 8 Verifying routed nets | Checksum: 22d45b6bc

Time (s): cpu = 00:00:05 ; elapsed = 00:00:05 . Memory (MB): peak = 3125.285 ; gain = 0.000

Phase 9 Depositing Routes
Phase 9 Depositing Routes | Checksum: 22d45b6bc

Time (s): cpu = 00:00:05 ; elapsed = 00:00:05 . Memory (MB): peak = 3125.285 ; gain = 0.000

Phase 10 Post Router Timing
INFO: [Route 35-57] Estimated Timing Summary | WNS=2.748  | TNS=0.000  | WHS=0.017  | THS=0.000  |

INFO: [Route 35-327] The final timing numbers are based on the router estimated timing analysis. For a complete and accurate timing signoff, please run report_timing_summary.
Phase 10 Post Router Timing | Checksum: 22d45b6bc

Time (s): cpu = 00:00:05 ; elapsed = 00:00:05 . Memory (MB): peak = 3125.285 ; gain = 0.000
INFO: [Route 35-16] Router Completed Successfully

Time (s): cpu = 00:00:05 ; elapsed = 00:00:05 . Memory (MB): peak = 3125.285 ; gain = 0.000

Routing Is Done.
INFO: [Common 17-83] Releasing license: Implementation
84 Infos, 0 Warnings, 0 Critical Warnings and 0 Errors encountered.
route_design completed successfully
route_design: Time (s): cpu = 00:00:07 ; elapsed = 00:00:07 . Memory (MB): peak = 3125.285 ; gain = 0.000
INFO: [Timing 38-480] Writing timing data to binary archive.
Writing placer database...
Writing XDEF routing.
Writing XDEF routing logical nets.
Writing XDEF routing special nets.
Write XDEF Complete: Time (s): cpu = 00:00:00 ; elapsed = 00:00:00.098 . Memory (MB): peak = 3125.285 ; gain = 0.000
INFO: [Common 17-1381] The checkpoint 'E:/XilinxPrj/AXU5EVB/2020/course_s1_fpga/07_pwm_led/pwm_led.runs/impl_1/pwm_test_routed.dcp' has been generated.
INFO: [runtcl-4] Executing : report_drc -file pwm_test_drc_routed.rpt -pb pwm_test_drc_routed.pb -rpx pwm_test_drc_routed.rpx
Command: report_drc -file pwm_test_drc_routed.rpt -pb pwm_test_drc_routed.pb -rpx pwm_test_drc_routed.rpx
INFO: [IP_Flow 19-1839] IP Catalog is up to date.
INFO: [DRC 23-27] Running DRC with 2 threads
INFO: [Coretcl 2-168] The results of DRC are in file E:/XilinxPrj/AXU5EVB/2020/course_s1_fpga/07_pwm_led/pwm_led.runs/impl_1/pwm_test_drc_routed.rpt.
report_drc completed successfully
INFO: [runtcl-4] Executing : report_methodology -file pwm_test_methodology_drc_routed.rpt -pb pwm_test_methodology_drc_routed.pb -rpx pwm_test_methodology_drc_routed.rpx
Command: report_methodology -file pwm_test_methodology_drc_routed.rpt -pb pwm_test_methodology_drc_routed.pb -rpx pwm_test_methodology_drc_routed.rpx
INFO: [Timing 38-35] Done setting XDC timing constraints.
INFO: [DRC 23-133] Running Methodology with 2 threads
INFO: [Coretcl 2-1520] The results of Report Methodology are in file E:/XilinxPrj/AXU5EVB/2020/course_s1_fpga/07_pwm_led/pwm_led.runs/impl_1/pwm_test_methodology_drc_routed.rpt.
report_methodology completed successfully
INFO: [runtcl-4] Executing : report_power -file pwm_test_power_routed.rpt -pb pwm_test_power_summary_routed.pb -rpx pwm_test_power_routed.rpx
Command: report_power -file pwm_test_power_routed.rpt -pb pwm_test_power_summary_routed.pb -rpx pwm_test_power_routed.rpx
INFO: [Timing 38-35] Done setting XDC timing constraints.
Running Vector-less Activity Propagation...

Finished Running Vector-less Activity Propagation
96 Infos, 0 Warnings, 0 Critical Warnings and 0 Errors encountered.
report_power completed successfully
INFO: [runtcl-4] Executing : report_route_status -file pwm_test_route_status.rpt -pb pwm_test_route_status.pb
INFO: [runtcl-4] Executing : report_timing_summary -max_paths 10 -file pwm_test_timing_summary_routed.rpt -pb pwm_test_timing_summary_routed.pb -rpx pwm_test_timing_summary_routed.rpx -warn_on_violation 
INFO: [Timing 38-91] UpdateTimingParams: Speed grade: -1, Temperature grade: I, Delay Type: min_max.
INFO: [Timing 38-191] Multithreading enabled for timing update using a maximum of 2 CPUs
INFO: [runtcl-4] Executing : report_incremental_reuse -file pwm_test_incremental_reuse_routed.rpt
INFO: [Vivado_Tcl 4-1062] Incremental flow is disabled. No incremental reuse Info to report.
INFO: [runtcl-4] Executing : report_clock_utilization -file pwm_test_clock_utilization_routed.rpt
INFO: [runtcl-4] Executing : report_bus_skew -warn_on_violation -file pwm_test_bus_skew_routed.rpt -pb pwm_test_bus_skew_routed.pb -rpx pwm_test_bus_skew_routed.rpx
INFO: [Timing 38-91] UpdateTimingParams: Speed grade: -1, Temperature grade: I, Delay Type: min_max.
INFO: [Timing 38-191] Multithreading enabled for timing update using a maximum of 2 CPUs
Command: write_bitstream -force pwm_test.bit
Attempting to get a license for feature 'Implementation' and/or device 'xazu5ev'
INFO: [Common 17-349] Got license for feature 'Implementation' and/or device 'xazu5ev'
Running DRC as a precondition to command write_bitstream
INFO: [IP_Flow 19-1839] IP Catalog is up to date.
INFO: [DRC 23-27] Running DRC with 2 threads
INFO: [Vivado 12-3199] DRC finished with 0 Errors
INFO: [Vivado 12-3200] Please refer to the DRC report (report_drc) for more information.
INFO: [Designutils 20-2272] Running write_bitstream with 2 threads.
Loading data files...
Loading site data...
Loading route data...
Processing options...
Creating bitmap...
Creating bitstream...
Bitstream compression saved 46886144 bits.
Writing bitstream ./pwm_test.bit...
INFO: [Vivado 12-1842] Bitgen Completed Successfully.
INFO: [Project 1-120] WebTalk data collection is mandatory when using a WebPACK part without a full Vivado license. To see the specific WebTalk data collected for your design, open the usage_statistics_webtalk.html or usage_statistics_webtalk.xml file in the implementation directory.
INFO: [Common 17-186] 'E:/XilinxPrj/AXU5EVB/2020/course_s1_fpga/07_pwm_led/pwm_led.runs/impl_1/usage_statistics_webtalk.xml' has been successfully sent to Xilinx on Thu Jul 16 16:00:35 2020. For additional details about this file, please refer to the WebTalk help file at E:/XilinxVitis/Vivado/2020.1/doc/webtalk_introduction.html.
INFO: [Common 17-83] Releasing license: Implementation
116 Infos, 0 Warnings, 0 Critical Warnings and 0 Errors encountered.
write_bitstream completed successfully
write_bitstream: Time (s): cpu = 00:00:15 ; elapsed = 00:00:16 . Memory (MB): peak = 3137.789 ; gain = 12.504
INFO: [Common 17-206] Exiting Vivado at Thu Jul 16 16:00:35 2020...
