

================================================================
== Vitis HLS Report for 'Mat2Axi'
================================================================
* Date:           Fri Jan 22 14:16:57 2021

* Version:        2020.1 (Build 2902540 on Wed May 27 20:16:15 MDT 2020)
* Project:        erosion
* Solution:       solution1 (Vivado IP Flow Target)
* Product family: virtexuplus
* Target device:  xcvu11p-flga2577-1-e


================================================================
== Performance Estimates
================================================================
+ Timing: 
    * Summary: 
    +--------+----------+----------+------------+
    |  Clock |  Target  | Estimated| Uncertainty|
    +--------+----------+----------+------------+
    |ap_clk  | 10.00 ns | 7.300 ns |   2.70 ns  |
    +--------+----------+----------+------------+

+ Latency: 
    * Summary: 
    +---------+---------+-----------+----------+-----+-------+----------+
    |  Latency (cycles) |  Latency (absolute)  |   Interval  | Pipeline |
    |   min   |   max   |    min    |    max   | min |  max  |   Type   |
    +---------+---------+-----------+----------+-----+-------+----------+
    |        5|    16394| 50.000 ns | 0.164 ms |    4|  16393| dataflow |
    +---------+---------+-----------+----------+-----+-------+----------+

    + Detail: 
        * Instance: 
        N/A

        * Loop: 
        N/A

============================================================
+ Verbose Summary: Synthesis Manager
============================================================
InlineROM: 1
ExposeGlobal: 0
============================================================
+ Verbose Summary: CDFG Model
============================================================
IsTopModel: 0
ResetActiveHigh: 1
IsCombinational: 2
IsDatapathOnly: 0
HasWiredReturn: 1
HasMFsm: 0
HasVarLatency: 1
IsPipeline: 0
IsRtlPipelined: 0
IsInstanceOverlapped: 0
IsDontTouch: 0
HasImplIP: 0
IsGatedGlobalClock: 0


============================================================
+ Verbose Summary: Schedule
============================================================
* Number of FSM states : 5
* Pipeline : 0
* Dataflow Pipeline: 1
  DF-Pipeline-0: Size = 5, States = { 1 2 3 4 5 }

* FSM state transitions: 
1 --> 2 
2 --> 3 
3 --> 4 
4 --> 5 
5 --> 

* FSM state operations: 

State 1 <SV = 0> <Delay = 2.10>
ST_1 : Operation 6 [1/1] (0.00ns)   --->   "%cols_read = read i32 @_ssdm_op_Read.ap_auto.i32, i32 %cols"   --->   Operation 6 'read' 'cols_read' <Predicate = true> <Delay = 0.00>
ST_1 : Operation 7 [1/1] (0.00ns)   --->   "%rows_read = read i32 @_ssdm_op_Read.ap_auto.i32, i32 %rows"   --->   Operation 7 'read' 'rows_read' <Predicate = true> <Delay = 0.00>
ST_1 : Operation 8 [1/1] (0.00ns)   --->   "%dout_read = read i64 @_ssdm_op_Read.ap_auto.i64, i64 %dout"   --->   Operation 8 'read' 'dout_read' <Predicate = true> <Delay = 0.00>
ST_1 : Operation 9 [1/1] (0.00ns)   --->   "%p_channel = alloca i64"   --->   Operation 9 'alloca' 'p_channel' <Predicate = true> <Delay = 0.00> <CoreInst = "FIFO_SRL">   --->   Core 21 'FIFO_SRL' <Latency = 0> <II = 1> <Delay = 2.10> <Storage> <Opcode : 'read' 'write' 'nbread' 'nbwrite'> <Ports = 0> <Width = 15> <Depth = 2> <FIFO>
ST_1 : Operation 10 [1/1] (0.00ns)   --->   "%cols_c11 = alloca i64" [F:/Vitis_Libraries/vision/L1/include\common/xf_structs.hpp:1333]   --->   Operation 10 'alloca' 'cols_c11' <Predicate = true> <Delay = 0.00> <CoreInst = "FIFO_SRL">   --->   Core 21 'FIFO_SRL' <Latency = 0> <II = 1> <Delay = 2.10> <Storage> <Opcode : 'read' 'write' 'nbread' 'nbwrite'> <Ports = 0> <Width = 32> <Depth = 2> <FIFO>
ST_1 : Operation 11 [1/1] (0.00ns)   --->   "%cols_c = alloca i64" [F:/Vitis_Libraries/vision/L1/include\common/xf_structs.hpp:1333]   --->   Operation 11 'alloca' 'cols_c' <Predicate = true> <Delay = 0.00> <CoreInst = "FIFO_SRL">   --->   Core 21 'FIFO_SRL' <Latency = 0> <II = 1> <Delay = 2.10> <Storage> <Opcode : 'read' 'write' 'nbread' 'nbwrite'> <Ports = 0> <Width = 15> <Depth = 2> <FIFO>
ST_1 : Operation 12 [1/1] (0.00ns)   --->   "%rows_c10 = alloca i64" [F:/Vitis_Libraries/vision/L1/include\common/xf_structs.hpp:1332]   --->   Operation 12 'alloca' 'rows_c10' <Predicate = true> <Delay = 0.00> <CoreInst = "FIFO_SRL">   --->   Core 21 'FIFO_SRL' <Latency = 0> <II = 1> <Delay = 2.10> <Storage> <Opcode : 'read' 'write' 'nbread' 'nbwrite'> <Ports = 0> <Width = 32> <Depth = 2> <FIFO>
ST_1 : Operation 13 [1/1] (0.00ns)   --->   "%rows_c = alloca i64" [F:/Vitis_Libraries/vision/L1/include\common/xf_structs.hpp:1332]   --->   Operation 13 'alloca' 'rows_c' <Predicate = true> <Delay = 0.00> <CoreInst = "FIFO_SRL">   --->   Core 21 'FIFO_SRL' <Latency = 0> <II = 1> <Delay = 2.10> <Storage> <Opcode : 'read' 'write' 'nbread' 'nbwrite'> <Ports = 0> <Width = 15> <Depth = 2> <FIFO>
ST_1 : Operation 14 [1/1] (0.00ns)   --->   "%dout_c = alloca i64" [F:/Vitis_Libraries/vision/L1/include\common/xf_structs.hpp:1331]   --->   Operation 14 'alloca' 'dout_c' <Predicate = true> <Delay = 0.00> <CoreInst = "FIFO_SRL">   --->   Core 21 'FIFO_SRL' <Latency = 0> <II = 1> <Delay = 2.10> <Storage> <Opcode : 'read' 'write' 'nbread' 'nbwrite'> <Ports = 0> <Width = 64> <Depth = 4> <FIFO>
ST_1 : Operation 15 [1/1] (0.00ns)   --->   "%ldata = alloca i64" [F:/Vitis_Libraries/vision/L1/include\common/xf_structs.hpp:1337]   --->   Operation 15 'alloca' 'ldata' <Predicate = true> <Delay = 0.00> <CoreInst = "FIFO_SRL">   --->   Core 21 'FIFO_SRL' <Latency = 0> <II = 1> <Delay = 2.10> <Storage> <Opcode : 'read' 'write' 'nbread' 'nbwrite'> <Ports = 0> <Width = 8> <Depth = 2> <FIFO>
ST_1 : Operation 16 [1/1] (2.10ns)   --->   "%call_ln1331 = call void @Mat2Axi.entry34, i64 %dout_read, i32 %rows_read, i32 %cols_read, i64 %dout_c, i15 %rows_c, i32 %rows_c10, i15 %cols_c, i32 %cols_c11" [F:/Vitis_Libraries/vision/L1/include\common/xf_structs.hpp:1331]   --->   Operation 16 'call' 'call_ln1331' <Predicate = true> <Delay = 2.10> <CoreType = "Generic">   --->   Core 0 '' <Latency = 0> <II = 1> <Delay = 1.00> <Generic> <Opcode : >

State 2 <SV = 1> <Delay = 0.00>
ST_2 : Operation 17 [2/2] (0.00ns)   --->   "%call_ln304 = call void @addrbound, i15 %p_channel, i15 %rows_c, i15 %cols_c, void %call_ln1331, void %call_ln1331"   --->   Operation 17 'call' 'call_ln304' <Predicate = true> <Delay = 0.00> <CoreType = "Generic">   --->   Core 0 '' <Latency = 0> <II = 1> <Delay = 1.00> <Generic> <Opcode : >
ST_2 : Operation 18 [2/2] (0.00ns)   --->   "%call_ln1339 = call void @Mat2AxiStream, i8 %imgOutput_418, i8 %ldata, i32 %rows_c10, i32 %cols_c11, void %call_ln1331" [F:/Vitis_Libraries/vision/L1/include\common/xf_structs.hpp:1339]   --->   Operation 18 'call' 'call_ln1339' <Predicate = true> <Delay = 0.00> <CoreType = "Generic">   --->   Core 0 '' <Latency = 0> <II = 1> <Delay = 1.00> <Generic> <Opcode : >

State 3 <SV = 2> <Delay = 0.69>
ST_3 : Operation 19 [1/2] (0.69ns)   --->   "%call_ln304 = call void @addrbound, i15 %p_channel, i15 %rows_c, i15 %cols_c, void %call_ln1331, void %call_ln1331"   --->   Operation 19 'call' 'call_ln304' <Predicate = true> <Delay = 0.69> <CoreType = "Generic">   --->   Core 0 '' <Latency = 0> <II = 1> <Delay = 1.00> <Generic> <Opcode : >
ST_3 : Operation 20 [1/2] (0.00ns)   --->   "%call_ln1339 = call void @Mat2AxiStream, i8 %imgOutput_418, i8 %ldata, i32 %rows_c10, i32 %cols_c11, void %call_ln1331" [F:/Vitis_Libraries/vision/L1/include\common/xf_structs.hpp:1339]   --->   Operation 20 'call' 'call_ln1339' <Predicate = true> <Delay = 0.00> <CoreType = "Generic">   --->   Core 0 '' <Latency = 0> <II = 1> <Delay = 1.00> <Generic> <Opcode : >

State 4 <SV = 3> <Delay = 0.91>
ST_4 : Operation 21 [1/1] (0.00ns)   --->   "%axibound_V = call i15 @Mat2Axi_Block_.split13_proc, i15 %p_channel, void %call_ln304, void %call_ln304"   --->   Operation 21 'call' 'axibound_V' <Predicate = true> <Delay = 0.00> <CoreInst = "FIFO_SRL">   --->   Core 21 'FIFO_SRL' <Latency = 0> <II = 1> <Delay = 2.10> <Storage> <Opcode : 'read' 'write' 'nbread' 'nbwrite'> <Ports = 0> <Width = 15> <Depth = 2> <FIFO>
ST_4 : Operation 22 [2/2] (0.91ns)   --->   "%call_ln1340 = call void @AxiStream2Axi, i8 %ldata, i8 %gmem2, i64 %dout_c, i15 %axibound_V, void %call_ln1339" [F:/Vitis_Libraries/vision/L1/include\common/xf_structs.hpp:1340]   --->   Operation 22 'call' 'call_ln1340' <Predicate = true> <Delay = 0.91> <CoreType = "Generic">   --->   Core 0 '' <Latency = 0> <II = 1> <Delay = 1.00> <Generic> <Opcode : >

State 5 <SV = 4> <Delay = 0.00>
ST_5 : Operation 23 [1/1] (0.00ns)   --->   "%specdataflowpipeline_ln0 = specdataflowpipeline void @_ssdm_op_SpecDataflowPipeline, i32, i32, void @empty_21"   --->   Operation 23 'specdataflowpipeline' 'specdataflowpipeline_ln0' <Predicate = true> <Delay = 0.00>
ST_5 : Operation 24 [1/1] (0.00ns)   --->   "%specinterface_ln0 = specinterface void @_ssdm_op_SpecInterface, i8 %gmem2, void @empty_12, i32, i32, void @empty_21, i32, i32, void @empty_21, void @empty_21, void @empty_21, i32, i32, i32, i32, void @empty_21, void @empty_21"   --->   Operation 24 'specinterface' 'specinterface_ln0' <Predicate = true> <Delay = 0.00>
ST_5 : Operation 25 [1/1] (0.00ns)   --->   "%specinterface_ln0 = specinterface void @_ssdm_op_SpecInterface, i8 %imgOutput_418, void @empty_0, i32, i32, void @empty_21, i32, i32, void @empty_21, void @empty_21, void @empty_21, i32, i32, i32, i32, void @empty_21, void @empty_21"   --->   Operation 25 'specinterface' 'specinterface_ln0' <Predicate = true> <Delay = 0.00>
ST_5 : Operation 26 [1/1] (0.00ns)   --->   "%empty = specchannel i32 @_ssdm_op_SpecChannel, void @ldata_str, i32, void @p_str, void @p_str, i32, i32, i8 %ldata, i8 %ldata"   --->   Operation 26 'specchannel' 'empty' <Predicate = true> <Delay = 0.00>
ST_5 : Operation 27 [1/1] (0.00ns)   --->   "%specinterface_ln0 = specinterface void @_ssdm_op_SpecInterface, i8 %ldata, void @empty_0, i32, i32, void @empty_21, i32, i32, void @empty_21, void @empty_21, void @empty_21, i32, i32, i32, i32, void @empty_21, void @empty_21"   --->   Operation 27 'specinterface' 'specinterface_ln0' <Predicate = true> <Delay = 0.00>
ST_5 : Operation 28 [1/1] (0.00ns)   --->   "%empty_71 = specchannel i32 @_ssdm_op_SpecChannel, void @dout_c_str, i32, void @p_str, void @p_str, i32, i32, i64 %dout_c, i64 %dout_c" [F:/Vitis_Libraries/vision/L1/include\common/xf_structs.hpp:1331]   --->   Operation 28 'specchannel' 'empty_71' <Predicate = true> <Delay = 0.00>
ST_5 : Operation 29 [1/1] (0.00ns)   --->   "%specinterface_ln1331 = specinterface void @_ssdm_op_SpecInterface, i64 %dout_c, void @ap_fifo_str, i32, i32, void @p_str, i32, i32, void @p_str, void @p_str, void @p_str, i32, i32, i32, i32, void @p_str, void @p_str" [F:/Vitis_Libraries/vision/L1/include\common/xf_structs.hpp:1331]   --->   Operation 29 'specinterface' 'specinterface_ln1331' <Predicate = true> <Delay = 0.00>
ST_5 : Operation 30 [1/1] (0.00ns)   --->   "%empty_72 = specchannel i32 @_ssdm_op_SpecChannel, void @rows_c_str, i32, void @p_str, void @p_str, i32, i32, i15 %rows_c, i15 %rows_c" [F:/Vitis_Libraries/vision/L1/include\common/xf_structs.hpp:1332]   --->   Operation 30 'specchannel' 'empty_72' <Predicate = true> <Delay = 0.00>
ST_5 : Operation 31 [1/1] (0.00ns)   --->   "%specinterface_ln1332 = specinterface void @_ssdm_op_SpecInterface, i15 %rows_c, void @ap_fifo_str, i32, i32, void @p_str, i32, i32, void @p_str, void @p_str, void @p_str, i32, i32, i32, i32, void @p_str, void @p_str" [F:/Vitis_Libraries/vision/L1/include\common/xf_structs.hpp:1332]   --->   Operation 31 'specinterface' 'specinterface_ln1332' <Predicate = true> <Delay = 0.00>
ST_5 : Operation 32 [1/1] (0.00ns)   --->   "%empty_73 = specchannel i32 @_ssdm_op_SpecChannel, void @rows_c10_str, i32, void @p_str, void @p_str, i32, i32, i32 %rows_c10, i32 %rows_c10" [F:/Vitis_Libraries/vision/L1/include\common/xf_structs.hpp:1332]   --->   Operation 32 'specchannel' 'empty_73' <Predicate = true> <Delay = 0.00>
ST_5 : Operation 33 [1/1] (0.00ns)   --->   "%specinterface_ln1332 = specinterface void @_ssdm_op_SpecInterface, i32 %rows_c10, void @ap_fifo_str, i32, i32, void @p_str, i32, i32, void @p_str, void @p_str, void @p_str, i32, i32, i32, i32, void @p_str, void @p_str" [F:/Vitis_Libraries/vision/L1/include\common/xf_structs.hpp:1332]   --->   Operation 33 'specinterface' 'specinterface_ln1332' <Predicate = true> <Delay = 0.00>
ST_5 : Operation 34 [1/1] (0.00ns)   --->   "%empty_74 = specchannel i32 @_ssdm_op_SpecChannel, void @cols_c_str, i32, void @p_str, void @p_str, i32, i32, i15 %cols_c, i15 %cols_c" [F:/Vitis_Libraries/vision/L1/include\common/xf_structs.hpp:1333]   --->   Operation 34 'specchannel' 'empty_74' <Predicate = true> <Delay = 0.00>
ST_5 : Operation 35 [1/1] (0.00ns)   --->   "%specinterface_ln1333 = specinterface void @_ssdm_op_SpecInterface, i15 %cols_c, void @ap_fifo_str, i32, i32, void @p_str, i32, i32, void @p_str, void @p_str, void @p_str, i32, i32, i32, i32, void @p_str, void @p_str" [F:/Vitis_Libraries/vision/L1/include\common/xf_structs.hpp:1333]   --->   Operation 35 'specinterface' 'specinterface_ln1333' <Predicate = true> <Delay = 0.00>
ST_5 : Operation 36 [1/1] (0.00ns)   --->   "%empty_75 = specchannel i32 @_ssdm_op_SpecChannel, void @cols_c11_str, i32, void @p_str, void @p_str, i32, i32, i32 %cols_c11, i32 %cols_c11" [F:/Vitis_Libraries/vision/L1/include\common/xf_structs.hpp:1333]   --->   Operation 36 'specchannel' 'empty_75' <Predicate = true> <Delay = 0.00>
ST_5 : Operation 37 [1/1] (0.00ns)   --->   "%specinterface_ln1333 = specinterface void @_ssdm_op_SpecInterface, i32 %cols_c11, void @ap_fifo_str, i32, i32, void @p_str, i32, i32, void @p_str, void @p_str, void @p_str, i32, i32, i32, i32, void @p_str, void @p_str" [F:/Vitis_Libraries/vision/L1/include\common/xf_structs.hpp:1333]   --->   Operation 37 'specinterface' 'specinterface_ln1333' <Predicate = true> <Delay = 0.00>
ST_5 : Operation 38 [1/2] (0.00ns)   --->   "%call_ln1340 = call void @AxiStream2Axi, i8 %ldata, i8 %gmem2, i64 %dout_c, i15 %axibound_V, void %call_ln1339" [F:/Vitis_Libraries/vision/L1/include\common/xf_structs.hpp:1340]   --->   Operation 38 'call' 'call_ln1340' <Predicate = true> <Delay = 0.00> <CoreType = "Generic">   --->   Core 0 '' <Latency = 0> <II = 1> <Delay = 1.00> <Generic> <Opcode : >
ST_5 : Operation 39 [1/1] (0.00ns)   --->   "%ret_ln1341 = ret" [F:/Vitis_Libraries/vision/L1/include\common/xf_structs.hpp:1341]   --->   Operation 39 'ret' 'ret_ln1341' <Predicate = true> <Delay = 0.00>


============================================================
+ Verbose Summary: Timing violations
============================================================
Target clock period: 10ns, clock uncertainty: 2.7ns.

 <State 1>: 2.1ns
The critical path consists of the following:
	wire read on port 'cols' [6]  (0 ns)
	'call' operation ('call_ln1331', F:/Vitis_Libraries/vision/L1/include\common/xf_structs.hpp:1331) to 'Mat2Axi.entry34' [31]  (2.1 ns)

 <State 2>: 0ns
The critical path consists of the following:

 <State 3>: 0.698ns
The critical path consists of the following:
	'call' operation ('call_ln304') to 'addrbound' [32]  (0.698 ns)

 <State 4>: 0.92ns
The critical path consists of the following:
	'call' operation ('axibound.V') to 'Mat2Axi_Block_.split13_proc' [33]  (0 ns)
	'call' operation ('call_ln1340', F:/Vitis_Libraries/vision/L1/include\common/xf_structs.hpp:1340) to 'AxiStream2Axi' [35]  (0.92 ns)

 <State 5>: 0ns
The critical path consists of the following:


============================================================
+ Verbose Summary: Binding
============================================================
N/A
* FSMD analyzer results:
  - Output states:
 - Input state : 
  - Chain level:
	State 1
	State 2
	State 3
	State 4
	State 5


============================================================
+ Verbose Summary: Datapath Resource usage 
============================================================
N/A
