

================================================================
== Vitis HLS Report for 'erosion_accel'
================================================================
* Date:           Fri Jan 22 14:17:07 2021

* Version:        2020.1 (Build 2902540 on Wed May 27 20:16:15 MDT 2020)
* Project:        erosion
* Solution:       solution1 (Vivado IP Flow Target)
* Product family: virtexuplus
* Target device:  xcvu11p-flga2577-1-e


================================================================
== Performance Estimates
================================================================
+ Timing: 
    * Summary: 
    +--------+----------+----------+------------+
    |  Clock |  Target  | Estimated| Uncertainty|
    +--------+----------+----------+------------+
    |ap_clk  | 10.00 ns | 7.300 ns |   2.70 ns  |
    +--------+----------+----------+------------+

+ Latency: 
    * Summary: 
    +---------+---------+----------+----------+-----+-------+----------+
    |  Latency (cycles) |  Latency (absolute) |   Interval  | Pipeline |
    |   min   |   max   |    min   |    max   | min |  max  |   Type   |
    +---------+---------+----------+----------+-----+-------+----------+
    |       45|    17581| 0.450 us | 0.176 ms |   25|  17561| dataflow |
    +---------+---------+----------+----------+-----+-------+----------+

    + Detail: 
        * Instance: 
        +--------------------------------+-------------------------------+---------+---------+-----------+----------+-----+-------+---------+
        |                                |                               |  Latency (cycles) |  Latency (absolute)  |   Interval  | Pipeline|
        |            Instance            |             Module            |   min   |   max   |    min    |    max   | min |  max  |   Type  |
        +--------------------------------+-------------------------------+---------+---------+-----------+----------+-----+-------+---------+
        |Array2xfMat_8_0_128_128_1_U0    |Array2xfMat_8_0_128_128_1_s    |       15|    16398|  0.150 us | 0.164 ms |   15|  16398|   none  |
        |erode_0_0_128_128_2_3_3_1_1_U0  |erode_0_0_128_128_2_3_3_1_1_s  |       24|    17560|  0.240 us | 0.176 ms |   24|  17560|   none  |
        |xfMat2Array_8_0_128_128_1_U0    |xfMat2Array_8_0_128_128_1_s    |        6|    16395| 60.000 ns | 0.164 ms |    6|  16395|   none  |
        |Loop_VITIS_LOOP_35_1_proc_U0    |Loop_VITIS_LOOP_35_1_proc      |       19|       19|  0.190 us | 0.190 us |   19|     19|   none  |
        |erosion_accel_entry39_U0        |erosion_accel_entry39          |        0|        0|    0 ns   |   0 ns   |    0|      0|   none  |
        |Block_split2_proc_U0            |Block_split2_proc              |        0|        0|    0 ns   |   0 ns   |    0|      0|   none  |
        +--------------------------------+-------------------------------+---------+---------+-----------+----------+-----+-------+---------+

        * Loop: 
        N/A



================================================================
== Utilization Estimates
================================================================
* Summary: 
+---------------------+---------+------+---------+---------+-----+
|         Name        | BRAM_18K|  DSP |    FF   |   LUT   | URAM|
+---------------------+---------+------+---------+---------+-----+
|DSP                  |        -|     -|        -|        -|    -|
|Expression           |        -|     -|        0|       45|    -|
|FIFO                 |        -|     -|     1287|      873|    -|
|Instance             |        9|     9|     6081|     8765|    -|
|Memory               |        0|     -|       32|        4|    -|
|Multiplexer          |        -|     -|        -|       54|    -|
|Register             |        -|     -|        9|        -|    -|
+---------------------+---------+------+---------+---------+-----+
|Total                |        9|     9|     7409|     9741|    0|
+---------------------+---------+------+---------+---------+-----+
|Available SLR        |     1344|  3072|   864000|   432000|  320|
+---------------------+---------+------+---------+---------+-----+
|Utilization SLR (%)  |    ~0   |  ~0  |    ~0   |        2|    0|
+---------------------+---------+------+---------+---------+-----+
|Available            |     4032|  9216|  2592000|  1296000|  960|
+---------------------+---------+------+---------+---------+-----+
|Utilization (%)      |    ~0   |  ~0  |    ~0   |    ~0   |    0|
+---------------------+---------+------+---------+---------+-----+

+ Detail: 
    * Instance: 
    +--------------------------------+-------------------------------+---------+----+------+------+-----+
    |            Instance            |             Module            | BRAM_18K| DSP|  FF  |  LUT | URAM|
    +--------------------------------+-------------------------------+---------+----+------+------+-----+
    |Array2xfMat_8_0_128_128_1_U0    |Array2xfMat_8_0_128_128_1_s    |        0|   4|  1701|  2562|    0|
    |Block_split2_proc_U0            |Block_split2_proc              |        0|   0|     2|    65|    0|
    |Loop_VITIS_LOOP_35_1_proc_U0    |Loop_VITIS_LOOP_35_1_proc      |        0|   0|   100|   153|    0|
    |control_r_s_axi_U               |control_r_s_axi                |        0|   0|   240|   424|    0|
    |control_s_axi_U                 |control_s_axi                  |        0|   0|    36|    40|    0|
    |erode_0_0_128_128_2_3_3_1_1_U0  |erode_0_0_128_128_2_3_3_1_1_s  |        3|   0|   721|  1377|    0|
    |erosion_accel_entry39_U0        |erosion_accel_entry39          |        0|   0|     3|    65|    0|
    |gmem0_m_axi_U                   |gmem0_m_axi                    |        2|   0|   548|   700|    0|
    |gmem1_m_axi_U                   |gmem1_m_axi                    |        2|   0|   548|   700|    0|
    |gmem2_m_axi_U                   |gmem2_m_axi                    |        2|   0|   548|   700|    0|
    |xfMat2Array_8_0_128_128_1_U0    |xfMat2Array_8_0_128_128_1_s    |        0|   5|  1634|  1979|    0|
    +--------------------------------+-------------------------------+---------+----+------+------+-----+
    |Total                           |                               |        9|   9|  6081|  8765|    0|
    +--------------------------------+-------------------------------+---------+----+------+------+-----+

    * DSP: 
    N/A

    * Memory: 
    +------------+----------+---------+----+----+-----+------+-----+------+-------------+
    |   Memory   |  Module  | BRAM_18K| FF | LUT| URAM| Words| Bits| Banks| W*Bits*Banks|
    +------------+----------+---------+----+----+-----+------+-----+------+-------------+
    |p_kernel_U  |p_kernel  |        0|  32|   4|    0|     9|    8|     1|           72|
    +------------+----------+---------+----+----+-----+------+-----+------+-------------+
    |Total       |          |        0|  32|   4|    0|     9|    8|     1|           72|
    +------------+----------+---------+----+----+-----+------+-----+------+-------------+

    * FIFO: 
    +---------------------+---------+----+----+-----+------+-----+---------+
    |         Name        | BRAM_18K| FF | LUT| URAM| Depth| Bits| Size:D*B|
    +---------------------+---------+----+----+-----+------+-----+---------+
    |height_c_U           |        0|  99|   0|    -|     2|   32|       64|
    |imgInput_cols_c10_U  |        0|  99|   0|    -|     2|   32|       64|
    |imgInput_cols_c_U    |        0|  99|   0|    -|     2|   32|       64|
    |imgInput_data_U      |        0|  99|   0|    -|     2|    8|       16|
    |imgInput_rows_c9_U   |        0|  99|   0|    -|     2|   32|       64|
    |imgInput_rows_c_U    |        0|  99|   0|    -|     2|   32|       64|
    |imgOutput_cols_c_U   |        0|  99|   0|    -|     4|   32|      128|
    |imgOutput_data_U     |        0|  99|   0|    -|     2|    8|       16|
    |imgOutput_rows_c_U   |        0|  99|   0|    -|     4|   32|      128|
    |img_in_c_U           |        0|  99|   0|    -|     3|   64|      192|
    |img_out_c_U          |        0|  99|   0|    -|     5|   64|      320|
    |process_shape_c_U    |        0|  99|   0|    -|     2|   64|      128|
    |width_c_U            |        0|  99|   0|    -|     2|   32|       64|
    +---------------------+---------+----+----+-----+------+-----+---------+
    |Total                |        0|1287|   0|    0|    34|  464|     1312|
    +---------------------+---------+----+----+-----+------+-----+---------+

    * Expression: 
    +-----------------------------------------------+----------+----+---+----+------------+------------+
    |                 Variable Name                 | Operation| DSP| FF| LUT| Bitwidth P0| Bitwidth P1|
    +-----------------------------------------------+----------+----+---+----+------------+------------+
    |Array2xfMat_8_0_128_128_1_U0_ap_ready_count    |     +    |   0|  0|   9|           2|           1|
    |Loop_VITIS_LOOP_35_1_proc_U0_ap_ready_count    |     +    |   0|  0|   9|           2|           1|
    |erosion_accel_entry39_U0_ap_ready_count        |     +    |   0|  0|   9|           2|           1|
    |Array2xfMat_8_0_128_128_1_U0_ap_start          |    and   |   0|  0|   2|           1|           1|
    |Loop_VITIS_LOOP_35_1_proc_U0_ap_start          |    and   |   0|  0|   2|           1|           1|
    |ap_idle                                        |    and   |   0|  0|   2|           1|           1|
    |ap_sync_ready                                  |    and   |   0|  0|   2|           1|           1|
    |erosion_accel_entry39_U0_ap_start              |    and   |   0|  0|   2|           1|           1|
    |erosion_accel_entry39_U0_start_full_n          |    and   |   0|  0|   2|           1|           1|
    |ap_sync_Array2xfMat_8_0_128_128_1_U0_ap_ready  |    or    |   0|  0|   2|           1|           1|
    |ap_sync_Loop_VITIS_LOOP_35_1_proc_U0_ap_ready  |    or    |   0|  0|   2|           1|           1|
    |ap_sync_erosion_accel_entry39_U0_ap_ready      |    or    |   0|  0|   2|           1|           1|
    +-----------------------------------------------+----------+----+---+----+------------+------------+
    |Total                                          |          |   0|  0|  45|          15|          12|
    +-----------------------------------------------+----------+----+---+----+------------+------------+

    * Multiplexer: 
    +---------------------------------------------------+----+-----------+-----+-----------+
    |                        Name                       | LUT| Input Size| Bits| Total Bits|
    +---------------------------------------------------+----+-----------+-----+-----------+
    |Array2xfMat_8_0_128_128_1_U0_ap_ready_count        |   9|          2|    2|          4|
    |Loop_VITIS_LOOP_35_1_proc_U0_ap_ready_count        |   9|          2|    2|          4|
    |ap_sync_reg_Array2xfMat_8_0_128_128_1_U0_ap_ready  |   9|          2|    1|          2|
    |ap_sync_reg_Loop_VITIS_LOOP_35_1_proc_U0_ap_ready  |   9|          2|    1|          2|
    |ap_sync_reg_erosion_accel_entry39_U0_ap_ready      |   9|          2|    1|          2|
    |erosion_accel_entry39_U0_ap_ready_count            |   9|          2|    2|          4|
    +---------------------------------------------------+----+-----------+-----+-----------+
    |Total                                              |  54|         12|    9|         18|
    +---------------------------------------------------+----+-----------+-----+-----------+

    * Register: 
    +---------------------------------------------------+---+----+-----+-----------+
    |                        Name                       | FF| LUT| Bits| Const Bits|
    +---------------------------------------------------+---+----+-----+-----------+
    |Array2xfMat_8_0_128_128_1_U0_ap_ready_count        |  2|   0|    2|          0|
    |Loop_VITIS_LOOP_35_1_proc_U0_ap_ready_count        |  2|   0|    2|          0|
    |ap_sync_reg_Array2xfMat_8_0_128_128_1_U0_ap_ready  |  1|   0|    1|          0|
    |ap_sync_reg_Loop_VITIS_LOOP_35_1_proc_U0_ap_ready  |  1|   0|    1|          0|
    |ap_sync_reg_erosion_accel_entry39_U0_ap_ready      |  1|   0|    1|          0|
    |erosion_accel_entry39_U0_ap_ready_count            |  2|   0|    2|          0|
    +---------------------------------------------------+---+----+-----+-----------+
    |Total                                              |  9|   0|    9|          0|
    +---------------------------------------------------+---+----+-----+-----------+



================================================================
== Interface
================================================================
* Summary: 
+-------------------------+-----+-----+------------+---------------+--------------+
|        RTL Ports        | Dir | Bits|  Protocol  | Source Object |    C Type    |
+-------------------------+-----+-----+------------+---------------+--------------+
|s_axi_control_AWVALID    |  in |    1|    s_axi   |    control    |  return void |
|s_axi_control_AWREADY    | out |    1|    s_axi   |    control    |  return void |
|s_axi_control_AWADDR     |  in |    4|    s_axi   |    control    |  return void |
|s_axi_control_WVALID     |  in |    1|    s_axi   |    control    |  return void |
|s_axi_control_WREADY     | out |    1|    s_axi   |    control    |  return void |
|s_axi_control_WDATA      |  in |   32|    s_axi   |    control    |  return void |
|s_axi_control_WSTRB      |  in |    4|    s_axi   |    control    |  return void |
|s_axi_control_ARVALID    |  in |    1|    s_axi   |    control    |  return void |
|s_axi_control_ARREADY    | out |    1|    s_axi   |    control    |  return void |
|s_axi_control_ARADDR     |  in |    4|    s_axi   |    control    |  return void |
|s_axi_control_RVALID     | out |    1|    s_axi   |    control    |  return void |
|s_axi_control_RREADY     |  in |    1|    s_axi   |    control    |  return void |
|s_axi_control_RDATA      | out |   32|    s_axi   |    control    |  return void |
|s_axi_control_RRESP      | out |    2|    s_axi   |    control    |  return void |
|s_axi_control_BVALID     | out |    1|    s_axi   |    control    |  return void |
|s_axi_control_BREADY     |  in |    1|    s_axi   |    control    |  return void |
|s_axi_control_BRESP      | out |    2|    s_axi   |    control    |  return void |
|s_axi_control_r_AWVALID  |  in |    1|    s_axi   |   control_r   |    scalar    |
|s_axi_control_r_AWREADY  | out |    1|    s_axi   |   control_r   |    scalar    |
|s_axi_control_r_AWADDR   |  in |    6|    s_axi   |   control_r   |    scalar    |
|s_axi_control_r_WVALID   |  in |    1|    s_axi   |   control_r   |    scalar    |
|s_axi_control_r_WREADY   | out |    1|    s_axi   |   control_r   |    scalar    |
|s_axi_control_r_WDATA    |  in |   32|    s_axi   |   control_r   |    scalar    |
|s_axi_control_r_WSTRB    |  in |    4|    s_axi   |   control_r   |    scalar    |
|s_axi_control_r_ARVALID  |  in |    1|    s_axi   |   control_r   |    scalar    |
|s_axi_control_r_ARREADY  | out |    1|    s_axi   |   control_r   |    scalar    |
|s_axi_control_r_ARADDR   |  in |    6|    s_axi   |   control_r   |    scalar    |
|s_axi_control_r_RVALID   | out |    1|    s_axi   |   control_r   |    scalar    |
|s_axi_control_r_RREADY   |  in |    1|    s_axi   |   control_r   |    scalar    |
|s_axi_control_r_RDATA    | out |   32|    s_axi   |   control_r   |    scalar    |
|s_axi_control_r_RRESP    | out |    2|    s_axi   |   control_r   |    scalar    |
|s_axi_control_r_BVALID   | out |    1|    s_axi   |   control_r   |    scalar    |
|s_axi_control_r_BREADY   |  in |    1|    s_axi   |   control_r   |    scalar    |
|s_axi_control_r_BRESP    | out |    2|    s_axi   |   control_r   |    scalar    |
|ap_clk                   |  in |    1| ap_ctrl_hs | erosion_accel | return value |
|ap_rst_n                 |  in |    1| ap_ctrl_hs | erosion_accel | return value |
|interrupt                | out |    1| ap_ctrl_hs | erosion_accel | return value |
|m_axi_gmem0_AWVALID      | out |    1|    m_axi   |     gmem0     |    pointer   |
|m_axi_gmem0_AWREADY      |  in |    1|    m_axi   |     gmem0     |    pointer   |
|m_axi_gmem0_AWADDR       | out |   64|    m_axi   |     gmem0     |    pointer   |
|m_axi_gmem0_AWID         | out |    1|    m_axi   |     gmem0     |    pointer   |
|m_axi_gmem0_AWLEN        | out |    8|    m_axi   |     gmem0     |    pointer   |
|m_axi_gmem0_AWSIZE       | out |    3|    m_axi   |     gmem0     |    pointer   |
|m_axi_gmem0_AWBURST      | out |    2|    m_axi   |     gmem0     |    pointer   |
|m_axi_gmem0_AWLOCK       | out |    2|    m_axi   |     gmem0     |    pointer   |
|m_axi_gmem0_AWCACHE      | out |    4|    m_axi   |     gmem0     |    pointer   |
|m_axi_gmem0_AWPROT       | out |    3|    m_axi   |     gmem0     |    pointer   |
|m_axi_gmem0_AWQOS        | out |    4|    m_axi   |     gmem0     |    pointer   |
|m_axi_gmem0_AWREGION     | out |    4|    m_axi   |     gmem0     |    pointer   |
|m_axi_gmem0_AWUSER       | out |    1|    m_axi   |     gmem0     |    pointer   |
|m_axi_gmem0_WVALID       | out |    1|    m_axi   |     gmem0     |    pointer   |
|m_axi_gmem0_WREADY       |  in |    1|    m_axi   |     gmem0     |    pointer   |
|m_axi_gmem0_WDATA        | out |   32|    m_axi   |     gmem0     |    pointer   |
|m_axi_gmem0_WSTRB        | out |    4|    m_axi   |     gmem0     |    pointer   |
|m_axi_gmem0_WLAST        | out |    1|    m_axi   |     gmem0     |    pointer   |
|m_axi_gmem0_WID          | out |    1|    m_axi   |     gmem0     |    pointer   |
|m_axi_gmem0_WUSER        | out |    1|    m_axi   |     gmem0     |    pointer   |
|m_axi_gmem0_ARVALID      | out |    1|    m_axi   |     gmem0     |    pointer   |
|m_axi_gmem0_ARREADY      |  in |    1|    m_axi   |     gmem0     |    pointer   |
|m_axi_gmem0_ARADDR       | out |   64|    m_axi   |     gmem0     |    pointer   |
|m_axi_gmem0_ARID         | out |    1|    m_axi   |     gmem0     |    pointer   |
|m_axi_gmem0_ARLEN        | out |    8|    m_axi   |     gmem0     |    pointer   |
|m_axi_gmem0_ARSIZE       | out |    3|    m_axi   |     gmem0     |    pointer   |
|m_axi_gmem0_ARBURST      | out |    2|    m_axi   |     gmem0     |    pointer   |
|m_axi_gmem0_ARLOCK       | out |    2|    m_axi   |     gmem0     |    pointer   |
|m_axi_gmem0_ARCACHE      | out |    4|    m_axi   |     gmem0     |    pointer   |
|m_axi_gmem0_ARPROT       | out |    3|    m_axi   |     gmem0     |    pointer   |
|m_axi_gmem0_ARQOS        | out |    4|    m_axi   |     gmem0     |    pointer   |
|m_axi_gmem0_ARREGION     | out |    4|    m_axi   |     gmem0     |    pointer   |
|m_axi_gmem0_ARUSER       | out |    1|    m_axi   |     gmem0     |    pointer   |
|m_axi_gmem0_RVALID       |  in |    1|    m_axi   |     gmem0     |    pointer   |
|m_axi_gmem0_RREADY       | out |    1|    m_axi   |     gmem0     |    pointer   |
|m_axi_gmem0_RDATA        |  in |   32|    m_axi   |     gmem0     |    pointer   |
|m_axi_gmem0_RLAST        |  in |    1|    m_axi   |     gmem0     |    pointer   |
|m_axi_gmem0_RID          |  in |    1|    m_axi   |     gmem0     |    pointer   |
|m_axi_gmem0_RUSER        |  in |    1|    m_axi   |     gmem0     |    pointer   |
|m_axi_gmem0_RRESP        |  in |    2|    m_axi   |     gmem0     |    pointer   |
|m_axi_gmem0_BVALID       |  in |    1|    m_axi   |     gmem0     |    pointer   |
|m_axi_gmem0_BREADY       | out |    1|    m_axi   |     gmem0     |    pointer   |
|m_axi_gmem0_BRESP        |  in |    2|    m_axi   |     gmem0     |    pointer   |
|m_axi_gmem0_BID          |  in |    1|    m_axi   |     gmem0     |    pointer   |
|m_axi_gmem0_BUSER        |  in |    1|    m_axi   |     gmem0     |    pointer   |
|m_axi_gmem1_AWVALID      | out |    1|    m_axi   |     gmem1     |    pointer   |
|m_axi_gmem1_AWREADY      |  in |    1|    m_axi   |     gmem1     |    pointer   |
|m_axi_gmem1_AWADDR       | out |   64|    m_axi   |     gmem1     |    pointer   |
|m_axi_gmem1_AWID         | out |    1|    m_axi   |     gmem1     |    pointer   |
|m_axi_gmem1_AWLEN        | out |    8|    m_axi   |     gmem1     |    pointer   |
|m_axi_gmem1_AWSIZE       | out |    3|    m_axi   |     gmem1     |    pointer   |
|m_axi_gmem1_AWBURST      | out |    2|    m_axi   |     gmem1     |    pointer   |
|m_axi_gmem1_AWLOCK       | out |    2|    m_axi   |     gmem1     |    pointer   |
|m_axi_gmem1_AWCACHE      | out |    4|    m_axi   |     gmem1     |    pointer   |
|m_axi_gmem1_AWPROT       | out |    3|    m_axi   |     gmem1     |    pointer   |
|m_axi_gmem1_AWQOS        | out |    4|    m_axi   |     gmem1     |    pointer   |
|m_axi_gmem1_AWREGION     | out |    4|    m_axi   |     gmem1     |    pointer   |
|m_axi_gmem1_AWUSER       | out |    1|    m_axi   |     gmem1     |    pointer   |
|m_axi_gmem1_WVALID       | out |    1|    m_axi   |     gmem1     |    pointer   |
|m_axi_gmem1_WREADY       |  in |    1|    m_axi   |     gmem1     |    pointer   |
|m_axi_gmem1_WDATA        | out |   32|    m_axi   |     gmem1     |    pointer   |
|m_axi_gmem1_WSTRB        | out |    4|    m_axi   |     gmem1     |    pointer   |
|m_axi_gmem1_WLAST        | out |    1|    m_axi   |     gmem1     |    pointer   |
|m_axi_gmem1_WID          | out |    1|    m_axi   |     gmem1     |    pointer   |
|m_axi_gmem1_WUSER        | out |    1|    m_axi   |     gmem1     |    pointer   |
|m_axi_gmem1_ARVALID      | out |    1|    m_axi   |     gmem1     |    pointer   |
|m_axi_gmem1_ARREADY      |  in |    1|    m_axi   |     gmem1     |    pointer   |
|m_axi_gmem1_ARADDR       | out |   64|    m_axi   |     gmem1     |    pointer   |
|m_axi_gmem1_ARID         | out |    1|    m_axi   |     gmem1     |    pointer   |
|m_axi_gmem1_ARLEN        | out |    8|    m_axi   |     gmem1     |    pointer   |
|m_axi_gmem1_ARSIZE       | out |    3|    m_axi   |     gmem1     |    pointer   |
|m_axi_gmem1_ARBURST      | out |    2|    m_axi   |     gmem1     |    pointer   |
|m_axi_gmem1_ARLOCK       | out |    2|    m_axi   |     gmem1     |    pointer   |
|m_axi_gmem1_ARCACHE      | out |    4|    m_axi   |     gmem1     |    pointer   |
|m_axi_gmem1_ARPROT       | out |    3|    m_axi   |     gmem1     |    pointer   |
|m_axi_gmem1_ARQOS        | out |    4|    m_axi   |     gmem1     |    pointer   |
|m_axi_gmem1_ARREGION     | out |    4|    m_axi   |     gmem1     |    pointer   |
|m_axi_gmem1_ARUSER       | out |    1|    m_axi   |     gmem1     |    pointer   |
|m_axi_gmem1_RVALID       |  in |    1|    m_axi   |     gmem1     |    pointer   |
|m_axi_gmem1_RREADY       | out |    1|    m_axi   |     gmem1     |    pointer   |
|m_axi_gmem1_RDATA        |  in |   32|    m_axi   |     gmem1     |    pointer   |
|m_axi_gmem1_RLAST        |  in |    1|    m_axi   |     gmem1     |    pointer   |
|m_axi_gmem1_RID          |  in |    1|    m_axi   |     gmem1     |    pointer   |
|m_axi_gmem1_RUSER        |  in |    1|    m_axi   |     gmem1     |    pointer   |
|m_axi_gmem1_RRESP        |  in |    2|    m_axi   |     gmem1     |    pointer   |
|m_axi_gmem1_BVALID       |  in |    1|    m_axi   |     gmem1     |    pointer   |
|m_axi_gmem1_BREADY       | out |    1|    m_axi   |     gmem1     |    pointer   |
|m_axi_gmem1_BRESP        |  in |    2|    m_axi   |     gmem1     |    pointer   |
|m_axi_gmem1_BID          |  in |    1|    m_axi   |     gmem1     |    pointer   |
|m_axi_gmem1_BUSER        |  in |    1|    m_axi   |     gmem1     |    pointer   |
|m_axi_gmem2_AWVALID      | out |    1|    m_axi   |     gmem2     |    pointer   |
|m_axi_gmem2_AWREADY      |  in |    1|    m_axi   |     gmem2     |    pointer   |
|m_axi_gmem2_AWADDR       | out |   64|    m_axi   |     gmem2     |    pointer   |
|m_axi_gmem2_AWID         | out |    1|    m_axi   |     gmem2     |    pointer   |
|m_axi_gmem2_AWLEN        | out |    8|    m_axi   |     gmem2     |    pointer   |
|m_axi_gmem2_AWSIZE       | out |    3|    m_axi   |     gmem2     |    pointer   |
|m_axi_gmem2_AWBURST      | out |    2|    m_axi   |     gmem2     |    pointer   |
|m_axi_gmem2_AWLOCK       | out |    2|    m_axi   |     gmem2     |    pointer   |
|m_axi_gmem2_AWCACHE      | out |    4|    m_axi   |     gmem2     |    pointer   |
|m_axi_gmem2_AWPROT       | out |    3|    m_axi   |     gmem2     |    pointer   |
|m_axi_gmem2_AWQOS        | out |    4|    m_axi   |     gmem2     |    pointer   |
|m_axi_gmem2_AWREGION     | out |    4|    m_axi   |     gmem2     |    pointer   |
|m_axi_gmem2_AWUSER       | out |    1|    m_axi   |     gmem2     |    pointer   |
|m_axi_gmem2_WVALID       | out |    1|    m_axi   |     gmem2     |    pointer   |
|m_axi_gmem2_WREADY       |  in |    1|    m_axi   |     gmem2     |    pointer   |
|m_axi_gmem2_WDATA        | out |   32|    m_axi   |     gmem2     |    pointer   |
|m_axi_gmem2_WSTRB        | out |    4|    m_axi   |     gmem2     |    pointer   |
|m_axi_gmem2_WLAST        | out |    1|    m_axi   |     gmem2     |    pointer   |
|m_axi_gmem2_WID          | out |    1|    m_axi   |     gmem2     |    pointer   |
|m_axi_gmem2_WUSER        | out |    1|    m_axi   |     gmem2     |    pointer   |
|m_axi_gmem2_ARVALID      | out |    1|    m_axi   |     gmem2     |    pointer   |
|m_axi_gmem2_ARREADY      |  in |    1|    m_axi   |     gmem2     |    pointer   |
|m_axi_gmem2_ARADDR       | out |   64|    m_axi   |     gmem2     |    pointer   |
|m_axi_gmem2_ARID         | out |    1|    m_axi   |     gmem2     |    pointer   |
|m_axi_gmem2_ARLEN        | out |    8|    m_axi   |     gmem2     |    pointer   |
|m_axi_gmem2_ARSIZE       | out |    3|    m_axi   |     gmem2     |    pointer   |
|m_axi_gmem2_ARBURST      | out |    2|    m_axi   |     gmem2     |    pointer   |
|m_axi_gmem2_ARLOCK       | out |    2|    m_axi   |     gmem2     |    pointer   |
|m_axi_gmem2_ARCACHE      | out |    4|    m_axi   |     gmem2     |    pointer   |
|m_axi_gmem2_ARPROT       | out |    3|    m_axi   |     gmem2     |    pointer   |
|m_axi_gmem2_ARQOS        | out |    4|    m_axi   |     gmem2     |    pointer   |
|m_axi_gmem2_ARREGION     | out |    4|    m_axi   |     gmem2     |    pointer   |
|m_axi_gmem2_ARUSER       | out |    1|    m_axi   |     gmem2     |    pointer   |
|m_axi_gmem2_RVALID       |  in |    1|    m_axi   |     gmem2     |    pointer   |
|m_axi_gmem2_RREADY       | out |    1|    m_axi   |     gmem2     |    pointer   |
|m_axi_gmem2_RDATA        |  in |   32|    m_axi   |     gmem2     |    pointer   |
|m_axi_gmem2_RLAST        |  in |    1|    m_axi   |     gmem2     |    pointer   |
|m_axi_gmem2_RID          |  in |    1|    m_axi   |     gmem2     |    pointer   |
|m_axi_gmem2_RUSER        |  in |    1|    m_axi   |     gmem2     |    pointer   |
|m_axi_gmem2_RRESP        |  in |    2|    m_axi   |     gmem2     |    pointer   |
|m_axi_gmem2_BVALID       |  in |    1|    m_axi   |     gmem2     |    pointer   |
|m_axi_gmem2_BREADY       | out |    1|    m_axi   |     gmem2     |    pointer   |
|m_axi_gmem2_BRESP        |  in |    2|    m_axi   |     gmem2     |    pointer   |
|m_axi_gmem2_BID          |  in |    1|    m_axi   |     gmem2     |    pointer   |
|m_axi_gmem2_BUSER        |  in |    1|    m_axi   |     gmem2     |    pointer   |
|height                   |  in |   32|   ap_none  |     height    |    scalar    |
|width                    |  in |   32|   ap_none  |     width     |    scalar    |
+-------------------------+-----+-----+------------+---------------+--------------+

