

================================================================
== Vitis HLS Report for 'YCrCb2rgb_1080_1920_s'
================================================================
* Date:           Wed Nov  4 16:14:47 2020

* Version:        2020.1 (Build 2902540 on Wed May 27 20:16:15 MDT 2020)
* Project:        erosion
* Solution:       solution1 (Vivado IP Flow Target)
* Product family: zynquplus
* Target device:  xczu3eg-sfvc784-1-i


================================================================
== Performance Estimates
================================================================
+ Timing: 
    * Summary: 
    +--------+----------+----------+------------+
    |  Clock |  Target  | Estimated| Uncertainty|
    +--------+----------+----------+------------+
    |ap_clk  | 10.00 ns | 4.944 ns |   2.70 ns  |
    +--------+----------+----------+------------+

+ Latency: 
    * Summary: 
    +---------+---------+-----------+-----------+---------+---------+---------+
    |  Latency (cycles) |   Latency (absolute)  |      Interval     | Pipeline|
    |   min   |   max   |    min    |    max    |   min   |   max   |   Type  |
    +---------+---------+-----------+-----------+---------+---------+---------+
    |  2073605|  2073605| 20.736 ms | 20.736 ms |  2073605|  2073605|   none  |
    +---------+---------+-----------+-----------+---------+---------+---------+

    + Detail: 
        * Instance: 
        N/A

        * Loop: 
        +-------------------------------------+---------+---------+----------+-----------+-----------+---------+----------+
        |                                     |  Latency (cycles) | Iteration|  Initiation Interval  |   Trip  |          |
        |              Loop Name              |   min   |   max   |  Latency |  achieved |   target  |  Count  | Pipelined|
        +-------------------------------------+---------+---------+----------+-----------+-----------+---------+----------+
        |- VITIS_LOOP_303_1_VITIS_LOOP_305_2  |  2073603|  2073603|         5|          1|          1|  2073600|    yes   |
        +-------------------------------------+---------+---------+----------+-----------+-----------+---------+----------+

============================================================
+ Verbose Summary: Synthesis Manager
============================================================
InlineROM: 1
ExposeGlobal: 0
============================================================
+ Verbose Summary: CDFG Model
============================================================
IsTopModel: 0
ResetActiveHigh: 1
IsCombinational: 2
IsDatapathOnly: 0
HasWiredReturn: 1
HasMFsm: 0
HasVarLatency: 1
IsPipeline: 0
IsRtlPipelined: 0
IsInstanceOverlapped: 0
IsDontTouch: 0
HasImplIP: 0
IsGatedGlobalClock: 0

+ Individual pipeline summary: 
  * Pipeline-0: initiation interval (II) = 1, depth = 5


============================================================
+ Verbose Summary: Schedule
============================================================
* Number of FSM states : 7
* Pipeline : 1
  Pipeline-0 : II = 1, D = 5, States = { 2 3 4 5 6 }
* Dataflow Pipeline: 0

* FSM state transitions: 
1 --> 2 
2 --> 7 3 
3 --> 4 
4 --> 5 
5 --> 6 
6 --> 2 
7 --> 

* FSM state operations: 

State 1 <SV = 0> <Delay = 0.75>
ST_1 : Operation 8 [1/1] (0.00ns)   --->   "%specinterface_ln0 = specinterface void @_ssdm_op_SpecInterface, i24 %gray_dst_4202, void @empty_2, i32, i32, void @empty_1, i32, i32, void @empty_1, void @empty_1, void @empty_1, i32, i32, i32, i32, void @empty_1, void @empty_1"   --->   Operation 8 'specinterface' 'specinterface_ln0' <Predicate = true> <Delay = 0.00>
ST_1 : Operation 9 [1/1] (0.00ns)   --->   "%specinterface_ln0 = specinterface void @_ssdm_op_SpecInterface, i24 %rgb_dst_4200, void @empty_2, i32, i32, void @empty_1, i32, i32, void @empty_1, void @empty_1, void @empty_1, i32, i32, i32, i32, void @empty_1, void @empty_1"   --->   Operation 9 'specinterface' 'specinterface_ln0' <Predicate = true> <Delay = 0.00>
ST_1 : Operation 10 [1/1] (0.75ns)   --->   "%br_ln303 = br void %bb" [source/erosion.cpp:303]   --->   Operation 10 'br' 'br_ln303' <Predicate = true> <Delay = 0.75>

State 2 <SV = 1> <Delay = 1.07>
ST_2 : Operation 11 [1/1] (0.00ns)   --->   "%indvar_flatten = phi i21, void, i21 %add_ln303, void %.split" [source/erosion.cpp:303]   --->   Operation 11 'phi' 'indvar_flatten' <Predicate = true> <Delay = 0.00>
ST_2 : Operation 12 [1/1] (0.94ns)   --->   "%icmp_ln303 = icmp_eq  i21 %indvar_flatten, i21" [source/erosion.cpp:303]   --->   Operation 12 'icmp' 'icmp_ln303' <Predicate = true> <Delay = 0.94> <CoreInst = "Cmp">   --->   Core 10 'Cmp' <Latency = 0> <II = 1> <Delay = 0.69> <FuncUnit> <Opcode : 'icmp'> <InPorts = 2> <OutPorts = 1>
ST_2 : Operation 13 [1/1] (1.07ns)   --->   "%add_ln303 = add i21 %indvar_flatten, i21" [source/erosion.cpp:303]   --->   Operation 13 'add' 'add_ln303' <Predicate = true> <Delay = 1.07> <CoreInst = "Adder">   --->   Core 1 'Adder' <Latency = 0> <II = 1> <Delay = 0.90> <FuncUnit> <Opcode : 'add' 'sub'> <InPorts = 2> <OutPorts = 1>
ST_2 : Operation 14 [1/1] (0.00ns)   --->   "%br_ln303 = br i1 %icmp_ln303, void %.split, void" [source/erosion.cpp:303]   --->   Operation 14 'br' 'br_ln303' <Predicate = true> <Delay = 0.00>

State 3 <SV = 2> <Delay = 3.03>
ST_3 : Operation 15 [1/1] (1.94ns)   --->   "%tmp_V = read i24 @_ssdm_op_Read.ap_fifo.volatile.i24P, i24 %gray_dst_4202" [F:/xilinx_2020.1/Vitis/2020.1/common/technology/autopilot/hls_stream_39.h:145]   --->   Operation 15 'read' 'tmp_V' <Predicate = (!icmp_ln303)> <Delay = 1.94> <CoreInst = "FIFO">   --->   Core 18 'FIFO' <Latency = 0> <II = 1> <Delay = 1.94> <Storage> <Opcode : 'read' 'write' 'nbread' 'nbwrite'> <Ports = 0> <Width = 24> <Depth = 1920> <FIFO>
ST_3 : Operation 16 [1/1] (0.00ns)   --->   "%call_ret = call i24 @ExtractPixel, i24 %tmp_V" [source/erosion.cpp:309]   --->   Operation 16 'call' 'call_ret' <Predicate = (!icmp_ln303)> <Delay = 0.00> <CoreType = "Generic">   --->   Core 0 '' <Latency = 0> <II = 1> <Delay = 1.00> <Generic> <Opcode : >
ST_3 : Operation 17 [1/1] (0.00ns)   --->   "%ycrcb_V_0 = extractvalue i24 %call_ret" [source/erosion.cpp:309]   --->   Operation 17 'extractvalue' 'ycrcb_V_0' <Predicate = (!icmp_ln303)> <Delay = 0.00>
ST_3 : Operation 18 [1/1] (0.00ns) (grouped into LUT with out node xor_ln974)   --->   "%ycrcb_V_1 = extractvalue i24 %call_ret" [source/erosion.cpp:309]   --->   Operation 18 'extractvalue' 'ycrcb_V_1' <Predicate = (!icmp_ln303)> <Delay = 0.00>
ST_3 : Operation 19 [1/1] (0.00ns) (grouped into LUT with out node xor_ln984)   --->   "%ycrcb_V_2 = extractvalue i24 %call_ret" [source/erosion.cpp:309]   --->   Operation 19 'extractvalue' 'ycrcb_V_2' <Predicate = (!icmp_ln303)> <Delay = 0.00>
ST_3 : Operation 20 [1/1] (0.38ns) (out node of the LUT)   --->   "%xor_ln974 = xor i8 %ycrcb_V_1, i8" [F:/Vitis_Libraries/vision/L1/include\imgproc/xf_cvt_color_utils.hpp:974]   --->   Operation 20 'xor' 'xor_ln974' <Predicate = (!icmp_ln303)> <Delay = 0.38> <CoreInst = "LogicGate">   --->   Core 12 'LogicGate' <Latency = 0> <II = 1> <Delay = 0.33> <FuncUnit> <Opcode : 'and' 'or' 'xor'> <InPorts = 2> <OutPorts = 1>
ST_3 : Operation 21 [1/1] (0.00ns)   --->   "%sext_ln974 = sext i8 %xor_ln974" [F:/Vitis_Libraries/vision/L1/include\imgproc/xf_cvt_color_utils.hpp:974]   --->   Operation 21 'sext' 'sext_ln974' <Predicate = (!icmp_ln303)> <Delay = 0.00>
ST_3 : Operation 22 [1/1] (0.00ns)   --->   "%sext_ln974_1 = sext i8 %xor_ln974" [F:/Vitis_Libraries/vision/L1/include\imgproc/xf_cvt_color_utils.hpp:974]   --->   Operation 22 'sext' 'sext_ln974_1' <Predicate = (!icmp_ln303)> <Delay = 0.00>
ST_3 : Operation 23 [4/4] (0.69ns) (root node of the DSP)   --->   "%R = mul i25, i25 %sext_ln974_1" [F:/Vitis_Libraries/vision/L1/include\imgproc/xf_cvt_color_utils.hpp:974]   --->   Operation 23 'mul' 'R' <Predicate = (!icmp_ln303)> <Delay = 0.69> <CoreInst = "DSP48">   --->   Core 71 'DSP48' <Latency = 3> <II = 1> <Delay = 0.69> <IPBlock> <Opcode : 'mul' 'add' 'sub' 'select'> <InPorts = 2> <OutPorts = 1> <Sync> <CReg>
ST_3 : Operation 24 [4/4] (0.69ns) (root node of the DSP)   --->   "%H_G1 = mul i24, i24 %sext_ln974" [F:/Vitis_Libraries/vision/L1/include\imgproc/xf_cvt_color_utils.hpp:983]   --->   Operation 24 'mul' 'H_G1' <Predicate = (!icmp_ln303)> <Delay = 0.69> <CoreInst = "DSP48">   --->   Core 71 'DSP48' <Latency = 3> <II = 1> <Delay = 0.69> <IPBlock> <Opcode : 'mul' 'add' 'sub' 'select'> <InPorts = 2> <OutPorts = 1> <Sync> <CReg>
ST_3 : Operation 25 [1/1] (0.38ns) (out node of the LUT)   --->   "%xor_ln984 = xor i8 %ycrcb_V_2, i8" [F:/Vitis_Libraries/vision/L1/include\imgproc/xf_cvt_color_utils.hpp:984]   --->   Operation 25 'xor' 'xor_ln984' <Predicate = (!icmp_ln303)> <Delay = 0.38> <CoreInst = "LogicGate">   --->   Core 12 'LogicGate' <Latency = 0> <II = 1> <Delay = 0.33> <FuncUnit> <Opcode : 'and' 'or' 'xor'> <InPorts = 2> <OutPorts = 1>
ST_3 : Operation 26 [1/1] (0.00ns)   --->   "%sext_ln984 = sext i8 %xor_ln984" [F:/Vitis_Libraries/vision/L1/include\imgproc/xf_cvt_color_utils.hpp:984]   --->   Operation 26 'sext' 'sext_ln984' <Predicate = (!icmp_ln303)> <Delay = 0.00>
ST_3 : Operation 27 [1/1] (0.00ns)   --->   "%sext_ln984_1 = sext i8 %xor_ln984" [F:/Vitis_Libraries/vision/L1/include\imgproc/xf_cvt_color_utils.hpp:984]   --->   Operation 27 'sext' 'sext_ln984_1' <Predicate = (!icmp_ln303)> <Delay = 0.00>
ST_3 : Operation 28 [4/4] (0.69ns) (root node of the DSP)   --->   "%H_G2 = mul i23, i23 %sext_ln984_1" [F:/Vitis_Libraries/vision/L1/include\imgproc/xf_cvt_color_utils.hpp:984]   --->   Operation 28 'mul' 'H_G2' <Predicate = (!icmp_ln303)> <Delay = 0.69> <CoreInst = "DSP48">   --->   Core 71 'DSP48' <Latency = 3> <II = 1> <Delay = 0.69> <IPBlock> <Opcode : 'mul' 'add' 'sub' 'select'> <InPorts = 2> <OutPorts = 1> <Sync> <CReg>
ST_3 : Operation 29 [4/4] (0.69ns) (root node of the DSP)   --->   "%B = mul i25, i25 %sext_ln984" [F:/Vitis_Libraries/vision/L1/include\imgproc/xf_cvt_color_utils.hpp:1001]   --->   Operation 29 'mul' 'B' <Predicate = (!icmp_ln303)> <Delay = 0.69> <CoreInst = "DSP48">   --->   Core 71 'DSP48' <Latency = 3> <II = 1> <Delay = 0.69> <IPBlock> <Opcode : 'mul' 'add' 'sub' 'select'> <InPorts = 2> <OutPorts = 1> <Sync> <CReg>

State 4 <SV = 3> <Delay = 0.69>
ST_4 : Operation 30 [3/4] (0.69ns) (root node of the DSP)   --->   "%R = mul i25, i25 %sext_ln974_1" [F:/Vitis_Libraries/vision/L1/include\imgproc/xf_cvt_color_utils.hpp:974]   --->   Operation 30 'mul' 'R' <Predicate = (!icmp_ln303)> <Delay = 0.69> <CoreInst = "DSP48">   --->   Core 71 'DSP48' <Latency = 3> <II = 1> <Delay = 0.69> <IPBlock> <Opcode : 'mul' 'add' 'sub' 'select'> <InPorts = 2> <OutPorts = 1> <Sync> <CReg>
ST_4 : Operation 31 [3/4] (0.69ns) (root node of the DSP)   --->   "%H_G1 = mul i24, i24 %sext_ln974" [F:/Vitis_Libraries/vision/L1/include\imgproc/xf_cvt_color_utils.hpp:983]   --->   Operation 31 'mul' 'H_G1' <Predicate = (!icmp_ln303)> <Delay = 0.69> <CoreInst = "DSP48">   --->   Core 71 'DSP48' <Latency = 3> <II = 1> <Delay = 0.69> <IPBlock> <Opcode : 'mul' 'add' 'sub' 'select'> <InPorts = 2> <OutPorts = 1> <Sync> <CReg>
ST_4 : Operation 32 [3/4] (0.69ns) (root node of the DSP)   --->   "%H_G2 = mul i23, i23 %sext_ln984_1" [F:/Vitis_Libraries/vision/L1/include\imgproc/xf_cvt_color_utils.hpp:984]   --->   Operation 32 'mul' 'H_G2' <Predicate = (!icmp_ln303)> <Delay = 0.69> <CoreInst = "DSP48">   --->   Core 71 'DSP48' <Latency = 3> <II = 1> <Delay = 0.69> <IPBlock> <Opcode : 'mul' 'add' 'sub' 'select'> <InPorts = 2> <OutPorts = 1> <Sync> <CReg>
ST_4 : Operation 33 [3/4] (0.69ns) (root node of the DSP)   --->   "%B = mul i25, i25 %sext_ln984" [F:/Vitis_Libraries/vision/L1/include\imgproc/xf_cvt_color_utils.hpp:1001]   --->   Operation 33 'mul' 'B' <Predicate = (!icmp_ln303)> <Delay = 0.69> <CoreInst = "DSP48">   --->   Core 71 'DSP48' <Latency = 3> <II = 1> <Delay = 0.69> <IPBlock> <Opcode : 'mul' 'add' 'sub' 'select'> <InPorts = 2> <OutPorts = 1> <Sync> <CReg>

State 5 <SV = 4> <Delay = 0.69>
ST_5 : Operation 34 [2/4] (0.69ns) (root node of the DSP)   --->   "%R = mul i25, i25 %sext_ln974_1" [F:/Vitis_Libraries/vision/L1/include\imgproc/xf_cvt_color_utils.hpp:974]   --->   Operation 34 'mul' 'R' <Predicate = (!icmp_ln303)> <Delay = 0.69> <CoreInst = "DSP48">   --->   Core 71 'DSP48' <Latency = 3> <II = 1> <Delay = 0.69> <IPBlock> <Opcode : 'mul' 'add' 'sub' 'select'> <InPorts = 2> <OutPorts = 1> <Sync> <CReg>
ST_5 : Operation 35 [2/4] (0.69ns) (root node of the DSP)   --->   "%H_G1 = mul i24, i24 %sext_ln974" [F:/Vitis_Libraries/vision/L1/include\imgproc/xf_cvt_color_utils.hpp:983]   --->   Operation 35 'mul' 'H_G1' <Predicate = (!icmp_ln303)> <Delay = 0.69> <CoreInst = "DSP48">   --->   Core 71 'DSP48' <Latency = 3> <II = 1> <Delay = 0.69> <IPBlock> <Opcode : 'mul' 'add' 'sub' 'select'> <InPorts = 2> <OutPorts = 1> <Sync> <CReg>
ST_5 : Operation 36 [2/4] (0.69ns) (root node of the DSP)   --->   "%H_G2 = mul i23, i23 %sext_ln984_1" [F:/Vitis_Libraries/vision/L1/include\imgproc/xf_cvt_color_utils.hpp:984]   --->   Operation 36 'mul' 'H_G2' <Predicate = (!icmp_ln303)> <Delay = 0.69> <CoreInst = "DSP48">   --->   Core 71 'DSP48' <Latency = 3> <II = 1> <Delay = 0.69> <IPBlock> <Opcode : 'mul' 'add' 'sub' 'select'> <InPorts = 2> <OutPorts = 1> <Sync> <CReg>
ST_5 : Operation 37 [2/4] (0.69ns) (root node of the DSP)   --->   "%B = mul i25, i25 %sext_ln984" [F:/Vitis_Libraries/vision/L1/include\imgproc/xf_cvt_color_utils.hpp:1001]   --->   Operation 37 'mul' 'B' <Predicate = (!icmp_ln303)> <Delay = 0.69> <CoreInst = "DSP48">   --->   Core 71 'DSP48' <Latency = 3> <II = 1> <Delay = 0.69> <IPBlock> <Opcode : 'mul' 'add' 'sub' 'select'> <InPorts = 2> <OutPorts = 1> <Sync> <CReg>

State 6 <SV = 5> <Delay = 4.94>
ST_6 : Operation 38 [1/1] (0.00ns)   --->   "%specloopname_ln0 = specloopname void @_ssdm_op_SpecLoopName, void @VITIS_LOOP_303_1_VITIS_LOOP_305_2_str"   --->   Operation 38 'specloopname' 'specloopname_ln0' <Predicate = (!icmp_ln303)> <Delay = 0.00>
ST_6 : Operation 39 [1/1] (0.00ns)   --->   "%speclooptripcount_ln0 = speclooptripcount void @_ssdm_op_SpecLoopTripCount, i64, i64, i64"   --->   Operation 39 'speclooptripcount' 'speclooptripcount_ln0' <Predicate = (!icmp_ln303)> <Delay = 0.00>
ST_6 : Operation 40 [1/1] (0.00ns)   --->   "%specpipeline_ln302 = specpipeline void @_ssdm_op_SpecPipeline, i32, i32, i32, i32, void @empty_1" [source/erosion.cpp:302]   --->   Operation 40 'specpipeline' 'specpipeline_ln302' <Predicate = (!icmp_ln303)> <Delay = 0.00>
ST_6 : Operation 41 [1/1] (0.00ns)   --->   "%specloopname_ln302 = specloopname void @_ssdm_op_SpecLoopName, void @empty_14" [source/erosion.cpp:302]   --->   Operation 41 'specloopname' 'specloopname_ln302' <Predicate = (!icmp_ln303)> <Delay = 0.00>
ST_6 : Operation 42 [1/4] (0.00ns) (root node of the DSP)   --->   "%R = mul i25, i25 %sext_ln974_1" [F:/Vitis_Libraries/vision/L1/include\imgproc/xf_cvt_color_utils.hpp:974]   --->   Operation 42 'mul' 'R' <Predicate = (!icmp_ln303)> <Delay = 0.00> <CoreInst = "DSP48">   --->   Core 71 'DSP48' <Latency = 3> <II = 1> <Delay = 0.69> <IPBlock> <Opcode : 'mul' 'add' 'sub' 'select'> <InPorts = 2> <OutPorts = 1> <Sync> <CReg>
ST_6 : Operation 43 [1/1] (0.00ns)   --->   "%zext_ln736 = zext i8 %ycrcb_V_0" [F:/Vitis_Libraries/vision/L1/include\imgproc/xf_cvt_color_utils.hpp:736]   --->   Operation 43 'zext' 'zext_ln736' <Predicate = (!icmp_ln303)> <Delay = 0.00>
ST_6 : Operation 44 [1/1] (0.00ns)   --->   "%trunc_ln = partselect i10 @_ssdm_op_PartSelect.i10.i25.i32.i32, i25 %R, i32, i32" [F:/Vitis_Libraries/vision/L1/include\imgproc/xf_cvt_color_utils.hpp:738]   --->   Operation 44 'partselect' 'trunc_ln' <Predicate = (!icmp_ln303)> <Delay = 0.00>
ST_6 : Operation 45 [1/1] (0.00ns)   --->   "%sext_ln738 = sext i10 %trunc_ln" [F:/Vitis_Libraries/vision/L1/include\imgproc/xf_cvt_color_utils.hpp:738]   --->   Operation 45 'sext' 'sext_ln738' <Predicate = (!icmp_ln303)> <Delay = 0.00>
ST_6 : Operation 46 [1/1] (0.00ns)   --->   "%trunc_ln738_4 = partselect i8 @_ssdm_op_PartSelect.i8.i25.i32.i32, i25 %R, i32, i32" [F:/Vitis_Libraries/vision/L1/include\imgproc/xf_cvt_color_utils.hpp:738]   --->   Operation 46 'partselect' 'trunc_ln738_4' <Predicate = (!icmp_ln303)> <Delay = 0.00>
ST_6 : Operation 47 [1/1] (0.93ns)   --->   "%Value_int = add i11 %sext_ln738, i11 %zext_ln736" [F:/Vitis_Libraries/vision/L1/include\imgproc/xf_cvt_color_utils.hpp:738]   --->   Operation 47 'add' 'Value_int' <Predicate = (!icmp_ln303)> <Delay = 0.93> <CoreInst = "Adder">   --->   Core 1 'Adder' <Latency = 0> <II = 1> <Delay = 0.90> <FuncUnit> <Opcode : 'add' 'sub'> <InPorts = 2> <OutPorts = 1>
ST_6 : Operation 48 [1/1] (0.00ns)   --->   "%tmp = partselect i3 @_ssdm_op_PartSelect.i3.i11.i32.i32, i11 %Value_int, i32, i32" [F:/Vitis_Libraries/vision/L1/include\imgproc/xf_cvt_color_utils.hpp:740]   --->   Operation 48 'partselect' 'tmp' <Predicate = (!icmp_ln303)> <Delay = 0.00>
ST_6 : Operation 49 [1/1] (0.69ns)   --->   "%icmp_ln740 = icmp_sgt  i3 %tmp, i3" [F:/Vitis_Libraries/vision/L1/include\imgproc/xf_cvt_color_utils.hpp:740]   --->   Operation 49 'icmp' 'icmp_ln740' <Predicate = (!icmp_ln303)> <Delay = 0.69> <CoreInst = "Cmp">   --->   Core 10 'Cmp' <Latency = 0> <II = 1> <Delay = 0.69> <FuncUnit> <Opcode : 'icmp'> <InPorts = 2> <OutPorts = 1>
ST_6 : Operation 50 [1/1] (0.00ns) (grouped into LUT with out node Value_uchar_11)   --->   "%tmp_4 = bitselect i1 @_ssdm_op_BitSelect.i1.i11.i32, i11 %Value_int, i32" [F:/Vitis_Libraries/vision/L1/include\imgproc/xf_cvt_color_utils.hpp:742]   --->   Operation 50 'bitselect' 'tmp_4' <Predicate = (!icmp_ln303)> <Delay = 0.00>
ST_6 : Operation 51 [1/1] (0.90ns)   --->   "%Value_uchar = add i8 %ycrcb_V_0, i8 %trunc_ln738_4" [F:/Vitis_Libraries/vision/L1/include\imgproc/xf_cvt_color_utils.hpp:745]   --->   Operation 51 'add' 'Value_uchar' <Predicate = (!icmp_ln303)> <Delay = 0.90> <CoreInst = "Adder">   --->   Core 1 'Adder' <Latency = 0> <II = 1> <Delay = 0.90> <FuncUnit> <Opcode : 'add' 'sub'> <InPorts = 2> <OutPorts = 1>
ST_6 : Operation 52 [1/1] (0.00ns) (grouped into LUT with out node Value_uchar_11)   --->   "%select_ln740 = select i1 %icmp_ln740, i8, i8" [F:/Vitis_Libraries/vision/L1/include\imgproc/xf_cvt_color_utils.hpp:740]   --->   Operation 52 'select' 'select_ln740' <Predicate = (!icmp_ln303)> <Delay = 0.00> <CoreInst = "Sel">   --->   Core 11 'Sel' <Latency = 0> <II = 1> <Delay = 0.44> <FuncUnit> <Opcode : 'select'> <InPorts = 3> <OutPorts = 1>
ST_6 : Operation 53 [1/1] (0.00ns) (grouped into LUT with out node Value_uchar_11)   --->   "%or_ln740 = or i1 %icmp_ln740, i1 %tmp_4" [F:/Vitis_Libraries/vision/L1/include\imgproc/xf_cvt_color_utils.hpp:740]   --->   Operation 53 'or' 'or_ln740' <Predicate = (!icmp_ln303)> <Delay = 0.00> <CoreInst = "LogicGate">   --->   Core 12 'LogicGate' <Latency = 0> <II = 1> <Delay = 0.33> <FuncUnit> <Opcode : 'and' 'or' 'xor'> <InPorts = 2> <OutPorts = 1>
ST_6 : Operation 54 [1/1] (0.44ns) (out node of the LUT)   --->   "%Value_uchar_11 = select i1 %or_ln740, i8 %select_ln740, i8 %Value_uchar" [F:/Vitis_Libraries/vision/L1/include\imgproc/xf_cvt_color_utils.hpp:740]   --->   Operation 54 'select' 'Value_uchar_11' <Predicate = (!icmp_ln303)> <Delay = 0.44> <CoreInst = "Sel">   --->   Core 11 'Sel' <Latency = 0> <II = 1> <Delay = 0.44> <FuncUnit> <Opcode : 'select'> <InPorts = 3> <OutPorts = 1>
ST_6 : Operation 55 [1/4] (0.00ns) (root node of the DSP)   --->   "%H_G1 = mul i24, i24 %sext_ln974" [F:/Vitis_Libraries/vision/L1/include\imgproc/xf_cvt_color_utils.hpp:983]   --->   Operation 55 'mul' 'H_G1' <Predicate = (!icmp_ln303)> <Delay = 0.00> <CoreInst = "DSP48">   --->   Core 71 'DSP48' <Latency = 3> <II = 1> <Delay = 0.69> <IPBlock> <Opcode : 'mul' 'add' 'sub' 'select'> <InPorts = 2> <OutPorts = 1> <Sync> <CReg>
ST_6 : Operation 56 [1/4] (0.00ns) (root node of the DSP)   --->   "%H_G2 = mul i23, i23 %sext_ln984_1" [F:/Vitis_Libraries/vision/L1/include\imgproc/xf_cvt_color_utils.hpp:984]   --->   Operation 56 'mul' 'H_G2' <Predicate = (!icmp_ln303)> <Delay = 0.00> <CoreInst = "DSP48">   --->   Core 71 'DSP48' <Latency = 3> <II = 1> <Delay = 0.69> <IPBlock> <Opcode : 'mul' 'add' 'sub' 'select'> <InPorts = 2> <OutPorts = 1> <Sync> <CReg>
ST_6 : Operation 57 [1/1] (0.00ns)   --->   "%sat_G1 = partselect i9 @_ssdm_op_PartSelect.i9.i24.i32.i32, i24 %H_G1, i32, i32" [F:/Vitis_Libraries/vision/L1/include\imgproc/xf_cvt_color_utils.hpp:986]   --->   Operation 57 'partselect' 'sat_G1' <Predicate = (!icmp_ln303)> <Delay = 0.00>
ST_6 : Operation 58 [1/1] (0.00ns)   --->   "%sext_ln986 = sext i9 %sat_G1" [F:/Vitis_Libraries/vision/L1/include\imgproc/xf_cvt_color_utils.hpp:986]   --->   Operation 58 'sext' 'sext_ln986' <Predicate = (!icmp_ln303)> <Delay = 0.00>
ST_6 : Operation 59 [1/1] (0.00ns)   --->   "%sat_G2 = partselect i8 @_ssdm_op_PartSelect.i8.i23.i32.i32, i23 %H_G2, i32, i32" [F:/Vitis_Libraries/vision/L1/include\imgproc/xf_cvt_color_utils.hpp:987]   --->   Operation 59 'partselect' 'sat_G2' <Predicate = (!icmp_ln303)> <Delay = 0.00>
ST_6 : Operation 60 [1/1] (0.00ns)   --->   "%sext_ln987 = sext i8 %sat_G2" [F:/Vitis_Libraries/vision/L1/include\imgproc/xf_cvt_color_utils.hpp:987]   --->   Operation 60 'sext' 'sext_ln987' <Predicate = (!icmp_ln303)> <Delay = 0.00>
ST_6 : Operation 61 [1/1] (0.00ns)   --->   "%zext_ln989 = zext i8 %ycrcb_V_0" [F:/Vitis_Libraries/vision/L1/include\imgproc/xf_cvt_color_utils.hpp:989]   --->   Operation 61 'zext' 'zext_ln989' <Predicate = (!icmp_ln303)> <Delay = 0.00>
ST_6 : Operation 62 [1/1] (0.92ns)   --->   "%sub_ln989 = sub i10 %zext_ln989, i10 %sext_ln986" [F:/Vitis_Libraries/vision/L1/include\imgproc/xf_cvt_color_utils.hpp:989]   --->   Operation 62 'sub' 'sub_ln989' <Predicate = (!icmp_ln303)> <Delay = 0.92> <CoreInst = "Adder">   --->   Core 1 'Adder' <Latency = 0> <II = 1> <Delay = 0.90> <FuncUnit> <Opcode : 'add' 'sub'> <InPorts = 2> <OutPorts = 1>
ST_6 : Operation 63 [1/1] (0.00ns)   --->   "%sext_ln989 = sext i10 %sub_ln989" [F:/Vitis_Libraries/vision/L1/include\imgproc/xf_cvt_color_utils.hpp:989]   --->   Operation 63 'sext' 'sext_ln989' <Predicate = (!icmp_ln303)> <Delay = 0.00>
ST_6 : Operation 64 [1/1] (0.93ns)   --->   "%res = sub i11 %sext_ln989, i11 %sext_ln987" [F:/Vitis_Libraries/vision/L1/include\imgproc/xf_cvt_color_utils.hpp:989]   --->   Operation 64 'sub' 'res' <Predicate = (!icmp_ln303)> <Delay = 0.93> <CoreInst = "Adder">   --->   Core 1 'Adder' <Latency = 0> <II = 1> <Delay = 0.90> <FuncUnit> <Opcode : 'add' 'sub'> <InPorts = 2> <OutPorts = 1>
ST_6 : Operation 65 [1/1] (0.00ns)   --->   "%tmp_5 = partselect i3 @_ssdm_op_PartSelect.i3.i11.i32.i32, i11 %res, i32, i32" [F:/Vitis_Libraries/vision/L1/include\imgproc/xf_cvt_color_utils.hpp:990]   --->   Operation 65 'partselect' 'tmp_5' <Predicate = (!icmp_ln303)> <Delay = 0.00>
ST_6 : Operation 66 [1/1] (0.69ns)   --->   "%icmp_ln990 = icmp_ne  i3 %tmp_5, i3" [F:/Vitis_Libraries/vision/L1/include\imgproc/xf_cvt_color_utils.hpp:990]   --->   Operation 66 'icmp' 'icmp_ln990' <Predicate = (!icmp_ln303)> <Delay = 0.69> <CoreInst = "Cmp">   --->   Core 10 'Cmp' <Latency = 0> <II = 1> <Delay = 0.69> <FuncUnit> <Opcode : 'icmp'> <InPorts = 2> <OutPorts = 1>
ST_6 : Operation 67 [1/1] (0.00ns)   --->   "%trunc_ln995 = trunc i11 %res" [F:/Vitis_Libraries/vision/L1/include\imgproc/xf_cvt_color_utils.hpp:995]   --->   Operation 67 'trunc' 'trunc_ln995' <Predicate = (!icmp_ln303)> <Delay = 0.00>
ST_6 : Operation 68 [1/1] (0.44ns)   --->   "%rgb_V_1 = select i1 %icmp_ln990, i8, i8 %trunc_ln995" [F:/Vitis_Libraries/vision/L1/include\imgproc/xf_cvt_color_utils.hpp:995]   --->   Operation 68 'select' 'rgb_V_1' <Predicate = (!icmp_ln303)> <Delay = 0.44> <CoreInst = "Sel">   --->   Core 11 'Sel' <Latency = 0> <II = 1> <Delay = 0.44> <FuncUnit> <Opcode : 'select'> <InPorts = 3> <OutPorts = 1>
ST_6 : Operation 69 [1/4] (0.00ns) (root node of the DSP)   --->   "%B = mul i25, i25 %sext_ln984" [F:/Vitis_Libraries/vision/L1/include\imgproc/xf_cvt_color_utils.hpp:1001]   --->   Operation 69 'mul' 'B' <Predicate = (!icmp_ln303)> <Delay = 0.00> <CoreInst = "DSP48">   --->   Core 71 'DSP48' <Latency = 3> <II = 1> <Delay = 0.69> <IPBlock> <Opcode : 'mul' 'add' 'sub' 'select'> <InPorts = 2> <OutPorts = 1> <Sync> <CReg>
ST_6 : Operation 70 [1/1] (0.00ns)   --->   "%trunc_ln738_5 = partselect i10 @_ssdm_op_PartSelect.i10.i25.i32.i32, i25 %B, i32, i32" [F:/Vitis_Libraries/vision/L1/include\imgproc/xf_cvt_color_utils.hpp:738]   --->   Operation 70 'partselect' 'trunc_ln738_5' <Predicate = (!icmp_ln303)> <Delay = 0.00>
ST_6 : Operation 71 [1/1] (0.00ns)   --->   "%sext_ln738_2 = sext i10 %trunc_ln738_5" [F:/Vitis_Libraries/vision/L1/include\imgproc/xf_cvt_color_utils.hpp:738]   --->   Operation 71 'sext' 'sext_ln738_2' <Predicate = (!icmp_ln303)> <Delay = 0.00>
ST_6 : Operation 72 [1/1] (0.00ns)   --->   "%trunc_ln738_6 = partselect i8 @_ssdm_op_PartSelect.i8.i25.i32.i32, i25 %B, i32, i32" [F:/Vitis_Libraries/vision/L1/include\imgproc/xf_cvt_color_utils.hpp:738]   --->   Operation 72 'partselect' 'trunc_ln738_6' <Predicate = (!icmp_ln303)> <Delay = 0.00>
ST_6 : Operation 73 [1/1] (0.93ns)   --->   "%Value_int_2 = add i11 %sext_ln738_2, i11 %zext_ln736" [F:/Vitis_Libraries/vision/L1/include\imgproc/xf_cvt_color_utils.hpp:738]   --->   Operation 73 'add' 'Value_int_2' <Predicate = (!icmp_ln303)> <Delay = 0.93> <CoreInst = "Adder">   --->   Core 1 'Adder' <Latency = 0> <II = 1> <Delay = 0.90> <FuncUnit> <Opcode : 'add' 'sub'> <InPorts = 2> <OutPorts = 1>
ST_6 : Operation 74 [1/1] (0.00ns)   --->   "%tmp_6 = partselect i3 @_ssdm_op_PartSelect.i3.i11.i32.i32, i11 %Value_int_2, i32, i32" [F:/Vitis_Libraries/vision/L1/include\imgproc/xf_cvt_color_utils.hpp:740]   --->   Operation 74 'partselect' 'tmp_6' <Predicate = (!icmp_ln303)> <Delay = 0.00>
ST_6 : Operation 75 [1/1] (0.69ns)   --->   "%icmp_ln740_2 = icmp_sgt  i3 %tmp_6, i3" [F:/Vitis_Libraries/vision/L1/include\imgproc/xf_cvt_color_utils.hpp:740]   --->   Operation 75 'icmp' 'icmp_ln740_2' <Predicate = (!icmp_ln303)> <Delay = 0.69> <CoreInst = "Cmp">   --->   Core 10 'Cmp' <Latency = 0> <II = 1> <Delay = 0.69> <FuncUnit> <Opcode : 'icmp'> <InPorts = 2> <OutPorts = 1>
ST_6 : Operation 76 [1/1] (0.00ns) (grouped into LUT with out node Value_uchar_12)   --->   "%tmp_7 = bitselect i1 @_ssdm_op_BitSelect.i1.i11.i32, i11 %Value_int_2, i32" [F:/Vitis_Libraries/vision/L1/include\imgproc/xf_cvt_color_utils.hpp:742]   --->   Operation 76 'bitselect' 'tmp_7' <Predicate = (!icmp_ln303)> <Delay = 0.00>
ST_6 : Operation 77 [1/1] (0.90ns)   --->   "%Value_uchar_9 = add i8 %ycrcb_V_0, i8 %trunc_ln738_6" [F:/Vitis_Libraries/vision/L1/include\imgproc/xf_cvt_color_utils.hpp:745]   --->   Operation 77 'add' 'Value_uchar_9' <Predicate = (!icmp_ln303)> <Delay = 0.90> <CoreInst = "Adder">   --->   Core 1 'Adder' <Latency = 0> <II = 1> <Delay = 0.90> <FuncUnit> <Opcode : 'add' 'sub'> <InPorts = 2> <OutPorts = 1>
ST_6 : Operation 78 [1/1] (0.00ns) (grouped into LUT with out node Value_uchar_12)   --->   "%select_ln740_5 = select i1 %icmp_ln740_2, i8, i8" [F:/Vitis_Libraries/vision/L1/include\imgproc/xf_cvt_color_utils.hpp:740]   --->   Operation 78 'select' 'select_ln740_5' <Predicate = (!icmp_ln303)> <Delay = 0.00> <CoreInst = "Sel">   --->   Core 11 'Sel' <Latency = 0> <II = 1> <Delay = 0.44> <FuncUnit> <Opcode : 'select'> <InPorts = 3> <OutPorts = 1>
ST_6 : Operation 79 [1/1] (0.00ns) (grouped into LUT with out node Value_uchar_12)   --->   "%or_ln740_2 = or i1 %icmp_ln740_2, i1 %tmp_7" [F:/Vitis_Libraries/vision/L1/include\imgproc/xf_cvt_color_utils.hpp:740]   --->   Operation 79 'or' 'or_ln740_2' <Predicate = (!icmp_ln303)> <Delay = 0.00> <CoreInst = "LogicGate">   --->   Core 12 'LogicGate' <Latency = 0> <II = 1> <Delay = 0.33> <FuncUnit> <Opcode : 'and' 'or' 'xor'> <InPorts = 2> <OutPorts = 1>
ST_6 : Operation 80 [1/1] (0.44ns) (out node of the LUT)   --->   "%Value_uchar_12 = select i1 %or_ln740_2, i8 %select_ln740_5, i8 %Value_uchar_9" [F:/Vitis_Libraries/vision/L1/include\imgproc/xf_cvt_color_utils.hpp:740]   --->   Operation 80 'select' 'Value_uchar_12' <Predicate = (!icmp_ln303)> <Delay = 0.44> <CoreInst = "Sel">   --->   Core 11 'Sel' <Latency = 0> <II = 1> <Delay = 0.44> <FuncUnit> <Opcode : 'select'> <InPorts = 3> <OutPorts = 1>
ST_6 : Operation 81 [1/1] (0.00ns)   --->   "%rgb_packed = call i24 @PackPixel, i8 %Value_uchar_11, i8 %rgb_V_1, i8 %Value_uchar_12" [source/erosion.cpp:313]   --->   Operation 81 'call' 'rgb_packed' <Predicate = (!icmp_ln303)> <Delay = 0.00> <CoreType = "Generic">   --->   Core 0 '' <Latency = 0> <II = 1> <Delay = 1.00> <Generic> <Opcode : >
ST_6 : Operation 82 [1/1] (1.94ns)   --->   "%write_ln167 = write void @_ssdm_op_Write.ap_fifo.volatile.i24P, i24 %rgb_dst_4200, i24 %rgb_packed" [F:/xilinx_2020.1/Vitis/2020.1/common/technology/autopilot/hls_stream_39.h:167]   --->   Operation 82 'write' 'write_ln167' <Predicate = (!icmp_ln303)> <Delay = 1.94> <CoreInst = "FIFO">   --->   Core 18 'FIFO' <Latency = 0> <II = 1> <Delay = 1.94> <Storage> <Opcode : 'read' 'write' 'nbread' 'nbwrite'> <Ports = 0> <Width = 24> <Depth = 1920> <FIFO>
ST_6 : Operation 83 [1/1] (0.00ns)   --->   "%br_ln0 = br void %bb"   --->   Operation 83 'br' 'br_ln0' <Predicate = (!icmp_ln303)> <Delay = 0.00>

State 7 <SV = 2> <Delay = 0.00>
ST_7 : Operation 84 [1/1] (0.00ns)   --->   "%ret_ln317 = ret" [source/erosion.cpp:317]   --->   Operation 84 'ret' 'ret_ln317' <Predicate = true> <Delay = 0.00>


============================================================
+ Verbose Summary: Timing violations
============================================================
Target clock period: 10ns, clock uncertainty: 2.7ns.

 <State 1>: 0.755ns
The critical path consists of the following:
	multiplexor before 'phi' operation ('indvar_flatten', source/erosion.cpp:303) with incoming values : ('add_ln303', source/erosion.cpp:303) [7]  (0.755 ns)

 <State 2>: 1.07ns
The critical path consists of the following:
	'phi' operation ('indvar_flatten', source/erosion.cpp:303) with incoming values : ('add_ln303', source/erosion.cpp:303) [7]  (0 ns)
	'add' operation ('add_ln303', source/erosion.cpp:303) [9]  (1.07 ns)

 <State 3>: 3.03ns
The critical path consists of the following:
	fifo read on port 'gray_dst_4202' (F:/xilinx_2020.1/Vitis/2020.1/common/technology/autopilot/hls_stream_39.h:145) [16]  (1.95 ns)
	'call' operation ('call_ret', source/erosion.cpp:309) to 'ExtractPixel' [17]  (0 ns)
	'xor' operation ('xor_ln974', F:/Vitis_Libraries/vision/L1/include\imgproc/xf_cvt_color_utils.hpp:974) [21]  (0.389 ns)
	'mul' operation of DSP[24] ('R', F:/Vitis_Libraries/vision/L1/include\imgproc/xf_cvt_color_utils.hpp:974) [24]  (0.698 ns)

 <State 4>: 0.698ns
The critical path consists of the following:
	'mul' operation of DSP[24] ('R', F:/Vitis_Libraries/vision/L1/include\imgproc/xf_cvt_color_utils.hpp:974) [24]  (0.698 ns)

 <State 5>: 0.698ns
The critical path consists of the following:
	'mul' operation of DSP[24] ('R', F:/Vitis_Libraries/vision/L1/include\imgproc/xf_cvt_color_utils.hpp:974) [24]  (0.698 ns)

 <State 6>: 4.94ns
The critical path consists of the following:
	'mul' operation of DSP[37] ('H_G1', F:/Vitis_Libraries/vision/L1/include\imgproc/xf_cvt_color_utils.hpp:983) [37]  (0 ns)
	'sub' operation ('sub_ln989', F:/Vitis_Libraries/vision/L1/include\imgproc/xf_cvt_color_utils.hpp:989) [47]  (0.921 ns)
	'sub' operation ('res', F:/Vitis_Libraries/vision/L1/include\imgproc/xf_cvt_color_utils.hpp:989) [49]  (0.934 ns)
	'icmp' operation ('icmp_ln990', F:/Vitis_Libraries/vision/L1/include\imgproc/xf_cvt_color_utils.hpp:990) [51]  (0.698 ns)
	'select' operation ('rgb.V[1]', F:/Vitis_Libraries/vision/L1/include\imgproc/xf_cvt_color_utils.hpp:995) [53]  (0.445 ns)
	'call' operation ('rgb_packed', source/erosion.cpp:313) to 'PackPixel' [66]  (0 ns)
	fifo write on port 'rgb_dst_4200' (F:/xilinx_2020.1/Vitis/2020.1/common/technology/autopilot/hls_stream_39.h:167) [67]  (1.95 ns)

 <State 7>: 0ns
The critical path consists of the following:


============================================================
+ Verbose Summary: Binding
============================================================
N/A
* FSMD analyzer results:
  - Output states:
 - Input state : 
  - Chain level:
	State 1
	State 2
	State 3
	State 4
	State 5
	State 6
	State 7


============================================================
+ Verbose Summary: Datapath Resource usage 
============================================================
N/A
