

================================================================
== Vitis HLS Report for 'thresholding_1080_1920_s'
================================================================
* Date:           Mon Nov  2 14:21:27 2020

* Version:        2020.1 (Build 2902540 on Wed May 27 20:16:15 MDT 2020)
* Project:        edge_detector
* Solution:       solution1 (Vivado IP Flow Target)
* Product family: zynquplus
* Target device:  xczu3eg-sfvc784-1-i


================================================================
== Performance Estimates
================================================================
+ Timing: 
    * Summary: 
    +--------+----------+----------+------------+
    |  Clock |  Target  | Estimated| Uncertainty|
    +--------+----------+----------+------------+
    |ap_clk  | 10.00 ns | 5.079 ns |   2.70 ns  |
    +--------+----------+----------+------------+

+ Latency: 
    * Summary: 
    +---------+---------+-----------+-----------+---------+---------+---------+
    |  Latency (cycles) |   Latency (absolute)  |      Interval     | Pipeline|
    |   min   |   max   |    min    |    max    |   min   |   max   |   Type  |
    +---------+---------+-----------+-----------+---------+---------+---------+
    |  2073602|  2073602| 20.736 ms | 20.736 ms |  2073602|  2073602|   none  |
    +---------+---------+-----------+-----------+---------+---------+---------+

    + Detail: 
        * Instance: 
        N/A

        * Loop: 
        +-----------------------------------+---------+---------+----------+-----------+-----------+---------+----------+
        |                                   |  Latency (cycles) | Iteration|  Initiation Interval  |   Trip  |          |
        |             Loop Name             |   min   |   max   |  Latency |  achieved |   target  |  Count  | Pipelined|
        +-----------------------------------+---------+---------+----------+-----------+-----------+---------+----------+
        |- VITIS_LOOP_23_1_VITIS_LOOP_25_2  |  2073600|  2073600|         2|          1|          1|  2073600|    yes   |
        |- VITIS_LOOP_35_3_VITIS_LOOP_37_4  |  2073600|  2073600|         2|          1|          1|  2073600|    yes   |
        +-----------------------------------+---------+---------+----------+-----------+-----------+---------+----------+



================================================================
== Utilization Estimates
================================================================
* Summary: 
+-----------------+---------+-----+--------+-------+-----+
|       Name      | BRAM_18K| DSP |   FF   |  LUT  | URAM|
+-----------------+---------+-----+--------+-------+-----+
|DSP              |        -|    -|       -|      -|    -|
|Expression       |        -|    -|       0|    140|    -|
|FIFO             |        -|    -|       -|      -|    -|
|Instance         |        -|    -|       -|      -|    -|
|Memory           |        -|    -|       -|      -|    -|
|Multiplexer      |        -|    -|       -|    135|    -|
|Register         |        -|    -|      62|      -|    -|
+-----------------+---------+-----+--------+-------+-----+
|Total            |        0|    0|      62|    275|    0|
+-----------------+---------+-----+--------+-------+-----+
|Available        |      432|  360|  141120|  70560|    0|
+-----------------+---------+-----+--------+-------+-----+
|Utilization (%)  |        0|    0|   ~0   |   ~0  |    0|
+-----------------+---------+-----+--------+-------+-----+

+ Detail: 
    * Instance: 
    N/A

    * DSP: 
    N/A

    * Memory: 
    N/A

    * FIFO: 
    N/A

    * Expression: 
    +----------------------------------+----------+----+---+----+------------+------------+
    |           Variable Name          | Operation| DSP| FF| LUT| Bitwidth P0| Bitwidth P1|
    +----------------------------------+----------+----+---+----+------------+------------+
    |add_ln23_fu_148_p2                |     +    |   0|  0|  28|          21|           1|
    |add_ln35_fu_116_p2                |     +    |   0|  0|  28|          21|           1|
    |ap_block_pp0_stage0_01001         |    and   |   0|  0|   2|           1|           1|
    |ap_block_pp1_stage0_01001         |    and   |   0|  0|   2|           1|           1|
    |icmp_ln23_fu_142_p2               |   icmp   |   0|  0|  20|          21|          16|
    |icmp_ln35_fu_110_p2               |   icmp   |   0|  0|  20|          21|          16|
    |icmp_ln44_fu_122_p2               |   icmp   |   0|  0|  11|           8|           8|
    |icmp_ln874_fu_104_p2              |   icmp   |   0|  0|  11|           8|           1|
    |ap_block_state1                   |    or    |   0|  0|   2|           1|           1|
    |ap_block_state3_pp0_stage0_iter1  |    or    |   0|  0|   2|           1|           1|
    |ap_block_state6_pp1_stage0_iter1  |    or    |   0|  0|   2|           1|           1|
    |select_ln167_fu_133_p3            |  select  |   0|  0|   2|           1|           2|
    |ap_enable_pp0                     |    xor   |   0|  0|   2|           1|           2|
    |ap_enable_pp1                     |    xor   |   0|  0|   2|           1|           2|
    |ap_enable_reg_pp0_iter1           |    xor   |   0|  0|   2|           2|           1|
    |ap_enable_reg_pp1_iter1           |    xor   |   0|  0|   2|           2|           1|
    |xor_ln44_fu_127_p2                |    xor   |   0|  0|   2|           1|           2|
    +----------------------------------+----------+----+---+----+------------+------------+
    |Total                             |          |   0|  0| 140|         113|          58|
    +----------------------------------+----------+----+---+----+------------+------------+

    * Multiplexer: 
    +-------------------------+----+-----------+-----+-----------+
    |           Name          | LUT| Input Size| Bits| Total Bits|
    +-------------------------+----+-----------+-----+-----------+
    |ap_NS_fsm                |  27|          5|    1|          5|
    |ap_done                  |   9|          2|    1|          2|
    |ap_enable_reg_pp0_iter1  |  15|          3|    1|          3|
    |ap_enable_reg_pp1_iter1  |  15|          3|    1|          3|
    |indvar_flatten7_reg_82   |   9|          2|   21|         42|
    |indvar_flatten_reg_93    |   9|          2|   21|         42|
    |real_start               |   9|          2|    1|          2|
    |sobelImg_4233_blk_n      |   9|          2|    1|          2|
    |thresholdImg_4234_blk_n  |   9|          2|    1|          2|
    |thresholdImg_4234_din    |  15|          3|    8|         24|
    |threshold_blk_n          |   9|          2|    1|          2|
    +-------------------------+----+-----------+-----+-----------+
    |Total                    | 135|         28|   58|        129|
    +-------------------------+----+-----------+-----+-----------+

    * Register: 
    +-------------------------+----+----+-----+-----------+
    |           Name          | FF | LUT| Bits| Const Bits|
    +-------------------------+----+----+-----+-----------+
    |ap_CS_fsm                |   4|   0|    4|          0|
    |ap_done_reg              |   1|   0|    1|          0|
    |ap_enable_reg_pp0_iter0  |   1|   0|    1|          0|
    |ap_enable_reg_pp0_iter1  |   1|   0|    1|          0|
    |ap_enable_reg_pp1_iter0  |   1|   0|    1|          0|
    |ap_enable_reg_pp1_iter1  |   1|   0|    1|          0|
    |icmp_ln23_reg_172        |   1|   0|    1|          0|
    |icmp_ln35_reg_163        |   1|   0|    1|          0|
    |indvar_flatten7_reg_82   |  21|   0|   21|          0|
    |indvar_flatten_reg_93    |  21|   0|   21|          0|
    |start_once_reg           |   1|   0|    1|          0|
    |threshold_read_reg_154   |   8|   0|    8|          0|
    +-------------------------+----+----+-----+-----------+
    |Total                    |  62|   0|   62|          0|
    +-------------------------+----+----+-----+-----------+



================================================================
== Interface
================================================================
* Summary: 
+--------------------------+-----+-----+------------+--------------------------+--------------+
|         RTL Ports        | Dir | Bits|  Protocol  |       Source Object      |    C Type    |
+--------------------------+-----+-----+------------+--------------------------+--------------+
|ap_clk                    |  in |    1| ap_ctrl_hs | thresholding<1080, 1920> | return value |
|ap_rst                    |  in |    1| ap_ctrl_hs | thresholding<1080, 1920> | return value |
|ap_start                  |  in |    1| ap_ctrl_hs | thresholding<1080, 1920> | return value |
|start_full_n              |  in |    1| ap_ctrl_hs | thresholding<1080, 1920> | return value |
|ap_done                   | out |    1| ap_ctrl_hs | thresholding<1080, 1920> | return value |
|ap_continue               |  in |    1| ap_ctrl_hs | thresholding<1080, 1920> | return value |
|ap_idle                   | out |    1| ap_ctrl_hs | thresholding<1080, 1920> | return value |
|ap_ready                  | out |    1| ap_ctrl_hs | thresholding<1080, 1920> | return value |
|start_out                 | out |    1| ap_ctrl_hs | thresholding<1080, 1920> | return value |
|start_write               | out |    1| ap_ctrl_hs | thresholding<1080, 1920> | return value |
|sobelImg_4233_dout        |  in |    8|   ap_fifo  |       sobelImg_4233      |    pointer   |
|sobelImg_4233_empty_n     |  in |    1|   ap_fifo  |       sobelImg_4233      |    pointer   |
|sobelImg_4233_read        | out |    1|   ap_fifo  |       sobelImg_4233      |    pointer   |
|thresholdImg_4234_din     | out |    8|   ap_fifo  |     thresholdImg_4234    |    pointer   |
|thresholdImg_4234_full_n  |  in |    1|   ap_fifo  |     thresholdImg_4234    |    pointer   |
|thresholdImg_4234_write   | out |    1|   ap_fifo  |     thresholdImg_4234    |    pointer   |
|threshold_dout            |  in |    8|   ap_fifo  |         threshold        |    pointer   |
|threshold_empty_n         |  in |    1|   ap_fifo  |         threshold        |    pointer   |
|threshold_read            | out |    1|   ap_fifo  |         threshold        |    pointer   |
+--------------------------+-----+-----+------------+--------------------------+--------------+

