

================================================================
== Vitis HLS Report for 'xFSobel3x3_1_1_0_0_s'
================================================================
* Date:           Mon Nov  2 14:21:26 2020

* Version:        2020.1 (Build 2902540 on Wed May 27 20:16:15 MDT 2020)
* Project:        edge_detector
* Solution:       solution1 (Vivado IP Flow Target)
* Product family: zynquplus
* Target device:  xczu3eg-sfvc784-1-i


================================================================
== Performance Estimates
================================================================
+ Timing: 
    * Summary: 
    +--------+----------+----------+------------+
    |  Clock |  Target  | Estimated| Uncertainty|
    +--------+----------+----------+------------+
    |ap_clk  | 10.00 ns | 3.138 ns |   2.70 ns  |
    +--------+----------+----------+------------+

+ Latency: 
    * Summary: 
    +---------+---------+----------+----------+-----+-----+----------+
    |  Latency (cycles) |  Latency (absolute) |  Interval | Pipeline |
    |   min   |   max   |    min   |    max   | min | max |   Type   |
    +---------+---------+----------+----------+-----+-----+----------+
    |        0|        0|   0 ns   |   0 ns   |    1|    1| function |
    +---------+---------+----------+----------+-----+-----+----------+

    + Detail: 
        * Instance: 
        +-----------------------------------------------------------+----------------------+---------+---------+----------+----------+-----+-----+----------+
        |                                                           |                      |  Latency (cycles) |  Latency (absolute) |  Interval | Pipeline |
        |                          Instance                         |        Module        |   min   |   max   |    min   |    max   | min | max |   Type   |
        +-----------------------------------------------------------+----------------------+---------+---------+----------+----------+-----+-----+----------+
        |GradientvaluesX_V_write_assign_xFGradientX3x3_0_0_s_fu_72  |xFGradientX3x3_0_0_s  |        0|        0|   0 ns   |   0 ns   |    1|    1| function |
        |GradientvaluesY_V_write_assign_xFGradientY3x3_0_0_s_fu_88  |xFGradientY3x3_0_0_s  |        0|        0|   0 ns   |   0 ns   |    1|    1| function |
        +-----------------------------------------------------------+----------------------+---------+---------+----------+----------+-----+-----+----------+

        * Loop: 
        N/A



================================================================
== Utilization Estimates
================================================================
* Summary: 
+-----------------+---------+-----+--------+-------+-----+
|       Name      | BRAM_18K| DSP |   FF   |  LUT  | URAM|
+-----------------+---------+-----+--------+-------+-----+
|DSP              |        -|    -|       -|      -|    -|
|Expression       |        -|    -|       -|      -|    -|
|FIFO             |        -|    -|       -|      -|    -|
|Instance         |        -|    -|       0|    228|    -|
|Memory           |        -|    -|       -|      -|    -|
|Multiplexer      |        -|    -|       -|      -|    -|
|Register         |        -|    -|       -|      -|    -|
+-----------------+---------+-----+--------+-------+-----+
|Total            |        0|    0|       0|    228|    0|
+-----------------+---------+-----+--------+-------+-----+
|Available        |      432|  360|  141120|  70560|    0|
+-----------------+---------+-----+--------+-------+-----+
|Utilization (%)  |        0|    0|       0|   ~0  |    0|
+-----------------+---------+-----+--------+-------+-----+

+ Detail: 
    * Instance: 
    +-----------------------------------------------------------+----------------------+---------+----+---+-----+-----+
    |                          Instance                         |        Module        | BRAM_18K| DSP| FF| LUT | URAM|
    +-----------------------------------------------------------+----------------------+---------+----+---+-----+-----+
    |GradientvaluesX_V_write_assign_xFGradientX3x3_0_0_s_fu_72  |xFGradientX3x3_0_0_s  |        0|   0|  0|  114|    0|
    |GradientvaluesY_V_write_assign_xFGradientY3x3_0_0_s_fu_88  |xFGradientY3x3_0_0_s  |        0|   0|  0|  114|    0|
    +-----------------------------------------------------------+----------------------+---------+----+---+-----+-----+
    |Total                                                      |                      |        0|   0|  0|  228|    0|
    +-----------------------------------------------------------+----------------------+---------+----+---+-----+-----+

    * DSP: 
    N/A

    * Memory: 
    N/A

    * FIFO: 
    N/A

    * Expression: 
    N/A

    * Multiplexer: 
    N/A

    * Register: 
    N/A



================================================================
== Interface
================================================================
* Summary: 
+-------------+-----+-----+------------+------------------------+--------------+
|  RTL Ports  | Dir | Bits|  Protocol  |      Source Object     |    C Type    |
+-------------+-----+-----+------------+------------------------+--------------+
|ap_ready     | out |    1| ap_ctrl_hs | xFSobel3x3<1, 1, 0, 0> | return value |
|ap_return_0  | out |    8| ap_ctrl_hs | xFSobel3x3<1, 1, 0, 0> | return value |
|ap_return_1  | out |    8| ap_ctrl_hs | xFSobel3x3<1, 1, 0, 0> | return value |
|p_read2      |  in |    8|   ap_none  |         p_read2        |    scalar    |
|p_read5      |  in |    8|   ap_none  |         p_read5        |    scalar    |
|p_read6      |  in |    8|   ap_none  |         p_read6        |    scalar    |
|p_read7      |  in |    8|   ap_none  |         p_read7        |    scalar    |
|p_read8      |  in |    8|   ap_none  |         p_read8        |    scalar    |
|p_read9      |  in |    8|   ap_none  |         p_read9        |    scalar    |
|p_read10     |  in |    8|   ap_none  |        p_read10        |    scalar    |
|p_read11     |  in |    8|   ap_none  |        p_read11        |    scalar    |
+-------------+-----+-----+------------+------------------------+--------------+

