Copyright 1986-2020 Xilinx, Inc. All Rights Reserved.
-----------------------------------------------------------------------------------------------------------------------------
| Tool Version : Vivado v.2020.1 (win64) Build 2902540 Wed May 27 19:54:49 MDT 2020
| Date         : Thu Nov  5 14:18:31 2020
| Host         : DESKTOP-AOVMD3L running 64-bit major release  (build 9200)
| Command      : report_utilization -file design_1_wrapper_utilization_placed.rpt -pb design_1_wrapper_utilization_placed.pb
| Design       : design_1_wrapper
| Device       : xczu5evsfvc784-1
| Design State : Fully Placed
-----------------------------------------------------------------------------------------------------------------------------

Utilization Design Information

Table of Contents
-----------------
1. CLB Logic
1.1 Summary of Registers by Type
2. CLB Logic Distribution
3. BLOCKRAM
4. ARITHMETIC
5. I/O
6. CLOCK
7. ADVANCED
8. CONFIGURATION
9. Primitives
10. Black Boxes
11. Instantiated Netlists

1. CLB Logic
------------

+----------------------------+-------+-------+-----------+-------+
|          Site Type         |  Used | Fixed | Available | Util% |
+----------------------------+-------+-------+-----------+-------+
| CLB LUTs                   | 13710 |     0 |    117120 | 11.71 |
|   LUT as Logic             | 13339 |     0 |    117120 | 11.39 |
|   LUT as Memory            |   371 |     0 |     57600 |  0.64 |
|     LUT as Distributed RAM |    76 |     0 |           |       |
|     LUT as Shift Register  |   295 |     0 |           |       |
| CLB Registers              | 16026 |     0 |    234240 |  6.84 |
|   Register as Flip Flop    | 16026 |     0 |    234240 |  6.84 |
|   Register as Latch        |     0 |     0 |    234240 |  0.00 |
| CARRY8                     |   430 |     0 |     14640 |  2.94 |
| F7 Muxes                   |    54 |     0 |     58560 |  0.09 |
| F8 Muxes                   |     1 |     0 |     29280 | <0.01 |
| F9 Muxes                   |     0 |     0 |     14640 |  0.00 |
+----------------------------+-------+-------+-----------+-------+


1.1 Summary of Registers by Type
--------------------------------

+-------+--------------+-------------+--------------+
| Total | Clock Enable | Synchronous | Asynchronous |
+-------+--------------+-------------+--------------+
| 0     |            _ |           - |            - |
| 0     |            _ |           - |          Set |
| 0     |            _ |           - |        Reset |
| 0     |            _ |         Set |            - |
| 0     |            _ |       Reset |            - |
| 0     |          Yes |           - |            - |
| 83    |          Yes |           - |          Set |
| 222   |          Yes |           - |        Reset |
| 249   |          Yes |         Set |            - |
| 15472 |          Yes |       Reset |            - |
+-------+--------------+-------------+--------------+


2. CLB Logic Distribution
-------------------------

+--------------------------------------------+-------+-------+-----------+-------+
|                  Site Type                 |  Used | Fixed | Available | Util% |
+--------------------------------------------+-------+-------+-----------+-------+
| CLB                                        |  3006 |     0 |     14640 | 20.53 |
|   CLBL                                     |  1296 |     0 |           |       |
|   CLBM                                     |  1710 |     0 |           |       |
| LUT as Logic                               | 13339 |     0 |    117120 | 11.39 |
|   using O5 output only                     |   261 |       |           |       |
|   using O6 output only                     | 10209 |       |           |       |
|   using O5 and O6                          |  2869 |       |           |       |
| LUT as Memory                              |   371 |     0 |     57600 |  0.64 |
|   LUT as Distributed RAM                   |    76 |     0 |           |       |
|     using O5 output only                   |     0 |       |           |       |
|     using O6 output only                   |    12 |       |           |       |
|     using O5 and O6                        |    64 |       |           |       |
|   LUT as Shift Register                    |   295 |     0 |           |       |
|     using O5 output only                   |     0 |       |           |       |
|     using O6 output only                   |   178 |       |           |       |
|     using O5 and O6                        |   117 |       |           |       |
| CLB Registers                              | 16026 |     0 |    234240 |  6.84 |
|   Register driven from within the CLB      |  7554 |       |           |       |
|   Register driven from outside the CLB     |  8472 |       |           |       |
|     LUT in front of the register is unused |  5320 |       |           |       |
|     LUT in front of the register is used   |  3152 |       |           |       |
| Unique Control Sets                        |   666 |       |     29280 |  2.27 |
+--------------------------------------------+-------+-------+-----------+-------+
* * Note: Available Control Sets calculated as Slices * 2, Review the Control Sets Report for more information regarding control sets.


3. BLOCKRAM
-----------

+-------------------+------+-------+-----------+-------+
|     Site Type     | Used | Fixed | Available | Util% |
+-------------------+------+-------+-----------+-------+
| Block RAM Tile    | 36.5 |     0 |       144 | 25.35 |
|   RAMB36/FIFO*    |   30 |     0 |       144 | 20.83 |
|     RAMB36E2 only |   30 |       |           |       |
|   RAMB18          |   13 |     0 |       288 |  4.51 |
|     RAMB18E2 only |   13 |       |           |       |
| URAM              |    1 |     0 |        64 |  1.56 |
+-------------------+------+-------+-----------+-------+
* Note: Each Block RAM Tile only has one FIFO logic available and therefore can accommodate only one FIFO36E2 or one FIFO18E2. However, if a FIFO18E2 occupies a Block RAM Tile, that tile can still accommodate a RAMB18E2


4. ARITHMETIC
-------------

+----------------+------+-------+-----------+-------+
|    Site Type   | Used | Fixed | Available | Util% |
+----------------+------+-------+-----------+-------+
| DSPs           |   17 |     0 |      1248 |  1.36 |
|   DSP48E2 only |   17 |       |           |       |
+----------------+------+-------+-----------+-------+


5. I/O
------

+------------------+------+-------+-----------+-------+
|     Site Type    | Used | Fixed | Available | Util% |
+------------------+------+-------+-----------+-------+
| Bonded IOB       |    9 |     9 |       252 |  3.57 |
| HPIOB_M          |    3 |     3 |        72 |  4.17 |
|   INPUT          |    3 |       |           |       |
|   OUTPUT         |    0 |       |           |       |
|   BIDIR          |    0 |       |           |       |
| HPIOB_S          |    3 |     3 |        72 |  4.17 |
|   INPUT          |    3 |       |           |       |
|   OUTPUT         |    0 |       |           |       |
|   BIDIR          |    0 |       |           |       |
| HDIOB_M          |    2 |     2 |        48 |  4.17 |
|   INPUT          |    0 |       |           |       |
|   OUTPUT         |    0 |       |           |       |
|   BIDIR          |    2 |       |           |       |
| HDIOB_S          |    1 |     1 |        48 |  2.08 |
|   INPUT          |    0 |       |           |       |
|   OUTPUT         |    0 |       |           |       |
|   BIDIR          |    1 |       |           |       |
| HPIOB_SNGL       |    0 |     0 |        12 |  0.00 |
| HPIOBDIFFINBUF   |    3 |     3 |        96 |  3.13 |
| HPIOBDIFFOUTBUF  |    0 |     0 |        96 |  0.00 |
| HDIOBDIFFINBUF   |    0 |     0 |        48 |  0.00 |
| BITSLICE_CONTROL |    1 |     0 |        32 |  3.13 |
| BITSLICE_RX_TX   |    3 |     3 |       208 |  1.44 |
|   RX_BITSLICE    |    3 |     3 |           |       |
| BITSLICE_TX      |    0 |     0 |        32 |  0.00 |
| RIU_OR           |    0 |     0 |        16 |  0.00 |
+------------------+------+-------+-----------+-------+


6. CLOCK
--------

+----------------------+------+-------+-----------+-------+
|       Site Type      | Used | Fixed | Available | Util% |
+----------------------+------+-------+-----------+-------+
| GLOBAL CLOCK BUFFERs |    5 |     0 |       352 |  1.42 |
|   BUFGCE             |    3 |     0 |       112 |  2.68 |
|   BUFGCE_DIV         |    0 |     0 |        16 |  0.00 |
|   BUFG_GT            |    0 |     0 |        96 |  0.00 |
|   BUFG_PS            |    2 |     0 |        96 |  2.08 |
|   BUFGCTRL*          |    0 |     0 |        32 |  0.00 |
| PLL                  |    1 |     0 |         8 | 12.50 |
| MMCM                 |    0 |     0 |         4 |  0.00 |
+----------------------+------+-------+-----------+-------+
* Note: Each used BUFGCTRL counts as two GLOBAL CLOCK BUFFERs. This table does not include global clocking resources, only buffer cell usage. See the Clock Utilization Report (report_clock_utilization) for detailed accounting of global clocking resource availability.


7. ADVANCED
-----------

+-----------------+------+-------+-----------+--------+
|    Site Type    | Used | Fixed | Available |  Util% |
+-----------------+------+-------+-----------+--------+
| GTHE4_CHANNEL   |    0 |     0 |         4 |   0.00 |
| GTHE4_COMMON    |    0 |     0 |         1 |   0.00 |
| OBUFDS_GTE4     |    0 |     0 |         2 |   0.00 |
| OBUFDS_GTE4_ADV |    0 |     0 |         2 |   0.00 |
| PCIE40E4        |    0 |     0 |         2 |   0.00 |
| PS8             |    1 |     0 |         1 | 100.00 |
| SYSMONE4        |    0 |     0 |         1 |   0.00 |
| VCU             |    0 |     0 |         1 |   0.00 |
+-----------------+------+-------+-----------+--------+


8. CONFIGURATION
----------------

+-------------+------+-------+-----------+-------+
|  Site Type  | Used | Fixed | Available | Util% |
+-------------+------+-------+-----------+-------+
| BSCANE2     |    0 |     0 |         4 |  0.00 |
| DNA_PORTE2  |    0 |     0 |         1 |  0.00 |
| EFUSE_USR   |    0 |     0 |         1 |  0.00 |
| FRAME_ECCE4 |    0 |     0 |         1 |  0.00 |
| ICAPE3      |    0 |     0 |         2 |  0.00 |
| MASTER_JTAG |    0 |     0 |         1 |  0.00 |
| STARTUPE3   |    0 |     0 |         1 |  0.00 |
+-------------+------+-------+-----------+-------+


9. Primitives
-------------

+------------------+-------+---------------------+
|     Ref Name     |  Used | Functional Category |
+------------------+-------+---------------------+
| FDRE             | 15472 |            Register |
| LUT6             |  5623 |                 CLB |
| LUT4             |  2747 |                 CLB |
| LUT2             |  2620 |                 CLB |
| LUT5             |  2564 |                 CLB |
| LUT3             |  2310 |                 CLB |
| CARRY8           |   430 |                 CLB |
| LUT1             |   344 |                 CLB |
| SRL16E           |   331 |                 CLB |
| FDSE             |   249 |            Register |
| FDCE             |   222 |            Register |
| RAMD32           |   124 |                 CLB |
| FDPE             |    83 |            Register |
| SRLC32E          |    81 |                 CLB |
| MUXF7            |    54 |                 CLB |
| RAMB36E2         |    30 |           Block Ram |
| DSP48E2          |    17 |          Arithmetic |
| RAMS32           |    16 |                 CLB |
| RAMB18E2         |    13 |           Block Ram |
| IBUFCTRL         |     6 |              Others |
| RX_BITSLICE      |     3 |                 I/O |
| OBUFT            |     3 |                 I/O |
| INBUF            |     3 |                 I/O |
| DPHY_DIFFINBUF   |     3 |              Others |
| BUFGCE           |     3 |               Clock |
| BUFG_PS          |     2 |               Clock |
| URAM288          |     1 |           Block Ram |
| PS8              |     1 |            Advanced |
| PLLE4_ADV        |     1 |               Clock |
| MUXF8            |     1 |                 CLB |
| BITSLICE_CONTROL |     1 |                 I/O |
+------------------+-------+---------------------+


10. Black Boxes
---------------

+----------+------+
| Ref Name | Used |
+----------+------+


11. Instantiated Netlists
-------------------------

+------------------------------------+------+
|              Ref Name              | Used |
+------------------------------------+------+
| design_1_zynq_ultra_ps_e_0_0       |    1 |
| design_1_xbar_0                    |    1 |
| design_1_v_gamma_lut_0_0           |    1 |
| design_1_v_demosaic_0_0            |    1 |
| design_1_proc_sys_reset_0_0        |    1 |
| design_1_mipi_csi2_rx_subsyst_0_0  |    1 |
| design_1_erosion_0_0               |    1 |
| design_1_axis_subset_converter_1_0 |    1 |
| design_1_axis_subset_converter_0_0 |    1 |
| design_1_axi_vdma_0_0              |    1 |
| design_1_auto_us_0                 |    1 |
| design_1_auto_pc_0                 |    1 |
| bd_d10d_xbar_0                     |    1 |
| bd_d10d_vfb_0_0                    |    1 |
| bd_d10d_rx_0                       |    1 |
| bd_d10d_r_sync_0                   |    1 |
| bd_d10d_phy_0                      |    1 |
+------------------------------------+------+


