

================================================================
== Vitis HLS Report for 'xfrgb2gray_1080_1920_s'
================================================================
* Date:           Thu Nov  5 11:33:35 2020

* Version:        2020.1 (Build 2902540 on Wed May 27 20:16:15 MDT 2020)
* Project:        rgb2gray
* Solution:       solution1 (Vivado IP Flow Target)
* Product family: zynquplus
* Target device:  xczu5ev-sfvc784-1-i


================================================================
== Performance Estimates
================================================================
+ Timing: 
    * Summary: 
    +--------+----------+----------+------------+
    |  Clock |  Target  | Estimated| Uncertainty|
    +--------+----------+----------+------------+
    |ap_clk  | 10.00 ns | 2.777 ns |   2.70 ns  |
    +--------+----------+----------+------------+

+ Latency: 
    * Summary: 
    +---------+---------+-----------+-----------+---------+---------+---------+
    |  Latency (cycles) |   Latency (absolute)  |      Interval     | Pipeline|
    |   min   |   max   |    min    |    max    |   min   |   max   |   Type  |
    +---------+---------+-----------+-----------+---------+---------+---------+
    |  2073607|  2073607| 20.736 ms | 20.736 ms |  2073607|  2073607|   none  |
    +---------+---------+-----------+-----------+---------+---------+---------+

    + Detail: 
        * Instance: 
        N/A

        * Loop: 
        +-----------------------------------+---------+---------+----------+-----------+-----------+---------+----------+
        |                                   |  Latency (cycles) | Iteration|  Initiation Interval  |   Trip  |          |
        |             Loop Name             |   min   |   max   |  Latency |  achieved |   target  |  Count  | Pipelined|
        +-----------------------------------+---------+---------+----------+-----------+-----------+---------+----------+
        |- VITIS_LOOP_22_1_VITIS_LOOP_24_2  |  2073605|  2073605|         7|          1|          1|  2073600|    yes   |
        +-----------------------------------+---------+---------+----------+-----------+-----------+---------+----------+

============================================================
+ Verbose Summary: Synthesis Manager
============================================================
InlineROM: 1
ExposeGlobal: 0
============================================================
+ Verbose Summary: CDFG Model
============================================================
IsTopModel: 0
ResetActiveHigh: 1
IsCombinational: 2
IsDatapathOnly: 0
HasWiredReturn: 1
HasMFsm: 0
HasVarLatency: 1
IsPipeline: 0
IsRtlPipelined: 0
IsInstanceOverlapped: 0
IsDontTouch: 0
HasImplIP: 0
IsGatedGlobalClock: 0

+ Individual pipeline summary: 
  * Pipeline-0: initiation interval (II) = 1, depth = 7


============================================================
+ Verbose Summary: Schedule
============================================================
* Number of FSM states : 9
* Pipeline : 1
  Pipeline-0 : II = 1, D = 7, States = { 2 3 4 5 6 7 8 }
* Dataflow Pipeline: 0

* FSM state transitions: 
1 --> 2 
2 --> 9 3 
3 --> 4 
4 --> 5 
5 --> 6 
6 --> 7 
7 --> 8 
8 --> 2 
9 --> 

* FSM state operations: 

State 1 <SV = 0> <Delay = 0.75>
ST_1 : Operation 10 [1/1] (0.00ns)   --->   "%specinterface_ln0 = specinterface void @_ssdm_op_SpecInterface, i8 %img_gray_src_4190, void @empty_2, i32, i32, void @empty_1, i32, i32, void @empty_1, void @empty_1, void @empty_1, i32, i32, i32, i32, void @empty_1, void @empty_1"   --->   Operation 10 'specinterface' 'specinterface_ln0' <Predicate = true> <Delay = 0.00>
ST_1 : Operation 11 [1/1] (0.00ns)   --->   "%specinterface_ln0 = specinterface void @_ssdm_op_SpecInterface, i24 %img_rgb_src_4189, void @empty_2, i32, i32, void @empty_1, i32, i32, void @empty_1, void @empty_1, void @empty_1, i32, i32, i32, i32, void @empty_1, void @empty_1"   --->   Operation 11 'specinterface' 'specinterface_ln0' <Predicate = true> <Delay = 0.00>
ST_1 : Operation 12 [1/1] (0.75ns)   --->   "%br_ln22 = br void" [source/rgb2gray.cpp:22]   --->   Operation 12 'br' 'br_ln22' <Predicate = true> <Delay = 0.75>

State 2 <SV = 1> <Delay = 1.07>
ST_2 : Operation 13 [1/1] (0.00ns)   --->   "%indvar_flatten = phi i21, void, i21 %add_ln22, void %.split2" [source/rgb2gray.cpp:22]   --->   Operation 13 'phi' 'indvar_flatten' <Predicate = true> <Delay = 0.00>
ST_2 : Operation 14 [1/1] (0.94ns)   --->   "%icmp_ln22 = icmp_eq  i21 %indvar_flatten, i21" [source/rgb2gray.cpp:22]   --->   Operation 14 'icmp' 'icmp_ln22' <Predicate = true> <Delay = 0.94> <CoreInst = "Cmp">   --->   Core 10 'Cmp' <Latency = 0> <II = 1> <Delay = 0.94> <FuncUnit> <Opcode : 'icmp'> <InPorts = 2> <OutPorts = 1>
ST_2 : Operation 15 [1/1] (1.07ns)   --->   "%add_ln22 = add i21 %indvar_flatten, i21" [source/rgb2gray.cpp:22]   --->   Operation 15 'add' 'add_ln22' <Predicate = true> <Delay = 1.07> <CoreInst = "Adder">   --->   Core 1 'Adder' <Latency = 0> <II = 1> <Delay = 1.07> <FuncUnit> <Opcode : 'add' 'sub'> <InPorts = 2> <OutPorts = 1>
ST_2 : Operation 16 [1/1] (0.00ns)   --->   "%br_ln22 = br i1 %icmp_ln22, void %.split2, void" [source/rgb2gray.cpp:22]   --->   Operation 16 'br' 'br_ln22' <Predicate = true> <Delay = 0.00>

State 3 <SV = 2> <Delay = 2.64>
ST_3 : Operation 17 [1/1] (1.94ns)   --->   "%tmp_V = read i24 @_ssdm_op_Read.ap_fifo.volatile.i24P, i24 %img_rgb_src_4189" [F:/xilinx_2020.1/Vitis/2020.1/common/technology/autopilot/hls_stream_39.h:145]   --->   Operation 17 'read' 'tmp_V' <Predicate = (!icmp_ln22)> <Delay = 1.94> <CoreInst = "FIFO">   --->   Core 18 'FIFO' <Latency = 0> <II = 1> <Delay = 1.94> <Storage> <Opcode : 'read' 'write' 'nbread' 'nbwrite'> <Ports = 0> <Width = 24> <Depth = 1920> <FIFO>
ST_3 : Operation 18 [1/1] (0.00ns)   --->   "%trunc_ln674 = trunc i24 %tmp_V"   --->   Operation 18 'trunc' 'trunc_ln674' <Predicate = (!icmp_ln22)> <Delay = 0.00>
ST_3 : Operation 19 [1/1] (0.00ns)   --->   "%G_assign = partselect i8 @_ssdm_op_PartSelect.i8.i24.i32.i32, i24 %tmp_V, i32, i32"   --->   Operation 19 'partselect' 'G_assign' <Predicate = (!icmp_ln22)> <Delay = 0.00>
ST_3 : Operation 20 [1/1] (0.00ns)   --->   "%B_assign = partselect i8 @_ssdm_op_PartSelect.i8.i24.i32.i32, i24 %tmp_V, i32, i32"   --->   Operation 20 'partselect' 'B_assign' <Predicate = (!icmp_ln22)> <Delay = 0.00>
ST_3 : Operation 21 [1/1] (0.00ns)   --->   "%zext_ln852 = zext i8 %trunc_ln674" [F:/Vitis_Libraries/vision/L1/include\imgproc/xf_cvt_color_utils.hpp:852]   --->   Operation 21 'zext' 'zext_ln852' <Predicate = (!icmp_ln22)> <Delay = 0.00>
ST_3 : Operation 22 [4/4] (0.69ns) (root node of the DSP)   --->   "%mul_ln852 = mul i22, i22 %zext_ln852" [F:/Vitis_Libraries/vision/L1/include\imgproc/xf_cvt_color_utils.hpp:852]   --->   Operation 22 'mul' 'mul_ln852' <Predicate = (!icmp_ln22)> <Delay = 0.69> <CoreInst = "DSP48">   --->   Core 71 'DSP48' <Latency = 3> <II = 1> <Delay = 0.69> <IPBlock> <Opcode : 'mul' 'add' 'sub' 'select'> <InPorts = 2> <OutPorts = 1> <Sync> <CReg>

State 4 <SV = 3> <Delay = 1.08>
ST_4 : Operation 23 [3/4] (0.69ns) (root node of the DSP)   --->   "%mul_ln852 = mul i22, i22 %zext_ln852" [F:/Vitis_Libraries/vision/L1/include\imgproc/xf_cvt_color_utils.hpp:852]   --->   Operation 23 'mul' 'mul_ln852' <Predicate = (!icmp_ln22)> <Delay = 0.69> <CoreInst = "DSP48">   --->   Core 71 'DSP48' <Latency = 3> <II = 1> <Delay = 0.69> <IPBlock> <Opcode : 'mul' 'add' 'sub' 'select'> <InPorts = 2> <OutPorts = 1> <Sync> <CReg>
ST_4 : Operation 24 [1/1] (0.00ns)   --->   "%zext_ln852_2 = zext i8 %B_assign" [F:/Vitis_Libraries/vision/L1/include\imgproc/xf_cvt_color_utils.hpp:852]   --->   Operation 24 'zext' 'zext_ln852_2' <Predicate = (!icmp_ln22)> <Delay = 0.00>
ST_4 : Operation 25 [3/3] (1.08ns) (grouped into DSP with root node add_ln852)   --->   "%mul_ln852_2 = mul i20, i20 %zext_ln852_2" [F:/Vitis_Libraries/vision/L1/include\imgproc/xf_cvt_color_utils.hpp:852]   --->   Operation 25 'mul' 'mul_ln852_2' <Predicate = (!icmp_ln22)> <Delay = 1.08> <CoreInst = "DSP48">   --->   Core 71 'DSP48' <Latency = 3> <II = 1> <Delay = 0.69> <IPBlock> <Opcode : 'mul' 'add' 'sub' 'select'> <InPorts = 2> <OutPorts = 1> <Sync> <CReg>

State 5 <SV = 4> <Delay = 1.08>
ST_5 : Operation 26 [2/4] (0.69ns) (root node of the DSP)   --->   "%mul_ln852 = mul i22, i22 %zext_ln852" [F:/Vitis_Libraries/vision/L1/include\imgproc/xf_cvt_color_utils.hpp:852]   --->   Operation 26 'mul' 'mul_ln852' <Predicate = (!icmp_ln22)> <Delay = 0.69> <CoreInst = "DSP48">   --->   Core 71 'DSP48' <Latency = 3> <II = 1> <Delay = 0.69> <IPBlock> <Opcode : 'mul' 'add' 'sub' 'select'> <InPorts = 2> <OutPorts = 1> <Sync> <CReg>
ST_5 : Operation 27 [1/1] (0.00ns)   --->   "%zext_ln852_1 = zext i8 %G_assign" [F:/Vitis_Libraries/vision/L1/include\imgproc/xf_cvt_color_utils.hpp:852]   --->   Operation 27 'zext' 'zext_ln852_1' <Predicate = (!icmp_ln22)> <Delay = 0.00>
ST_5 : Operation 28 [3/3] (1.08ns) (grouped into DSP with root node GRAY)   --->   "%mul_ln852_1 = mul i23, i23 %zext_ln852_1" [F:/Vitis_Libraries/vision/L1/include\imgproc/xf_cvt_color_utils.hpp:852]   --->   Operation 28 'mul' 'mul_ln852_1' <Predicate = (!icmp_ln22)> <Delay = 1.08> <CoreInst = "DSP48">   --->   Core 71 'DSP48' <Latency = 3> <II = 1> <Delay = 0.69> <IPBlock> <Opcode : 'mul' 'add' 'sub' 'select'> <InPorts = 2> <OutPorts = 1> <Sync> <CReg>
ST_5 : Operation 29 [2/3] (1.08ns) (grouped into DSP with root node add_ln852)   --->   "%mul_ln852_2 = mul i20, i20 %zext_ln852_2" [F:/Vitis_Libraries/vision/L1/include\imgproc/xf_cvt_color_utils.hpp:852]   --->   Operation 29 'mul' 'mul_ln852_2' <Predicate = (!icmp_ln22)> <Delay = 1.08> <CoreInst = "DSP48">   --->   Core 71 'DSP48' <Latency = 3> <II = 1> <Delay = 0.69> <IPBlock> <Opcode : 'mul' 'add' 'sub' 'select'> <InPorts = 2> <OutPorts = 1> <Sync> <CReg>

State 6 <SV = 5> <Delay = 1.08>
ST_6 : Operation 30 [1/4] (0.00ns) (root node of the DSP)   --->   "%mul_ln852 = mul i22, i22 %zext_ln852" [F:/Vitis_Libraries/vision/L1/include\imgproc/xf_cvt_color_utils.hpp:852]   --->   Operation 30 'mul' 'mul_ln852' <Predicate = (!icmp_ln22)> <Delay = 0.00> <CoreInst = "DSP48">   --->   Core 71 'DSP48' <Latency = 3> <II = 1> <Delay = 0.69> <IPBlock> <Opcode : 'mul' 'add' 'sub' 'select'> <InPorts = 2> <OutPorts = 1> <Sync> <CReg>
ST_6 : Operation 31 [2/3] (1.08ns) (grouped into DSP with root node GRAY)   --->   "%mul_ln852_1 = mul i23, i23 %zext_ln852_1" [F:/Vitis_Libraries/vision/L1/include\imgproc/xf_cvt_color_utils.hpp:852]   --->   Operation 31 'mul' 'mul_ln852_1' <Predicate = (!icmp_ln22)> <Delay = 1.08> <CoreInst = "DSP48">   --->   Core 71 'DSP48' <Latency = 3> <II = 1> <Delay = 0.69> <IPBlock> <Opcode : 'mul' 'add' 'sub' 'select'> <InPorts = 2> <OutPorts = 1> <Sync> <CReg>
ST_6 : Operation 32 [1/3] (0.00ns) (grouped into DSP with root node add_ln852)   --->   "%mul_ln852_2 = mul i20, i20 %zext_ln852_2" [F:/Vitis_Libraries/vision/L1/include\imgproc/xf_cvt_color_utils.hpp:852]   --->   Operation 32 'mul' 'mul_ln852_2' <Predicate = (!icmp_ln22)> <Delay = 0.00> <CoreInst = "DSP48">   --->   Core 71 'DSP48' <Latency = 3> <II = 1> <Delay = 0.69> <IPBlock> <Opcode : 'mul' 'add' 'sub' 'select'> <InPorts = 2> <OutPorts = 1> <Sync> <CReg>
ST_6 : Operation 33 [1/1] (0.00ns) (grouped into DSP with root node add_ln852)   --->   "%zext_ln852_3 = zext i20 %mul_ln852_2" [F:/Vitis_Libraries/vision/L1/include\imgproc/xf_cvt_color_utils.hpp:852]   --->   Operation 33 'zext' 'zext_ln852_3' <Predicate = (!icmp_ln22)> <Delay = 0.00>
ST_6 : Operation 34 [2/2] (0.83ns) (root node of the DSP)   --->   "%add_ln852 = add i22 %zext_ln852_3, i22 %mul_ln852" [F:/Vitis_Libraries/vision/L1/include\imgproc/xf_cvt_color_utils.hpp:852]   --->   Operation 34 'add' 'add_ln852' <Predicate = (!icmp_ln22)> <Delay = 0.83> <CoreInst = "DSP48">   --->   Core 71 'DSP48' <Latency = 3> <II = 1> <Delay = 0.69> <IPBlock> <Opcode : 'mul' 'add' 'sub' 'select'> <InPorts = 2> <OutPorts = 1> <Sync> <CReg>

State 7 <SV = 6> <Delay = 1.66>
ST_7 : Operation 35 [1/3] (0.00ns) (grouped into DSP with root node GRAY)   --->   "%mul_ln852_1 = mul i23, i23 %zext_ln852_1" [F:/Vitis_Libraries/vision/L1/include\imgproc/xf_cvt_color_utils.hpp:852]   --->   Operation 35 'mul' 'mul_ln852_1' <Predicate = (!icmp_ln22)> <Delay = 0.00> <CoreInst = "DSP48">   --->   Core 71 'DSP48' <Latency = 3> <II = 1> <Delay = 0.69> <IPBlock> <Opcode : 'mul' 'add' 'sub' 'select'> <InPorts = 2> <OutPorts = 1> <Sync> <CReg>
ST_7 : Operation 36 [1/2] (0.83ns) (root node of the DSP)   --->   "%add_ln852 = add i22 %zext_ln852_3, i22 %mul_ln852" [F:/Vitis_Libraries/vision/L1/include\imgproc/xf_cvt_color_utils.hpp:852]   --->   Operation 36 'add' 'add_ln852' <Predicate = (!icmp_ln22)> <Delay = 0.83> <CoreInst = "DSP48">   --->   Core 71 'DSP48' <Latency = 3> <II = 1> <Delay = 0.69> <IPBlock> <Opcode : 'mul' 'add' 'sub' 'select'> <InPorts = 2> <OutPorts = 1> <Sync> <CReg>
ST_7 : Operation 37 [1/1] (0.00ns)   --->   "%zext_ln852_4 = zext i22 %add_ln852" [F:/Vitis_Libraries/vision/L1/include\imgproc/xf_cvt_color_utils.hpp:852]   --->   Operation 37 'zext' 'zext_ln852_4' <Predicate = (!icmp_ln22)> <Delay = 0.00>
ST_7 : Operation 38 [2/2] (0.83ns) (root node of the DSP)   --->   "%GRAY = add i23 %mul_ln852_1, i23 %zext_ln852_4" [F:/Vitis_Libraries/vision/L1/include\imgproc/xf_cvt_color_utils.hpp:852]   --->   Operation 38 'add' 'GRAY' <Predicate = (!icmp_ln22)> <Delay = 0.83> <CoreInst = "DSP48">   --->   Core 71 'DSP48' <Latency = 3> <II = 1> <Delay = 0.69> <IPBlock> <Opcode : 'mul' 'add' 'sub' 'select'> <InPorts = 2> <OutPorts = 1> <Sync> <CReg>

State 8 <SV = 7> <Delay = 2.77>
ST_8 : Operation 39 [1/1] (0.00ns)   --->   "%specloopname_ln0 = specloopname void @_ssdm_op_SpecLoopName, void @VITIS_LOOP_22_1_VITIS_LOOP_24_2_str"   --->   Operation 39 'specloopname' 'specloopname_ln0' <Predicate = (!icmp_ln22)> <Delay = 0.00>
ST_8 : Operation 40 [1/1] (0.00ns)   --->   "%speclooptripcount_ln0 = speclooptripcount void @_ssdm_op_SpecLoopTripCount, i64, i64, i64"   --->   Operation 40 'speclooptripcount' 'speclooptripcount_ln0' <Predicate = (!icmp_ln22)> <Delay = 0.00>
ST_8 : Operation 41 [1/1] (0.00ns)   --->   "%specpipeline_ln21 = specpipeline void @_ssdm_op_SpecPipeline, i32, i32, i32, i32, void @empty_1" [source/rgb2gray.cpp:21]   --->   Operation 41 'specpipeline' 'specpipeline_ln21' <Predicate = (!icmp_ln22)> <Delay = 0.00>
ST_8 : Operation 42 [1/1] (0.00ns)   --->   "%specloopname_ln21 = specloopname void @_ssdm_op_SpecLoopName, void @empty_8" [source/rgb2gray.cpp:21]   --->   Operation 42 'specloopname' 'specloopname_ln21' <Predicate = (!icmp_ln22)> <Delay = 0.00>
ST_8 : Operation 43 [1/2] (0.83ns) (root node of the DSP)   --->   "%GRAY = add i23 %mul_ln852_1, i23 %zext_ln852_4" [F:/Vitis_Libraries/vision/L1/include\imgproc/xf_cvt_color_utils.hpp:852]   --->   Operation 43 'add' 'GRAY' <Predicate = (!icmp_ln22)> <Delay = 0.83> <CoreInst = "DSP48">   --->   Core 71 'DSP48' <Latency = 3> <II = 1> <Delay = 0.69> <IPBlock> <Opcode : 'mul' 'add' 'sub' 'select'> <InPorts = 2> <OutPorts = 1> <Sync> <CReg>
ST_8 : Operation 44 [1/1] (0.00ns)   --->   "%Value_uchar = partselect i8 @_ssdm_op_PartSelect.i8.i23.i32.i32, i23 %GRAY, i32, i32" [F:/Vitis_Libraries/vision/L1/include\imgproc/xf_cvt_color_utils.hpp:745]   --->   Operation 44 'partselect' 'Value_uchar' <Predicate = (!icmp_ln22)> <Delay = 0.00>
ST_8 : Operation 45 [1/1] (1.94ns)   --->   "%write_ln167 = write void @_ssdm_op_Write.ap_fifo.volatile.i8P, i8 %img_gray_src_4190, i8 %Value_uchar" [F:/xilinx_2020.1/Vitis/2020.1/common/technology/autopilot/hls_stream_39.h:167]   --->   Operation 45 'write' 'write_ln167' <Predicate = (!icmp_ln22)> <Delay = 1.94> <CoreInst = "FIFO">   --->   Core 18 'FIFO' <Latency = 0> <II = 1> <Delay = 1.94> <Storage> <Opcode : 'read' 'write' 'nbread' 'nbwrite'> <Ports = 0> <Width = 8> <Depth = 1920> <FIFO>
ST_8 : Operation 46 [1/1] (0.00ns)   --->   "%br_ln0 = br void"   --->   Operation 46 'br' 'br_ln0' <Predicate = (!icmp_ln22)> <Delay = 0.00>

State 9 <SV = 2> <Delay = 0.00>
ST_9 : Operation 47 [1/1] (0.00ns)   --->   "%ret_ln34 = ret" [source/rgb2gray.cpp:34]   --->   Operation 47 'ret' 'ret_ln34' <Predicate = true> <Delay = 0.00>


============================================================
+ Verbose Summary: Binding
============================================================
STG Binding: 
---------------- STG Properties BEGIN ----------------
- Is combinational: 0
- Is one-state seq: 0
- Is datapath-only: 0
- Is pipelined: 0
- Is top level: 0
Port [ Return ] is wired: 1; IO mode=ap_ctrl_hs:ce=0
Port [ img_rgb_src_4189]:  wired=1; compound=1; hidden=0; nouse=0; global=0; static=0; extern=0; dir=0; type=3; pingpong=0; private_global=0; IO mode=ap_fifo:ce=0
Port [ img_gray_src_4190]:  wired=1; compound=1; hidden=0; nouse=0; global=0; static=0; extern=0; dir=1; type=3; pingpong=0; private_global=0; IO mode=ap_fifo:ce=0
---------------- STG Properties END ------------------

---------------- Datapath Model BEGIN ----------------

<LifeTime>
<method=bitvector/>
specinterface_ln0     (specinterface    ) [ 0000000000]
specinterface_ln0     (specinterface    ) [ 0000000000]
br_ln22               (br               ) [ 0111111110]
indvar_flatten        (phi              ) [ 0010000000]
icmp_ln22             (icmp             ) [ 0011111110]
add_ln22              (add              ) [ 0111111110]
br_ln22               (br               ) [ 0000000000]
tmp_V                 (read             ) [ 0000000000]
trunc_ln674           (trunc            ) [ 0000000000]
G_assign              (partselect       ) [ 0010110000]
B_assign              (partselect       ) [ 0010100000]
zext_ln852            (zext             ) [ 0010111000]
zext_ln852_2          (zext             ) [ 0010011000]
zext_ln852_1          (zext             ) [ 0010001100]
mul_ln852             (mul              ) [ 0010000100]
mul_ln852_2           (mul              ) [ 0000000000]
zext_ln852_3          (zext             ) [ 0010000100]
mul_ln852_1           (mul              ) [ 0010000010]
add_ln852             (add              ) [ 0000000000]
zext_ln852_4          (zext             ) [ 0010000010]
specloopname_ln0      (specloopname     ) [ 0000000000]
speclooptripcount_ln0 (speclooptripcount) [ 0000000000]
specpipeline_ln21     (specpipeline     ) [ 0000000000]
specloopname_ln21     (specloopname     ) [ 0000000000]
GRAY                  (add              ) [ 0000000000]
Value_uchar           (partselect       ) [ 0000000000]
write_ln167           (write            ) [ 0000000000]
br_ln0                (br               ) [ 0111111110]
ret_ln34              (ret              ) [ 0000000000]
</LifeTime>

<model>

<comp_list>
<comp id="0" class="1000" name="img_rgb_src_4189">
<pin_list>
<pin id="1" dir="1" index="0" bw="1" slack="0"/>
</pin_list>
<bind>
<StgValue><ssdm name="img_rgb_src_4189"/></StgValue>
</bind>
</comp>

<comp id="2" class="1000" name="img_gray_src_4190">
<pin_list>
<pin id="3" dir="1" index="0" bw="1" slack="0"/>
</pin_list>
<bind>
<StgValue><ssdm name="img_gray_src_4190"/></StgValue>
</bind>
</comp>

<comp id="4" class="1001" name="const_4">
<pin_list>
<pin id="5" dir="1" index="0" bw="1" slack="2147483647"/>
</pin_list>
<bind>
<StgValue><ssdm name="_ssdm_op_SpecInterface"/></StgValue>
</bind>
</comp>

<comp id="6" class="1001" name="const_6">
<pin_list>
<pin id="7" dir="1" index="0" bw="1" slack="2147483647"/>
</pin_list>
<bind>
<StgValue><ssdm name="empty_2"/></StgValue>
</bind>
</comp>

<comp id="8" class="1001" name="const_8">
<pin_list>
<pin id="9" dir="1" index="0" bw="1" slack="2147483647"/>
</pin_list>
<bind>
<StgValue><ssdm name=""/></StgValue>
</bind>
</comp>

<comp id="10" class="1001" name="const_10">
<pin_list>
<pin id="11" dir="1" index="0" bw="1" slack="2147483647"/>
</pin_list>
<bind>
<StgValue><ssdm name="empty_1"/></StgValue>
</bind>
</comp>

<comp id="12" class="1001" name="const_12">
<pin_list>
<pin id="13" dir="1" index="0" bw="1" slack="1"/>
</pin_list>
<bind>
<StgValue><ssdm name=""/></StgValue>
</bind>
</comp>

<comp id="14" class="1001" name="const_14">
<pin_list>
<pin id="15" dir="1" index="0" bw="1" slack="0"/>
</pin_list>
<bind>
<StgValue><ssdm name=""/></StgValue>
</bind>
</comp>

<comp id="16" class="1001" name="const_16">
<pin_list>
<pin id="17" dir="1" index="0" bw="1" slack="0"/>
</pin_list>
<bind>
<StgValue><ssdm name=""/></StgValue>
</bind>
</comp>

<comp id="18" class="1001" name="const_18">
<pin_list>
<pin id="19" dir="1" index="0" bw="1" slack="0"/>
</pin_list>
<bind>
<StgValue><ssdm name="_ssdm_op_Read.ap_fifo.volatile.i24P"/></StgValue>
</bind>
</comp>

<comp id="20" class="1001" name="const_20">
<pin_list>
<pin id="21" dir="1" index="0" bw="1" slack="0"/>
</pin_list>
<bind>
<StgValue><ssdm name="_ssdm_op_PartSelect.i8.i24.i32.i32"/></StgValue>
</bind>
</comp>

<comp id="22" class="1001" name="const_22">
<pin_list>
<pin id="23" dir="1" index="0" bw="1" slack="0"/>
</pin_list>
<bind>
<StgValue><ssdm name=""/></StgValue>
</bind>
</comp>

<comp id="24" class="1001" name="const_24">
<pin_list>
<pin id="25" dir="1" index="0" bw="1" slack="0"/>
</pin_list>
<bind>
<StgValue><ssdm name=""/></StgValue>
</bind>
</comp>

<comp id="26" class="1001" name="const_26">
<pin_list>
<pin id="27" dir="1" index="0" bw="1" slack="0"/>
</pin_list>
<bind>
<StgValue><ssdm name=""/></StgValue>
</bind>
</comp>

<comp id="28" class="1001" name="const_28">
<pin_list>
<pin id="29" dir="1" index="0" bw="1" slack="0"/>
</pin_list>
<bind>
<StgValue><ssdm name=""/></StgValue>
</bind>
</comp>

<comp id="30" class="1001" name="const_30">
<pin_list>
<pin id="31" dir="1" index="0" bw="1" slack="0"/>
</pin_list>
<bind>
<StgValue><ssdm name=""/></StgValue>
</bind>
</comp>

<comp id="32" class="1001" name="const_32">
<pin_list>
<pin id="33" dir="1" index="0" bw="1" slack="0"/>
</pin_list>
<bind>
<StgValue><ssdm name=""/></StgValue>
</bind>
</comp>

<comp id="34" class="1001" name="const_34">
<pin_list>
<pin id="35" dir="1" index="0" bw="1" slack="0"/>
</pin_list>
<bind>
<StgValue><ssdm name=""/></StgValue>
</bind>
</comp>

<comp id="36" class="1001" name="const_36">
<pin_list>
<pin id="37" dir="1" index="0" bw="1" slack="2147483647"/>
</pin_list>
<bind>
<StgValue><ssdm name="_ssdm_op_SpecLoopName"/></StgValue>
</bind>
</comp>

<comp id="38" class="1001" name="const_38">
<pin_list>
<pin id="39" dir="1" index="0" bw="1" slack="2147483647"/>
</pin_list>
<bind>
<StgValue><ssdm name="VITIS_LOOP_22_1_VITIS_LOOP_24_2_str"/></StgValue>
</bind>
</comp>

<comp id="40" class="1001" name="const_40">
<pin_list>
<pin id="41" dir="1" index="0" bw="1" slack="2147483647"/>
</pin_list>
<bind>
<StgValue><ssdm name="_ssdm_op_SpecLoopTripCount"/></StgValue>
</bind>
</comp>

<comp id="42" class="1001" name="const_42">
<pin_list>
<pin id="43" dir="1" index="0" bw="1" slack="2147483647"/>
</pin_list>
<bind>
<StgValue><ssdm name=""/></StgValue>
</bind>
</comp>

<comp id="44" class="1001" name="const_44">
<pin_list>
<pin id="45" dir="1" index="0" bw="1" slack="2147483647"/>
</pin_list>
<bind>
<StgValue><ssdm name="_ssdm_op_SpecPipeline"/></StgValue>
</bind>
</comp>

<comp id="46" class="1001" name="const_46">
<pin_list>
<pin id="47" dir="1" index="0" bw="1" slack="2147483647"/>
</pin_list>
<bind>
<StgValue><ssdm name=""/></StgValue>
</bind>
</comp>

<comp id="48" class="1001" name="const_48">
<pin_list>
<pin id="49" dir="1" index="0" bw="1" slack="2147483647"/>
</pin_list>
<bind>
<StgValue><ssdm name=""/></StgValue>
</bind>
</comp>

<comp id="50" class="1001" name="const_50">
<pin_list>
<pin id="51" dir="1" index="0" bw="1" slack="2147483647"/>
</pin_list>
<bind>
<StgValue><ssdm name="empty_8"/></StgValue>
</bind>
</comp>

<comp id="52" class="1001" name="const_52">
<pin_list>
<pin id="53" dir="1" index="0" bw="1" slack="0"/>
</pin_list>
<bind>
<StgValue><ssdm name="_ssdm_op_PartSelect.i8.i23.i32.i32"/></StgValue>
</bind>
</comp>

<comp id="54" class="1001" name="const_54">
<pin_list>
<pin id="55" dir="1" index="0" bw="1" slack="0"/>
</pin_list>
<bind>
<StgValue><ssdm name=""/></StgValue>
</bind>
</comp>

<comp id="56" class="1001" name="const_56">
<pin_list>
<pin id="57" dir="1" index="0" bw="1" slack="0"/>
</pin_list>
<bind>
<StgValue><ssdm name="_ssdm_op_Write.ap_fifo.volatile.i8P"/></StgValue>
</bind>
</comp>

<comp id="58" class="1004" name="tmp_V_read_fu_58">
<pin_list>
<pin id="59" dir="0" index="0" bw="24" slack="0"/>
<pin id="60" dir="0" index="1" bw="24" slack="0"/>
<pin id="61" dir="1" index="2" bw="24" slack="0"/>
</pin_list>
<bind>
<opcode="read(1150) " fcode="read"/>
<opset="tmp_V/3 "/>
</bind>
</comp>

<comp id="64" class="1004" name="write_ln167_write_fu_64">
<pin_list>
<pin id="65" dir="0" index="0" bw="0" slack="0"/>
<pin id="66" dir="0" index="1" bw="8" slack="0"/>
<pin id="67" dir="0" index="2" bw="8" slack="0"/>
<pin id="68" dir="1" index="3" bw="0" slack="2147483647"/>
</pin_list>
<bind>
<opcode="write(1151) " fcode="write"/>
<opset="write_ln167/8 "/>
</bind>
</comp>

<comp id="71" class="1005" name="indvar_flatten_reg_71">
<pin_list>
<pin id="72" dir="0" index="0" bw="21" slack="1"/>
<pin id="73" dir="1" index="1" bw="21" slack="1"/>
</pin_list>
<bind>
<opset="indvar_flatten (phireg) "/>
</bind>
</comp>

<comp id="75" class="1004" name="indvar_flatten_phi_fu_75">
<pin_list>
<pin id="76" dir="0" index="0" bw="1" slack="1"/>
<pin id="77" dir="0" index="1" bw="0" slack="2147483647"/>
<pin id="78" dir="0" index="2" bw="21" slack="0"/>
<pin id="79" dir="0" index="3" bw="0" slack="2147483647"/>
<pin id="80" dir="1" index="4" bw="21" slack="0"/>
</pin_list>
<bind>
<opcode="phi(47) " fcode="phi"/>
<opset="indvar_flatten/2 "/>
</bind>
</comp>

<comp id="82" class="1004" name="icmp_ln22_fu_82">
<pin_list>
<pin id="83" dir="0" index="0" bw="21" slack="0"/>
<pin id="84" dir="0" index="1" bw="16" slack="0"/>
<pin id="85" dir="1" index="2" bw="1" slack="1"/>
</pin_list>
<bind>
<opcode="icmp(45) " fcode="icmp"/>
<opset="icmp_ln22/2 "/>
</bind>
</comp>

<comp id="88" class="1004" name="add_ln22_fu_88">
<pin_list>
<pin id="89" dir="0" index="0" bw="21" slack="0"/>
<pin id="90" dir="0" index="1" bw="1" slack="0"/>
<pin id="91" dir="1" index="2" bw="21" slack="0"/>
</pin_list>
<bind>
<opcode="add(8) " fcode="add"/>
<opset="add_ln22/2 "/>
</bind>
</comp>

<comp id="94" class="1004" name="trunc_ln674_fu_94">
<pin_list>
<pin id="95" dir="0" index="0" bw="24" slack="0"/>
<pin id="96" dir="1" index="1" bw="8" slack="0"/>
</pin_list>
<bind>
<opcode="trunc(33) " fcode="trunc"/>
<opset="trunc_ln674/3 "/>
</bind>
</comp>

<comp id="98" class="1004" name="G_assign_fu_98">
<pin_list>
<pin id="99" dir="0" index="0" bw="8" slack="0"/>
<pin id="100" dir="0" index="1" bw="24" slack="0"/>
<pin id="101" dir="0" index="2" bw="5" slack="0"/>
<pin id="102" dir="0" index="3" bw="5" slack="0"/>
<pin id="103" dir="1" index="4" bw="8" slack="2"/>
</pin_list>
<bind>
<opcode="partselect(1002) " fcode="partselect"/>
<opset="G_assign/3 "/>
</bind>
</comp>

<comp id="108" class="1004" name="B_assign_fu_108">
<pin_list>
<pin id="109" dir="0" index="0" bw="8" slack="0"/>
<pin id="110" dir="0" index="1" bw="24" slack="0"/>
<pin id="111" dir="0" index="2" bw="6" slack="0"/>
<pin id="112" dir="0" index="3" bw="6" slack="0"/>
<pin id="113" dir="1" index="4" bw="8" slack="1"/>
</pin_list>
<bind>
<opcode="partselect(1002) " fcode="partselect"/>
<opset="B_assign/3 "/>
</bind>
</comp>

<comp id="118" class="1004" name="zext_ln852_fu_118">
<pin_list>
<pin id="119" dir="0" index="0" bw="8" slack="0"/>
<pin id="120" dir="1" index="1" bw="22" slack="0"/>
</pin_list>
<bind>
<opcode="zext(34) " fcode="zext"/>
<opset="zext_ln852/3 "/>
</bind>
</comp>

<comp id="122" class="1004" name="zext_ln852_2_fu_122">
<pin_list>
<pin id="123" dir="0" index="0" bw="8" slack="1"/>
<pin id="124" dir="1" index="1" bw="20" slack="0"/>
</pin_list>
<bind>
<opcode="zext(34) " fcode="zext"/>
<opset="zext_ln852_2/4 "/>
</bind>
</comp>

<comp id="125" class="1004" name="zext_ln852_1_fu_125">
<pin_list>
<pin id="126" dir="0" index="0" bw="8" slack="2"/>
<pin id="127" dir="1" index="1" bw="23" slack="0"/>
</pin_list>
<bind>
<opcode="zext(34) " fcode="zext"/>
<opset="zext_ln852_1/5 "/>
</bind>
</comp>

<comp id="128" class="1004" name="zext_ln852_4_fu_128">
<pin_list>
<pin id="129" dir="0" index="0" bw="22" slack="0"/>
<pin id="130" dir="1" index="1" bw="23" slack="0"/>
</pin_list>
<bind>
<opcode="zext(34) " fcode="zext"/>
<opset="zext_ln852_4/7 "/>
</bind>
</comp>

<comp id="131" class="1004" name="Value_uchar_fu_131">
<pin_list>
<pin id="132" dir="0" index="0" bw="8" slack="0"/>
<pin id="133" dir="0" index="1" bw="23" slack="0"/>
<pin id="134" dir="0" index="2" bw="5" slack="0"/>
<pin id="135" dir="0" index="3" bw="6" slack="0"/>
<pin id="136" dir="1" index="4" bw="8" slack="0"/>
</pin_list>
<bind>
<opcode="partselect(1002) " fcode="partselect"/>
<opset="Value_uchar/8 "/>
</bind>
</comp>

<comp id="141" class="1007" name="grp_fu_141">
<pin_list>
<pin id="142" dir="0" index="0" bw="22" slack="0"/>
<pin id="143" dir="0" index="1" bw="8" slack="0"/>
<pin id="144" dir="1" index="2" bw="22" slack="0"/>
</pin_list>
<bind>
<opcode="mul(12) " fcode="mul"/>
<opset="mul_ln852/3 "/>
</bind>
</comp>

<comp id="147" class="1007" name="grp_fu_147">
<pin_list>
<pin id="148" dir="0" index="0" bw="20" slack="0"/>
<pin id="149" dir="0" index="1" bw="8" slack="0"/>
<pin id="150" dir="0" index="2" bw="22" slack="0"/>
<pin id="151" dir="1" index="3" bw="22" slack="0"/>
</pin_list>
<bind>
<opcode="muladd(1172) " fcode="muladd"/>
<opset="mul_ln852_2/4 zext_ln852_3/6 add_ln852/6 "/>
</bind>
</comp>

<comp id="156" class="1007" name="grp_fu_156">
<pin_list>
<pin id="157" dir="0" index="0" bw="23" slack="0"/>
<pin id="158" dir="0" index="1" bw="8" slack="0"/>
<pin id="159" dir="0" index="2" bw="22" slack="0"/>
<pin id="160" dir="1" index="3" bw="23" slack="0"/>
</pin_list>
<bind>
<opcode="muladd(1172) " fcode="muladd"/>
<opset="mul_ln852_1/5 GRAY/7 "/>
</bind>
</comp>

<comp id="165" class="1005" name="icmp_ln22_reg_165">
<pin_list>
<pin id="166" dir="0" index="0" bw="1" slack="1"/>
<pin id="167" dir="1" index="1" bw="1" slack="2147483647"/>
</pin_list>
<bind>
<opset="icmp_ln22 "/>
</bind>
</comp>

<comp id="169" class="1005" name="add_ln22_reg_169">
<pin_list>
<pin id="170" dir="0" index="0" bw="21" slack="0"/>
<pin id="171" dir="1" index="1" bw="21" slack="0"/>
</pin_list>
<bind>
<opset="add_ln22 "/>
</bind>
</comp>

<comp id="174" class="1005" name="G_assign_reg_174">
<pin_list>
<pin id="175" dir="0" index="0" bw="8" slack="2"/>
<pin id="176" dir="1" index="1" bw="8" slack="2"/>
</pin_list>
<bind>
<opset="G_assign "/>
</bind>
</comp>

<comp id="179" class="1005" name="B_assign_reg_179">
<pin_list>
<pin id="180" dir="0" index="0" bw="8" slack="1"/>
<pin id="181" dir="1" index="1" bw="8" slack="1"/>
</pin_list>
<bind>
<opset="B_assign "/>
</bind>
</comp>

<comp id="184" class="1005" name="zext_ln852_reg_184">
<pin_list>
<pin id="185" dir="0" index="0" bw="22" slack="1"/>
<pin id="186" dir="1" index="1" bw="22" slack="1"/>
</pin_list>
<bind>
<opset="zext_ln852 "/>
</bind>
</comp>

<comp id="189" class="1005" name="zext_ln852_2_reg_189">
<pin_list>
<pin id="190" dir="0" index="0" bw="20" slack="1"/>
<pin id="191" dir="1" index="1" bw="20" slack="1"/>
</pin_list>
<bind>
<opset="zext_ln852_2 "/>
</bind>
</comp>

<comp id="194" class="1005" name="zext_ln852_1_reg_194">
<pin_list>
<pin id="195" dir="0" index="0" bw="23" slack="1"/>
<pin id="196" dir="1" index="1" bw="23" slack="1"/>
</pin_list>
<bind>
<opset="zext_ln852_1 "/>
</bind>
</comp>

<comp id="199" class="1005" name="mul_ln852_reg_199">
<pin_list>
<pin id="200" dir="0" index="0" bw="22" slack="1"/>
<pin id="201" dir="1" index="1" bw="22" slack="1"/>
</pin_list>
<bind>
<opset="mul_ln852 "/>
</bind>
</comp>

<comp id="204" class="1005" name="zext_ln852_4_reg_204">
<pin_list>
<pin id="205" dir="0" index="0" bw="23" slack="1"/>
<pin id="206" dir="1" index="1" bw="23" slack="1"/>
</pin_list>
<bind>
<opset="zext_ln852_4 "/>
</bind>
</comp>

</comp_list>

<net_list>
<net id="62"><net_src comp="18" pin="0"/><net_sink comp="58" pin=0"/></net>

<net id="63"><net_src comp="0" pin="0"/><net_sink comp="58" pin=1"/></net>

<net id="69"><net_src comp="56" pin="0"/><net_sink comp="64" pin=0"/></net>

<net id="70"><net_src comp="2" pin="0"/><net_sink comp="64" pin=1"/></net>

<net id="74"><net_src comp="12" pin="0"/><net_sink comp="71" pin=0"/></net>

<net id="81"><net_src comp="71" pin="1"/><net_sink comp="75" pin=0"/></net>

<net id="86"><net_src comp="75" pin="4"/><net_sink comp="82" pin=0"/></net>

<net id="87"><net_src comp="14" pin="0"/><net_sink comp="82" pin=1"/></net>

<net id="92"><net_src comp="75" pin="4"/><net_sink comp="88" pin=0"/></net>

<net id="93"><net_src comp="16" pin="0"/><net_sink comp="88" pin=1"/></net>

<net id="97"><net_src comp="58" pin="2"/><net_sink comp="94" pin=0"/></net>

<net id="104"><net_src comp="20" pin="0"/><net_sink comp="98" pin=0"/></net>

<net id="105"><net_src comp="58" pin="2"/><net_sink comp="98" pin=1"/></net>

<net id="106"><net_src comp="22" pin="0"/><net_sink comp="98" pin=2"/></net>

<net id="107"><net_src comp="24" pin="0"/><net_sink comp="98" pin=3"/></net>

<net id="114"><net_src comp="20" pin="0"/><net_sink comp="108" pin=0"/></net>

<net id="115"><net_src comp="58" pin="2"/><net_sink comp="108" pin=1"/></net>

<net id="116"><net_src comp="26" pin="0"/><net_sink comp="108" pin=2"/></net>

<net id="117"><net_src comp="28" pin="0"/><net_sink comp="108" pin=3"/></net>

<net id="121"><net_src comp="94" pin="1"/><net_sink comp="118" pin=0"/></net>

<net id="137"><net_src comp="52" pin="0"/><net_sink comp="131" pin=0"/></net>

<net id="138"><net_src comp="24" pin="0"/><net_sink comp="131" pin=2"/></net>

<net id="139"><net_src comp="54" pin="0"/><net_sink comp="131" pin=3"/></net>

<net id="140"><net_src comp="131" pin="4"/><net_sink comp="64" pin=2"/></net>

<net id="145"><net_src comp="30" pin="0"/><net_sink comp="141" pin=0"/></net>

<net id="146"><net_src comp="118" pin="1"/><net_sink comp="141" pin=1"/></net>

<net id="152"><net_src comp="32" pin="0"/><net_sink comp="147" pin=0"/></net>

<net id="153"><net_src comp="122" pin="1"/><net_sink comp="147" pin=1"/></net>

<net id="154"><net_src comp="141" pin="2"/><net_sink comp="147" pin=2"/></net>

<net id="155"><net_src comp="147" pin="3"/><net_sink comp="128" pin=0"/></net>

<net id="161"><net_src comp="34" pin="0"/><net_sink comp="156" pin=0"/></net>

<net id="162"><net_src comp="125" pin="1"/><net_sink comp="156" pin=1"/></net>

<net id="163"><net_src comp="128" pin="1"/><net_sink comp="156" pin=2"/></net>

<net id="164"><net_src comp="156" pin="3"/><net_sink comp="131" pin=1"/></net>

<net id="168"><net_src comp="82" pin="2"/><net_sink comp="165" pin=0"/></net>

<net id="172"><net_src comp="88" pin="2"/><net_sink comp="169" pin=0"/></net>

<net id="173"><net_src comp="169" pin="1"/><net_sink comp="75" pin=2"/></net>

<net id="177"><net_src comp="98" pin="4"/><net_sink comp="174" pin=0"/></net>

<net id="178"><net_src comp="174" pin="1"/><net_sink comp="125" pin=0"/></net>

<net id="182"><net_src comp="108" pin="4"/><net_sink comp="179" pin=0"/></net>

<net id="183"><net_src comp="179" pin="1"/><net_sink comp="122" pin=0"/></net>

<net id="187"><net_src comp="118" pin="1"/><net_sink comp="184" pin=0"/></net>

<net id="188"><net_src comp="184" pin="1"/><net_sink comp="141" pin=1"/></net>

<net id="192"><net_src comp="122" pin="1"/><net_sink comp="189" pin=0"/></net>

<net id="193"><net_src comp="189" pin="1"/><net_sink comp="147" pin=1"/></net>

<net id="197"><net_src comp="125" pin="1"/><net_sink comp="194" pin=0"/></net>

<net id="198"><net_src comp="194" pin="1"/><net_sink comp="156" pin=1"/></net>

<net id="202"><net_src comp="141" pin="2"/><net_sink comp="199" pin=0"/></net>

<net id="203"><net_src comp="199" pin="1"/><net_sink comp="147" pin=1"/></net>

<net id="207"><net_src comp="128" pin="1"/><net_sink comp="204" pin=0"/></net>

<net id="208"><net_src comp="204" pin="1"/><net_sink comp="156" pin=1"/></net>

</net_list>

</model> 
---------------- Datapath Model END ------------------

* FSMD analyzer results:
  - Output states:
	Port: img_gray_src_4190 | {8 }
 - Input state : 
	Port: xfrgb2gray<1080, 1920> : img_rgb_src_4189 | {3 }
  - Chain level:
	State 1
	State 2
		icmp_ln22 : 1
		add_ln22 : 1
		br_ln22 : 2
	State 3
		zext_ln852 : 1
		mul_ln852 : 2
	State 4
		mul_ln852_2 : 1
	State 5
		mul_ln852_1 : 1
	State 6
		zext_ln852_3 : 1
		add_ln852 : 2
	State 7
		zext_ln852_4 : 1
		GRAY : 2
	State 8
		Value_uchar : 1
		write_ln167 : 2
	State 9


============================================================
+ Verbose Summary: Datapath Resource usage 
============================================================

* Functional unit list:
|----------|-------------------------|---------|---------|---------|
| Operation|     Functional Unit     |   DSP   |    FF   |   LUT   |
|----------|-------------------------|---------|---------|---------|
|    add   |      add_ln22_fu_88     |    0    |    0    |    28   |
|----------|-------------------------|---------|---------|---------|
|   icmp   |     icmp_ln22_fu_82     |    0    |    0    |    20   |
|----------|-------------------------|---------|---------|---------|
|  muladd  |        grp_fu_147       |    1    |    0    |    0    |
|          |        grp_fu_156       |    1    |    0    |    0    |
|----------|-------------------------|---------|---------|---------|
|    mul   |        grp_fu_141       |    1    |    0    |    0    |
|----------|-------------------------|---------|---------|---------|
|   read   |     tmp_V_read_fu_58    |    0    |    0    |    0    |
|----------|-------------------------|---------|---------|---------|
|   write  | write_ln167_write_fu_64 |    0    |    0    |    0    |
|----------|-------------------------|---------|---------|---------|
|   trunc  |    trunc_ln674_fu_94    |    0    |    0    |    0    |
|----------|-------------------------|---------|---------|---------|
|          |      G_assign_fu_98     |    0    |    0    |    0    |
|partselect|     B_assign_fu_108     |    0    |    0    |    0    |
|          |    Value_uchar_fu_131   |    0    |    0    |    0    |
|----------|-------------------------|---------|---------|---------|
|          |    zext_ln852_fu_118    |    0    |    0    |    0    |
|   zext   |   zext_ln852_2_fu_122   |    0    |    0    |    0    |
|          |   zext_ln852_1_fu_125   |    0    |    0    |    0    |
|          |   zext_ln852_4_fu_128   |    0    |    0    |    0    |
|----------|-------------------------|---------|---------|---------|
|   Total  |                         |    3    |    0    |    48   |
|----------|-------------------------|---------|---------|---------|

Memories:
N/A

* Register list:
+---------------------+--------+
|                     |   FF   |
+---------------------+--------+
|   B_assign_reg_179  |    8   |
|   G_assign_reg_174  |    8   |
|   add_ln22_reg_169  |   21   |
|  icmp_ln22_reg_165  |    1   |
|indvar_flatten_reg_71|   21   |
|  mul_ln852_reg_199  |   22   |
| zext_ln852_1_reg_194|   23   |
| zext_ln852_2_reg_189|   20   |
| zext_ln852_4_reg_204|   23   |
|  zext_ln852_reg_184 |   22   |
+---------------------+--------+
|        Total        |   169  |
+---------------------+--------+

* Multiplexer (MUX) list: 
|------------|------|------|------|--------||---------||---------|
|    Comp    |  Pin | Size |  BW  | S x BW ||  Delay  ||   LUT   |
|------------|------|------|------|--------||---------||---------|
| grp_fu_141 |  p1  |   2  |   8  |   16   ||    9    |
| grp_fu_147 |  p1  |   3  |   8  |   24   ||    15   |
| grp_fu_156 |  p1  |   3  |   8  |   24   ||    15   |
|------------|------|------|------|--------||---------||---------|
|    Total   |      |      |      |   64   ||  3.1245 ||    39   |
|------------|------|------|------|--------||---------||---------|



* Summary:
+-----------+--------+--------+--------+--------+
|           |   DSP  |  Delay |   FF   |   LUT  |
+-----------+--------+--------+--------+--------+
|  Function |    3   |    -   |    0   |   48   |
|   Memory  |    -   |    -   |    -   |    -   |
|Multiplexer|    -   |    3   |    -   |   39   |
|  Register |    -   |    -   |   169  |    -   |
+-----------+--------+--------+--------+--------+
|   Total   |    3   |    3   |   169  |   87   |
+-----------+--------+--------+--------+--------+
