

================================================================
== Vitis HLS Report for 'rgb2ycrcb'
================================================================
* Date:           Thu Nov  5 11:46:15 2020

* Version:        2020.1 (Build 2902540 on Wed May 27 20:16:15 MDT 2020)
* Project:        rgb2ycrcb
* Solution:       solution1 (Vivado IP Flow Target)
* Product family: zynquplus
* Target device:  xczu5ev-sfvc784-1-i


================================================================
== Performance Estimates
================================================================
+ Timing: 
    * Summary: 
    +--------+----------+----------+------------+
    |  Clock |  Target  | Estimated| Uncertainty|
    +--------+----------+----------+------------+
    |ap_clk  | 10.00 ns | 4.944 ns |   2.70 ns  |
    +--------+----------+----------+------------+

+ Latency: 
    * Summary: 
    +---------+---------+----------+----------+-----+-----+----------+
    |  Latency (cycles) |  Latency (absolute) |  Interval | Pipeline |
    |   min   |   max   |    min   |    max   | min | max |   Type   |
    +---------+---------+----------+----------+-----+-----+----------+
    |        ?|        ?|         ?|         ?|    ?|    ?| dataflow |
    +---------+---------+----------+----------+-----+-----+----------+

    + Detail: 
        * Instance: 
        N/A

        * Loop: 
        N/A

============================================================
+ Verbose Summary: Synthesis Manager
============================================================
InlineROM: 1
ExposeGlobal: 0
============================================================
+ Verbose Summary: CDFG Model
============================================================
IsTopModel: 1
ResetActiveHigh: 1
IsCombinational: 2
IsDatapathOnly: 0
HasWiredReturn: 1
HasMFsm: 0
HasVarLatency: 1
IsPipeline: 0
IsRtlPipelined: 0
IsInstanceOverlapped: 0
IsDontTouch: 0
HasImplIP: 0
IsGatedGlobalClock: 0


============================================================
+ Verbose Summary: Schedule
============================================================
* Number of FSM states : 10
* Pipeline : 0
* Dataflow Pipeline: 1
  DF-Pipeline-0: Size = 10, States = { 1 2 3 4 5 6 7 8 9 10 }

* FSM state transitions: 
1 --> 2 
2 --> 3 
3 --> 4 
4 --> 5 
5 --> 6 
6 --> 7 
7 --> 8 
8 --> 9 
9 --> 10 
10 --> 

* FSM state operations: 

State 1 <SV = 0> <Delay = 0.00>
ST_1 : Operation 11 [2/2] (0.00ns)   --->   "%en_read = read i1 @_ssdm_op_Read.ap_vld.i1, i1 %en" [source/rgb2ycrcb.cpp:91]   --->   Operation 11 'read' 'en_read' <Predicate = true> <Delay = 0.00>
ST_1 : Operation 12 [1/1] (0.00ns)   --->   "%en_c = alloca i64" [source/rgb2ycrcb.cpp:91]   --->   Operation 12 'alloca' 'en_c' <Predicate = true> <Delay = 0.00> <CoreInst = "FIFO_SRL">   --->   Core 21 'FIFO_SRL' <Latency = 0> <II = 1> <Delay = 2.16> <Storage> <Opcode : 'read' 'write' 'nbread' 'nbwrite'> <Ports = 0> <Width = 1> <Depth = 3> <FIFO>
ST_1 : Operation 13 [1/1] (0.00ns)   --->   "%img_src_data = alloca i64" [source/rgb2ycrcb.cpp:99]   --->   Operation 13 'alloca' 'img_src_data' <Predicate = true> <Delay = 0.00> <CoreInst = "FIFO">   --->   Core 18 'FIFO' <Latency = 0> <II = 1> <Delay = 1.94> <Storage> <Opcode : 'read' 'write' 'nbread' 'nbwrite'> <Ports = 0> <Width = 24> <Depth = 1920> <FIFO>
ST_1 : Operation 14 [1/1] (0.00ns)   --->   "%img_gray_src_data = alloca i64" [source/rgb2ycrcb.cpp:101]   --->   Operation 14 'alloca' 'img_gray_src_data' <Predicate = true> <Delay = 0.00> <CoreInst = "FIFO">   --->   Core 18 'FIFO' <Latency = 0> <II = 1> <Delay = 1.94> <Storage> <Opcode : 'read' 'write' 'nbread' 'nbwrite'> <Ports = 0> <Width = 24> <Depth = 1920> <FIFO>
ST_1 : Operation 15 [1/1] (0.00ns)   --->   "%img_dst_data = alloca i64" [source/rgb2ycrcb.cpp:103]   --->   Operation 15 'alloca' 'img_dst_data' <Predicate = true> <Delay = 0.00> <CoreInst = "FIFO">   --->   Core 18 'FIFO' <Latency = 0> <II = 1> <Delay = 1.94> <Storage> <Opcode : 'read' 'write' 'nbread' 'nbwrite'> <Ports = 0> <Width = 24> <Depth = 1920> <FIFO>

State 2 <SV = 1> <Delay = 2.16>
ST_2 : Operation 16 [1/2] (0.00ns)   --->   "%en_read = read i1 @_ssdm_op_Read.ap_vld.i1, i1 %en" [source/rgb2ycrcb.cpp:91]   --->   Operation 16 'read' 'en_read' <Predicate = true> <Delay = 0.00>
ST_2 : Operation 17 [2/2] (2.16ns)   --->   "%call_ln91 = call void @Loop_loop_height_proc1618, i24 %src_V_data_V, i3 %src_V_keep_V, i3 %src_V_strb_V, i1 %src_V_user_V, i1 %src_V_last_V, i1 %src_V_id_V, i1 %src_V_dest_V, i24 %img_src_data, i1 %en_read, i1 %en_c" [source/rgb2ycrcb.cpp:91]   --->   Operation 17 'call' 'call_ln91' <Predicate = true> <Delay = 2.16> <CoreType = "Generic">   --->   Core 0 '' <Latency = 0> <II = 1> <Delay = 1.00> <Generic> <Opcode : >

State 3 <SV = 2> <Delay = 0.00>
ST_3 : Operation 18 [1/2] (0.00ns)   --->   "%call_ln91 = call void @Loop_loop_height_proc1618, i24 %src_V_data_V, i3 %src_V_keep_V, i3 %src_V_strb_V, i1 %src_V_user_V, i1 %src_V_last_V, i1 %src_V_id_V, i1 %src_V_dest_V, i24 %img_src_data, i1 %en_read, i1 %en_c" [source/rgb2ycrcb.cpp:91]   --->   Operation 18 'call' 'call_ln91' <Predicate = true> <Delay = 0.00> <CoreType = "Generic">   --->   Core 0 '' <Latency = 0> <II = 1> <Delay = 1.00> <Generic> <Opcode : >

State 4 <SV = 3> <Delay = 0.00>
ST_4 : Operation 19 [2/2] (0.00ns)   --->   "%call_ln107 = call void @xfrgb2ycrcb<1080, 1920>, i24 %img_src_data, i24 %img_gray_src_data, void %call_ln91, void %call_ln91" [source/rgb2ycrcb.cpp:107]   --->   Operation 19 'call' 'call_ln107' <Predicate = true> <Delay = 0.00> <CoreType = "Generic">   --->   Core 0 '' <Latency = 0> <II = 1> <Delay = 1.00> <Generic> <Opcode : >

State 5 <SV = 4> <Delay = 0.00>
ST_5 : Operation 20 [1/2] (0.00ns)   --->   "%call_ln107 = call void @xfrgb2ycrcb<1080, 1920>, i24 %img_src_data, i24 %img_gray_src_data, void %call_ln91, void %call_ln91" [source/rgb2ycrcb.cpp:107]   --->   Operation 20 'call' 'call_ln107' <Predicate = true> <Delay = 0.00> <CoreType = "Generic">   --->   Core 0 '' <Latency = 0> <II = 1> <Delay = 1.00> <Generic> <Opcode : >

State 6 <SV = 5> <Delay = 0.00>
ST_6 : Operation 21 [2/2] (0.00ns)   --->   "%call_ln108 = call void @xfycrcb2rgb<1080, 1920>, i24 %img_gray_src_data, i24 %img_dst_data, i1 %en_c, void %call_ln107, void %call_ln107" [source/rgb2ycrcb.cpp:108]   --->   Operation 21 'call' 'call_ln108' <Predicate = true> <Delay = 0.00> <CoreType = "Generic">   --->   Core 0 '' <Latency = 0> <II = 1> <Delay = 1.00> <Generic> <Opcode : >

State 7 <SV = 6> <Delay = 0.00>
ST_7 : Operation 22 [1/2] (0.00ns)   --->   "%call_ln108 = call void @xfycrcb2rgb<1080, 1920>, i24 %img_gray_src_data, i24 %img_dst_data, i1 %en_c, void %call_ln107, void %call_ln107" [source/rgb2ycrcb.cpp:108]   --->   Operation 22 'call' 'call_ln108' <Predicate = true> <Delay = 0.00> <CoreType = "Generic">   --->   Core 0 '' <Latency = 0> <II = 1> <Delay = 1.00> <Generic> <Opcode : >

State 8 <SV = 7> <Delay = 0.00>
ST_8 : Operation 23 [2/2] (0.00ns)   --->   "%call_ln0 = call void @Loop_loop_height_proc1517, i24 %img_dst_data, i24 %dst_V_data_V, i3 %dst_V_keep_V, i3 %dst_V_strb_V, i1 %dst_V_user_V, i1 %dst_V_last_V, i1 %dst_V_id_V, i1 %dst_V_dest_V, void %call_ln108, void %call_ln108"   --->   Operation 23 'call' 'call_ln0' <Predicate = true> <Delay = 0.00> <CoreType = "Generic">   --->   Core 0 '' <Latency = 0> <II = 1> <Delay = 1.00> <Generic> <Opcode : >

State 9 <SV = 8> <Delay = 0.00>
ST_9 : Operation 24 [1/2] (0.00ns)   --->   "%call_ln0 = call void @Loop_loop_height_proc1517, i24 %img_dst_data, i24 %dst_V_data_V, i3 %dst_V_keep_V, i3 %dst_V_strb_V, i1 %dst_V_user_V, i1 %dst_V_last_V, i1 %dst_V_id_V, i1 %dst_V_dest_V, void %call_ln108, void %call_ln108"   --->   Operation 24 'call' 'call_ln0' <Predicate = true> <Delay = 0.00> <CoreType = "Generic">   --->   Core 0 '' <Latency = 0> <II = 1> <Delay = 1.00> <Generic> <Opcode : >

State 10 <SV = 9> <Delay = 0.00>
ST_10 : Operation 25 [1/1] (0.00ns)   --->   "%specdataflowpipeline_ln0 = specdataflowpipeline void @_ssdm_op_SpecDataflowPipeline, i32, i32, void @empty_1"   --->   Operation 25 'specdataflowpipeline' 'specdataflowpipeline_ln0' <Predicate = true> <Delay = 0.00>
ST_10 : Operation 26 [1/1] (0.00ns)   --->   "%spectopmodule_ln0 = spectopmodule void @_ssdm_op_SpecTopModule, void @empty_4"   --->   Operation 26 'spectopmodule' 'spectopmodule_ln0' <Predicate = true> <Delay = 0.00>
ST_10 : Operation 27 [1/1] (0.00ns)   --->   "%specinterface_ln0 = specinterface void @_ssdm_op_SpecInterface, i32, void @empty_5, i32, i32, void @empty_1, i32, i32, void @empty_1, void @empty_1, void @empty_1, i32, i32, i32, i32, void @empty_1, void @empty_1"   --->   Operation 27 'specinterface' 'specinterface_ln0' <Predicate = true> <Delay = 0.00>
ST_10 : Operation 28 [1/1] (0.00ns)   --->   "%specinterface_ln0 = specinterface void @_ssdm_op_SpecInterface, i24 %src_V_data_V, i3 %src_V_keep_V, i3 %src_V_strb_V, i1 %src_V_user_V, i1 %src_V_last_V, i1 %src_V_id_V, i1 %src_V_dest_V, void @empty, i32, i32, void @empty_0, i32, i32, void @empty_1, void @empty_1, void @empty_1, i32, i32, i32, i32, void @empty_1, void @empty_1"   --->   Operation 28 'specinterface' 'specinterface_ln0' <Predicate = true> <Delay = 0.00>
ST_10 : Operation 29 [1/1] (0.00ns)   --->   "%specbitsmap_ln0 = specbitsmap void @_ssdm_op_SpecBitsMap, i24 %src_V_data_V"   --->   Operation 29 'specbitsmap' 'specbitsmap_ln0' <Predicate = true> <Delay = 0.00>
ST_10 : Operation 30 [1/1] (0.00ns)   --->   "%specbitsmap_ln0 = specbitsmap void @_ssdm_op_SpecBitsMap, i3 %src_V_keep_V"   --->   Operation 30 'specbitsmap' 'specbitsmap_ln0' <Predicate = true> <Delay = 0.00>
ST_10 : Operation 31 [1/1] (0.00ns)   --->   "%specbitsmap_ln0 = specbitsmap void @_ssdm_op_SpecBitsMap, i3 %src_V_strb_V"   --->   Operation 31 'specbitsmap' 'specbitsmap_ln0' <Predicate = true> <Delay = 0.00>
ST_10 : Operation 32 [1/1] (0.00ns)   --->   "%specbitsmap_ln0 = specbitsmap void @_ssdm_op_SpecBitsMap, i1 %src_V_user_V"   --->   Operation 32 'specbitsmap' 'specbitsmap_ln0' <Predicate = true> <Delay = 0.00>
ST_10 : Operation 33 [1/1] (0.00ns)   --->   "%specbitsmap_ln0 = specbitsmap void @_ssdm_op_SpecBitsMap, i1 %src_V_last_V"   --->   Operation 33 'specbitsmap' 'specbitsmap_ln0' <Predicate = true> <Delay = 0.00>
ST_10 : Operation 34 [1/1] (0.00ns)   --->   "%specbitsmap_ln0 = specbitsmap void @_ssdm_op_SpecBitsMap, i1 %src_V_id_V"   --->   Operation 34 'specbitsmap' 'specbitsmap_ln0' <Predicate = true> <Delay = 0.00>
ST_10 : Operation 35 [1/1] (0.00ns)   --->   "%specbitsmap_ln0 = specbitsmap void @_ssdm_op_SpecBitsMap, i1 %src_V_dest_V"   --->   Operation 35 'specbitsmap' 'specbitsmap_ln0' <Predicate = true> <Delay = 0.00>
ST_10 : Operation 36 [1/1] (0.00ns)   --->   "%specinterface_ln0 = specinterface void @_ssdm_op_SpecInterface, i24 %dst_V_data_V, i3 %dst_V_keep_V, i3 %dst_V_strb_V, i1 %dst_V_user_V, i1 %dst_V_last_V, i1 %dst_V_id_V, i1 %dst_V_dest_V, void @empty, i32, i32, void @empty_0, i32, i32, void @empty_1, void @empty_1, void @empty_1, i32, i32, i32, i32, void @empty_1, void @empty_1"   --->   Operation 36 'specinterface' 'specinterface_ln0' <Predicate = true> <Delay = 0.00>
ST_10 : Operation 37 [1/1] (0.00ns)   --->   "%specbitsmap_ln0 = specbitsmap void @_ssdm_op_SpecBitsMap, i24 %dst_V_data_V"   --->   Operation 37 'specbitsmap' 'specbitsmap_ln0' <Predicate = true> <Delay = 0.00>
ST_10 : Operation 38 [1/1] (0.00ns)   --->   "%specbitsmap_ln0 = specbitsmap void @_ssdm_op_SpecBitsMap, i3 %dst_V_keep_V"   --->   Operation 38 'specbitsmap' 'specbitsmap_ln0' <Predicate = true> <Delay = 0.00>
ST_10 : Operation 39 [1/1] (0.00ns)   --->   "%specbitsmap_ln0 = specbitsmap void @_ssdm_op_SpecBitsMap, i3 %dst_V_strb_V"   --->   Operation 39 'specbitsmap' 'specbitsmap_ln0' <Predicate = true> <Delay = 0.00>
ST_10 : Operation 40 [1/1] (0.00ns)   --->   "%specbitsmap_ln0 = specbitsmap void @_ssdm_op_SpecBitsMap, i1 %dst_V_user_V"   --->   Operation 40 'specbitsmap' 'specbitsmap_ln0' <Predicate = true> <Delay = 0.00>
ST_10 : Operation 41 [1/1] (0.00ns)   --->   "%specbitsmap_ln0 = specbitsmap void @_ssdm_op_SpecBitsMap, i1 %dst_V_last_V"   --->   Operation 41 'specbitsmap' 'specbitsmap_ln0' <Predicate = true> <Delay = 0.00>
ST_10 : Operation 42 [1/1] (0.00ns)   --->   "%specbitsmap_ln0 = specbitsmap void @_ssdm_op_SpecBitsMap, i1 %dst_V_id_V"   --->   Operation 42 'specbitsmap' 'specbitsmap_ln0' <Predicate = true> <Delay = 0.00>
ST_10 : Operation 43 [1/1] (0.00ns)   --->   "%specbitsmap_ln0 = specbitsmap void @_ssdm_op_SpecBitsMap, i1 %dst_V_dest_V"   --->   Operation 43 'specbitsmap' 'specbitsmap_ln0' <Predicate = true> <Delay = 0.00>
ST_10 : Operation 44 [1/1] (0.00ns)   --->   "%specbitsmap_ln0 = specbitsmap void @_ssdm_op_SpecBitsMap, i1 %en"   --->   Operation 44 'specbitsmap' 'specbitsmap_ln0' <Predicate = true> <Delay = 0.00>
ST_10 : Operation 45 [1/1] (0.00ns)   --->   "%specinterface_ln0 = specinterface void @_ssdm_op_SpecInterface, i1 %en, void @empty_2, i32, i32, void @empty_0, i32, i32, void @empty_1, void @empty_1, void @empty_1, i32, i32, i32, i32, void @empty_1, void @empty_1"   --->   Operation 45 'specinterface' 'specinterface_ln0' <Predicate = true> <Delay = 0.00>
ST_10 : Operation 46 [1/1] (0.00ns)   --->   "%empty = specchannel i32 @_ssdm_op_SpecChannel, void @img_src_OC_data_str, i32, void @p_str, void @p_str, i32, i32, i24 %img_src_data, i24 %img_src_data"   --->   Operation 46 'specchannel' 'empty' <Predicate = true> <Delay = 0.00>
ST_10 : Operation 47 [1/1] (0.00ns)   --->   "%specinterface_ln0 = specinterface void @_ssdm_op_SpecInterface, i24 %img_src_data, void @empty_3, i32, i32, void @empty_1, i32, i32, void @empty_1, void @empty_1, void @empty_1, i32, i32, i32, i32, void @empty_1, void @empty_1"   --->   Operation 47 'specinterface' 'specinterface_ln0' <Predicate = true> <Delay = 0.00>
ST_10 : Operation 48 [1/1] (0.00ns)   --->   "%empty_25 = specchannel i32 @_ssdm_op_SpecChannel, void @img_gray_src_OC_data_str, i32, void @p_str, void @p_str, i32, i32, i24 %img_gray_src_data, i24 %img_gray_src_data"   --->   Operation 48 'specchannel' 'empty_25' <Predicate = true> <Delay = 0.00>
ST_10 : Operation 49 [1/1] (0.00ns)   --->   "%specinterface_ln0 = specinterface void @_ssdm_op_SpecInterface, i24 %img_gray_src_data, void @empty_3, i32, i32, void @empty_1, i32, i32, void @empty_1, void @empty_1, void @empty_1, i32, i32, i32, i32, void @empty_1, void @empty_1"   --->   Operation 49 'specinterface' 'specinterface_ln0' <Predicate = true> <Delay = 0.00>
ST_10 : Operation 50 [1/1] (0.00ns)   --->   "%empty_26 = specchannel i32 @_ssdm_op_SpecChannel, void @img_dst_OC_data_str, i32, void @p_str, void @p_str, i32, i32, i24 %img_dst_data, i24 %img_dst_data"   --->   Operation 50 'specchannel' 'empty_26' <Predicate = true> <Delay = 0.00>
ST_10 : Operation 51 [1/1] (0.00ns)   --->   "%specinterface_ln0 = specinterface void @_ssdm_op_SpecInterface, i24 %img_dst_data, void @empty_3, i32, i32, void @empty_1, i32, i32, void @empty_1, void @empty_1, void @empty_1, i32, i32, i32, i32, void @empty_1, void @empty_1"   --->   Operation 51 'specinterface' 'specinterface_ln0' <Predicate = true> <Delay = 0.00>
ST_10 : Operation 52 [1/1] (0.00ns)   --->   "%empty_27 = specchannel i32 @_ssdm_op_SpecChannel, void @en_c_str, i32, void @p_str, void @p_str, i32, i32, i1 %en_c, i1 %en_c" [source/rgb2ycrcb.cpp:91]   --->   Operation 52 'specchannel' 'empty_27' <Predicate = true> <Delay = 0.00>
ST_10 : Operation 53 [1/1] (0.00ns)   --->   "%specinterface_ln91 = specinterface void @_ssdm_op_SpecInterface, i1 %en_c, void @ap_fifo_str, i32, i32, void @p_str, i32, i32, void @p_str, void @p_str, void @p_str, i32, i32, i32, i32, void @p_str, void @p_str" [source/rgb2ycrcb.cpp:91]   --->   Operation 53 'specinterface' 'specinterface_ln91' <Predicate = true> <Delay = 0.00>
ST_10 : Operation 54 [1/1] (0.00ns)   --->   "%ret_ln110 = ret" [source/rgb2ycrcb.cpp:110]   --->   Operation 54 'ret' 'ret_ln110' <Predicate = true> <Delay = 0.00>


============================================================
+ Verbose Summary: Timing violations
============================================================
Target clock period: 10ns, clock uncertainty: 2.7ns.

 <State 1>: 0ns
The critical path consists of the following:

 <State 2>: 2.17ns
The critical path consists of the following:
	register read on port 'en' (source/rgb2ycrcb.cpp:91) [16]  (0 ns)
	'call' operation ('call_ln91', source/rgb2ycrcb.cpp:91) to 'Loop_loop_height_proc1618' [50]  (2.17 ns)

 <State 3>: 0ns
The critical path consists of the following:

 <State 4>: 0ns
The critical path consists of the following:

 <State 5>: 0ns
The critical path consists of the following:

 <State 6>: 0ns
The critical path consists of the following:

 <State 7>: 0ns
The critical path consists of the following:

 <State 8>: 0ns
The critical path consists of the following:

 <State 9>: 0ns
The critical path consists of the following:

 <State 10>: 0ns
The critical path consists of the following:


============================================================
+ Verbose Summary: Binding
============================================================
N/A
* FSMD analyzer results:
  - Output states:
 - Input state : 
  - Chain level:
	State 1
	State 2
	State 3
	State 4
	State 5
	State 6
	State 7
	State 8
	State 9
	State 10


============================================================
+ Verbose Summary: Datapath Resource usage 
============================================================
N/A
