

================================================================
== Vitis HLS Report for 'rgb2ycrcb'
================================================================
* Date:           Thu Nov  5 11:46:16 2020

* Version:        2020.1 (Build 2902540 on Wed May 27 20:16:15 MDT 2020)
* Project:        rgb2ycrcb
* Solution:       solution1 (Vivado IP Flow Target)
* Product family: zynquplus
* Target device:  xczu5ev-sfvc784-1-i


================================================================
== Performance Estimates
================================================================
+ Timing: 
    * Summary: 
    +--------+----------+----------+------------+
    |  Clock |  Target  | Estimated| Uncertainty|
    +--------+----------+----------+------------+
    |ap_clk  | 10.00 ns | 4.944 ns |   2.70 ns  |
    +--------+----------+----------+------------+

+ Latency: 
    * Summary: 
    +---------+---------+----------+----------+-----+-----+----------+
    |  Latency (cycles) |  Latency (absolute) |  Interval | Pipeline |
    |   min   |   max   |    min   |    max   | min | max |   Type   |
    +---------+---------+----------+----------+-----+-----+----------+
    |        ?|        ?|         ?|         ?|    ?|    ?| dataflow |
    +---------+---------+----------+----------+-----+-----+----------+

    + Detail: 
        * Instance: 
        +--------------------------------------+---------------------------+---------+---------+-----------+-----------+---------+---------+---------+
        |                                      |                           |  Latency (cycles) |   Latency (absolute)  |      Interval     | Pipeline|
        |               Instance               |           Module          |   min   |   max   |    min    |    max    |   min   |   max   |   Type  |
        +--------------------------------------+---------------------------+---------+---------+-----------+-----------+---------+---------+---------+
        |grp_xfycrcb2rgb_1080_1920_s_fu_114    |xfycrcb2rgb_1080_1920_s    |  2073602|  2073605| 20.736 ms | 20.736 ms |  2073602|  2073605|   none  |
        |grp_xfrgb2ycrcb_1080_1920_s_fu_121    |xfrgb2ycrcb_1080_1920_s    |  2073610|  2073610| 20.736 ms | 20.736 ms |  2073610|  2073610|   none  |
        |grp_Loop_loop_height_proc1618_fu_127  |Loop_loop_height_proc1618  |        ?|        ?|          ?|          ?|        ?|        ?|   none  |
        |grp_Loop_loop_height_proc1517_fu_149  |Loop_loop_height_proc1517  |  2077921|  2077921| 20.779 ms | 20.779 ms |  2077921|  2077921|   none  |
        +--------------------------------------+---------------------------+---------+---------+-----------+-----------+---------+---------+---------+

        * Loop: 
        N/A

============================================================
+ Verbose Summary: Synthesis Manager
============================================================
InlineROM: 1
ExposeGlobal: 0
============================================================
+ Verbose Summary: CDFG Model
============================================================
IsTopModel: 1
ResetActiveHigh: 1
IsCombinational: 2
IsDatapathOnly: 0
HasWiredReturn: 1
HasMFsm: 0
HasVarLatency: 1
IsPipeline: 0
IsRtlPipelined: 0
IsInstanceOverlapped: 0
IsDontTouch: 0
HasImplIP: 0
IsGatedGlobalClock: 0


============================================================
+ Verbose Summary: Schedule
============================================================
* Number of FSM states : 10
* Pipeline : 0
* Dataflow Pipeline: 1
  DF-Pipeline-0: Size = 10, States = { 1 2 3 4 5 6 7 8 9 10 }

* FSM state transitions: 
1 --> 2 
2 --> 3 
3 --> 4 
4 --> 5 
5 --> 6 
6 --> 7 
7 --> 8 
8 --> 9 
9 --> 10 
10 --> 

* FSM state operations: 

State 1 <SV = 0> <Delay = 0.00>
ST_1 : Operation 11 [2/2] (0.00ns)   --->   "%en_read = read i1 @_ssdm_op_Read.ap_vld.i1, i1 %en" [source/rgb2ycrcb.cpp:91]   --->   Operation 11 'read' 'en_read' <Predicate = true> <Delay = 0.00>
ST_1 : Operation 12 [1/1] (0.00ns)   --->   "%en_c = alloca i64" [source/rgb2ycrcb.cpp:91]   --->   Operation 12 'alloca' 'en_c' <Predicate = true> <Delay = 0.00> <CoreInst = "FIFO_SRL">   --->   Core 21 'FIFO_SRL' <Latency = 0> <II = 1> <Delay = 2.16> <Storage> <Opcode : 'read' 'write' 'nbread' 'nbwrite'> <Ports = 0> <Width = 1> <Depth = 3> <FIFO>
ST_1 : Operation 13 [1/1] (0.00ns)   --->   "%img_src_data = alloca i64" [source/rgb2ycrcb.cpp:99]   --->   Operation 13 'alloca' 'img_src_data' <Predicate = true> <Delay = 0.00> <CoreInst = "FIFO">   --->   Core 18 'FIFO' <Latency = 0> <II = 1> <Delay = 1.94> <Storage> <Opcode : 'read' 'write' 'nbread' 'nbwrite'> <Ports = 0> <Width = 24> <Depth = 1920> <FIFO>
ST_1 : Operation 14 [1/1] (0.00ns)   --->   "%img_gray_src_data = alloca i64" [source/rgb2ycrcb.cpp:101]   --->   Operation 14 'alloca' 'img_gray_src_data' <Predicate = true> <Delay = 0.00> <CoreInst = "FIFO">   --->   Core 18 'FIFO' <Latency = 0> <II = 1> <Delay = 1.94> <Storage> <Opcode : 'read' 'write' 'nbread' 'nbwrite'> <Ports = 0> <Width = 24> <Depth = 1920> <FIFO>
ST_1 : Operation 15 [1/1] (0.00ns)   --->   "%img_dst_data = alloca i64" [source/rgb2ycrcb.cpp:103]   --->   Operation 15 'alloca' 'img_dst_data' <Predicate = true> <Delay = 0.00> <CoreInst = "FIFO">   --->   Core 18 'FIFO' <Latency = 0> <II = 1> <Delay = 1.94> <Storage> <Opcode : 'read' 'write' 'nbread' 'nbwrite'> <Ports = 0> <Width = 24> <Depth = 1920> <FIFO>

State 2 <SV = 1> <Delay = 2.16>
ST_2 : Operation 16 [1/2] (0.00ns)   --->   "%en_read = read i1 @_ssdm_op_Read.ap_vld.i1, i1 %en" [source/rgb2ycrcb.cpp:91]   --->   Operation 16 'read' 'en_read' <Predicate = true> <Delay = 0.00>
ST_2 : Operation 17 [2/2] (2.16ns)   --->   "%call_ln91 = call void @Loop_loop_height_proc1618, i24 %src_V_data_V, i3 %src_V_keep_V, i3 %src_V_strb_V, i1 %src_V_user_V, i1 %src_V_last_V, i1 %src_V_id_V, i1 %src_V_dest_V, i24 %img_src_data, i1 %en_read, i1 %en_c" [source/rgb2ycrcb.cpp:91]   --->   Operation 17 'call' 'call_ln91' <Predicate = true> <Delay = 2.16> <CoreType = "Generic">   --->   Core 0 '' <Latency = 0> <II = 1> <Delay = 1.00> <Generic> <Opcode : >

State 3 <SV = 2> <Delay = 0.00>
ST_3 : Operation 18 [1/2] (0.00ns)   --->   "%call_ln91 = call void @Loop_loop_height_proc1618, i24 %src_V_data_V, i3 %src_V_keep_V, i3 %src_V_strb_V, i1 %src_V_user_V, i1 %src_V_last_V, i1 %src_V_id_V, i1 %src_V_dest_V, i24 %img_src_data, i1 %en_read, i1 %en_c" [source/rgb2ycrcb.cpp:91]   --->   Operation 18 'call' 'call_ln91' <Predicate = true> <Delay = 0.00> <CoreType = "Generic">   --->   Core 0 '' <Latency = 0> <II = 1> <Delay = 1.00> <Generic> <Opcode : >

State 4 <SV = 3> <Delay = 0.00>
ST_4 : Operation 19 [2/2] (0.00ns)   --->   "%call_ln107 = call void @xfrgb2ycrcb<1080, 1920>, i24 %img_src_data, i24 %img_gray_src_data, void %call_ln91, void %call_ln91" [source/rgb2ycrcb.cpp:107]   --->   Operation 19 'call' 'call_ln107' <Predicate = true> <Delay = 0.00> <CoreType = "Generic">   --->   Core 0 '' <Latency = 0> <II = 1> <Delay = 1.00> <Generic> <Opcode : >

State 5 <SV = 4> <Delay = 0.00>
ST_5 : Operation 20 [1/2] (0.00ns)   --->   "%call_ln107 = call void @xfrgb2ycrcb<1080, 1920>, i24 %img_src_data, i24 %img_gray_src_data, void %call_ln91, void %call_ln91" [source/rgb2ycrcb.cpp:107]   --->   Operation 20 'call' 'call_ln107' <Predicate = true> <Delay = 0.00> <CoreType = "Generic">   --->   Core 0 '' <Latency = 0> <II = 1> <Delay = 1.00> <Generic> <Opcode : >

State 6 <SV = 5> <Delay = 0.00>
ST_6 : Operation 21 [2/2] (0.00ns)   --->   "%call_ln108 = call void @xfycrcb2rgb<1080, 1920>, i24 %img_gray_src_data, i24 %img_dst_data, i1 %en_c, void %call_ln107, void %call_ln107" [source/rgb2ycrcb.cpp:108]   --->   Operation 21 'call' 'call_ln108' <Predicate = true> <Delay = 0.00> <CoreType = "Generic">   --->   Core 0 '' <Latency = 0> <II = 1> <Delay = 1.00> <Generic> <Opcode : >

State 7 <SV = 6> <Delay = 0.00>
ST_7 : Operation 22 [1/2] (0.00ns)   --->   "%call_ln108 = call void @xfycrcb2rgb<1080, 1920>, i24 %img_gray_src_data, i24 %img_dst_data, i1 %en_c, void %call_ln107, void %call_ln107" [source/rgb2ycrcb.cpp:108]   --->   Operation 22 'call' 'call_ln108' <Predicate = true> <Delay = 0.00> <CoreType = "Generic">   --->   Core 0 '' <Latency = 0> <II = 1> <Delay = 1.00> <Generic> <Opcode : >

State 8 <SV = 7> <Delay = 0.00>
ST_8 : Operation 23 [2/2] (0.00ns)   --->   "%call_ln0 = call void @Loop_loop_height_proc1517, i24 %img_dst_data, i24 %dst_V_data_V, i3 %dst_V_keep_V, i3 %dst_V_strb_V, i1 %dst_V_user_V, i1 %dst_V_last_V, i1 %dst_V_id_V, i1 %dst_V_dest_V, void %call_ln108, void %call_ln108"   --->   Operation 23 'call' 'call_ln0' <Predicate = true> <Delay = 0.00> <CoreType = "Generic">   --->   Core 0 '' <Latency = 0> <II = 1> <Delay = 1.00> <Generic> <Opcode : >

State 9 <SV = 8> <Delay = 0.00>
ST_9 : Operation 24 [1/2] (0.00ns)   --->   "%call_ln0 = call void @Loop_loop_height_proc1517, i24 %img_dst_data, i24 %dst_V_data_V, i3 %dst_V_keep_V, i3 %dst_V_strb_V, i1 %dst_V_user_V, i1 %dst_V_last_V, i1 %dst_V_id_V, i1 %dst_V_dest_V, void %call_ln108, void %call_ln108"   --->   Operation 24 'call' 'call_ln0' <Predicate = true> <Delay = 0.00> <CoreType = "Generic">   --->   Core 0 '' <Latency = 0> <II = 1> <Delay = 1.00> <Generic> <Opcode : >

State 10 <SV = 9> <Delay = 0.00>
ST_10 : Operation 25 [1/1] (0.00ns)   --->   "%specdataflowpipeline_ln0 = specdataflowpipeline void @_ssdm_op_SpecDataflowPipeline, i32, i32, void @empty_1"   --->   Operation 25 'specdataflowpipeline' 'specdataflowpipeline_ln0' <Predicate = true> <Delay = 0.00>
ST_10 : Operation 26 [1/1] (0.00ns)   --->   "%spectopmodule_ln0 = spectopmodule void @_ssdm_op_SpecTopModule, void @empty_4"   --->   Operation 26 'spectopmodule' 'spectopmodule_ln0' <Predicate = true> <Delay = 0.00>
ST_10 : Operation 27 [1/1] (0.00ns)   --->   "%specinterface_ln0 = specinterface void @_ssdm_op_SpecInterface, i32, void @empty_5, i32, i32, void @empty_1, i32, i32, void @empty_1, void @empty_1, void @empty_1, i32, i32, i32, i32, void @empty_1, void @empty_1"   --->   Operation 27 'specinterface' 'specinterface_ln0' <Predicate = true> <Delay = 0.00>
ST_10 : Operation 28 [1/1] (0.00ns)   --->   "%specinterface_ln0 = specinterface void @_ssdm_op_SpecInterface, i24 %src_V_data_V, i3 %src_V_keep_V, i3 %src_V_strb_V, i1 %src_V_user_V, i1 %src_V_last_V, i1 %src_V_id_V, i1 %src_V_dest_V, void @empty, i32, i32, void @empty_0, i32, i32, void @empty_1, void @empty_1, void @empty_1, i32, i32, i32, i32, void @empty_1, void @empty_1"   --->   Operation 28 'specinterface' 'specinterface_ln0' <Predicate = true> <Delay = 0.00>
ST_10 : Operation 29 [1/1] (0.00ns)   --->   "%specbitsmap_ln0 = specbitsmap void @_ssdm_op_SpecBitsMap, i24 %src_V_data_V"   --->   Operation 29 'specbitsmap' 'specbitsmap_ln0' <Predicate = true> <Delay = 0.00>
ST_10 : Operation 30 [1/1] (0.00ns)   --->   "%specbitsmap_ln0 = specbitsmap void @_ssdm_op_SpecBitsMap, i3 %src_V_keep_V"   --->   Operation 30 'specbitsmap' 'specbitsmap_ln0' <Predicate = true> <Delay = 0.00>
ST_10 : Operation 31 [1/1] (0.00ns)   --->   "%specbitsmap_ln0 = specbitsmap void @_ssdm_op_SpecBitsMap, i3 %src_V_strb_V"   --->   Operation 31 'specbitsmap' 'specbitsmap_ln0' <Predicate = true> <Delay = 0.00>
ST_10 : Operation 32 [1/1] (0.00ns)   --->   "%specbitsmap_ln0 = specbitsmap void @_ssdm_op_SpecBitsMap, i1 %src_V_user_V"   --->   Operation 32 'specbitsmap' 'specbitsmap_ln0' <Predicate = true> <Delay = 0.00>
ST_10 : Operation 33 [1/1] (0.00ns)   --->   "%specbitsmap_ln0 = specbitsmap void @_ssdm_op_SpecBitsMap, i1 %src_V_last_V"   --->   Operation 33 'specbitsmap' 'specbitsmap_ln0' <Predicate = true> <Delay = 0.00>
ST_10 : Operation 34 [1/1] (0.00ns)   --->   "%specbitsmap_ln0 = specbitsmap void @_ssdm_op_SpecBitsMap, i1 %src_V_id_V"   --->   Operation 34 'specbitsmap' 'specbitsmap_ln0' <Predicate = true> <Delay = 0.00>
ST_10 : Operation 35 [1/1] (0.00ns)   --->   "%specbitsmap_ln0 = specbitsmap void @_ssdm_op_SpecBitsMap, i1 %src_V_dest_V"   --->   Operation 35 'specbitsmap' 'specbitsmap_ln0' <Predicate = true> <Delay = 0.00>
ST_10 : Operation 36 [1/1] (0.00ns)   --->   "%specinterface_ln0 = specinterface void @_ssdm_op_SpecInterface, i24 %dst_V_data_V, i3 %dst_V_keep_V, i3 %dst_V_strb_V, i1 %dst_V_user_V, i1 %dst_V_last_V, i1 %dst_V_id_V, i1 %dst_V_dest_V, void @empty, i32, i32, void @empty_0, i32, i32, void @empty_1, void @empty_1, void @empty_1, i32, i32, i32, i32, void @empty_1, void @empty_1"   --->   Operation 36 'specinterface' 'specinterface_ln0' <Predicate = true> <Delay = 0.00>
ST_10 : Operation 37 [1/1] (0.00ns)   --->   "%specbitsmap_ln0 = specbitsmap void @_ssdm_op_SpecBitsMap, i24 %dst_V_data_V"   --->   Operation 37 'specbitsmap' 'specbitsmap_ln0' <Predicate = true> <Delay = 0.00>
ST_10 : Operation 38 [1/1] (0.00ns)   --->   "%specbitsmap_ln0 = specbitsmap void @_ssdm_op_SpecBitsMap, i3 %dst_V_keep_V"   --->   Operation 38 'specbitsmap' 'specbitsmap_ln0' <Predicate = true> <Delay = 0.00>
ST_10 : Operation 39 [1/1] (0.00ns)   --->   "%specbitsmap_ln0 = specbitsmap void @_ssdm_op_SpecBitsMap, i3 %dst_V_strb_V"   --->   Operation 39 'specbitsmap' 'specbitsmap_ln0' <Predicate = true> <Delay = 0.00>
ST_10 : Operation 40 [1/1] (0.00ns)   --->   "%specbitsmap_ln0 = specbitsmap void @_ssdm_op_SpecBitsMap, i1 %dst_V_user_V"   --->   Operation 40 'specbitsmap' 'specbitsmap_ln0' <Predicate = true> <Delay = 0.00>
ST_10 : Operation 41 [1/1] (0.00ns)   --->   "%specbitsmap_ln0 = specbitsmap void @_ssdm_op_SpecBitsMap, i1 %dst_V_last_V"   --->   Operation 41 'specbitsmap' 'specbitsmap_ln0' <Predicate = true> <Delay = 0.00>
ST_10 : Operation 42 [1/1] (0.00ns)   --->   "%specbitsmap_ln0 = specbitsmap void @_ssdm_op_SpecBitsMap, i1 %dst_V_id_V"   --->   Operation 42 'specbitsmap' 'specbitsmap_ln0' <Predicate = true> <Delay = 0.00>
ST_10 : Operation 43 [1/1] (0.00ns)   --->   "%specbitsmap_ln0 = specbitsmap void @_ssdm_op_SpecBitsMap, i1 %dst_V_dest_V"   --->   Operation 43 'specbitsmap' 'specbitsmap_ln0' <Predicate = true> <Delay = 0.00>
ST_10 : Operation 44 [1/1] (0.00ns)   --->   "%specbitsmap_ln0 = specbitsmap void @_ssdm_op_SpecBitsMap, i1 %en"   --->   Operation 44 'specbitsmap' 'specbitsmap_ln0' <Predicate = true> <Delay = 0.00>
ST_10 : Operation 45 [1/1] (0.00ns)   --->   "%specinterface_ln0 = specinterface void @_ssdm_op_SpecInterface, i1 %en, void @empty_2, i32, i32, void @empty_0, i32, i32, void @empty_1, void @empty_1, void @empty_1, i32, i32, i32, i32, void @empty_1, void @empty_1"   --->   Operation 45 'specinterface' 'specinterface_ln0' <Predicate = true> <Delay = 0.00>
ST_10 : Operation 46 [1/1] (0.00ns)   --->   "%empty = specchannel i32 @_ssdm_op_SpecChannel, void @img_src_OC_data_str, i32, void @p_str, void @p_str, i32, i32, i24 %img_src_data, i24 %img_src_data"   --->   Operation 46 'specchannel' 'empty' <Predicate = true> <Delay = 0.00>
ST_10 : Operation 47 [1/1] (0.00ns)   --->   "%specinterface_ln0 = specinterface void @_ssdm_op_SpecInterface, i24 %img_src_data, void @empty_3, i32, i32, void @empty_1, i32, i32, void @empty_1, void @empty_1, void @empty_1, i32, i32, i32, i32, void @empty_1, void @empty_1"   --->   Operation 47 'specinterface' 'specinterface_ln0' <Predicate = true> <Delay = 0.00>
ST_10 : Operation 48 [1/1] (0.00ns)   --->   "%empty_25 = specchannel i32 @_ssdm_op_SpecChannel, void @img_gray_src_OC_data_str, i32, void @p_str, void @p_str, i32, i32, i24 %img_gray_src_data, i24 %img_gray_src_data"   --->   Operation 48 'specchannel' 'empty_25' <Predicate = true> <Delay = 0.00>
ST_10 : Operation 49 [1/1] (0.00ns)   --->   "%specinterface_ln0 = specinterface void @_ssdm_op_SpecInterface, i24 %img_gray_src_data, void @empty_3, i32, i32, void @empty_1, i32, i32, void @empty_1, void @empty_1, void @empty_1, i32, i32, i32, i32, void @empty_1, void @empty_1"   --->   Operation 49 'specinterface' 'specinterface_ln0' <Predicate = true> <Delay = 0.00>
ST_10 : Operation 50 [1/1] (0.00ns)   --->   "%empty_26 = specchannel i32 @_ssdm_op_SpecChannel, void @img_dst_OC_data_str, i32, void @p_str, void @p_str, i32, i32, i24 %img_dst_data, i24 %img_dst_data"   --->   Operation 50 'specchannel' 'empty_26' <Predicate = true> <Delay = 0.00>
ST_10 : Operation 51 [1/1] (0.00ns)   --->   "%specinterface_ln0 = specinterface void @_ssdm_op_SpecInterface, i24 %img_dst_data, void @empty_3, i32, i32, void @empty_1, i32, i32, void @empty_1, void @empty_1, void @empty_1, i32, i32, i32, i32, void @empty_1, void @empty_1"   --->   Operation 51 'specinterface' 'specinterface_ln0' <Predicate = true> <Delay = 0.00>
ST_10 : Operation 52 [1/1] (0.00ns)   --->   "%empty_27 = specchannel i32 @_ssdm_op_SpecChannel, void @en_c_str, i32, void @p_str, void @p_str, i32, i32, i1 %en_c, i1 %en_c" [source/rgb2ycrcb.cpp:91]   --->   Operation 52 'specchannel' 'empty_27' <Predicate = true> <Delay = 0.00>
ST_10 : Operation 53 [1/1] (0.00ns)   --->   "%specinterface_ln91 = specinterface void @_ssdm_op_SpecInterface, i1 %en_c, void @ap_fifo_str, i32, i32, void @p_str, i32, i32, void @p_str, void @p_str, void @p_str, i32, i32, i32, i32, void @p_str, void @p_str" [source/rgb2ycrcb.cpp:91]   --->   Operation 53 'specinterface' 'specinterface_ln91' <Predicate = true> <Delay = 0.00>
ST_10 : Operation 54 [1/1] (0.00ns)   --->   "%ret_ln110 = ret" [source/rgb2ycrcb.cpp:110]   --->   Operation 54 'ret' 'ret_ln110' <Predicate = true> <Delay = 0.00>


============================================================
+ Verbose Summary: Binding
============================================================
STG Binding: 
---------------- STG Properties BEGIN ----------------
- Is combinational: 0
- Is one-state seq: 0
- Is datapath-only: 0
- Is pipelined: 0
- Is top level: 1
Port [ Return ] is wired: 1; IO mode=ap_ctrl_none:ce=0
Port [ src_V_data_V]:  wired=1; compound=1; hidden=0; nouse=0; global=0; static=0; extern=0; dir=0; type=0; pingpong=0; private_global=0; IO mode=axis:ce=0
Port [ src_V_keep_V]:  wired=1; compound=1; hidden=0; nouse=0; global=0; static=0; extern=0; dir=0; type=0; pingpong=0; private_global=0; IO mode=axis:ce=0
Port [ src_V_strb_V]:  wired=1; compound=1; hidden=0; nouse=0; global=0; static=0; extern=0; dir=0; type=0; pingpong=0; private_global=0; IO mode=axis:ce=0
Port [ src_V_user_V]:  wired=1; compound=1; hidden=0; nouse=0; global=0; static=0; extern=0; dir=0; type=0; pingpong=0; private_global=0; IO mode=axis:ce=0
Port [ src_V_last_V]:  wired=1; compound=1; hidden=0; nouse=0; global=0; static=0; extern=0; dir=0; type=0; pingpong=0; private_global=0; IO mode=axis:ce=0
Port [ src_V_id_V]:  wired=1; compound=1; hidden=0; nouse=0; global=0; static=0; extern=0; dir=0; type=0; pingpong=0; private_global=0; IO mode=axis:ce=0
Port [ src_V_dest_V]:  wired=1; compound=1; hidden=0; nouse=0; global=0; static=0; extern=0; dir=0; type=0; pingpong=0; private_global=0; IO mode=axis:ce=0
Port [ dst_V_data_V]:  wired=1; compound=1; hidden=0; nouse=0; global=0; static=0; extern=0; dir=1; type=0; pingpong=0; private_global=0; IO mode=axis:ce=0
Port [ dst_V_keep_V]:  wired=1; compound=1; hidden=0; nouse=0; global=0; static=0; extern=0; dir=1; type=0; pingpong=0; private_global=0; IO mode=axis:ce=0
Port [ dst_V_strb_V]:  wired=1; compound=1; hidden=0; nouse=0; global=0; static=0; extern=0; dir=1; type=0; pingpong=0; private_global=0; IO mode=axis:ce=0
Port [ dst_V_user_V]:  wired=1; compound=1; hidden=0; nouse=0; global=0; static=0; extern=0; dir=1; type=0; pingpong=0; private_global=0; IO mode=axis:ce=0
Port [ dst_V_last_V]:  wired=1; compound=1; hidden=0; nouse=0; global=0; static=0; extern=0; dir=1; type=0; pingpong=0; private_global=0; IO mode=axis:ce=0
Port [ dst_V_id_V]:  wired=1; compound=1; hidden=0; nouse=0; global=0; static=0; extern=0; dir=1; type=0; pingpong=0; private_global=0; IO mode=axis:ce=0
Port [ dst_V_dest_V]:  wired=1; compound=1; hidden=0; nouse=0; global=0; static=0; extern=0; dir=1; type=0; pingpong=0; private_global=0; IO mode=axis:ce=0
Port [ en]:  wired=1; compound=0; hidden=0; nouse=0; global=0; static=0; extern=0; dir=0; type=0; pingpong=0; private_global=0; IO mode=ap_vld:ce=0
---------------- STG Properties END ------------------

---------------- Datapath Model BEGIN ----------------

<LifeTime>
<method=bitvector/>
en_c                     (alloca              ) [ 00111111111]
img_src_data             (alloca              ) [ 00111111111]
img_gray_src_data        (alloca              ) [ 00111111111]
img_dst_data             (alloca              ) [ 00111111111]
en_read                  (read                ) [ 00010000000]
call_ln91                (call                ) [ 00000000000]
call_ln107               (call                ) [ 00000000000]
call_ln108               (call                ) [ 00000000000]
call_ln0                 (call                ) [ 00000000000]
specdataflowpipeline_ln0 (specdataflowpipeline) [ 00000000000]
spectopmodule_ln0        (spectopmodule       ) [ 00000000000]
specinterface_ln0        (specinterface       ) [ 00000000000]
specinterface_ln0        (specinterface       ) [ 00000000000]
specbitsmap_ln0          (specbitsmap         ) [ 00000000000]
specbitsmap_ln0          (specbitsmap         ) [ 00000000000]
specbitsmap_ln0          (specbitsmap         ) [ 00000000000]
specbitsmap_ln0          (specbitsmap         ) [ 00000000000]
specbitsmap_ln0          (specbitsmap         ) [ 00000000000]
specbitsmap_ln0          (specbitsmap         ) [ 00000000000]
specbitsmap_ln0          (specbitsmap         ) [ 00000000000]
specinterface_ln0        (specinterface       ) [ 00000000000]
specbitsmap_ln0          (specbitsmap         ) [ 00000000000]
specbitsmap_ln0          (specbitsmap         ) [ 00000000000]
specbitsmap_ln0          (specbitsmap         ) [ 00000000000]
specbitsmap_ln0          (specbitsmap         ) [ 00000000000]
specbitsmap_ln0          (specbitsmap         ) [ 00000000000]
specbitsmap_ln0          (specbitsmap         ) [ 00000000000]
specbitsmap_ln0          (specbitsmap         ) [ 00000000000]
specbitsmap_ln0          (specbitsmap         ) [ 00000000000]
specinterface_ln0        (specinterface       ) [ 00000000000]
empty                    (specchannel         ) [ 00000000000]
specinterface_ln0        (specinterface       ) [ 00000000000]
empty_25                 (specchannel         ) [ 00000000000]
specinterface_ln0        (specinterface       ) [ 00000000000]
empty_26                 (specchannel         ) [ 00000000000]
specinterface_ln0        (specinterface       ) [ 00000000000]
empty_27                 (specchannel         ) [ 00000000000]
specinterface_ln91       (specinterface       ) [ 00000000000]
ret_ln110                (ret                 ) [ 00000000000]
</LifeTime>

<model>

<comp_list>
<comp id="0" class="1000" name="src_V_data_V">
<pin_list>
<pin id="1" dir="1" index="0" bw="1" slack="0"/>
</pin_list>
<bind>
<StgValue><ssdm name="src_V_data_V"/></StgValue>
</bind>
</comp>

<comp id="2" class="1000" name="src_V_keep_V">
<pin_list>
<pin id="3" dir="1" index="0" bw="1" slack="0"/>
</pin_list>
<bind>
<StgValue><ssdm name="src_V_keep_V"/></StgValue>
</bind>
</comp>

<comp id="4" class="1000" name="src_V_strb_V">
<pin_list>
<pin id="5" dir="1" index="0" bw="1" slack="0"/>
</pin_list>
<bind>
<StgValue><ssdm name="src_V_strb_V"/></StgValue>
</bind>
</comp>

<comp id="6" class="1000" name="src_V_user_V">
<pin_list>
<pin id="7" dir="1" index="0" bw="1" slack="0"/>
</pin_list>
<bind>
<StgValue><ssdm name="src_V_user_V"/></StgValue>
</bind>
</comp>

<comp id="8" class="1000" name="src_V_last_V">
<pin_list>
<pin id="9" dir="1" index="0" bw="1" slack="0"/>
</pin_list>
<bind>
<StgValue><ssdm name="src_V_last_V"/></StgValue>
</bind>
</comp>

<comp id="10" class="1000" name="src_V_id_V">
<pin_list>
<pin id="11" dir="1" index="0" bw="1" slack="0"/>
</pin_list>
<bind>
<StgValue><ssdm name="src_V_id_V"/></StgValue>
</bind>
</comp>

<comp id="12" class="1000" name="src_V_dest_V">
<pin_list>
<pin id="13" dir="1" index="0" bw="1" slack="0"/>
</pin_list>
<bind>
<StgValue><ssdm name="src_V_dest_V"/></StgValue>
</bind>
</comp>

<comp id="14" class="1000" name="dst_V_data_V">
<pin_list>
<pin id="15" dir="1" index="0" bw="1" slack="0"/>
</pin_list>
<bind>
<StgValue><ssdm name="dst_V_data_V"/></StgValue>
</bind>
</comp>

<comp id="16" class="1000" name="dst_V_keep_V">
<pin_list>
<pin id="17" dir="1" index="0" bw="1" slack="0"/>
</pin_list>
<bind>
<StgValue><ssdm name="dst_V_keep_V"/></StgValue>
</bind>
</comp>

<comp id="18" class="1000" name="dst_V_strb_V">
<pin_list>
<pin id="19" dir="1" index="0" bw="1" slack="0"/>
</pin_list>
<bind>
<StgValue><ssdm name="dst_V_strb_V"/></StgValue>
</bind>
</comp>

<comp id="20" class="1000" name="dst_V_user_V">
<pin_list>
<pin id="21" dir="1" index="0" bw="1" slack="0"/>
</pin_list>
<bind>
<StgValue><ssdm name="dst_V_user_V"/></StgValue>
</bind>
</comp>

<comp id="22" class="1000" name="dst_V_last_V">
<pin_list>
<pin id="23" dir="1" index="0" bw="1" slack="0"/>
</pin_list>
<bind>
<StgValue><ssdm name="dst_V_last_V"/></StgValue>
</bind>
</comp>

<comp id="24" class="1000" name="dst_V_id_V">
<pin_list>
<pin id="25" dir="1" index="0" bw="1" slack="0"/>
</pin_list>
<bind>
<StgValue><ssdm name="dst_V_id_V"/></StgValue>
</bind>
</comp>

<comp id="26" class="1000" name="dst_V_dest_V">
<pin_list>
<pin id="27" dir="1" index="0" bw="1" slack="0"/>
</pin_list>
<bind>
<StgValue><ssdm name="dst_V_dest_V"/></StgValue>
</bind>
</comp>

<comp id="28" class="1000" name="en">
<pin_list>
<pin id="29" dir="1" index="0" bw="1" slack="0"/>
</pin_list>
<bind>
<StgValue><ssdm name="en"/></StgValue>
</bind>
</comp>

<comp id="30" class="1001" name="const_30">
<pin_list>
<pin id="31" dir="1" index="0" bw="1" slack="0"/>
</pin_list>
<bind>
<StgValue><ssdm name="_ssdm_op_Read.ap_vld.i1"/></StgValue>
</bind>
</comp>

<comp id="32" class="1001" name="const_32">
<pin_list>
<pin id="33" dir="1" index="0" bw="1" slack="0"/>
</pin_list>
<bind>
<StgValue><ssdm name=""/></StgValue>
</bind>
</comp>

<comp id="34" class="1001" name="const_34">
<pin_list>
<pin id="35" dir="1" index="0" bw="1" slack="0"/>
</pin_list>
<bind>
<StgValue><ssdm name="Loop_loop_height_proc1618"/></StgValue>
</bind>
</comp>

<comp id="36" class="1001" name="const_36">
<pin_list>
<pin id="37" dir="1" index="0" bw="1" slack="0"/>
</pin_list>
<bind>
<StgValue><ssdm name="xfrgb2ycrcb<1080, 1920>"/></StgValue>
</bind>
</comp>

<comp id="38" class="1001" name="const_38">
<pin_list>
<pin id="39" dir="1" index="0" bw="1" slack="0"/>
</pin_list>
<bind>
<StgValue><ssdm name="xfycrcb2rgb<1080, 1920>"/></StgValue>
</bind>
</comp>

<comp id="40" class="1001" name="const_40">
<pin_list>
<pin id="41" dir="1" index="0" bw="1" slack="0"/>
</pin_list>
<bind>
<StgValue><ssdm name="Loop_loop_height_proc1517"/></StgValue>
</bind>
</comp>

<comp id="42" class="1001" name="const_42">
<pin_list>
<pin id="43" dir="1" index="0" bw="1" slack="2147483647"/>
</pin_list>
<bind>
<StgValue><ssdm name="_ssdm_op_SpecDataflowPipeline"/></StgValue>
</bind>
</comp>

<comp id="44" class="1001" name="const_44">
<pin_list>
<pin id="45" dir="1" index="0" bw="1" slack="2147483647"/>
</pin_list>
<bind>
<StgValue><ssdm name=""/></StgValue>
</bind>
</comp>

<comp id="46" class="1001" name="const_46">
<pin_list>
<pin id="47" dir="1" index="0" bw="1" slack="2147483647"/>
</pin_list>
<bind>
<StgValue><ssdm name=""/></StgValue>
</bind>
</comp>

<comp id="48" class="1001" name="const_48">
<pin_list>
<pin id="49" dir="1" index="0" bw="1" slack="2147483647"/>
</pin_list>
<bind>
<StgValue><ssdm name="empty_1"/></StgValue>
</bind>
</comp>

<comp id="50" class="1001" name="const_50">
<pin_list>
<pin id="51" dir="1" index="0" bw="1" slack="2147483647"/>
</pin_list>
<bind>
<StgValue><ssdm name="_ssdm_op_SpecTopModule"/></StgValue>
</bind>
</comp>

<comp id="52" class="1001" name="const_52">
<pin_list>
<pin id="53" dir="1" index="0" bw="1" slack="2147483647"/>
</pin_list>
<bind>
<StgValue><ssdm name="empty_4"/></StgValue>
</bind>
</comp>

<comp id="54" class="1001" name="const_54">
<pin_list>
<pin id="55" dir="1" index="0" bw="1" slack="2147483647"/>
</pin_list>
<bind>
<StgValue><ssdm name="_ssdm_op_SpecInterface"/></StgValue>
</bind>
</comp>

<comp id="56" class="1001" name="const_56">
<pin_list>
<pin id="57" dir="1" index="0" bw="1" slack="2147483647"/>
</pin_list>
<bind>
<StgValue><ssdm name="empty_5"/></StgValue>
</bind>
</comp>

<comp id="58" class="1001" name="const_58">
<pin_list>
<pin id="59" dir="1" index="0" bw="1" slack="2147483647"/>
</pin_list>
<bind>
<StgValue><ssdm name="empty"/></StgValue>
</bind>
</comp>

<comp id="60" class="1001" name="const_60">
<pin_list>
<pin id="61" dir="1" index="0" bw="1" slack="2147483647"/>
</pin_list>
<bind>
<StgValue><ssdm name=""/></StgValue>
</bind>
</comp>

<comp id="62" class="1001" name="const_62">
<pin_list>
<pin id="63" dir="1" index="0" bw="1" slack="2147483647"/>
</pin_list>
<bind>
<StgValue><ssdm name="empty_0"/></StgValue>
</bind>
</comp>

<comp id="64" class="1001" name="const_64">
<pin_list>
<pin id="65" dir="1" index="0" bw="1" slack="2147483647"/>
</pin_list>
<bind>
<StgValue><ssdm name="_ssdm_op_SpecBitsMap"/></StgValue>
</bind>
</comp>

<comp id="66" class="1001" name="const_66">
<pin_list>
<pin id="67" dir="1" index="0" bw="1" slack="2147483647"/>
</pin_list>
<bind>
<StgValue><ssdm name="empty_2"/></StgValue>
</bind>
</comp>

<comp id="68" class="1001" name="const_68">
<pin_list>
<pin id="69" dir="1" index="0" bw="1" slack="2147483647"/>
</pin_list>
<bind>
<StgValue><ssdm name="_ssdm_op_SpecChannel"/></StgValue>
</bind>
</comp>

<comp id="70" class="1001" name="const_70">
<pin_list>
<pin id="71" dir="1" index="0" bw="1" slack="2147483647"/>
</pin_list>
<bind>
<StgValue><ssdm name="img_src_OC_data_str"/></StgValue>
</bind>
</comp>

<comp id="72" class="1001" name="const_72">
<pin_list>
<pin id="73" dir="1" index="0" bw="1" slack="2147483647"/>
</pin_list>
<bind>
<StgValue><ssdm name="p_str"/></StgValue>
</bind>
</comp>

<comp id="74" class="1001" name="const_74">
<pin_list>
<pin id="75" dir="1" index="0" bw="1" slack="2147483647"/>
</pin_list>
<bind>
<StgValue><ssdm name=""/></StgValue>
</bind>
</comp>

<comp id="76" class="1001" name="const_76">
<pin_list>
<pin id="77" dir="1" index="0" bw="1" slack="2147483647"/>
</pin_list>
<bind>
<StgValue><ssdm name="empty_3"/></StgValue>
</bind>
</comp>

<comp id="78" class="1001" name="const_78">
<pin_list>
<pin id="79" dir="1" index="0" bw="1" slack="2147483647"/>
</pin_list>
<bind>
<StgValue><ssdm name="img_gray_src_OC_data_str"/></StgValue>
</bind>
</comp>

<comp id="80" class="1001" name="const_80">
<pin_list>
<pin id="81" dir="1" index="0" bw="1" slack="2147483647"/>
</pin_list>
<bind>
<StgValue><ssdm name="img_dst_OC_data_str"/></StgValue>
</bind>
</comp>

<comp id="82" class="1001" name="const_82">
<pin_list>
<pin id="83" dir="1" index="0" bw="1" slack="2147483647"/>
</pin_list>
<bind>
<StgValue><ssdm name="en_c_str"/></StgValue>
</bind>
</comp>

<comp id="84" class="1001" name="const_84">
<pin_list>
<pin id="85" dir="1" index="0" bw="1" slack="2147483647"/>
</pin_list>
<bind>
<StgValue><ssdm name=""/></StgValue>
</bind>
</comp>

<comp id="86" class="1001" name="const_86">
<pin_list>
<pin id="87" dir="1" index="0" bw="1" slack="2147483647"/>
</pin_list>
<bind>
<StgValue><ssdm name="ap_fifo_str"/></StgValue>
</bind>
</comp>

<comp id="88" class="1001" name="const_88">
<pin_list>
<pin id="89" dir="1" index="0" bw="1" slack="2147483647"/>
</pin_list>
<bind>
<StgValue><ssdm name=""/></StgValue>
</bind>
</comp>

<comp id="90" class="1001" name="const_90">
<pin_list>
<pin id="91" dir="1" index="0" bw="1" slack="2147483647"/>
</pin_list>
<bind>
<StgValue><ssdm name=""/></StgValue>
</bind>
</comp>

<comp id="92" class="1004" name="en_c_fu_92">
<pin_list>
<pin id="93" dir="0" index="0" bw="1" slack="0"/>
<pin id="94" dir="1" index="1" bw="1" slack="1"/>
</pin_list>
<bind>
<opcode="alloca(26) " fcode="alloca"/>
<opset="en_c/1 "/>
</bind>
</comp>

<comp id="96" class="1004" name="img_src_data_fu_96">
<pin_list>
<pin id="97" dir="0" index="0" bw="1" slack="0"/>
<pin id="98" dir="1" index="1" bw="24" slack="1"/>
</pin_list>
<bind>
<opcode="alloca(26) " fcode="alloca"/>
<opset="img_src_data/1 "/>
</bind>
</comp>

<comp id="100" class="1004" name="img_gray_src_data_fu_100">
<pin_list>
<pin id="101" dir="0" index="0" bw="1" slack="0"/>
<pin id="102" dir="1" index="1" bw="24" slack="3"/>
</pin_list>
<bind>
<opcode="alloca(26) " fcode="alloca"/>
<opset="img_gray_src_data/1 "/>
</bind>
</comp>

<comp id="104" class="1004" name="img_dst_data_fu_104">
<pin_list>
<pin id="105" dir="0" index="0" bw="1" slack="0"/>
<pin id="106" dir="1" index="1" bw="24" slack="5"/>
</pin_list>
<bind>
<opcode="alloca(26) " fcode="alloca"/>
<opset="img_dst_data/1 "/>
</bind>
</comp>

<comp id="108" class="1004" name="grp_read_fu_108">
<pin_list>
<pin id="109" dir="0" index="0" bw="1" slack="0"/>
<pin id="110" dir="0" index="1" bw="1" slack="0"/>
<pin id="111" dir="1" index="2" bw="1" slack="0"/>
</pin_list>
<bind>
<opcode="read(1150) " fcode="read"/>
<opset="en_read/1 "/>
</bind>
</comp>

<comp id="114" class="1004" name="grp_xfycrcb2rgb_1080_1920_s_fu_114">
<pin_list>
<pin id="115" dir="0" index="0" bw="0" slack="0"/>
<pin id="116" dir="0" index="1" bw="24" slack="5"/>
<pin id="117" dir="0" index="2" bw="24" slack="5"/>
<pin id="118" dir="0" index="3" bw="1" slack="5"/>
<pin id="119" dir="1" index="4" bw="0" slack="2147483647"/>
</pin_list>
<bind>
<opcode="call(48) " fcode="call"/>
<opset="call_ln108/6 "/>
</bind>
</comp>

<comp id="121" class="1004" name="grp_xfrgb2ycrcb_1080_1920_s_fu_121">
<pin_list>
<pin id="122" dir="0" index="0" bw="0" slack="0"/>
<pin id="123" dir="0" index="1" bw="24" slack="3"/>
<pin id="124" dir="0" index="2" bw="24" slack="3"/>
<pin id="125" dir="1" index="3" bw="0" slack="2147483647"/>
</pin_list>
<bind>
<opcode="call(48) " fcode="call"/>
<opset="call_ln107/4 "/>
</bind>
</comp>

<comp id="127" class="1004" name="grp_Loop_loop_height_proc1618_fu_127">
<pin_list>
<pin id="128" dir="0" index="0" bw="0" slack="0"/>
<pin id="129" dir="0" index="1" bw="24" slack="0"/>
<pin id="130" dir="0" index="2" bw="3" slack="0"/>
<pin id="131" dir="0" index="3" bw="3" slack="0"/>
<pin id="132" dir="0" index="4" bw="1" slack="0"/>
<pin id="133" dir="0" index="5" bw="1" slack="0"/>
<pin id="134" dir="0" index="6" bw="1" slack="0"/>
<pin id="135" dir="0" index="7" bw="1" slack="0"/>
<pin id="136" dir="0" index="8" bw="24" slack="1"/>
<pin id="137" dir="0" index="9" bw="1" slack="0"/>
<pin id="138" dir="0" index="10" bw="1" slack="1"/>
<pin id="139" dir="1" index="11" bw="0" slack="2147483647"/>
</pin_list>
<bind>
<opcode="call(48) " fcode="call"/>
<opset="call_ln91/2 "/>
</bind>
</comp>

<comp id="149" class="1004" name="grp_Loop_loop_height_proc1517_fu_149">
<pin_list>
<pin id="150" dir="0" index="0" bw="0" slack="0"/>
<pin id="151" dir="0" index="1" bw="24" slack="7"/>
<pin id="152" dir="0" index="2" bw="24" slack="0"/>
<pin id="153" dir="0" index="3" bw="3" slack="0"/>
<pin id="154" dir="0" index="4" bw="3" slack="0"/>
<pin id="155" dir="0" index="5" bw="1" slack="0"/>
<pin id="156" dir="0" index="6" bw="1" slack="0"/>
<pin id="157" dir="0" index="7" bw="1" slack="0"/>
<pin id="158" dir="0" index="8" bw="1" slack="0"/>
<pin id="159" dir="1" index="9" bw="0" slack="2147483647"/>
</pin_list>
<bind>
<opcode="call(48) " fcode="call"/>
<opset="call_ln0/8 "/>
</bind>
</comp>

<comp id="168" class="1005" name="en_c_reg_168">
<pin_list>
<pin id="169" dir="0" index="0" bw="1" slack="1"/>
<pin id="170" dir="1" index="1" bw="1" slack="1"/>
</pin_list>
<bind>
<opset="en_c "/>
</bind>
</comp>

<comp id="174" class="1005" name="img_src_data_reg_174">
<pin_list>
<pin id="175" dir="0" index="0" bw="24" slack="1"/>
<pin id="176" dir="1" index="1" bw="24" slack="1"/>
</pin_list>
<bind>
<opset="img_src_data "/>
</bind>
</comp>

<comp id="180" class="1005" name="img_gray_src_data_reg_180">
<pin_list>
<pin id="181" dir="0" index="0" bw="24" slack="3"/>
<pin id="182" dir="1" index="1" bw="24" slack="3"/>
</pin_list>
<bind>
<opset="img_gray_src_data "/>
</bind>
</comp>

<comp id="186" class="1005" name="img_dst_data_reg_186">
<pin_list>
<pin id="187" dir="0" index="0" bw="24" slack="5"/>
<pin id="188" dir="1" index="1" bw="24" slack="5"/>
</pin_list>
<bind>
<opset="img_dst_data "/>
</bind>
</comp>

<comp id="192" class="1005" name="en_read_reg_192">
<pin_list>
<pin id="193" dir="0" index="0" bw="1" slack="1"/>
<pin id="194" dir="1" index="1" bw="1" slack="1"/>
</pin_list>
<bind>
<opset="en_read "/>
</bind>
</comp>

</comp_list>

<net_list>
<net id="95"><net_src comp="32" pin="0"/><net_sink comp="92" pin=0"/></net>

<net id="99"><net_src comp="32" pin="0"/><net_sink comp="96" pin=0"/></net>

<net id="103"><net_src comp="32" pin="0"/><net_sink comp="100" pin=0"/></net>

<net id="107"><net_src comp="32" pin="0"/><net_sink comp="104" pin=0"/></net>

<net id="112"><net_src comp="30" pin="0"/><net_sink comp="108" pin=0"/></net>

<net id="113"><net_src comp="28" pin="0"/><net_sink comp="108" pin=1"/></net>

<net id="120"><net_src comp="38" pin="0"/><net_sink comp="114" pin=0"/></net>

<net id="126"><net_src comp="36" pin="0"/><net_sink comp="121" pin=0"/></net>

<net id="140"><net_src comp="34" pin="0"/><net_sink comp="127" pin=0"/></net>

<net id="141"><net_src comp="0" pin="0"/><net_sink comp="127" pin=1"/></net>

<net id="142"><net_src comp="2" pin="0"/><net_sink comp="127" pin=2"/></net>

<net id="143"><net_src comp="4" pin="0"/><net_sink comp="127" pin=3"/></net>

<net id="144"><net_src comp="6" pin="0"/><net_sink comp="127" pin=4"/></net>

<net id="145"><net_src comp="8" pin="0"/><net_sink comp="127" pin=5"/></net>

<net id="146"><net_src comp="10" pin="0"/><net_sink comp="127" pin=6"/></net>

<net id="147"><net_src comp="12" pin="0"/><net_sink comp="127" pin=7"/></net>

<net id="148"><net_src comp="108" pin="2"/><net_sink comp="127" pin=9"/></net>

<net id="160"><net_src comp="40" pin="0"/><net_sink comp="149" pin=0"/></net>

<net id="161"><net_src comp="14" pin="0"/><net_sink comp="149" pin=2"/></net>

<net id="162"><net_src comp="16" pin="0"/><net_sink comp="149" pin=3"/></net>

<net id="163"><net_src comp="18" pin="0"/><net_sink comp="149" pin=4"/></net>

<net id="164"><net_src comp="20" pin="0"/><net_sink comp="149" pin=5"/></net>

<net id="165"><net_src comp="22" pin="0"/><net_sink comp="149" pin=6"/></net>

<net id="166"><net_src comp="24" pin="0"/><net_sink comp="149" pin=7"/></net>

<net id="167"><net_src comp="26" pin="0"/><net_sink comp="149" pin=8"/></net>

<net id="171"><net_src comp="92" pin="1"/><net_sink comp="168" pin=0"/></net>

<net id="172"><net_src comp="168" pin="1"/><net_sink comp="127" pin=10"/></net>

<net id="173"><net_src comp="168" pin="1"/><net_sink comp="114" pin=3"/></net>

<net id="177"><net_src comp="96" pin="1"/><net_sink comp="174" pin=0"/></net>

<net id="178"><net_src comp="174" pin="1"/><net_sink comp="127" pin=8"/></net>

<net id="179"><net_src comp="174" pin="1"/><net_sink comp="121" pin=1"/></net>

<net id="183"><net_src comp="100" pin="1"/><net_sink comp="180" pin=0"/></net>

<net id="184"><net_src comp="180" pin="1"/><net_sink comp="121" pin=2"/></net>

<net id="185"><net_src comp="180" pin="1"/><net_sink comp="114" pin=1"/></net>

<net id="189"><net_src comp="104" pin="1"/><net_sink comp="186" pin=0"/></net>

<net id="190"><net_src comp="186" pin="1"/><net_sink comp="114" pin=2"/></net>

<net id="191"><net_src comp="186" pin="1"/><net_sink comp="149" pin=1"/></net>

<net id="195"><net_src comp="108" pin="2"/><net_sink comp="192" pin=0"/></net>

<net id="196"><net_src comp="192" pin="1"/><net_sink comp="127" pin=9"/></net>

</net_list>

</model> 
---------------- Datapath Model END ------------------

* FSMD analyzer results:
  - Output states:
	Port: dst_V_data_V | {8 9 }
	Port: dst_V_keep_V | {8 9 }
	Port: dst_V_strb_V | {8 9 }
	Port: dst_V_user_V | {8 9 }
	Port: dst_V_last_V | {8 9 }
	Port: dst_V_id_V | {8 9 }
	Port: dst_V_dest_V | {8 9 }
 - Input state : 
	Port: rgb2ycrcb : src_V_data_V | {2 3 }
	Port: rgb2ycrcb : src_V_keep_V | {2 3 }
	Port: rgb2ycrcb : src_V_strb_V | {2 3 }
	Port: rgb2ycrcb : src_V_user_V | {2 3 }
	Port: rgb2ycrcb : src_V_last_V | {2 3 }
	Port: rgb2ycrcb : src_V_id_V | {2 3 }
	Port: rgb2ycrcb : src_V_dest_V | {2 3 }
	Port: rgb2ycrcb : en | {1 }
  - Chain level:
	State 1
	State 2
	State 3
	State 4
	State 5
	State 6
	State 7
	State 8
	State 9
	State 10


============================================================
+ Verbose Summary: Datapath Resource usage 
============================================================

* Functional unit list:
|----------|--------------------------------------|---------|---------|---------|---------|
| Operation|            Functional Unit           |   DSP   |  Delay  |    FF   |   LUT   |
|----------|--------------------------------------|---------|---------|---------|---------|
|          |  grp_xfycrcb2rgb_1080_1920_s_fu_114  |    4    |  3.775  |   192   |   313   |
|   call   |  grp_xfrgb2ycrcb_1080_1920_s_fu_121  |    5    |  5.285  |   235   |   233   |
|          | grp_Loop_loop_height_proc1618_fu_127 |    0    |  0.755  |   246   |   164   |
|          | grp_Loop_loop_height_proc1517_fu_149 |    0    | 3.44975 |    73   |   111   |
|----------|--------------------------------------|---------|---------|---------|---------|
|   read   |            grp_read_fu_108           |    0    |    0    |    0    |    0    |
|----------|--------------------------------------|---------|---------|---------|---------|
|   Total  |                                      |    9    | 13.2648 |   746   |   821   |
|----------|--------------------------------------|---------|---------|---------|---------|

Memories:
N/A

* Register list:
+-------------------------+--------+
|                         |   FF   |
+-------------------------+--------+
|       en_c_reg_168      |    1   |
|     en_read_reg_192     |    1   |
|   img_dst_data_reg_186  |   24   |
|img_gray_src_data_reg_180|   24   |
|   img_src_data_reg_174  |   24   |
+-------------------------+--------+
|          Total          |   74   |
+-------------------------+--------+

* Multiplexer (MUX) list: 
|--------------------------------------|------|------|------|--------||---------||---------|
|                 Comp                 |  Pin | Size |  BW  | S x BW ||  Delay  ||   LUT   |
|--------------------------------------|------|------|------|--------||---------||---------|
| grp_Loop_loop_height_proc1618_fu_127 |  p9  |   2  |   1  |    2   ||    9    |
|--------------------------------------|------|------|------|--------||---------||---------|
|                 Total                |      |      |      |    2   ||  0.755  ||    9    |
|--------------------------------------|------|------|------|--------||---------||---------|



* Summary:
+-----------+--------+--------+--------+--------+
|           |   DSP  |  Delay |   FF   |   LUT  |
+-----------+--------+--------+--------+--------+
|  Function |    9   |   13   |   746  |   821  |
|   Memory  |    -   |    -   |    -   |    -   |
|Multiplexer|    -   |    0   |    -   |    9   |
|  Register |    -   |    -   |   74   |    -   |
+-----------+--------+--------+--------+--------+
|   Total   |    9   |   14   |   820  |   830  |
+-----------+--------+--------+--------+--------+
