

================================================================
== Vitis HLS Report for 'rgb2gray'
================================================================
* Date:           Thu Nov  5 11:33:38 2020

* Version:        2020.1 (Build 2902540 on Wed May 27 20:16:15 MDT 2020)
* Project:        rgb2gray
* Solution:       solution1 (Vivado IP Flow Target)
* Product family: zynquplus
* Target device:  xczu5ev-sfvc784-1-i


================================================================
== Performance Estimates
================================================================
+ Timing: 
    * Summary: 
    +--------+----------+----------+------------+
    |  Clock |  Target  | Estimated| Uncertainty|
    +--------+----------+----------+------------+
    |ap_clk  | 10.00 ns | 3.892 ns |   2.70 ns  |
    +--------+----------+----------+------------+

+ Latency: 
    * Summary: 
    +---------+---------+----------+----------+-----+-----+----------+
    |  Latency (cycles) |  Latency (absolute) |  Interval | Pipeline |
    |   min   |   max   |    min   |    max   | min | max |   Type   |
    +---------+---------+----------+----------+-----+-----+----------+
    |        ?|        ?|         ?|         ?|    ?|    ?| dataflow |
    +---------+---------+----------+----------+-----+-----+----------+

    + Detail: 
        * Instance: 
        +----------------------------+-------------------------+---------+---------+-----------+-----------+---------+---------+---------+
        |                            |                         |  Latency (cycles) |   Latency (absolute)  |      Interval     | Pipeline|
        |          Instance          |          Module         |   min   |   max   |    min    |    max    |   min   |   max   |   Type  |
        +----------------------------+-------------------------+---------+---------+-----------+-----------+---------+---------+---------+
        |Loop_loop_height_proc4_U0   |Loop_loop_height_proc4   |        ?|        ?|          ?|          ?|        ?|        ?|   none  |
        |xfrgb2gray_1080_1920_U0     |xfrgb2gray_1080_1920_s   |  2073607|  2073607| 20.736 ms | 20.736 ms |  2073607|  2073607|   none  |
        |Loop_loop_height_proc35_U0  |Loop_loop_height_proc35  |  2077921|  2077921| 20.779 ms | 20.779 ms |  2077921|  2077921|   none  |
        |xfgray2rgb_1080_1920_U0     |xfgray2rgb_1080_1920_s   |  2073602|  2073602| 20.736 ms | 20.736 ms |  2073602|  2073602|   none  |
        +----------------------------+-------------------------+---------+---------+-----------+-----------+---------+---------+---------+

        * Loop: 
        N/A



================================================================
== Utilization Estimates
================================================================
* Summary: 
+-----------------+---------+------+--------+--------+-----+
|       Name      | BRAM_18K|  DSP |   FF   |   LUT  | URAM|
+-----------------+---------+------+--------+--------+-----+
|DSP              |        -|     -|       -|       -|    -|
|Expression       |        -|     -|       -|       -|    -|
|FIFO             |        7|     -|     489|     189|    -|
|Instance         |        -|     3|     323|     868|    -|
|Memory           |        -|     -|       -|       -|    -|
|Multiplexer      |        -|     -|       -|       -|    -|
|Register         |        -|     -|       -|       -|    -|
+-----------------+---------+------+--------+--------+-----+
|Total            |        7|     3|     812|    1057|    0|
+-----------------+---------+------+--------+--------+-----+
|Available        |      288|  1248|  234240|  117120|   64|
+-----------------+---------+------+--------+--------+-----+
|Utilization (%)  |        2|  ~0  |   ~0   |   ~0   |    0|
+-----------------+---------+------+--------+--------+-----+

+ Detail: 
    * Instance: 
    +----------------------------+-------------------------+---------+----+-----+-----+-----+
    |          Instance          |          Module         | BRAM_18K| DSP|  FF | LUT | URAM|
    +----------------------------+-------------------------+---------+----+-----+-----+-----+
    |Loop_loop_height_proc35_U0  |Loop_loop_height_proc35  |        0|   0|   46|  203|    0|
    |Loop_loop_height_proc4_U0   |Loop_loop_height_proc4   |        0|   0|  126|  350|    0|
    |xfgray2rgb_1080_1920_U0     |xfgray2rgb_1080_1920_s   |        0|   0|   29|  139|    0|
    |xfrgb2gray_1080_1920_U0     |xfrgb2gray_1080_1920_s   |        0|   3|  122|  176|    0|
    +----------------------------+-------------------------+---------+----+-----+-----+-----+
    |Total                       |                         |        0|   3|  323|  868|    0|
    +----------------------------+-------------------------+---------+----+-----+-----+-----+

    * DSP: 
    N/A

    * Memory: 
    N/A

    * FIFO: 
    +---------------------+---------+-----+----+-----+------+-----+---------+
    |         Name        | BRAM_18K|  FF | LUT| URAM| Depth| Bits| Size:D*B|
    +---------------------+---------+-----+----+-----+------+-----+---------+
    |img_gray_dst_data_U  |        3|  163|   0|    -|  1920|   24|    46080|
    |img_gray_src_data_U  |        1|  163|   0|    -|  1920|    8|    15360|
    |img_rgb_src_data_U   |        3|  163|   0|    -|  1920|   24|    46080|
    +---------------------+---------+-----+----+-----+------+-----+---------+
    |Total                |        7|  489|   0|    0|  5760|   56|   107520|
    +---------------------+---------+-----+----+-----+------+-----+---------+

    * Expression: 
    N/A

    * Multiplexer: 
    N/A

    * Register: 
    N/A



================================================================
== Interface
================================================================
* Summary: 
+------------------+-----+-----+--------------+--------------------+--------------+
|     RTL Ports    | Dir | Bits|   Protocol   |    Source Object   |    C Type    |
+------------------+-----+-----+--------------+--------------------+--------------+
|video_in_TDATA    |  in |   24|     axis     |  video_in_V_data_V |    pointer   |
|video_in_TKEEP    |  in |    3|     axis     |  video_in_V_keep_V |    pointer   |
|video_in_TSTRB    |  in |    3|     axis     |  video_in_V_strb_V |    pointer   |
|video_in_TUSER    |  in |    1|     axis     |  video_in_V_user_V |    pointer   |
|video_in_TLAST    |  in |    1|     axis     |  video_in_V_last_V |    pointer   |
|video_in_TID      |  in |    1|     axis     |   video_in_V_id_V  |    pointer   |
|video_in_TDEST    |  in |    1|     axis     |  video_in_V_dest_V |    pointer   |
|video_in_TVALID   |  in |    1|     axis     |  video_in_V_dest_V |    pointer   |
|video_in_TREADY   | out |    1|     axis     |  video_in_V_dest_V |    pointer   |
|video_out_TDATA   | out |   24|     axis     | video_out_V_data_V |    pointer   |
|video_out_TKEEP   | out |    3|     axis     | video_out_V_keep_V |    pointer   |
|video_out_TSTRB   | out |    3|     axis     | video_out_V_strb_V |    pointer   |
|video_out_TUSER   | out |    1|     axis     | video_out_V_user_V |    pointer   |
|video_out_TLAST   | out |    1|     axis     | video_out_V_last_V |    pointer   |
|video_out_TID     | out |    1|     axis     |  video_out_V_id_V  |    pointer   |
|video_out_TDEST   | out |    1|     axis     | video_out_V_dest_V |    pointer   |
|video_out_TVALID  | out |    1|     axis     | video_out_V_dest_V |    pointer   |
|video_out_TREADY  |  in |    1|     axis     | video_out_V_dest_V |    pointer   |
|ap_clk            |  in |    1| ap_ctrl_none |      rgb2gray      | return value |
|ap_rst_n          |  in |    1| ap_ctrl_none |      rgb2gray      | return value |
+------------------+-----+-----+--------------+--------------------+--------------+

