

================================================================
== Vitis HLS Report for 'detectCorner'
================================================================
* Date:           Tue Nov  3 14:37:12 2020

* Version:        2020.1 (Build 2902540 on Wed May 27 20:16:15 MDT 2020)
* Project:        detectCorner
* Solution:       solution1 (Vivado IP Flow Target)
* Product family: zynquplus
* Target device:  xczu3eg-sfvc784-1-i


================================================================
== Performance Estimates
================================================================
+ Timing: 
    * Summary: 
    +--------+----------+----------+------------+
    |  Clock |  Target  | Estimated| Uncertainty|
    +--------+----------+----------+------------+
    |ap_clk  | 10.00 ns | 7.281 ns |   2.70 ns  |
    +--------+----------+----------+------------+

+ Latency: 
    * Summary: 
    +---------+---------+----------+----------+-----+-----+----------+
    |  Latency (cycles) |  Latency (absolute) |  Interval | Pipeline |
    |   min   |   max   |    min   |    max   | min | max |   Type   |
    +---------+---------+----------+----------+-----+-----+----------+
    |        ?|        ?|         ?|         ?|    ?|    ?| dataflow |
    +---------+---------+----------+----------+-----+-----+----------+

    + Detail: 
        * Instance: 
        +--------------------------------------+---------------------------+---------+---------+-----------+-----------+---------+---------+---------+
        |                                      |                           |  Latency (cycles) |   Latency (absolute)  |      Interval     | Pipeline|
        |               Instance               |           Module          |   min   |   max   |    min    |    max    |   min   |   max   |   Type  |
        +--------------------------------------+---------------------------+---------+---------+-----------+-----------+---------+---------+---------+
        |grp_fast_0_0_1080_1920_1_s_fu_134     |fast_0_0_1080_1920_1_s     |  2100875|  2100875| 21.009 ms | 21.009 ms |  2100875|  2100875|   none  |
        |grp_Loop_loop_height_proc1013_fu_143  |Loop_loop_height_proc1013  |        ?|        ?|          ?|          ?|        ?|        ?|   none  |
        |grp_xfrgb2gray_1080_1920_s_fu_165     |xfrgb2gray_1080_1920_s     |  2073607|  2073607| 20.736 ms | 20.736 ms |  2073607|  2073607|   none  |
        |grp_Loop_loop_height_proc911_fu_172   |Loop_loop_height_proc911   |  2077921|  2077921| 20.779 ms | 20.779 ms |  2077921|  2077921|   none  |
        |grp_xfgray2rgb_1080_1920_s_fu_191     |xfgray2rgb_1080_1920_s     |  2073602|  2073602| 20.736 ms | 20.736 ms |  2073602|  2073602|   none  |
        +--------------------------------------+---------------------------+---------+---------+-----------+-----------+---------+---------+---------+

        * Loop: 
        N/A

============================================================
+ Verbose Summary: Synthesis Manager
============================================================
InlineROM: 1
ExposeGlobal: 0
============================================================
+ Verbose Summary: CDFG Model
============================================================
IsTopModel: 1
ResetActiveHigh: 1
IsCombinational: 2
IsDatapathOnly: 0
HasWiredReturn: 1
HasMFsm: 0
HasVarLatency: 1
IsPipeline: 0
IsRtlPipelined: 0
IsInstanceOverlapped: 0
IsDontTouch: 0
HasImplIP: 0
IsGatedGlobalClock: 0


============================================================
+ Verbose Summary: Schedule
============================================================
* Number of FSM states : 12
* Pipeline : 0
* Dataflow Pipeline: 1
  DF-Pipeline-0: Size = 12, States = { 1 2 3 4 5 6 7 8 9 10 11 12 }

* FSM state transitions: 
1 --> 2 
2 --> 3 
3 --> 4 
4 --> 5 
5 --> 6 
6 --> 7 
7 --> 8 
8 --> 9 
9 --> 10 
10 --> 11 
11 --> 12 
12 --> 

* FSM state operations: 

State 1 <SV = 0> <Delay = 0.00>
ST_1 : Operation 13 [2/2] (0.00ns)   --->   "%threshold_read = read i32 @_ssdm_op_Read.ap_vld.i32, i32 %threshold" [source/detectCorner.cpp:80]   --->   Operation 13 'read' 'threshold_read' <Predicate = true> <Delay = 0.00>
ST_1 : Operation 14 [1/1] (0.00ns)   --->   "%threshold_c = alloca i64" [source/detectCorner.cpp:80]   --->   Operation 14 'alloca' 'threshold_c' <Predicate = true> <Delay = 0.00> <CoreInst = "FIFO_SRL">   --->   Core 21 'FIFO_SRL' <Latency = 0> <II = 1> <Delay = 2.16> <Storage> <Opcode : 'read' 'write' 'nbread' 'nbwrite'> <Ports = 0> <Width = 32> <Depth = 3> <FIFO>
ST_1 : Operation 15 [1/1] (0.00ns)   --->   "%img_in_data = alloca i64" [source/detectCorner.cpp:89]   --->   Operation 15 'alloca' 'img_in_data' <Predicate = true> <Delay = 0.00> <CoreInst = "FIFO">   --->   Core 18 'FIFO' <Latency = 0> <II = 1> <Delay = 1.94> <Storage> <Opcode : 'read' 'write' 'nbread' 'nbwrite'> <Ports = 0> <Width = 24> <Depth = 1920> <FIFO>
ST_1 : Operation 16 [1/1] (0.00ns)   --->   "%img_out_data = alloca i64" [source/detectCorner.cpp:91]   --->   Operation 16 'alloca' 'img_out_data' <Predicate = true> <Delay = 0.00> <CoreInst = "FIFO">   --->   Core 18 'FIFO' <Latency = 0> <II = 1> <Delay = 1.94> <Storage> <Opcode : 'read' 'write' 'nbread' 'nbwrite'> <Ports = 0> <Width = 24> <Depth = 1920> <FIFO>
ST_1 : Operation 17 [1/1] (0.00ns)   --->   "%img_rgb_src_data = alloca i64" [source/detectCorner.cpp:93]   --->   Operation 17 'alloca' 'img_rgb_src_data' <Predicate = true> <Delay = 0.00> <CoreInst = "FIFO">   --->   Core 18 'FIFO' <Latency = 0> <II = 1> <Delay = 1.94> <Storage> <Opcode : 'read' 'write' 'nbread' 'nbwrite'> <Ports = 0> <Width = 24> <Depth = 1920> <FIFO>
ST_1 : Operation 18 [1/1] (0.00ns)   --->   "%img_rgb_dst_data = alloca i64" [source/detectCorner.cpp:95]   --->   Operation 18 'alloca' 'img_rgb_dst_data' <Predicate = true> <Delay = 0.00> <CoreInst = "FIFO">   --->   Core 18 'FIFO' <Latency = 0> <II = 1> <Delay = 1.94> <Storage> <Opcode : 'read' 'write' 'nbread' 'nbwrite'> <Ports = 0> <Width = 24> <Depth = 1920> <FIFO>
ST_1 : Operation 19 [1/1] (0.00ns)   --->   "%img_gray_src_data = alloca i64" [source/detectCorner.cpp:97]   --->   Operation 19 'alloca' 'img_gray_src_data' <Predicate = true> <Delay = 0.00> <CoreInst = "FIFO">   --->   Core 18 'FIFO' <Latency = 0> <II = 1> <Delay = 1.94> <Storage> <Opcode : 'read' 'write' 'nbread' 'nbwrite'> <Ports = 0> <Width = 8> <Depth = 1920> <FIFO>
ST_1 : Operation 20 [1/1] (0.00ns)   --->   "%img_gray_dst_data = alloca i64" [source/detectCorner.cpp:99]   --->   Operation 20 'alloca' 'img_gray_dst_data' <Predicate = true> <Delay = 0.00> <CoreInst = "FIFO">   --->   Core 18 'FIFO' <Latency = 0> <II = 1> <Delay = 1.94> <Storage> <Opcode : 'read' 'write' 'nbread' 'nbwrite'> <Ports = 0> <Width = 8> <Depth = 1920> <FIFO>

State 2 <SV = 1> <Delay = 2.16>
ST_2 : Operation 21 [1/2] (0.00ns)   --->   "%threshold_read = read i32 @_ssdm_op_Read.ap_vld.i32, i32 %threshold" [source/detectCorner.cpp:80]   --->   Operation 21 'read' 'threshold_read' <Predicate = true> <Delay = 0.00>
ST_2 : Operation 22 [2/2] (2.16ns)   --->   "%call_ln80 = call void @Loop_loop_height_proc1013, i24 %video_in_V_data_V, i3 %video_in_V_keep_V, i3 %video_in_V_strb_V, i1 %video_in_V_user_V, i1 %video_in_V_last_V, i1 %video_in_V_id_V, i1 %video_in_V_dest_V, i24 %img_in_data, i32 %threshold_read, i32 %threshold_c" [source/detectCorner.cpp:80]   --->   Operation 22 'call' 'call_ln80' <Predicate = true> <Delay = 2.16> <CoreType = "Generic">   --->   Core 0 '' <Latency = 0> <II = 1> <Delay = 1.00> <Generic> <Opcode : >

State 3 <SV = 2> <Delay = 0.00>
ST_3 : Operation 23 [1/2] (0.00ns)   --->   "%call_ln80 = call void @Loop_loop_height_proc1013, i24 %video_in_V_data_V, i3 %video_in_V_keep_V, i3 %video_in_V_strb_V, i1 %video_in_V_user_V, i1 %video_in_V_last_V, i1 %video_in_V_id_V, i1 %video_in_V_dest_V, i24 %img_in_data, i32 %threshold_read, i32 %threshold_c" [source/detectCorner.cpp:80]   --->   Operation 23 'call' 'call_ln80' <Predicate = true> <Delay = 0.00> <CoreType = "Generic">   --->   Core 0 '' <Latency = 0> <II = 1> <Delay = 1.00> <Generic> <Opcode : >

State 4 <SV = 3> <Delay = 0.00>
ST_4 : Operation 24 [2/2] (0.00ns)   --->   "%call_ln113 = call void @xfrgb2gray<1080, 1920>, i24 %img_in_data, i8 %img_gray_src_data, i24 %img_rgb_src_data, void %call_ln80, void %call_ln80" [source/detectCorner.cpp:113]   --->   Operation 24 'call' 'call_ln113' <Predicate = true> <Delay = 0.00> <CoreType = "Generic">   --->   Core 0 '' <Latency = 0> <II = 1> <Delay = 1.00> <Generic> <Opcode : >

State 5 <SV = 4> <Delay = 0.00>
ST_5 : Operation 25 [1/2] (0.00ns)   --->   "%call_ln113 = call void @xfrgb2gray<1080, 1920>, i24 %img_in_data, i8 %img_gray_src_data, i24 %img_rgb_src_data, void %call_ln80, void %call_ln80" [source/detectCorner.cpp:113]   --->   Operation 25 'call' 'call_ln113' <Predicate = true> <Delay = 0.00> <CoreType = "Generic">   --->   Core 0 '' <Latency = 0> <II = 1> <Delay = 1.00> <Generic> <Opcode : >

State 6 <SV = 5> <Delay = 0.00>
ST_6 : Operation 26 [2/2] (0.00ns)   --->   "%call_ln114 = call void @fast<0, 0, 1080, 1920, 1>, i8 %img_gray_src_data, i24 %img_rgb_src_data, i8 %img_gray_dst_data, i24 %img_rgb_dst_data, i32 %threshold_c, void %call_ln113, void %call_ln113" [source/detectCorner.cpp:114]   --->   Operation 26 'call' 'call_ln114' <Predicate = true> <Delay = 0.00> <CoreType = "Generic">   --->   Core 0 '' <Latency = 0> <II = 1> <Delay = 1.00> <Generic> <Opcode : >

State 7 <SV = 6> <Delay = 0.00>
ST_7 : Operation 27 [1/2] (0.00ns)   --->   "%call_ln114 = call void @fast<0, 0, 1080, 1920, 1>, i8 %img_gray_src_data, i24 %img_rgb_src_data, i8 %img_gray_dst_data, i24 %img_rgb_dst_data, i32 %threshold_c, void %call_ln113, void %call_ln113" [source/detectCorner.cpp:114]   --->   Operation 27 'call' 'call_ln114' <Predicate = true> <Delay = 0.00> <CoreType = "Generic">   --->   Core 0 '' <Latency = 0> <II = 1> <Delay = 1.00> <Generic> <Opcode : >

State 8 <SV = 7> <Delay = 0.00>
ST_8 : Operation 28 [2/2] (0.00ns)   --->   "%call_ln118 = call void @xfgray2rgb<1080, 1920>, i8 %img_gray_dst_data, i24 %img_rgb_dst_data, i24 %img_out_data, void %call_ln114, void %call_ln114" [source/detectCorner.cpp:118]   --->   Operation 28 'call' 'call_ln118' <Predicate = true> <Delay = 0.00> <CoreType = "Generic">   --->   Core 0 '' <Latency = 0> <II = 1> <Delay = 1.00> <Generic> <Opcode : >

State 9 <SV = 8> <Delay = 0.00>
ST_9 : Operation 29 [1/2] (0.00ns)   --->   "%call_ln118 = call void @xfgray2rgb<1080, 1920>, i8 %img_gray_dst_data, i24 %img_rgb_dst_data, i24 %img_out_data, void %call_ln114, void %call_ln114" [source/detectCorner.cpp:118]   --->   Operation 29 'call' 'call_ln118' <Predicate = true> <Delay = 0.00> <CoreType = "Generic">   --->   Core 0 '' <Latency = 0> <II = 1> <Delay = 1.00> <Generic> <Opcode : >

State 10 <SV = 9> <Delay = 0.00>
ST_10 : Operation 30 [2/2] (0.00ns)   --->   "%call_ln0 = call void @Loop_loop_height_proc911, i24 %img_out_data, i24 %video_out_V_data_V, i3 %video_out_V_keep_V, i3 %video_out_V_strb_V, i1 %video_out_V_user_V, i1 %video_out_V_last_V, i1 %video_out_V_id_V, i1 %video_out_V_dest_V, void %call_ln118, void %call_ln118"   --->   Operation 30 'call' 'call_ln0' <Predicate = true> <Delay = 0.00> <CoreType = "Generic">   --->   Core 0 '' <Latency = 0> <II = 1> <Delay = 1.00> <Generic> <Opcode : >

State 11 <SV = 10> <Delay = 0.00>
ST_11 : Operation 31 [1/2] (0.00ns)   --->   "%call_ln0 = call void @Loop_loop_height_proc911, i24 %img_out_data, i24 %video_out_V_data_V, i3 %video_out_V_keep_V, i3 %video_out_V_strb_V, i1 %video_out_V_user_V, i1 %video_out_V_last_V, i1 %video_out_V_id_V, i1 %video_out_V_dest_V, void %call_ln118, void %call_ln118"   --->   Operation 31 'call' 'call_ln0' <Predicate = true> <Delay = 0.00> <CoreType = "Generic">   --->   Core 0 '' <Latency = 0> <II = 1> <Delay = 1.00> <Generic> <Opcode : >

State 12 <SV = 11> <Delay = 0.00>
ST_12 : Operation 32 [1/1] (0.00ns)   --->   "%specdataflowpipeline_ln0 = specdataflowpipeline void @_ssdm_op_SpecDataflowPipeline, i32, i32, void @empty_3"   --->   Operation 32 'specdataflowpipeline' 'specdataflowpipeline_ln0' <Predicate = true> <Delay = 0.00>
ST_12 : Operation 33 [1/1] (0.00ns)   --->   "%spectopmodule_ln0 = spectopmodule void @_ssdm_op_SpecTopModule, void @empty_6"   --->   Operation 33 'spectopmodule' 'spectopmodule_ln0' <Predicate = true> <Delay = 0.00>
ST_12 : Operation 34 [1/1] (0.00ns)   --->   "%specinterface_ln0 = specinterface void @_ssdm_op_SpecInterface, i32, void @empty_7, i32, i32, void @empty_3, i32, i32, void @empty_3, void @empty_3, void @empty_3, i32, i32, i32, i32, void @empty_3, void @empty_3"   --->   Operation 34 'specinterface' 'specinterface_ln0' <Predicate = true> <Delay = 0.00>
ST_12 : Operation 35 [1/1] (0.00ns)   --->   "%specinterface_ln0 = specinterface void @_ssdm_op_SpecInterface, i24 %video_in_V_data_V, i3 %video_in_V_keep_V, i3 %video_in_V_strb_V, i1 %video_in_V_user_V, i1 %video_in_V_last_V, i1 %video_in_V_id_V, i1 %video_in_V_dest_V, void @empty_1, i32, i32, void @empty_2, i32, i32, void @empty_3, void @empty_3, void @empty_3, i32, i32, i32, i32, void @empty_3, void @empty_3"   --->   Operation 35 'specinterface' 'specinterface_ln0' <Predicate = true> <Delay = 0.00>
ST_12 : Operation 36 [1/1] (0.00ns)   --->   "%specbitsmap_ln0 = specbitsmap void @_ssdm_op_SpecBitsMap, i24 %video_in_V_data_V"   --->   Operation 36 'specbitsmap' 'specbitsmap_ln0' <Predicate = true> <Delay = 0.00>
ST_12 : Operation 37 [1/1] (0.00ns)   --->   "%specbitsmap_ln0 = specbitsmap void @_ssdm_op_SpecBitsMap, i3 %video_in_V_keep_V"   --->   Operation 37 'specbitsmap' 'specbitsmap_ln0' <Predicate = true> <Delay = 0.00>
ST_12 : Operation 38 [1/1] (0.00ns)   --->   "%specbitsmap_ln0 = specbitsmap void @_ssdm_op_SpecBitsMap, i3 %video_in_V_strb_V"   --->   Operation 38 'specbitsmap' 'specbitsmap_ln0' <Predicate = true> <Delay = 0.00>
ST_12 : Operation 39 [1/1] (0.00ns)   --->   "%specbitsmap_ln0 = specbitsmap void @_ssdm_op_SpecBitsMap, i1 %video_in_V_user_V"   --->   Operation 39 'specbitsmap' 'specbitsmap_ln0' <Predicate = true> <Delay = 0.00>
ST_12 : Operation 40 [1/1] (0.00ns)   --->   "%specbitsmap_ln0 = specbitsmap void @_ssdm_op_SpecBitsMap, i1 %video_in_V_last_V"   --->   Operation 40 'specbitsmap' 'specbitsmap_ln0' <Predicate = true> <Delay = 0.00>
ST_12 : Operation 41 [1/1] (0.00ns)   --->   "%specbitsmap_ln0 = specbitsmap void @_ssdm_op_SpecBitsMap, i1 %video_in_V_id_V"   --->   Operation 41 'specbitsmap' 'specbitsmap_ln0' <Predicate = true> <Delay = 0.00>
ST_12 : Operation 42 [1/1] (0.00ns)   --->   "%specbitsmap_ln0 = specbitsmap void @_ssdm_op_SpecBitsMap, i1 %video_in_V_dest_V"   --->   Operation 42 'specbitsmap' 'specbitsmap_ln0' <Predicate = true> <Delay = 0.00>
ST_12 : Operation 43 [1/1] (0.00ns)   --->   "%specinterface_ln0 = specinterface void @_ssdm_op_SpecInterface, i24 %video_out_V_data_V, i3 %video_out_V_keep_V, i3 %video_out_V_strb_V, i1 %video_out_V_user_V, i1 %video_out_V_last_V, i1 %video_out_V_id_V, i1 %video_out_V_dest_V, void @empty_1, i32, i32, void @empty_2, i32, i32, void @empty_3, void @empty_3, void @empty_3, i32, i32, i32, i32, void @empty_3, void @empty_3"   --->   Operation 43 'specinterface' 'specinterface_ln0' <Predicate = true> <Delay = 0.00>
ST_12 : Operation 44 [1/1] (0.00ns)   --->   "%specbitsmap_ln0 = specbitsmap void @_ssdm_op_SpecBitsMap, i24 %video_out_V_data_V"   --->   Operation 44 'specbitsmap' 'specbitsmap_ln0' <Predicate = true> <Delay = 0.00>
ST_12 : Operation 45 [1/1] (0.00ns)   --->   "%specbitsmap_ln0 = specbitsmap void @_ssdm_op_SpecBitsMap, i3 %video_out_V_keep_V"   --->   Operation 45 'specbitsmap' 'specbitsmap_ln0' <Predicate = true> <Delay = 0.00>
ST_12 : Operation 46 [1/1] (0.00ns)   --->   "%specbitsmap_ln0 = specbitsmap void @_ssdm_op_SpecBitsMap, i3 %video_out_V_strb_V"   --->   Operation 46 'specbitsmap' 'specbitsmap_ln0' <Predicate = true> <Delay = 0.00>
ST_12 : Operation 47 [1/1] (0.00ns)   --->   "%specbitsmap_ln0 = specbitsmap void @_ssdm_op_SpecBitsMap, i1 %video_out_V_user_V"   --->   Operation 47 'specbitsmap' 'specbitsmap_ln0' <Predicate = true> <Delay = 0.00>
ST_12 : Operation 48 [1/1] (0.00ns)   --->   "%specbitsmap_ln0 = specbitsmap void @_ssdm_op_SpecBitsMap, i1 %video_out_V_last_V"   --->   Operation 48 'specbitsmap' 'specbitsmap_ln0' <Predicate = true> <Delay = 0.00>
ST_12 : Operation 49 [1/1] (0.00ns)   --->   "%specbitsmap_ln0 = specbitsmap void @_ssdm_op_SpecBitsMap, i1 %video_out_V_id_V"   --->   Operation 49 'specbitsmap' 'specbitsmap_ln0' <Predicate = true> <Delay = 0.00>
ST_12 : Operation 50 [1/1] (0.00ns)   --->   "%specbitsmap_ln0 = specbitsmap void @_ssdm_op_SpecBitsMap, i1 %video_out_V_dest_V"   --->   Operation 50 'specbitsmap' 'specbitsmap_ln0' <Predicate = true> <Delay = 0.00>
ST_12 : Operation 51 [1/1] (0.00ns)   --->   "%specbitsmap_ln0 = specbitsmap void @_ssdm_op_SpecBitsMap, i32 %threshold"   --->   Operation 51 'specbitsmap' 'specbitsmap_ln0' <Predicate = true> <Delay = 0.00>
ST_12 : Operation 52 [1/1] (0.00ns)   --->   "%specinterface_ln0 = specinterface void @_ssdm_op_SpecInterface, i32 %threshold, void @empty_4, i32, i32, void @empty_2, i32, i32, void @empty_3, void @empty_3, void @empty_3, i32, i32, i32, i32, void @empty_3, void @empty_3"   --->   Operation 52 'specinterface' 'specinterface_ln0' <Predicate = true> <Delay = 0.00>
ST_12 : Operation 53 [1/1] (0.00ns)   --->   "%empty = specchannel i32 @_ssdm_op_SpecChannel, void @img_in_OC_data_str, i32, void @p_str, void @p_str, i32, i32, i24 %img_in_data, i24 %img_in_data"   --->   Operation 53 'specchannel' 'empty' <Predicate = true> <Delay = 0.00>
ST_12 : Operation 54 [1/1] (0.00ns)   --->   "%specinterface_ln0 = specinterface void @_ssdm_op_SpecInterface, i24 %img_in_data, void @empty_5, i32, i32, void @empty_3, i32, i32, void @empty_3, void @empty_3, void @empty_3, i32, i32, i32, i32, void @empty_3, void @empty_3"   --->   Operation 54 'specinterface' 'specinterface_ln0' <Predicate = true> <Delay = 0.00>
ST_12 : Operation 55 [1/1] (0.00ns)   --->   "%empty_34 = specchannel i32 @_ssdm_op_SpecChannel, void @img_out_OC_data_str, i32, void @p_str, void @p_str, i32, i32, i24 %img_out_data, i24 %img_out_data"   --->   Operation 55 'specchannel' 'empty_34' <Predicate = true> <Delay = 0.00>
ST_12 : Operation 56 [1/1] (0.00ns)   --->   "%specinterface_ln0 = specinterface void @_ssdm_op_SpecInterface, i24 %img_out_data, void @empty_5, i32, i32, void @empty_3, i32, i32, void @empty_3, void @empty_3, void @empty_3, i32, i32, i32, i32, void @empty_3, void @empty_3"   --->   Operation 56 'specinterface' 'specinterface_ln0' <Predicate = true> <Delay = 0.00>
ST_12 : Operation 57 [1/1] (0.00ns)   --->   "%empty_35 = specchannel i32 @_ssdm_op_SpecChannel, void @img_rgb_src_OC_data_str, i32, void @p_str, void @p_str, i32, i32, i24 %img_rgb_src_data, i24 %img_rgb_src_data"   --->   Operation 57 'specchannel' 'empty_35' <Predicate = true> <Delay = 0.00>
ST_12 : Operation 58 [1/1] (0.00ns)   --->   "%specinterface_ln0 = specinterface void @_ssdm_op_SpecInterface, i24 %img_rgb_src_data, void @empty_5, i32, i32, void @empty_3, i32, i32, void @empty_3, void @empty_3, void @empty_3, i32, i32, i32, i32, void @empty_3, void @empty_3"   --->   Operation 58 'specinterface' 'specinterface_ln0' <Predicate = true> <Delay = 0.00>
ST_12 : Operation 59 [1/1] (0.00ns)   --->   "%empty_36 = specchannel i32 @_ssdm_op_SpecChannel, void @img_rgb_dst_OC_data_str, i32, void @p_str, void @p_str, i32, i32, i24 %img_rgb_dst_data, i24 %img_rgb_dst_data"   --->   Operation 59 'specchannel' 'empty_36' <Predicate = true> <Delay = 0.00>
ST_12 : Operation 60 [1/1] (0.00ns)   --->   "%specinterface_ln0 = specinterface void @_ssdm_op_SpecInterface, i24 %img_rgb_dst_data, void @empty_5, i32, i32, void @empty_3, i32, i32, void @empty_3, void @empty_3, void @empty_3, i32, i32, i32, i32, void @empty_3, void @empty_3"   --->   Operation 60 'specinterface' 'specinterface_ln0' <Predicate = true> <Delay = 0.00>
ST_12 : Operation 61 [1/1] (0.00ns)   --->   "%empty_37 = specchannel i32 @_ssdm_op_SpecChannel, void @img_gray_src_OC_data_str, i32, void @p_str, void @p_str, i32, i32, i8 %img_gray_src_data, i8 %img_gray_src_data"   --->   Operation 61 'specchannel' 'empty_37' <Predicate = true> <Delay = 0.00>
ST_12 : Operation 62 [1/1] (0.00ns)   --->   "%specinterface_ln0 = specinterface void @_ssdm_op_SpecInterface, i8 %img_gray_src_data, void @empty_5, i32, i32, void @empty_3, i32, i32, void @empty_3, void @empty_3, void @empty_3, i32, i32, i32, i32, void @empty_3, void @empty_3"   --->   Operation 62 'specinterface' 'specinterface_ln0' <Predicate = true> <Delay = 0.00>
ST_12 : Operation 63 [1/1] (0.00ns)   --->   "%empty_38 = specchannel i32 @_ssdm_op_SpecChannel, void @img_gray_dst_OC_data_str, i32, void @p_str, void @p_str, i32, i32, i8 %img_gray_dst_data, i8 %img_gray_dst_data"   --->   Operation 63 'specchannel' 'empty_38' <Predicate = true> <Delay = 0.00>
ST_12 : Operation 64 [1/1] (0.00ns)   --->   "%specinterface_ln0 = specinterface void @_ssdm_op_SpecInterface, i8 %img_gray_dst_data, void @empty_5, i32, i32, void @empty_3, i32, i32, void @empty_3, void @empty_3, void @empty_3, i32, i32, i32, i32, void @empty_3, void @empty_3"   --->   Operation 64 'specinterface' 'specinterface_ln0' <Predicate = true> <Delay = 0.00>
ST_12 : Operation 65 [1/1] (0.00ns)   --->   "%empty_39 = specchannel i32 @_ssdm_op_SpecChannel, void @threshold_c_str, i32, void @p_str, void @p_str, i32, i32, i32 %threshold_c, i32 %threshold_c" [source/detectCorner.cpp:80]   --->   Operation 65 'specchannel' 'empty_39' <Predicate = true> <Delay = 0.00>
ST_12 : Operation 66 [1/1] (0.00ns)   --->   "%specinterface_ln80 = specinterface void @_ssdm_op_SpecInterface, i32 %threshold_c, void @ap_fifo_str, i32, i32, void @p_str, i32, i32, void @p_str, void @p_str, void @p_str, i32, i32, i32, i32, void @p_str, void @p_str" [source/detectCorner.cpp:80]   --->   Operation 66 'specinterface' 'specinterface_ln80' <Predicate = true> <Delay = 0.00>
ST_12 : Operation 67 [1/1] (0.00ns)   --->   "%ret_ln120 = ret" [source/detectCorner.cpp:120]   --->   Operation 67 'ret' 'ret_ln120' <Predicate = true> <Delay = 0.00>


============================================================
+ Verbose Summary: Binding
============================================================
STG Binding: 
---------------- STG Properties BEGIN ----------------
- Is combinational: 0
- Is one-state seq: 0
- Is datapath-only: 0
- Is pipelined: 0
- Is top level: 1
Port [ Return ] is wired: 1; IO mode=ap_ctrl_none:ce=0
Port [ video_in_V_data_V]:  wired=1; compound=1; hidden=0; nouse=0; global=0; static=0; extern=0; dir=0; type=0; pingpong=0; private_global=0; IO mode=axis:ce=0
Port [ video_in_V_keep_V]:  wired=1; compound=1; hidden=0; nouse=0; global=0; static=0; extern=0; dir=0; type=0; pingpong=0; private_global=0; IO mode=axis:ce=0
Port [ video_in_V_strb_V]:  wired=1; compound=1; hidden=0; nouse=0; global=0; static=0; extern=0; dir=0; type=0; pingpong=0; private_global=0; IO mode=axis:ce=0
Port [ video_in_V_user_V]:  wired=1; compound=1; hidden=0; nouse=0; global=0; static=0; extern=0; dir=0; type=0; pingpong=0; private_global=0; IO mode=axis:ce=0
Port [ video_in_V_last_V]:  wired=1; compound=1; hidden=0; nouse=0; global=0; static=0; extern=0; dir=0; type=0; pingpong=0; private_global=0; IO mode=axis:ce=0
Port [ video_in_V_id_V]:  wired=1; compound=1; hidden=0; nouse=0; global=0; static=0; extern=0; dir=0; type=0; pingpong=0; private_global=0; IO mode=axis:ce=0
Port [ video_in_V_dest_V]:  wired=1; compound=1; hidden=0; nouse=0; global=0; static=0; extern=0; dir=0; type=0; pingpong=0; private_global=0; IO mode=axis:ce=0
Port [ video_out_V_data_V]:  wired=1; compound=1; hidden=0; nouse=0; global=0; static=0; extern=0; dir=1; type=0; pingpong=0; private_global=0; IO mode=axis:ce=0
Port [ video_out_V_keep_V]:  wired=1; compound=1; hidden=0; nouse=0; global=0; static=0; extern=0; dir=1; type=0; pingpong=0; private_global=0; IO mode=axis:ce=0
Port [ video_out_V_strb_V]:  wired=1; compound=1; hidden=0; nouse=0; global=0; static=0; extern=0; dir=1; type=0; pingpong=0; private_global=0; IO mode=axis:ce=0
Port [ video_out_V_user_V]:  wired=1; compound=1; hidden=0; nouse=0; global=0; static=0; extern=0; dir=1; type=0; pingpong=0; private_global=0; IO mode=axis:ce=0
Port [ video_out_V_last_V]:  wired=1; compound=1; hidden=0; nouse=0; global=0; static=0; extern=0; dir=1; type=0; pingpong=0; private_global=0; IO mode=axis:ce=0
Port [ video_out_V_id_V]:  wired=1; compound=1; hidden=0; nouse=0; global=0; static=0; extern=0; dir=1; type=0; pingpong=0; private_global=0; IO mode=axis:ce=0
Port [ video_out_V_dest_V]:  wired=1; compound=1; hidden=0; nouse=0; global=0; static=0; extern=0; dir=1; type=0; pingpong=0; private_global=0; IO mode=axis:ce=0
Port [ threshold]:  wired=1; compound=0; hidden=0; nouse=0; global=0; static=0; extern=0; dir=0; type=0; pingpong=0; private_global=0; IO mode=ap_vld:ce=0
---------------- STG Properties END ------------------

---------------- Datapath Model BEGIN ----------------

<LifeTime>
<method=bitvector/>
threshold_c              (alloca              ) [ 0011111111111]
img_in_data              (alloca              ) [ 0011111111111]
img_out_data             (alloca              ) [ 0011111111111]
img_rgb_src_data         (alloca              ) [ 0011111111111]
img_rgb_dst_data         (alloca              ) [ 0011111111111]
img_gray_src_data        (alloca              ) [ 0011111111111]
img_gray_dst_data        (alloca              ) [ 0011111111111]
threshold_read           (read                ) [ 0001000000000]
call_ln80                (call                ) [ 0000000000000]
call_ln113               (call                ) [ 0000000000000]
call_ln114               (call                ) [ 0000000000000]
call_ln118               (call                ) [ 0000000000000]
call_ln0                 (call                ) [ 0000000000000]
specdataflowpipeline_ln0 (specdataflowpipeline) [ 0000000000000]
spectopmodule_ln0        (spectopmodule       ) [ 0000000000000]
specinterface_ln0        (specinterface       ) [ 0000000000000]
specinterface_ln0        (specinterface       ) [ 0000000000000]
specbitsmap_ln0          (specbitsmap         ) [ 0000000000000]
specbitsmap_ln0          (specbitsmap         ) [ 0000000000000]
specbitsmap_ln0          (specbitsmap         ) [ 0000000000000]
specbitsmap_ln0          (specbitsmap         ) [ 0000000000000]
specbitsmap_ln0          (specbitsmap         ) [ 0000000000000]
specbitsmap_ln0          (specbitsmap         ) [ 0000000000000]
specbitsmap_ln0          (specbitsmap         ) [ 0000000000000]
specinterface_ln0        (specinterface       ) [ 0000000000000]
specbitsmap_ln0          (specbitsmap         ) [ 0000000000000]
specbitsmap_ln0          (specbitsmap         ) [ 0000000000000]
specbitsmap_ln0          (specbitsmap         ) [ 0000000000000]
specbitsmap_ln0          (specbitsmap         ) [ 0000000000000]
specbitsmap_ln0          (specbitsmap         ) [ 0000000000000]
specbitsmap_ln0          (specbitsmap         ) [ 0000000000000]
specbitsmap_ln0          (specbitsmap         ) [ 0000000000000]
specbitsmap_ln0          (specbitsmap         ) [ 0000000000000]
specinterface_ln0        (specinterface       ) [ 0000000000000]
empty                    (specchannel         ) [ 0000000000000]
specinterface_ln0        (specinterface       ) [ 0000000000000]
empty_34                 (specchannel         ) [ 0000000000000]
specinterface_ln0        (specinterface       ) [ 0000000000000]
empty_35                 (specchannel         ) [ 0000000000000]
specinterface_ln0        (specinterface       ) [ 0000000000000]
empty_36                 (specchannel         ) [ 0000000000000]
specinterface_ln0        (specinterface       ) [ 0000000000000]
empty_37                 (specchannel         ) [ 0000000000000]
specinterface_ln0        (specinterface       ) [ 0000000000000]
empty_38                 (specchannel         ) [ 0000000000000]
specinterface_ln0        (specinterface       ) [ 0000000000000]
empty_39                 (specchannel         ) [ 0000000000000]
specinterface_ln80       (specinterface       ) [ 0000000000000]
ret_ln120                (ret                 ) [ 0000000000000]
</LifeTime>

<model>

<comp_list>
<comp id="0" class="1000" name="video_in_V_data_V">
<pin_list>
<pin id="1" dir="1" index="0" bw="1" slack="0"/>
</pin_list>
<bind>
<StgValue><ssdm name="video_in_V_data_V"/></StgValue>
</bind>
</comp>

<comp id="2" class="1000" name="video_in_V_keep_V">
<pin_list>
<pin id="3" dir="1" index="0" bw="1" slack="0"/>
</pin_list>
<bind>
<StgValue><ssdm name="video_in_V_keep_V"/></StgValue>
</bind>
</comp>

<comp id="4" class="1000" name="video_in_V_strb_V">
<pin_list>
<pin id="5" dir="1" index="0" bw="1" slack="0"/>
</pin_list>
<bind>
<StgValue><ssdm name="video_in_V_strb_V"/></StgValue>
</bind>
</comp>

<comp id="6" class="1000" name="video_in_V_user_V">
<pin_list>
<pin id="7" dir="1" index="0" bw="1" slack="0"/>
</pin_list>
<bind>
<StgValue><ssdm name="video_in_V_user_V"/></StgValue>
</bind>
</comp>

<comp id="8" class="1000" name="video_in_V_last_V">
<pin_list>
<pin id="9" dir="1" index="0" bw="1" slack="0"/>
</pin_list>
<bind>
<StgValue><ssdm name="video_in_V_last_V"/></StgValue>
</bind>
</comp>

<comp id="10" class="1000" name="video_in_V_id_V">
<pin_list>
<pin id="11" dir="1" index="0" bw="1" slack="0"/>
</pin_list>
<bind>
<StgValue><ssdm name="video_in_V_id_V"/></StgValue>
</bind>
</comp>

<comp id="12" class="1000" name="video_in_V_dest_V">
<pin_list>
<pin id="13" dir="1" index="0" bw="1" slack="0"/>
</pin_list>
<bind>
<StgValue><ssdm name="video_in_V_dest_V"/></StgValue>
</bind>
</comp>

<comp id="14" class="1000" name="video_out_V_data_V">
<pin_list>
<pin id="15" dir="1" index="0" bw="1" slack="0"/>
</pin_list>
<bind>
<StgValue><ssdm name="video_out_V_data_V"/></StgValue>
</bind>
</comp>

<comp id="16" class="1000" name="video_out_V_keep_V">
<pin_list>
<pin id="17" dir="1" index="0" bw="1" slack="0"/>
</pin_list>
<bind>
<StgValue><ssdm name="video_out_V_keep_V"/></StgValue>
</bind>
</comp>

<comp id="18" class="1000" name="video_out_V_strb_V">
<pin_list>
<pin id="19" dir="1" index="0" bw="1" slack="0"/>
</pin_list>
<bind>
<StgValue><ssdm name="video_out_V_strb_V"/></StgValue>
</bind>
</comp>

<comp id="20" class="1000" name="video_out_V_user_V">
<pin_list>
<pin id="21" dir="1" index="0" bw="1" slack="0"/>
</pin_list>
<bind>
<StgValue><ssdm name="video_out_V_user_V"/></StgValue>
</bind>
</comp>

<comp id="22" class="1000" name="video_out_V_last_V">
<pin_list>
<pin id="23" dir="1" index="0" bw="1" slack="0"/>
</pin_list>
<bind>
<StgValue><ssdm name="video_out_V_last_V"/></StgValue>
</bind>
</comp>

<comp id="24" class="1000" name="video_out_V_id_V">
<pin_list>
<pin id="25" dir="1" index="0" bw="1" slack="0"/>
</pin_list>
<bind>
<StgValue><ssdm name="video_out_V_id_V"/></StgValue>
</bind>
</comp>

<comp id="26" class="1000" name="video_out_V_dest_V">
<pin_list>
<pin id="27" dir="1" index="0" bw="1" slack="0"/>
</pin_list>
<bind>
<StgValue><ssdm name="video_out_V_dest_V"/></StgValue>
</bind>
</comp>

<comp id="28" class="1000" name="threshold">
<pin_list>
<pin id="29" dir="1" index="0" bw="1" slack="0"/>
</pin_list>
<bind>
<StgValue><ssdm name="threshold"/></StgValue>
</bind>
</comp>

<comp id="30" class="1001" name="const_30">
<pin_list>
<pin id="31" dir="1" index="0" bw="1" slack="0"/>
</pin_list>
<bind>
<StgValue><ssdm name="_ssdm_op_Read.ap_vld.i32"/></StgValue>
</bind>
</comp>

<comp id="32" class="1001" name="const_32">
<pin_list>
<pin id="33" dir="1" index="0" bw="1" slack="0"/>
</pin_list>
<bind>
<StgValue><ssdm name=""/></StgValue>
</bind>
</comp>

<comp id="34" class="1001" name="const_34">
<pin_list>
<pin id="35" dir="1" index="0" bw="1" slack="0"/>
</pin_list>
<bind>
<StgValue><ssdm name="Loop_loop_height_proc1013"/></StgValue>
</bind>
</comp>

<comp id="36" class="1001" name="const_36">
<pin_list>
<pin id="37" dir="1" index="0" bw="1" slack="0"/>
</pin_list>
<bind>
<StgValue><ssdm name="xfrgb2gray<1080, 1920>"/></StgValue>
</bind>
</comp>

<comp id="38" class="1001" name="const_38">
<pin_list>
<pin id="39" dir="1" index="0" bw="1" slack="0"/>
</pin_list>
<bind>
<StgValue><ssdm name="fast<0, 0, 1080, 1920, 1>"/></StgValue>
</bind>
</comp>

<comp id="40" class="1001" name="const_40">
<pin_list>
<pin id="41" dir="1" index="0" bw="1" slack="0"/>
</pin_list>
<bind>
<StgValue><ssdm name="xfgray2rgb<1080, 1920>"/></StgValue>
</bind>
</comp>

<comp id="42" class="1001" name="const_42">
<pin_list>
<pin id="43" dir="1" index="0" bw="1" slack="0"/>
</pin_list>
<bind>
<StgValue><ssdm name="Loop_loop_height_proc911"/></StgValue>
</bind>
</comp>

<comp id="44" class="1001" name="const_44">
<pin_list>
<pin id="45" dir="1" index="0" bw="1" slack="2147483647"/>
</pin_list>
<bind>
<StgValue><ssdm name="_ssdm_op_SpecDataflowPipeline"/></StgValue>
</bind>
</comp>

<comp id="46" class="1001" name="const_46">
<pin_list>
<pin id="47" dir="1" index="0" bw="1" slack="2147483647"/>
</pin_list>
<bind>
<StgValue><ssdm name=""/></StgValue>
</bind>
</comp>

<comp id="48" class="1001" name="const_48">
<pin_list>
<pin id="49" dir="1" index="0" bw="1" slack="2147483647"/>
</pin_list>
<bind>
<StgValue><ssdm name=""/></StgValue>
</bind>
</comp>

<comp id="50" class="1001" name="const_50">
<pin_list>
<pin id="51" dir="1" index="0" bw="1" slack="2147483647"/>
</pin_list>
<bind>
<StgValue><ssdm name="empty_3"/></StgValue>
</bind>
</comp>

<comp id="52" class="1001" name="const_52">
<pin_list>
<pin id="53" dir="1" index="0" bw="1" slack="2147483647"/>
</pin_list>
<bind>
<StgValue><ssdm name="_ssdm_op_SpecTopModule"/></StgValue>
</bind>
</comp>

<comp id="54" class="1001" name="const_54">
<pin_list>
<pin id="55" dir="1" index="0" bw="1" slack="2147483647"/>
</pin_list>
<bind>
<StgValue><ssdm name="empty_6"/></StgValue>
</bind>
</comp>

<comp id="56" class="1001" name="const_56">
<pin_list>
<pin id="57" dir="1" index="0" bw="1" slack="2147483647"/>
</pin_list>
<bind>
<StgValue><ssdm name="_ssdm_op_SpecInterface"/></StgValue>
</bind>
</comp>

<comp id="58" class="1001" name="const_58">
<pin_list>
<pin id="59" dir="1" index="0" bw="1" slack="2147483647"/>
</pin_list>
<bind>
<StgValue><ssdm name="empty_7"/></StgValue>
</bind>
</comp>

<comp id="60" class="1001" name="const_60">
<pin_list>
<pin id="61" dir="1" index="0" bw="1" slack="2147483647"/>
</pin_list>
<bind>
<StgValue><ssdm name="empty_1"/></StgValue>
</bind>
</comp>

<comp id="62" class="1001" name="const_62">
<pin_list>
<pin id="63" dir="1" index="0" bw="1" slack="2147483647"/>
</pin_list>
<bind>
<StgValue><ssdm name=""/></StgValue>
</bind>
</comp>

<comp id="64" class="1001" name="const_64">
<pin_list>
<pin id="65" dir="1" index="0" bw="1" slack="2147483647"/>
</pin_list>
<bind>
<StgValue><ssdm name="empty_2"/></StgValue>
</bind>
</comp>

<comp id="66" class="1001" name="const_66">
<pin_list>
<pin id="67" dir="1" index="0" bw="1" slack="2147483647"/>
</pin_list>
<bind>
<StgValue><ssdm name="_ssdm_op_SpecBitsMap"/></StgValue>
</bind>
</comp>

<comp id="68" class="1001" name="const_68">
<pin_list>
<pin id="69" dir="1" index="0" bw="1" slack="2147483647"/>
</pin_list>
<bind>
<StgValue><ssdm name="empty_4"/></StgValue>
</bind>
</comp>

<comp id="70" class="1001" name="const_70">
<pin_list>
<pin id="71" dir="1" index="0" bw="1" slack="2147483647"/>
</pin_list>
<bind>
<StgValue><ssdm name="_ssdm_op_SpecChannel"/></StgValue>
</bind>
</comp>

<comp id="72" class="1001" name="const_72">
<pin_list>
<pin id="73" dir="1" index="0" bw="1" slack="2147483647"/>
</pin_list>
<bind>
<StgValue><ssdm name="img_in_OC_data_str"/></StgValue>
</bind>
</comp>

<comp id="74" class="1001" name="const_74">
<pin_list>
<pin id="75" dir="1" index="0" bw="1" slack="2147483647"/>
</pin_list>
<bind>
<StgValue><ssdm name="p_str"/></StgValue>
</bind>
</comp>

<comp id="76" class="1001" name="const_76">
<pin_list>
<pin id="77" dir="1" index="0" bw="1" slack="2147483647"/>
</pin_list>
<bind>
<StgValue><ssdm name=""/></StgValue>
</bind>
</comp>

<comp id="78" class="1001" name="const_78">
<pin_list>
<pin id="79" dir="1" index="0" bw="1" slack="2147483647"/>
</pin_list>
<bind>
<StgValue><ssdm name="empty_5"/></StgValue>
</bind>
</comp>

<comp id="80" class="1001" name="const_80">
<pin_list>
<pin id="81" dir="1" index="0" bw="1" slack="2147483647"/>
</pin_list>
<bind>
<StgValue><ssdm name="img_out_OC_data_str"/></StgValue>
</bind>
</comp>

<comp id="82" class="1001" name="const_82">
<pin_list>
<pin id="83" dir="1" index="0" bw="1" slack="2147483647"/>
</pin_list>
<bind>
<StgValue><ssdm name="img_rgb_src_OC_data_str"/></StgValue>
</bind>
</comp>

<comp id="84" class="1001" name="const_84">
<pin_list>
<pin id="85" dir="1" index="0" bw="1" slack="2147483647"/>
</pin_list>
<bind>
<StgValue><ssdm name="img_rgb_dst_OC_data_str"/></StgValue>
</bind>
</comp>

<comp id="86" class="1001" name="const_86">
<pin_list>
<pin id="87" dir="1" index="0" bw="1" slack="2147483647"/>
</pin_list>
<bind>
<StgValue><ssdm name="img_gray_src_OC_data_str"/></StgValue>
</bind>
</comp>

<comp id="88" class="1001" name="const_88">
<pin_list>
<pin id="89" dir="1" index="0" bw="1" slack="2147483647"/>
</pin_list>
<bind>
<StgValue><ssdm name="img_gray_dst_OC_data_str"/></StgValue>
</bind>
</comp>

<comp id="90" class="1001" name="const_90">
<pin_list>
<pin id="91" dir="1" index="0" bw="1" slack="2147483647"/>
</pin_list>
<bind>
<StgValue><ssdm name="threshold_c_str"/></StgValue>
</bind>
</comp>

<comp id="92" class="1001" name="const_92">
<pin_list>
<pin id="93" dir="1" index="0" bw="1" slack="2147483647"/>
</pin_list>
<bind>
<StgValue><ssdm name=""/></StgValue>
</bind>
</comp>

<comp id="94" class="1001" name="const_94">
<pin_list>
<pin id="95" dir="1" index="0" bw="1" slack="2147483647"/>
</pin_list>
<bind>
<StgValue><ssdm name="ap_fifo_str"/></StgValue>
</bind>
</comp>

<comp id="96" class="1001" name="const_96">
<pin_list>
<pin id="97" dir="1" index="0" bw="1" slack="2147483647"/>
</pin_list>
<bind>
<StgValue><ssdm name=""/></StgValue>
</bind>
</comp>

<comp id="98" class="1001" name="const_98">
<pin_list>
<pin id="99" dir="1" index="0" bw="1" slack="2147483647"/>
</pin_list>
<bind>
<StgValue><ssdm name=""/></StgValue>
</bind>
</comp>

<comp id="100" class="1004" name="threshold_c_fu_100">
<pin_list>
<pin id="101" dir="0" index="0" bw="1" slack="0"/>
<pin id="102" dir="1" index="1" bw="32" slack="1"/>
</pin_list>
<bind>
<opcode="alloca(26) " fcode="alloca"/>
<opset="threshold_c/1 "/>
</bind>
</comp>

<comp id="104" class="1004" name="img_in_data_fu_104">
<pin_list>
<pin id="105" dir="0" index="0" bw="1" slack="0"/>
<pin id="106" dir="1" index="1" bw="24" slack="1"/>
</pin_list>
<bind>
<opcode="alloca(26) " fcode="alloca"/>
<opset="img_in_data/1 "/>
</bind>
</comp>

<comp id="108" class="1004" name="img_out_data_fu_108">
<pin_list>
<pin id="109" dir="0" index="0" bw="1" slack="0"/>
<pin id="110" dir="1" index="1" bw="24" slack="7"/>
</pin_list>
<bind>
<opcode="alloca(26) " fcode="alloca"/>
<opset="img_out_data/1 "/>
</bind>
</comp>

<comp id="112" class="1004" name="img_rgb_src_data_fu_112">
<pin_list>
<pin id="113" dir="0" index="0" bw="1" slack="0"/>
<pin id="114" dir="1" index="1" bw="24" slack="3"/>
</pin_list>
<bind>
<opcode="alloca(26) " fcode="alloca"/>
<opset="img_rgb_src_data/1 "/>
</bind>
</comp>

<comp id="116" class="1004" name="img_rgb_dst_data_fu_116">
<pin_list>
<pin id="117" dir="0" index="0" bw="1" slack="0"/>
<pin id="118" dir="1" index="1" bw="24" slack="5"/>
</pin_list>
<bind>
<opcode="alloca(26) " fcode="alloca"/>
<opset="img_rgb_dst_data/1 "/>
</bind>
</comp>

<comp id="120" class="1004" name="img_gray_src_data_fu_120">
<pin_list>
<pin id="121" dir="0" index="0" bw="1" slack="0"/>
<pin id="122" dir="1" index="1" bw="8" slack="3"/>
</pin_list>
<bind>
<opcode="alloca(26) " fcode="alloca"/>
<opset="img_gray_src_data/1 "/>
</bind>
</comp>

<comp id="124" class="1004" name="img_gray_dst_data_fu_124">
<pin_list>
<pin id="125" dir="0" index="0" bw="1" slack="0"/>
<pin id="126" dir="1" index="1" bw="8" slack="5"/>
</pin_list>
<bind>
<opcode="alloca(26) " fcode="alloca"/>
<opset="img_gray_dst_data/1 "/>
</bind>
</comp>

<comp id="128" class="1004" name="grp_read_fu_128">
<pin_list>
<pin id="129" dir="0" index="0" bw="32" slack="0"/>
<pin id="130" dir="0" index="1" bw="32" slack="0"/>
<pin id="131" dir="1" index="2" bw="32" slack="0"/>
</pin_list>
<bind>
<opcode="read(1150) " fcode="read"/>
<opset="threshold_read/1 "/>
</bind>
</comp>

<comp id="134" class="1004" name="grp_fast_0_0_1080_1920_1_s_fu_134">
<pin_list>
<pin id="135" dir="0" index="0" bw="0" slack="0"/>
<pin id="136" dir="0" index="1" bw="8" slack="5"/>
<pin id="137" dir="0" index="2" bw="24" slack="5"/>
<pin id="138" dir="0" index="3" bw="8" slack="5"/>
<pin id="139" dir="0" index="4" bw="24" slack="5"/>
<pin id="140" dir="0" index="5" bw="32" slack="5"/>
<pin id="141" dir="1" index="6" bw="0" slack="2147483647"/>
</pin_list>
<bind>
<opcode="call(48) " fcode="call"/>
<opset="call_ln114/6 "/>
</bind>
</comp>

<comp id="143" class="1004" name="grp_Loop_loop_height_proc1013_fu_143">
<pin_list>
<pin id="144" dir="0" index="0" bw="0" slack="0"/>
<pin id="145" dir="0" index="1" bw="24" slack="0"/>
<pin id="146" dir="0" index="2" bw="3" slack="0"/>
<pin id="147" dir="0" index="3" bw="3" slack="0"/>
<pin id="148" dir="0" index="4" bw="1" slack="0"/>
<pin id="149" dir="0" index="5" bw="1" slack="0"/>
<pin id="150" dir="0" index="6" bw="1" slack="0"/>
<pin id="151" dir="0" index="7" bw="1" slack="0"/>
<pin id="152" dir="0" index="8" bw="24" slack="1"/>
<pin id="153" dir="0" index="9" bw="32" slack="0"/>
<pin id="154" dir="0" index="10" bw="32" slack="1"/>
<pin id="155" dir="1" index="11" bw="0" slack="2147483647"/>
</pin_list>
<bind>
<opcode="call(48) " fcode="call"/>
<opset="call_ln80/2 "/>
</bind>
</comp>

<comp id="165" class="1004" name="grp_xfrgb2gray_1080_1920_s_fu_165">
<pin_list>
<pin id="166" dir="0" index="0" bw="0" slack="0"/>
<pin id="167" dir="0" index="1" bw="24" slack="3"/>
<pin id="168" dir="0" index="2" bw="8" slack="3"/>
<pin id="169" dir="0" index="3" bw="24" slack="3"/>
<pin id="170" dir="1" index="4" bw="0" slack="2147483647"/>
</pin_list>
<bind>
<opcode="call(48) " fcode="call"/>
<opset="call_ln113/4 "/>
</bind>
</comp>

<comp id="172" class="1004" name="grp_Loop_loop_height_proc911_fu_172">
<pin_list>
<pin id="173" dir="0" index="0" bw="0" slack="0"/>
<pin id="174" dir="0" index="1" bw="24" slack="9"/>
<pin id="175" dir="0" index="2" bw="24" slack="0"/>
<pin id="176" dir="0" index="3" bw="3" slack="0"/>
<pin id="177" dir="0" index="4" bw="3" slack="0"/>
<pin id="178" dir="0" index="5" bw="1" slack="0"/>
<pin id="179" dir="0" index="6" bw="1" slack="0"/>
<pin id="180" dir="0" index="7" bw="1" slack="0"/>
<pin id="181" dir="0" index="8" bw="1" slack="0"/>
<pin id="182" dir="1" index="9" bw="0" slack="2147483647"/>
</pin_list>
<bind>
<opcode="call(48) " fcode="call"/>
<opset="call_ln0/10 "/>
</bind>
</comp>

<comp id="191" class="1004" name="grp_xfgray2rgb_1080_1920_s_fu_191">
<pin_list>
<pin id="192" dir="0" index="0" bw="0" slack="0"/>
<pin id="193" dir="0" index="1" bw="8" slack="7"/>
<pin id="194" dir="0" index="2" bw="24" slack="7"/>
<pin id="195" dir="0" index="3" bw="24" slack="7"/>
<pin id="196" dir="1" index="4" bw="0" slack="2147483647"/>
</pin_list>
<bind>
<opcode="call(48) " fcode="call"/>
<opset="call_ln118/8 "/>
</bind>
</comp>

<comp id="198" class="1005" name="threshold_c_reg_198">
<pin_list>
<pin id="199" dir="0" index="0" bw="32" slack="1"/>
<pin id="200" dir="1" index="1" bw="32" slack="1"/>
</pin_list>
<bind>
<opset="threshold_c "/>
</bind>
</comp>

<comp id="204" class="1005" name="img_in_data_reg_204">
<pin_list>
<pin id="205" dir="0" index="0" bw="24" slack="1"/>
<pin id="206" dir="1" index="1" bw="24" slack="1"/>
</pin_list>
<bind>
<opset="img_in_data "/>
</bind>
</comp>

<comp id="210" class="1005" name="img_out_data_reg_210">
<pin_list>
<pin id="211" dir="0" index="0" bw="24" slack="7"/>
<pin id="212" dir="1" index="1" bw="24" slack="7"/>
</pin_list>
<bind>
<opset="img_out_data "/>
</bind>
</comp>

<comp id="216" class="1005" name="img_rgb_src_data_reg_216">
<pin_list>
<pin id="217" dir="0" index="0" bw="24" slack="3"/>
<pin id="218" dir="1" index="1" bw="24" slack="3"/>
</pin_list>
<bind>
<opset="img_rgb_src_data "/>
</bind>
</comp>

<comp id="222" class="1005" name="img_rgb_dst_data_reg_222">
<pin_list>
<pin id="223" dir="0" index="0" bw="24" slack="5"/>
<pin id="224" dir="1" index="1" bw="24" slack="5"/>
</pin_list>
<bind>
<opset="img_rgb_dst_data "/>
</bind>
</comp>

<comp id="228" class="1005" name="img_gray_src_data_reg_228">
<pin_list>
<pin id="229" dir="0" index="0" bw="8" slack="3"/>
<pin id="230" dir="1" index="1" bw="8" slack="3"/>
</pin_list>
<bind>
<opset="img_gray_src_data "/>
</bind>
</comp>

<comp id="234" class="1005" name="img_gray_dst_data_reg_234">
<pin_list>
<pin id="235" dir="0" index="0" bw="8" slack="5"/>
<pin id="236" dir="1" index="1" bw="8" slack="5"/>
</pin_list>
<bind>
<opset="img_gray_dst_data "/>
</bind>
</comp>

<comp id="240" class="1005" name="threshold_read_reg_240">
<pin_list>
<pin id="241" dir="0" index="0" bw="32" slack="1"/>
<pin id="242" dir="1" index="1" bw="32" slack="1"/>
</pin_list>
<bind>
<opset="threshold_read "/>
</bind>
</comp>

</comp_list>

<net_list>
<net id="103"><net_src comp="32" pin="0"/><net_sink comp="100" pin=0"/></net>

<net id="107"><net_src comp="32" pin="0"/><net_sink comp="104" pin=0"/></net>

<net id="111"><net_src comp="32" pin="0"/><net_sink comp="108" pin=0"/></net>

<net id="115"><net_src comp="32" pin="0"/><net_sink comp="112" pin=0"/></net>

<net id="119"><net_src comp="32" pin="0"/><net_sink comp="116" pin=0"/></net>

<net id="123"><net_src comp="32" pin="0"/><net_sink comp="120" pin=0"/></net>

<net id="127"><net_src comp="32" pin="0"/><net_sink comp="124" pin=0"/></net>

<net id="132"><net_src comp="30" pin="0"/><net_sink comp="128" pin=0"/></net>

<net id="133"><net_src comp="28" pin="0"/><net_sink comp="128" pin=1"/></net>

<net id="142"><net_src comp="38" pin="0"/><net_sink comp="134" pin=0"/></net>

<net id="156"><net_src comp="34" pin="0"/><net_sink comp="143" pin=0"/></net>

<net id="157"><net_src comp="0" pin="0"/><net_sink comp="143" pin=1"/></net>

<net id="158"><net_src comp="2" pin="0"/><net_sink comp="143" pin=2"/></net>

<net id="159"><net_src comp="4" pin="0"/><net_sink comp="143" pin=3"/></net>

<net id="160"><net_src comp="6" pin="0"/><net_sink comp="143" pin=4"/></net>

<net id="161"><net_src comp="8" pin="0"/><net_sink comp="143" pin=5"/></net>

<net id="162"><net_src comp="10" pin="0"/><net_sink comp="143" pin=6"/></net>

<net id="163"><net_src comp="12" pin="0"/><net_sink comp="143" pin=7"/></net>

<net id="164"><net_src comp="128" pin="2"/><net_sink comp="143" pin=9"/></net>

<net id="171"><net_src comp="36" pin="0"/><net_sink comp="165" pin=0"/></net>

<net id="183"><net_src comp="42" pin="0"/><net_sink comp="172" pin=0"/></net>

<net id="184"><net_src comp="14" pin="0"/><net_sink comp="172" pin=2"/></net>

<net id="185"><net_src comp="16" pin="0"/><net_sink comp="172" pin=3"/></net>

<net id="186"><net_src comp="18" pin="0"/><net_sink comp="172" pin=4"/></net>

<net id="187"><net_src comp="20" pin="0"/><net_sink comp="172" pin=5"/></net>

<net id="188"><net_src comp="22" pin="0"/><net_sink comp="172" pin=6"/></net>

<net id="189"><net_src comp="24" pin="0"/><net_sink comp="172" pin=7"/></net>

<net id="190"><net_src comp="26" pin="0"/><net_sink comp="172" pin=8"/></net>

<net id="197"><net_src comp="40" pin="0"/><net_sink comp="191" pin=0"/></net>

<net id="201"><net_src comp="100" pin="1"/><net_sink comp="198" pin=0"/></net>

<net id="202"><net_src comp="198" pin="1"/><net_sink comp="143" pin=10"/></net>

<net id="203"><net_src comp="198" pin="1"/><net_sink comp="134" pin=5"/></net>

<net id="207"><net_src comp="104" pin="1"/><net_sink comp="204" pin=0"/></net>

<net id="208"><net_src comp="204" pin="1"/><net_sink comp="143" pin=8"/></net>

<net id="209"><net_src comp="204" pin="1"/><net_sink comp="165" pin=1"/></net>

<net id="213"><net_src comp="108" pin="1"/><net_sink comp="210" pin=0"/></net>

<net id="214"><net_src comp="210" pin="1"/><net_sink comp="191" pin=3"/></net>

<net id="215"><net_src comp="210" pin="1"/><net_sink comp="172" pin=1"/></net>

<net id="219"><net_src comp="112" pin="1"/><net_sink comp="216" pin=0"/></net>

<net id="220"><net_src comp="216" pin="1"/><net_sink comp="165" pin=3"/></net>

<net id="221"><net_src comp="216" pin="1"/><net_sink comp="134" pin=2"/></net>

<net id="225"><net_src comp="116" pin="1"/><net_sink comp="222" pin=0"/></net>

<net id="226"><net_src comp="222" pin="1"/><net_sink comp="134" pin=4"/></net>

<net id="227"><net_src comp="222" pin="1"/><net_sink comp="191" pin=2"/></net>

<net id="231"><net_src comp="120" pin="1"/><net_sink comp="228" pin=0"/></net>

<net id="232"><net_src comp="228" pin="1"/><net_sink comp="165" pin=2"/></net>

<net id="233"><net_src comp="228" pin="1"/><net_sink comp="134" pin=1"/></net>

<net id="237"><net_src comp="124" pin="1"/><net_sink comp="234" pin=0"/></net>

<net id="238"><net_src comp="234" pin="1"/><net_sink comp="134" pin=3"/></net>

<net id="239"><net_src comp="234" pin="1"/><net_sink comp="191" pin=1"/></net>

<net id="243"><net_src comp="128" pin="2"/><net_sink comp="240" pin=0"/></net>

<net id="244"><net_src comp="240" pin="1"/><net_sink comp="143" pin=9"/></net>

</net_list>

</model> 
---------------- Datapath Model END ------------------

* FSMD analyzer results:
  - Output states:
	Port: video_out_V_data_V | {10 11 }
	Port: video_out_V_keep_V | {10 11 }
	Port: video_out_V_strb_V | {10 11 }
	Port: video_out_V_user_V | {10 11 }
	Port: video_out_V_last_V | {10 11 }
	Port: video_out_V_id_V | {10 11 }
	Port: video_out_V_dest_V | {10 11 }
 - Input state : 
	Port: detectCorner : video_in_V_data_V | {2 3 }
	Port: detectCorner : video_in_V_keep_V | {2 3 }
	Port: detectCorner : video_in_V_strb_V | {2 3 }
	Port: detectCorner : video_in_V_user_V | {2 3 }
	Port: detectCorner : video_in_V_last_V | {2 3 }
	Port: detectCorner : video_in_V_id_V | {2 3 }
	Port: detectCorner : video_in_V_dest_V | {2 3 }
	Port: detectCorner : threshold | {1 }
  - Chain level:
	State 1
	State 2
	State 3
	State 4
	State 5
	State 6
	State 7
	State 8
	State 9
	State 10
	State 11
	State 12


============================================================
+ Verbose Summary: Datapath Resource usage 
============================================================

* Functional unit list:
|----------|--------------------------------------|---------|---------|---------|---------|---------|
| Operation|            Functional Unit           |   BRAM  |   DSP   |  Delay  |    FF   |   LUT   |
|----------|--------------------------------------|---------|---------|---------|---------|---------|
|          |   grp_fast_0_0_1080_1920_1_s_fu_134  |    13   |    0    |  25.124 |   1500  |   2705  |
|          | grp_Loop_loop_height_proc1013_fu_143 |    0    |    0    |  0.755  |   246   |   164   |
|   call   |   grp_xfrgb2gray_1080_1920_s_fu_165  |    0    |    3    |  3.1245 |   193   |    87   |
|          |  grp_Loop_loop_height_proc911_fu_172 |    0    |    0    | 3.44975 |    73   |   111   |
|          |   grp_xfgray2rgb_1080_1920_s_fu_191  |    0    |    0    |    0    |    43   |    83   |
|----------|--------------------------------------|---------|---------|---------|---------|---------|
|   read   |            grp_read_fu_128           |    0    |    0    |    0    |    0    |    0    |
|----------|--------------------------------------|---------|---------|---------|---------|---------|
|   Total  |                                      |    13   |    3    | 32.4532 |   2055  |   3150  |
|----------|--------------------------------------|---------|---------|---------|---------|---------|

Memories:
N/A

* Register list:
+-------------------------+--------+
|                         |   FF   |
+-------------------------+--------+
|img_gray_dst_data_reg_234|    8   |
|img_gray_src_data_reg_228|    8   |
|   img_in_data_reg_204   |   24   |
|   img_out_data_reg_210  |   24   |
| img_rgb_dst_data_reg_222|   24   |
| img_rgb_src_data_reg_216|   24   |
|   threshold_c_reg_198   |   32   |
|  threshold_read_reg_240 |   32   |
+-------------------------+--------+
|          Total          |   176  |
+-------------------------+--------+

* Multiplexer (MUX) list: 
|--------------------------------------|------|------|------|--------||---------||---------|
|                 Comp                 |  Pin | Size |  BW  | S x BW ||  Delay  ||   LUT   |
|--------------------------------------|------|------|------|--------||---------||---------|
| grp_Loop_loop_height_proc1013_fu_143 |  p9  |   2  |  32  |   64   ||    9    |
|--------------------------------------|------|------|------|--------||---------||---------|
|                 Total                |      |      |      |   64   ||  0.755  ||    9    |
|--------------------------------------|------|------|------|--------||---------||---------|



* Summary:
+-----------+--------+--------+--------+--------+--------+
|           |  BRAM  |   DSP  |  Delay |   FF   |   LUT  |
+-----------+--------+--------+--------+--------+--------+
|  Function |   13   |    3   |   32   |  2055  |  3150  |
|   Memory  |    -   |    -   |    -   |    -   |    -   |
|Multiplexer|    -   |    -   |    0   |    -   |    9   |
|  Register |    -   |    -   |    -   |   176  |    -   |
+-----------+--------+--------+--------+--------+--------+
|   Total   |   13   |    3   |   33   |  2231  |  3159  |
+-----------+--------+--------+--------+--------+--------+
