

================================================================
== Vitis HLS Report for 'fast_0_0_1080_1920_1_s'
================================================================
* Date:           Tue Nov  3 14:37:09 2020

* Version:        2020.1 (Build 2902540 on Wed May 27 20:16:15 MDT 2020)
* Project:        detectCorner
* Solution:       solution1 (Vivado IP Flow Target)
* Product family: zynquplus
* Target device:  xczu3eg-sfvc784-1-i


================================================================
== Performance Estimates
================================================================
+ Timing: 
    * Summary: 
    +--------+----------+----------+------------+
    |  Clock |  Target  | Estimated| Uncertainty|
    +--------+----------+----------+------------+
    |ap_clk  | 10.00 ns | 7.281 ns |   2.70 ns  |
    +--------+----------+----------+------------+

+ Latency: 
    * Summary: 
    +---------+---------+-----------+-----------+---------+---------+---------+
    |  Latency (cycles) |   Latency (absolute)  |      Interval     | Pipeline|
    |   min   |   max   |    min    |    max    |   min   |   max   |   Type  |
    +---------+---------+-----------+-----------+---------+---------+---------+
    |  2100875|  2100875| 21.009 ms | 21.009 ms |  2100875|  2100875|   none  |
    +---------+---------+-----------+-----------+---------+---------+---------+

    + Detail: 
        * Instance: 
        N/A

        * Loop: 
        N/A

============================================================
+ Verbose Summary: Synthesis Manager
============================================================
InlineROM: 1
ExposeGlobal: 0
============================================================
+ Verbose Summary: CDFG Model
============================================================
IsTopModel: 0
ResetActiveHigh: 1
IsCombinational: 2
IsDatapathOnly: 0
HasWiredReturn: 1
HasMFsm: 0
HasVarLatency: 1
IsPipeline: 0
IsRtlPipelined: 0
IsInstanceOverlapped: 0
IsDontTouch: 0
HasImplIP: 0
IsGatedGlobalClock: 0


============================================================
+ Verbose Summary: Schedule
============================================================
* Number of FSM states : 2
* Pipeline : 0
* Dataflow Pipeline: 0

* FSM state transitions: 
1 --> 2 
2 --> 

* FSM state operations: 

State 1 <SV = 0> <Delay = 2.16>
ST_1 : Operation 3 [1/1] (2.16ns)   --->   "%threshold_read = read i32 @_ssdm_op_Read.ap_fifo.i32P, i32 %threshold" [source/detectCorner.cpp:114]   --->   Operation 3 'read' 'threshold_read' <Predicate = true> <Delay = 2.16> <CoreInst = "FIFO_SRL">   --->   Core 21 'FIFO_SRL' <Latency = 0> <II = 1> <Delay = 2.16> <Storage> <Opcode : 'read' 'write' 'nbread' 'nbwrite'> <Ports = 0> <Width = 32> <Depth = 3> <FIFO>
ST_1 : Operation 4 [1/1] (0.00ns)   --->   "%trunc_ln114 = trunc i32 %threshold_read" [source/detectCorner.cpp:114->source/detectCorner.cpp:80]   --->   Operation 4 'trunc' 'trunc_ln114' <Predicate = true> <Delay = 0.00>
ST_1 : Operation 5 [2/2] (0.00ns)   --->   "%call_ln948 = call void @xFfast7x7<0, 1080, 1920, 0, 1, 1, 1923, 7, 49>, i8 %img_gray_src_data, i24 %img_rgb_src_data, i8 %img_gray_dst_data, i24 %img_rgb_dst_data, i8 %trunc_ln114" [source/xf_fast.hpp:948->source/detectCorner.cpp:80]   --->   Operation 5 'call' 'call_ln948' <Predicate = true> <Delay = 0.00> <CoreType = "Generic">   --->   Core 0 '' <Latency = 0> <II = 1> <Delay = 1.00> <Generic> <Opcode : >

State 2 <SV = 1> <Delay = 0.00>
ST_2 : Operation 6 [1/1] (0.00ns)   --->   "%specinterface_ln0 = specinterface void @_ssdm_op_SpecInterface, i8 %img_gray_src_data, void @empty_5, i32, i32, void @empty_3, i32, i32, void @empty_3, void @empty_3, void @empty_3, i32, i32, i32, i32, void @empty_3, void @empty_3"   --->   Operation 6 'specinterface' 'specinterface_ln0' <Predicate = true> <Delay = 0.00>
ST_2 : Operation 7 [1/1] (0.00ns)   --->   "%specinterface_ln0 = specinterface void @_ssdm_op_SpecInterface, i24 %img_rgb_src_data, void @empty_5, i32, i32, void @empty_3, i32, i32, void @empty_3, void @empty_3, void @empty_3, i32, i32, i32, i32, void @empty_3, void @empty_3"   --->   Operation 7 'specinterface' 'specinterface_ln0' <Predicate = true> <Delay = 0.00>
ST_2 : Operation 8 [1/1] (0.00ns)   --->   "%specinterface_ln0 = specinterface void @_ssdm_op_SpecInterface, i8 %img_gray_dst_data, void @empty_5, i32, i32, void @empty_3, i32, i32, void @empty_3, void @empty_3, void @empty_3, i32, i32, i32, i32, void @empty_3, void @empty_3"   --->   Operation 8 'specinterface' 'specinterface_ln0' <Predicate = true> <Delay = 0.00>
ST_2 : Operation 9 [1/1] (0.00ns)   --->   "%specinterface_ln0 = specinterface void @_ssdm_op_SpecInterface, i24 %img_rgb_dst_data, void @empty_5, i32, i32, void @empty_3, i32, i32, void @empty_3, void @empty_3, void @empty_3, i32, i32, i32, i32, void @empty_3, void @empty_3"   --->   Operation 9 'specinterface' 'specinterface_ln0' <Predicate = true> <Delay = 0.00>
ST_2 : Operation 10 [1/1] (0.00ns)   --->   "%specinterface_ln0 = specinterface void @_ssdm_op_SpecInterface, i32 %threshold, void @ap_fifo_str, i32, i32, void @p_str, i32, i32, void @p_str, void @p_str, void @p_str, i32, i32, i32, i32, void @p_str, void @ScalarProp_str"   --->   Operation 10 'specinterface' 'specinterface_ln0' <Predicate = true> <Delay = 0.00>
ST_2 : Operation 11 [1/1] (0.00ns)   --->   "%specinterface_ln0 = specinterface void @_ssdm_op_SpecInterface, i8 %img_gray_dst_data, void @empty_5, i32, i32, void @empty_3, i32, i32, void @empty_3, void @empty_3, void @empty_3, i32, i32, i32, i32, void @empty_3, void @empty_3"   --->   Operation 11 'specinterface' 'specinterface_ln0' <Predicate = true> <Delay = 0.00>
ST_2 : Operation 12 [1/1] (0.00ns)   --->   "%specinterface_ln0 = specinterface void @_ssdm_op_SpecInterface, i8 %img_gray_src_data, void @empty_5, i32, i32, void @empty_3, i32, i32, void @empty_3, void @empty_3, void @empty_3, i32, i32, i32, i32, void @empty_3, void @empty_3"   --->   Operation 12 'specinterface' 'specinterface_ln0' <Predicate = true> <Delay = 0.00>
ST_2 : Operation 13 [1/1] (0.00ns)   --->   "%specinterface_ln0 = specinterface void @_ssdm_op_SpecInterface, i24 %img_rgb_dst_data, void @empty_5, i32, i32, void @empty_3, i32, i32, void @empty_3, void @empty_3, void @empty_3, i32, i32, i32, i32, void @empty_3, void @empty_3"   --->   Operation 13 'specinterface' 'specinterface_ln0' <Predicate = true> <Delay = 0.00>
ST_2 : Operation 14 [1/1] (0.00ns)   --->   "%specinterface_ln0 = specinterface void @_ssdm_op_SpecInterface, i24 %img_rgb_src_data, void @empty_5, i32, i32, void @empty_3, i32, i32, void @empty_3, void @empty_3, void @empty_3, i32, i32, i32, i32, void @empty_3, void @empty_3"   --->   Operation 14 'specinterface' 'specinterface_ln0' <Predicate = true> <Delay = 0.00>
ST_2 : Operation 15 [1/2] (0.00ns)   --->   "%call_ln948 = call void @xFfast7x7<0, 1080, 1920, 0, 1, 1, 1923, 7, 49>, i8 %img_gray_src_data, i24 %img_rgb_src_data, i8 %img_gray_dst_data, i24 %img_rgb_dst_data, i8 %trunc_ln114" [source/xf_fast.hpp:948->source/detectCorner.cpp:80]   --->   Operation 15 'call' 'call_ln948' <Predicate = true> <Delay = 0.00> <CoreType = "Generic">   --->   Core 0 '' <Latency = 0> <II = 1> <Delay = 1.00> <Generic> <Opcode : >
ST_2 : Operation 16 [1/1] (0.00ns)   --->   "%ret_ln80 = ret" [source/detectCorner.cpp:80]   --->   Operation 16 'ret' 'ret_ln80' <Predicate = true> <Delay = 0.00>


============================================================
+ Verbose Summary: Timing violations
============================================================
Target clock period: 10ns, clock uncertainty: 2.7ns.

 <State 1>: 2.17ns
The critical path consists of the following:
	fifo read on port 'threshold' (source/detectCorner.cpp:114) [11]  (2.17 ns)

 <State 2>: 0ns
The critical path consists of the following:


============================================================
+ Verbose Summary: Binding
============================================================
N/A
* FSMD analyzer results:
  - Output states:
 - Input state : 
  - Chain level:
	State 1
	State 2


============================================================
+ Verbose Summary: Datapath Resource usage 
============================================================
N/A
