

================================================================
== Vitis HLS Report for 'xfrgb2gray_1080_1920_s'
================================================================
* Date:           Tue Nov  3 14:37:07 2020

* Version:        2020.1 (Build 2902540 on Wed May 27 20:16:15 MDT 2020)
* Project:        detectCorner
* Solution:       solution1 (Vivado IP Flow Target)
* Product family: zynquplus
* Target device:  xczu3eg-sfvc784-1-i


================================================================
== Performance Estimates
================================================================
+ Timing: 
    * Summary: 
    +--------+----------+----------+------------+
    |  Clock |  Target  | Estimated| Uncertainty|
    +--------+----------+----------+------------+
    |ap_clk  | 10.00 ns | 2.777 ns |   2.70 ns  |
    +--------+----------+----------+------------+

+ Latency: 
    * Summary: 
    +---------+---------+-----------+-----------+---------+---------+---------+
    |  Latency (cycles) |   Latency (absolute)  |      Interval     | Pipeline|
    |   min   |   max   |    min    |    max    |   min   |   max   |   Type  |
    +---------+---------+-----------+-----------+---------+---------+---------+
    |  2073607|  2073607| 20.736 ms | 20.736 ms |  2073607|  2073607|   none  |
    +---------+---------+-----------+-----------+---------+---------+---------+

    + Detail: 
        * Instance: 
        N/A

        * Loop: 
        +-----------------------------------+---------+---------+----------+-----------+-----------+---------+----------+
        |                                   |  Latency (cycles) | Iteration|  Initiation Interval  |   Trip  |          |
        |             Loop Name             |   min   |   max   |  Latency |  achieved |   target  |  Count  | Pipelined|
        +-----------------------------------+---------+---------+----------+-----------+-----------+---------+----------+
        |- VITIS_LOOP_37_1_VITIS_LOOP_39_2  |  2073605|  2073605|         7|          1|          1|  2073600|    yes   |
        +-----------------------------------+---------+---------+----------+-----------+-----------+---------+----------+

============================================================
+ Verbose Summary: Synthesis Manager
============================================================
InlineROM: 1
ExposeGlobal: 0
============================================================
+ Verbose Summary: CDFG Model
============================================================
IsTopModel: 0
ResetActiveHigh: 1
IsCombinational: 2
IsDatapathOnly: 0
HasWiredReturn: 1
HasMFsm: 0
HasVarLatency: 1
IsPipeline: 0
IsRtlPipelined: 0
IsInstanceOverlapped: 0
IsDontTouch: 0
HasImplIP: 0
IsGatedGlobalClock: 0

+ Individual pipeline summary: 
  * Pipeline-0: initiation interval (II) = 1, depth = 7


============================================================
+ Verbose Summary: Schedule
============================================================
* Number of FSM states : 9
* Pipeline : 1
  Pipeline-0 : II = 1, D = 7, States = { 2 3 4 5 6 7 8 }
* Dataflow Pipeline: 0

* FSM state transitions: 
1 --> 2 
2 --> 9 3 
3 --> 4 
4 --> 5 
5 --> 6 
6 --> 7 
7 --> 8 
8 --> 2 
9 --> 

* FSM state operations: 

State 1 <SV = 0> <Delay = 0.75>
ST_1 : Operation 10 [1/1] (0.00ns)   --->   "%specinterface_ln0 = specinterface void @_ssdm_op_SpecInterface, i8 %img_gray_src_4221, void @empty_5, i32, i32, void @empty_3, i32, i32, void @empty_3, void @empty_3, void @empty_3, i32, i32, i32, i32, void @empty_3, void @empty_3"   --->   Operation 10 'specinterface' 'specinterface_ln0' <Predicate = true> <Delay = 0.00>
ST_1 : Operation 11 [1/1] (0.00ns)   --->   "%specinterface_ln0 = specinterface void @_ssdm_op_SpecInterface, i24 %img_rgb_src_4219, void @empty_5, i32, i32, void @empty_3, i32, i32, void @empty_3, void @empty_3, void @empty_3, i32, i32, i32, i32, void @empty_3, void @empty_3"   --->   Operation 11 'specinterface' 'specinterface_ln0' <Predicate = true> <Delay = 0.00>
ST_1 : Operation 12 [1/1] (0.00ns)   --->   "%specinterface_ln0 = specinterface void @_ssdm_op_SpecInterface, i24 %img_in_4217, void @empty_5, i32, i32, void @empty_3, i32, i32, void @empty_3, void @empty_3, void @empty_3, i32, i32, i32, i32, void @empty_3, void @empty_3"   --->   Operation 12 'specinterface' 'specinterface_ln0' <Predicate = true> <Delay = 0.00>
ST_1 : Operation 13 [1/1] (0.75ns)   --->   "%br_ln37 = br void %bb" [source/detectCorner.cpp:37]   --->   Operation 13 'br' 'br_ln37' <Predicate = true> <Delay = 0.75>

State 2 <SV = 1> <Delay = 1.07>
ST_2 : Operation 14 [1/1] (0.00ns)   --->   "%indvar_flatten = phi i21, void, i21 %add_ln37, void %.split" [source/detectCorner.cpp:37]   --->   Operation 14 'phi' 'indvar_flatten' <Predicate = true> <Delay = 0.00>
ST_2 : Operation 15 [1/1] (0.00ns)   --->   "%specpipeline_ln0 = specpipeline void @_ssdm_op_SpecPipeline, i32, i32, i32, i32, void @p_str"   --->   Operation 15 'specpipeline' 'specpipeline_ln0' <Predicate = true> <Delay = 0.00>
ST_2 : Operation 16 [1/1] (0.94ns)   --->   "%icmp_ln37 = icmp_eq  i21 %indvar_flatten, i21" [source/detectCorner.cpp:37]   --->   Operation 16 'icmp' 'icmp_ln37' <Predicate = true> <Delay = 0.94> <CoreInst = "Cmp">   --->   Core 10 'Cmp' <Latency = 0> <II = 1> <Delay = 0.94> <FuncUnit> <Opcode : 'icmp'> <InPorts = 2> <OutPorts = 1>
ST_2 : Operation 17 [1/1] (1.07ns)   --->   "%add_ln37 = add i21 %indvar_flatten, i21" [source/detectCorner.cpp:37]   --->   Operation 17 'add' 'add_ln37' <Predicate = true> <Delay = 1.07> <CoreInst = "Adder">   --->   Core 1 'Adder' <Latency = 0> <II = 1> <Delay = 1.07> <FuncUnit> <Opcode : 'add' 'sub'> <InPorts = 2> <OutPorts = 1>
ST_2 : Operation 18 [1/1] (0.00ns)   --->   "%br_ln37 = br i1 %icmp_ln37, void %.split, void" [source/detectCorner.cpp:37]   --->   Operation 18 'br' 'br_ln37' <Predicate = true> <Delay = 0.00>

State 3 <SV = 2> <Delay = 2.64>
ST_3 : Operation 19 [1/1] (1.94ns)   --->   "%tmp_V = read i24 @_ssdm_op_Read.ap_fifo.volatile.i24P, i24 %img_in_4217" [F:/xilinx_2020.1/Vitis/2020.1/common/technology/autopilot/hls_stream_39.h:145]   --->   Operation 19 'read' 'tmp_V' <Predicate = (!icmp_ln37)> <Delay = 1.94> <CoreInst = "FIFO">   --->   Core 18 'FIFO' <Latency = 0> <II = 1> <Delay = 1.94> <Storage> <Opcode : 'read' 'write' 'nbread' 'nbwrite'> <Ports = 0> <Width = 24> <Depth = 1920> <FIFO>
ST_3 : Operation 20 [1/1] (0.00ns)   --->   "%call_ret = call i24 @ExtractPixel, i24 %tmp_V" [source/detectCorner.cpp:42]   --->   Operation 20 'call' 'call_ret' <Predicate = (!icmp_ln37)> <Delay = 0.00> <CoreType = "Generic">   --->   Core 0 '' <Latency = 0> <II = 1> <Delay = 1.00> <Generic> <Opcode : >
ST_3 : Operation 21 [1/1] (0.00ns)   --->   "%rgb_V_0 = extractvalue i24 %call_ret" [source/detectCorner.cpp:42]   --->   Operation 21 'extractvalue' 'rgb_V_0' <Predicate = (!icmp_ln37)> <Delay = 0.00>
ST_3 : Operation 22 [1/1] (0.00ns)   --->   "%rgb_V_1 = extractvalue i24 %call_ret" [source/detectCorner.cpp:42]   --->   Operation 22 'extractvalue' 'rgb_V_1' <Predicate = (!icmp_ln37)> <Delay = 0.00>
ST_3 : Operation 23 [1/1] (0.00ns)   --->   "%rgb_V_2 = extractvalue i24 %call_ret" [source/detectCorner.cpp:42]   --->   Operation 23 'extractvalue' 'rgb_V_2' <Predicate = (!icmp_ln37)> <Delay = 0.00>
ST_3 : Operation 24 [1/1] (0.00ns)   --->   "%zext_ln852 = zext i8 %rgb_V_0" [F:/Vitis_Libraries/vision/L1/include\imgproc/xf_cvt_color_utils.hpp:852]   --->   Operation 24 'zext' 'zext_ln852' <Predicate = (!icmp_ln37)> <Delay = 0.00>
ST_3 : Operation 25 [4/4] (0.69ns) (root node of the DSP)   --->   "%mul_ln852 = mul i22 %zext_ln852, i22" [F:/Vitis_Libraries/vision/L1/include\imgproc/xf_cvt_color_utils.hpp:852]   --->   Operation 25 'mul' 'mul_ln852' <Predicate = (!icmp_ln37)> <Delay = 0.69> <CoreInst = "DSP48">   --->   Core 71 'DSP48' <Latency = 3> <II = 1> <Delay = 0.69> <IPBlock> <Opcode : 'mul' 'add' 'sub' 'select'> <InPorts = 2> <OutPorts = 1> <Sync> <CReg>

State 4 <SV = 3> <Delay = 1.08>
ST_4 : Operation 26 [3/4] (0.69ns) (root node of the DSP)   --->   "%mul_ln852 = mul i22 %zext_ln852, i22" [F:/Vitis_Libraries/vision/L1/include\imgproc/xf_cvt_color_utils.hpp:852]   --->   Operation 26 'mul' 'mul_ln852' <Predicate = (!icmp_ln37)> <Delay = 0.69> <CoreInst = "DSP48">   --->   Core 71 'DSP48' <Latency = 3> <II = 1> <Delay = 0.69> <IPBlock> <Opcode : 'mul' 'add' 'sub' 'select'> <InPorts = 2> <OutPorts = 1> <Sync> <CReg>
ST_4 : Operation 27 [1/1] (0.00ns)   --->   "%zext_ln852_2 = zext i8 %rgb_V_2" [F:/Vitis_Libraries/vision/L1/include\imgproc/xf_cvt_color_utils.hpp:852]   --->   Operation 27 'zext' 'zext_ln852_2' <Predicate = (!icmp_ln37)> <Delay = 0.00>
ST_4 : Operation 28 [3/3] (1.08ns) (grouped into DSP with root node add_ln852)   --->   "%mul_ln852_2 = mul i20 %zext_ln852_2, i20" [F:/Vitis_Libraries/vision/L1/include\imgproc/xf_cvt_color_utils.hpp:852]   --->   Operation 28 'mul' 'mul_ln852_2' <Predicate = (!icmp_ln37)> <Delay = 1.08> <CoreInst = "DSP48">   --->   Core 71 'DSP48' <Latency = 3> <II = 1> <Delay = 0.69> <IPBlock> <Opcode : 'mul' 'add' 'sub' 'select'> <InPorts = 2> <OutPorts = 1> <Sync> <CReg>

State 5 <SV = 4> <Delay = 1.08>
ST_5 : Operation 29 [2/4] (0.69ns) (root node of the DSP)   --->   "%mul_ln852 = mul i22 %zext_ln852, i22" [F:/Vitis_Libraries/vision/L1/include\imgproc/xf_cvt_color_utils.hpp:852]   --->   Operation 29 'mul' 'mul_ln852' <Predicate = (!icmp_ln37)> <Delay = 0.69> <CoreInst = "DSP48">   --->   Core 71 'DSP48' <Latency = 3> <II = 1> <Delay = 0.69> <IPBlock> <Opcode : 'mul' 'add' 'sub' 'select'> <InPorts = 2> <OutPorts = 1> <Sync> <CReg>
ST_5 : Operation 30 [1/1] (0.00ns)   --->   "%zext_ln852_1 = zext i8 %rgb_V_1" [F:/Vitis_Libraries/vision/L1/include\imgproc/xf_cvt_color_utils.hpp:852]   --->   Operation 30 'zext' 'zext_ln852_1' <Predicate = (!icmp_ln37)> <Delay = 0.00>
ST_5 : Operation 31 [3/3] (1.08ns) (grouped into DSP with root node GRAY)   --->   "%mul_ln852_1 = mul i23 %zext_ln852_1, i23" [F:/Vitis_Libraries/vision/L1/include\imgproc/xf_cvt_color_utils.hpp:852]   --->   Operation 31 'mul' 'mul_ln852_1' <Predicate = (!icmp_ln37)> <Delay = 1.08> <CoreInst = "DSP48">   --->   Core 71 'DSP48' <Latency = 3> <II = 1> <Delay = 0.69> <IPBlock> <Opcode : 'mul' 'add' 'sub' 'select'> <InPorts = 2> <OutPorts = 1> <Sync> <CReg>
ST_5 : Operation 32 [2/3] (1.08ns) (grouped into DSP with root node add_ln852)   --->   "%mul_ln852_2 = mul i20 %zext_ln852_2, i20" [F:/Vitis_Libraries/vision/L1/include\imgproc/xf_cvt_color_utils.hpp:852]   --->   Operation 32 'mul' 'mul_ln852_2' <Predicate = (!icmp_ln37)> <Delay = 1.08> <CoreInst = "DSP48">   --->   Core 71 'DSP48' <Latency = 3> <II = 1> <Delay = 0.69> <IPBlock> <Opcode : 'mul' 'add' 'sub' 'select'> <InPorts = 2> <OutPorts = 1> <Sync> <CReg>

State 6 <SV = 5> <Delay = 1.08>
ST_6 : Operation 33 [1/4] (0.00ns) (root node of the DSP)   --->   "%mul_ln852 = mul i22 %zext_ln852, i22" [F:/Vitis_Libraries/vision/L1/include\imgproc/xf_cvt_color_utils.hpp:852]   --->   Operation 33 'mul' 'mul_ln852' <Predicate = (!icmp_ln37)> <Delay = 0.00> <CoreInst = "DSP48">   --->   Core 71 'DSP48' <Latency = 3> <II = 1> <Delay = 0.69> <IPBlock> <Opcode : 'mul' 'add' 'sub' 'select'> <InPorts = 2> <OutPorts = 1> <Sync> <CReg>
ST_6 : Operation 34 [2/3] (1.08ns) (grouped into DSP with root node GRAY)   --->   "%mul_ln852_1 = mul i23 %zext_ln852_1, i23" [F:/Vitis_Libraries/vision/L1/include\imgproc/xf_cvt_color_utils.hpp:852]   --->   Operation 34 'mul' 'mul_ln852_1' <Predicate = (!icmp_ln37)> <Delay = 1.08> <CoreInst = "DSP48">   --->   Core 71 'DSP48' <Latency = 3> <II = 1> <Delay = 0.69> <IPBlock> <Opcode : 'mul' 'add' 'sub' 'select'> <InPorts = 2> <OutPorts = 1> <Sync> <CReg>
ST_6 : Operation 35 [1/3] (0.00ns) (grouped into DSP with root node add_ln852)   --->   "%mul_ln852_2 = mul i20 %zext_ln852_2, i20" [F:/Vitis_Libraries/vision/L1/include\imgproc/xf_cvt_color_utils.hpp:852]   --->   Operation 35 'mul' 'mul_ln852_2' <Predicate = (!icmp_ln37)> <Delay = 0.00> <CoreInst = "DSP48">   --->   Core 71 'DSP48' <Latency = 3> <II = 1> <Delay = 0.69> <IPBlock> <Opcode : 'mul' 'add' 'sub' 'select'> <InPorts = 2> <OutPorts = 1> <Sync> <CReg>
ST_6 : Operation 36 [1/1] (0.00ns) (grouped into DSP with root node add_ln852)   --->   "%zext_ln852_3 = zext i20 %mul_ln852_2" [F:/Vitis_Libraries/vision/L1/include\imgproc/xf_cvt_color_utils.hpp:852]   --->   Operation 36 'zext' 'zext_ln852_3' <Predicate = (!icmp_ln37)> <Delay = 0.00>
ST_6 : Operation 37 [2/2] (0.83ns) (root node of the DSP)   --->   "%add_ln852 = add i22 %mul_ln852, i22 %zext_ln852_3" [F:/Vitis_Libraries/vision/L1/include\imgproc/xf_cvt_color_utils.hpp:852]   --->   Operation 37 'add' 'add_ln852' <Predicate = (!icmp_ln37)> <Delay = 0.83> <CoreInst = "DSP48">   --->   Core 71 'DSP48' <Latency = 3> <II = 1> <Delay = 0.69> <IPBlock> <Opcode : 'mul' 'add' 'sub' 'select'> <InPorts = 2> <OutPorts = 1> <Sync> <CReg>

State 7 <SV = 6> <Delay = 1.66>
ST_7 : Operation 38 [1/3] (0.00ns) (grouped into DSP with root node GRAY)   --->   "%mul_ln852_1 = mul i23 %zext_ln852_1, i23" [F:/Vitis_Libraries/vision/L1/include\imgproc/xf_cvt_color_utils.hpp:852]   --->   Operation 38 'mul' 'mul_ln852_1' <Predicate = (!icmp_ln37)> <Delay = 0.00> <CoreInst = "DSP48">   --->   Core 71 'DSP48' <Latency = 3> <II = 1> <Delay = 0.69> <IPBlock> <Opcode : 'mul' 'add' 'sub' 'select'> <InPorts = 2> <OutPorts = 1> <Sync> <CReg>
ST_7 : Operation 39 [1/2] (0.83ns) (root node of the DSP)   --->   "%add_ln852 = add i22 %mul_ln852, i22 %zext_ln852_3" [F:/Vitis_Libraries/vision/L1/include\imgproc/xf_cvt_color_utils.hpp:852]   --->   Operation 39 'add' 'add_ln852' <Predicate = (!icmp_ln37)> <Delay = 0.83> <CoreInst = "DSP48">   --->   Core 71 'DSP48' <Latency = 3> <II = 1> <Delay = 0.69> <IPBlock> <Opcode : 'mul' 'add' 'sub' 'select'> <InPorts = 2> <OutPorts = 1> <Sync> <CReg>
ST_7 : Operation 40 [1/1] (0.00ns)   --->   "%zext_ln852_4 = zext i22 %add_ln852" [F:/Vitis_Libraries/vision/L1/include\imgproc/xf_cvt_color_utils.hpp:852]   --->   Operation 40 'zext' 'zext_ln852_4' <Predicate = (!icmp_ln37)> <Delay = 0.00>
ST_7 : Operation 41 [2/2] (0.83ns) (root node of the DSP)   --->   "%GRAY = add i23 %zext_ln852_4, i23 %mul_ln852_1" [F:/Vitis_Libraries/vision/L1/include\imgproc/xf_cvt_color_utils.hpp:852]   --->   Operation 41 'add' 'GRAY' <Predicate = (!icmp_ln37)> <Delay = 0.83> <CoreInst = "DSP48">   --->   Core 71 'DSP48' <Latency = 3> <II = 1> <Delay = 0.69> <IPBlock> <Opcode : 'mul' 'add' 'sub' 'select'> <InPorts = 2> <OutPorts = 1> <Sync> <CReg>

State 8 <SV = 7> <Delay = 2.77>
ST_8 : Operation 42 [1/1] (0.00ns)   --->   "%specloopname_ln0 = specloopname void @_ssdm_op_SpecLoopName, void @VITIS_LOOP_37_1_VITIS_LOOP_39_2_str"   --->   Operation 42 'specloopname' 'specloopname_ln0' <Predicate = (!icmp_ln37)> <Delay = 0.00>
ST_8 : Operation 43 [1/1] (0.00ns)   --->   "%speclooptripcount_ln0 = speclooptripcount void @_ssdm_op_SpecLoopTripCount, i64, i64, i64"   --->   Operation 43 'speclooptripcount' 'speclooptripcount_ln0' <Predicate = (!icmp_ln37)> <Delay = 0.00>
ST_8 : Operation 44 [1/1] (0.00ns)   --->   "%specpipeline_ln0 = specpipeline void @_ssdm_op_SpecPipeline, i32, i32, i32, i32, void @p_str"   --->   Operation 44 'specpipeline' 'specpipeline_ln0' <Predicate = (!icmp_ln37)> <Delay = 0.00>
ST_8 : Operation 45 [1/1] (0.00ns)   --->   "%specloopname_ln36 = specloopname void @_ssdm_op_SpecLoopName, void @empty_10" [source/detectCorner.cpp:36]   --->   Operation 45 'specloopname' 'specloopname_ln36' <Predicate = (!icmp_ln37)> <Delay = 0.00>
ST_8 : Operation 46 [1/2] (0.83ns) (root node of the DSP)   --->   "%GRAY = add i23 %zext_ln852_4, i23 %mul_ln852_1" [F:/Vitis_Libraries/vision/L1/include\imgproc/xf_cvt_color_utils.hpp:852]   --->   Operation 46 'add' 'GRAY' <Predicate = (!icmp_ln37)> <Delay = 0.83> <CoreInst = "DSP48">   --->   Core 71 'DSP48' <Latency = 3> <II = 1> <Delay = 0.69> <IPBlock> <Opcode : 'mul' 'add' 'sub' 'select'> <InPorts = 2> <OutPorts = 1> <Sync> <CReg>
ST_8 : Operation 47 [1/1] (0.00ns)   --->   "%Value_uchar = partselect i8 @_ssdm_op_PartSelect.i8.i23.i32.i32, i23 %GRAY, i32, i32" [F:/Vitis_Libraries/vision/L1/include\imgproc/xf_cvt_color_utils.hpp:745]   --->   Operation 47 'partselect' 'Value_uchar' <Predicate = (!icmp_ln37)> <Delay = 0.00>
ST_8 : Operation 48 [1/1] (1.94ns)   --->   "%write_ln167 = write void @_ssdm_op_Write.ap_fifo.volatile.i8P, i8 %img_gray_src_4221, i8 %Value_uchar" [F:/xilinx_2020.1/Vitis/2020.1/common/technology/autopilot/hls_stream_39.h:167]   --->   Operation 48 'write' 'write_ln167' <Predicate = (!icmp_ln37)> <Delay = 1.94> <CoreInst = "FIFO">   --->   Core 18 'FIFO' <Latency = 0> <II = 1> <Delay = 1.94> <Storage> <Opcode : 'read' 'write' 'nbread' 'nbwrite'> <Ports = 0> <Width = 8> <Depth = 1920> <FIFO>
ST_8 : Operation 49 [1/1] (1.94ns)   --->   "%write_ln167 = write void @_ssdm_op_Write.ap_fifo.volatile.i24P, i24 %img_rgb_src_4219, i24 %tmp_V" [F:/xilinx_2020.1/Vitis/2020.1/common/technology/autopilot/hls_stream_39.h:167]   --->   Operation 49 'write' 'write_ln167' <Predicate = (!icmp_ln37)> <Delay = 1.94> <CoreInst = "FIFO">   --->   Core 18 'FIFO' <Latency = 0> <II = 1> <Delay = 1.94> <Storage> <Opcode : 'read' 'write' 'nbread' 'nbwrite'> <Ports = 0> <Width = 24> <Depth = 1920> <FIFO>
ST_8 : Operation 50 [1/1] (0.00ns)   --->   "%br_ln0 = br void %bb"   --->   Operation 50 'br' 'br_ln0' <Predicate = (!icmp_ln37)> <Delay = 0.00>

State 9 <SV = 2> <Delay = 0.00>
ST_9 : Operation 51 [1/1] (0.00ns)   --->   "%ret_ln50 = ret" [source/detectCorner.cpp:50]   --->   Operation 51 'ret' 'ret_ln50' <Predicate = true> <Delay = 0.00>


============================================================
+ Verbose Summary: Timing violations
============================================================
Target clock period: 10ns, clock uncertainty: 2.7ns.

 <State 1>: 0.755ns
The critical path consists of the following:
	multiplexor before 'phi' operation ('indvar_flatten', source/detectCorner.cpp:37) with incoming values : ('add_ln37', source/detectCorner.cpp:37) [9]  (0.755 ns)

 <State 2>: 1.07ns
The critical path consists of the following:
	'phi' operation ('indvar_flatten', source/detectCorner.cpp:37) with incoming values : ('add_ln37', source/detectCorner.cpp:37) [9]  (0 ns)
	'add' operation ('add_ln37', source/detectCorner.cpp:37) [12]  (1.07 ns)

 <State 3>: 2.64ns
The critical path consists of the following:
	fifo read on port 'img_in_4217' (F:/xilinx_2020.1/Vitis/2020.1/common/technology/autopilot/hls_stream_39.h:145) [19]  (1.95 ns)
	'call' operation ('call_ret', source/detectCorner.cpp:42) to 'ExtractPixel' [20]  (0 ns)
	'mul' operation of DSP[25] ('mul_ln852', F:/Vitis_Libraries/vision/L1/include\imgproc/xf_cvt_color_utils.hpp:852) [25]  (0.698 ns)

 <State 4>: 1.09ns
The critical path consists of the following:
	'mul' operation of DSP[31] ('mul_ln852_2', F:/Vitis_Libraries/vision/L1/include\imgproc/xf_cvt_color_utils.hpp:852) [29]  (1.09 ns)

 <State 5>: 1.09ns
The critical path consists of the following:
	'mul' operation of DSP[33] ('mul_ln852_1', F:/Vitis_Libraries/vision/L1/include\imgproc/xf_cvt_color_utils.hpp:852) [27]  (1.09 ns)

 <State 6>: 1.09ns
The critical path consists of the following:
	'mul' operation of DSP[33] ('mul_ln852_1', F:/Vitis_Libraries/vision/L1/include\imgproc/xf_cvt_color_utils.hpp:852) [27]  (1.09 ns)

 <State 7>: 1.66ns
The critical path consists of the following:
	'add' operation of DSP[31] ('add_ln852', F:/Vitis_Libraries/vision/L1/include\imgproc/xf_cvt_color_utils.hpp:852) [31]  (0.831 ns)
	'add' operation of DSP[33] ('GRAY', F:/Vitis_Libraries/vision/L1/include\imgproc/xf_cvt_color_utils.hpp:852) [33]  (0.831 ns)

 <State 8>: 2.78ns
The critical path consists of the following:
	'add' operation of DSP[33] ('GRAY', F:/Vitis_Libraries/vision/L1/include\imgproc/xf_cvt_color_utils.hpp:852) [33]  (0.831 ns)
	fifo write on port 'img_gray_src_4221' (F:/xilinx_2020.1/Vitis/2020.1/common/technology/autopilot/hls_stream_39.h:167) [35]  (1.95 ns)

 <State 9>: 0ns
The critical path consists of the following:


============================================================
+ Verbose Summary: Binding
============================================================
N/A
* FSMD analyzer results:
  - Output states:
 - Input state : 
  - Chain level:
	State 1
	State 2
	State 3
	State 4
	State 5
	State 6
	State 7
	State 8
	State 9


============================================================
+ Verbose Summary: Datapath Resource usage 
============================================================
N/A
