

================================================================
== Vitis HLS Report for 'rgb2ycrcb'
================================================================
* Date:           Thu Nov  5 11:46:18 2020

* Version:        2020.1 (Build 2902540 on Wed May 27 20:16:15 MDT 2020)
* Project:        rgb2ycrcb
* Solution:       solution1 (Vivado IP Flow Target)
* Product family: zynquplus
* Target device:  xczu5ev-sfvc784-1-i


================================================================
== Performance Estimates
================================================================
+ Timing: 
    * Summary: 
    +--------+----------+----------+------------+
    |  Clock |  Target  | Estimated| Uncertainty|
    +--------+----------+----------+------------+
    |ap_clk  | 10.00 ns | 4.944 ns |   2.70 ns  |
    +--------+----------+----------+------------+

+ Latency: 
    * Summary: 
    +---------+---------+----------+----------+-----+-----+----------+
    |  Latency (cycles) |  Latency (absolute) |  Interval | Pipeline |
    |   min   |   max   |    min   |    max   | min | max |   Type   |
    +---------+---------+----------+----------+-----+-----+----------+
    |        ?|        ?|         ?|         ?|    ?|    ?| dataflow |
    +---------+---------+----------+----------+-----+-----+----------+

    + Detail: 
        * Instance: 
        +------------------------------+---------------------------+---------+---------+-----------+-----------+---------+---------+---------+
        |                              |                           |  Latency (cycles) |   Latency (absolute)  |      Interval     | Pipeline|
        |           Instance           |           Module          |   min   |   max   |    min    |    max    |   min   |   max   |   Type  |
        +------------------------------+---------------------------+---------+---------+-----------+-----------+---------+---------+---------+
        |xfycrcb2rgb_1080_1920_U0      |xfycrcb2rgb_1080_1920_s    |  2073602|  2073605| 20.736 ms | 20.736 ms |  2073602|  2073605|   none  |
        |xfrgb2ycrcb_1080_1920_U0      |xfrgb2ycrcb_1080_1920_s    |  2073610|  2073610| 20.736 ms | 20.736 ms |  2073610|  2073610|   none  |
        |Loop_loop_height_proc1618_U0  |Loop_loop_height_proc1618  |        ?|        ?|          ?|          ?|        ?|        ?|   none  |
        |Loop_loop_height_proc1517_U0  |Loop_loop_height_proc1517  |  2077921|  2077921| 20.779 ms | 20.779 ms |  2077921|  2077921|   none  |
        +------------------------------+---------------------------+---------+---------+-----------+-----------+---------+---------+---------+

        * Loop: 
        N/A



================================================================
== Utilization Estimates
================================================================
* Summary: 
+-----------------+---------+------+--------+--------+-----+
|       Name      | BRAM_18K|  DSP |   FF   |   LUT  | URAM|
+-----------------+---------+------+--------+--------+-----+
|DSP              |        -|     -|       -|       -|    -|
|Expression       |        -|     -|       0|       2|    -|
|FIFO             |        9|     -|     588|     256|    -|
|Instance         |        -|     9|     697|    1458|    -|
|Memory           |        -|     -|       -|       -|    -|
|Multiplexer      |        -|     -|       -|       -|    -|
|Register         |        -|     -|       -|       -|    -|
+-----------------+---------+------+--------+--------+-----+
|Total            |        9|     9|    1285|    1716|    0|
+-----------------+---------+------+--------+--------+-----+
|Available        |      288|  1248|  234240|  117120|   64|
+-----------------+---------+------+--------+--------+-----+
|Utilization (%)  |        3|  ~0  |   ~0   |       1|    0|
+-----------------+---------+------+--------+--------+-----+

+ Detail: 
    * Instance: 
    +------------------------------+---------------------------+---------+----+-----+-----+-----+
    |           Instance           |           Module          | BRAM_18K| DSP|  FF | LUT | URAM|
    +------------------------------+---------------------------+---------+----+-----+-----+-----+
    |Loop_loop_height_proc1517_U0  |Loop_loop_height_proc1517  |        0|   0|   46|  203|    0|
    |Loop_loop_height_proc1618_U0  |Loop_loop_height_proc1618  |        0|   0|  126|  368|    0|
    |xfrgb2ycrcb_1080_1920_U0      |xfrgb2ycrcb_1080_1920_s    |        0|   5|  332|  391|    0|
    |xfycrcb2rgb_1080_1920_U0      |xfycrcb2rgb_1080_1920_s    |        0|   4|  193|  496|    0|
    +------------------------------+---------------------------+---------+----+-----+-----+-----+
    |Total                         |                           |        0|   9|  697| 1458|    0|
    +------------------------------+---------------------------+---------+----+-----+-----+-----+

    * DSP: 
    N/A

    * Memory: 
    N/A

    * FIFO: 
    +---------------------+---------+-----+----+-----+------+-----+---------+
    |         Name        | BRAM_18K|  FF | LUT| URAM| Depth| Bits| Size:D*B|
    +---------------------+---------+-----+----+-----+------+-----+---------+
    |en_c_U               |        0|   99|   0|    -|     3|    1|        3|
    |img_dst_data_U       |        3|  163|   0|    -|  1920|   24|    46080|
    |img_gray_src_data_U  |        3|  163|   0|    -|  1920|   24|    46080|
    |img_src_data_U       |        3|  163|   0|    -|  1920|   24|    46080|
    +---------------------+---------+-----+----+-----+------+-----+---------+
    |Total                |        9|  588|   0|    0|  5763|   73|   138243|
    +---------------------+---------+-----+----+-----+------+-----+---------+

    * Expression: 
    +-------------------------------------------+----------+----+---+----+------------+------------+
    |               Variable Name               | Operation| DSP| FF| LUT| Bitwidth P0| Bitwidth P1|
    +-------------------------------------------+----------+----+---+----+------------+------------+
    |Loop_loop_height_proc1618_U0_start_full_n  |    and   |   0|  0|   2|           1|           1|
    +-------------------------------------------+----------+----+---+----+------------+------------+
    |Total                                      |          |   0|  0|   2|           1|           1|
    +-------------------------------------------+----------+----+---+----+------------+------------+

    * Multiplexer: 
    N/A

    * Register: 
    N/A



================================================================
== Interface
================================================================
* Summary: 
+------------+-----+-----+--------------+--------------+--------------+
|  RTL Ports | Dir | Bits|   Protocol   | Source Object|    C Type    |
+------------+-----+-----+--------------+--------------+--------------+
|src_TDATA   |  in |   24|     axis     | src_V_data_V |    pointer   |
|src_TKEEP   |  in |    3|     axis     | src_V_keep_V |    pointer   |
|src_TSTRB   |  in |    3|     axis     | src_V_strb_V |    pointer   |
|src_TUSER   |  in |    1|     axis     | src_V_user_V |    pointer   |
|src_TLAST   |  in |    1|     axis     | src_V_last_V |    pointer   |
|src_TID     |  in |    1|     axis     |  src_V_id_V  |    pointer   |
|src_TDEST   |  in |    1|     axis     | src_V_dest_V |    pointer   |
|src_TVALID  |  in |    1|     axis     | src_V_dest_V |    pointer   |
|src_TREADY  | out |    1|     axis     | src_V_dest_V |    pointer   |
|dst_TDATA   | out |   24|     axis     | dst_V_data_V |    pointer   |
|dst_TKEEP   | out |    3|     axis     | dst_V_keep_V |    pointer   |
|dst_TSTRB   | out |    3|     axis     | dst_V_strb_V |    pointer   |
|dst_TUSER   | out |    1|     axis     | dst_V_user_V |    pointer   |
|dst_TLAST   | out |    1|     axis     | dst_V_last_V |    pointer   |
|dst_TID     | out |    1|     axis     |  dst_V_id_V  |    pointer   |
|dst_TDEST   | out |    1|     axis     | dst_V_dest_V |    pointer   |
|dst_TVALID  | out |    1|     axis     | dst_V_dest_V |    pointer   |
|dst_TREADY  |  in |    1|     axis     | dst_V_dest_V |    pointer   |
|en          |  in |    1|    ap_vld    |      en      |    scalar    |
|en_ap_vld   |  in |    1|    ap_vld    |      en      |    scalar    |
|ap_clk      |  in |    1| ap_ctrl_none |   rgb2ycrcb  | return value |
|ap_rst_n    |  in |    1| ap_ctrl_none |   rgb2ycrcb  | return value |
+------------+-----+-----+--------------+--------------+--------------+

