

================================================================
== Vitis HLS Report for 'xFFindmax3x3_3_0_0_s'
================================================================
* Date:           Mon Nov  2 13:48:44 2020

* Version:        2020.1 (Build 2902540 on Wed May 27 20:16:15 MDT 2020)
* Project:        edge_canny_detector
* Solution:       solution1 (Vivado IP Flow Target)
* Product family: zynquplus
* Target device:  xczu3eg-sfvc784-1-i


================================================================
== Performance Estimates
================================================================
+ Timing: 
    * Summary: 
    +--------+----------+----------+------------+
    |  Clock |  Target  | Estimated| Uncertainty|
    +--------+----------+----------+------------+
    |ap_clk  | 10.00 ns | 4.529 ns |   2.70 ns  |
    +--------+----------+----------+------------+

+ Latency: 
    * Summary: 
    +---------+---------+----------+----------+-----+-----+----------+
    |  Latency (cycles) |  Latency (absolute) |  Interval | Pipeline |
    |   min   |   max   |    min   |    max   | min | max |   Type   |
    +---------+---------+----------+----------+-----+-----+----------+
    |        0|        0|   0 ns   |   0 ns   |    1|    1| function |
    +---------+---------+----------+----------+-----+-----+----------+

    + Detail: 
        * Instance: 
        N/A

        * Loop: 
        N/A



================================================================
== Utilization Estimates
================================================================
* Summary: 
+-----------------+---------+-----+--------+-------+-----+
|       Name      | BRAM_18K| DSP |   FF   |  LUT  | URAM|
+-----------------+---------+-----+--------+-------+-----+
|DSP              |        -|    -|       -|      -|    -|
|Expression       |        -|    -|       0|    317|    -|
|FIFO             |        -|    -|       -|      -|    -|
|Instance         |        -|    -|       -|      -|    -|
|Memory           |        -|    -|       -|      -|    -|
|Multiplexer      |        -|    -|       -|      -|    -|
|Register         |        -|    -|       -|      -|    -|
+-----------------+---------+-----+--------+-------+-----+
|Total            |        0|    0|       0|    317|    0|
+-----------------+---------+-----+--------+-------+-----+
|Available        |      432|  360|  141120|  70560|    0|
+-----------------+---------+-----+--------+-------+-----+
|Utilization (%)  |        0|    0|       0|   ~0  |    0|
+-----------------+---------+-----+--------+-------+-----+

+ Detail: 
    * Instance: 
    N/A

    * DSP: 
    N/A

    * Memory: 
    N/A

    * FIFO: 
    N/A

    * Expression: 
    +------------------------+----------+----+---+----+------------+------------+
    |      Variable Name     | Operation| DSP| FF| LUT| Bitwidth P0| Bitwidth P1|
    +------------------------+----------+----+---+----+------------+------------+
    |and_ln46_1_fu_352_p2    |    and   |   0|  0|   2|           1|           1|
    |and_ln46_2_fu_374_p2    |    and   |   0|  0|   2|           1|           1|
    |and_ln46_3_fu_386_p2    |    and   |   0|  0|   2|           1|           1|
    |and_ln46_fu_346_p2      |    and   |   0|  0|   2|           1|           1|
    |and_ln59_1_fu_326_p2    |    and   |   0|  0|   2|           1|           1|
    |and_ln59_2_fu_392_p2    |    and   |   0|  0|   2|           1|           1|
    |and_ln59_3_fu_404_p2    |    and   |   0|  0|   2|           1|           1|
    |and_ln59_fu_320_p2      |    and   |   0|  0|   2|           1|           1|
    |and_ln73_1_fu_300_p2    |    and   |   0|  0|   2|           1|           1|
    |and_ln73_2_fu_424_p2    |    and   |   0|  0|   2|           1|           1|
    |and_ln73_3_fu_436_p2    |    and   |   0|  0|   2|           1|           1|
    |and_ln73_fu_294_p2      |    and   |   0|  0|   2|           1|           1|
    |and_ln86_1_fu_268_p2    |    and   |   0|  0|   2|           1|           1|
    |and_ln86_2_fu_274_p2    |    and   |   0|  0|   2|           1|           1|
    |and_ln86_fu_262_p2      |    and   |   0|  0|   2|           1|           1|
    |and_ln874_1_fu_244_p2   |    and   |   0|  0|   2|           1|           1|
    |and_ln874_2_fu_256_p2   |    and   |   0|  0|   2|           1|           1|
    |and_ln874_3_fu_288_p2   |    and   |   0|  0|   2|           1|           1|
    |and_ln874_4_fu_314_p2   |    and   |   0|  0|   2|           1|           1|
    |and_ln874_5_fu_340_p2   |    and   |   0|  0|   2|           1|           1|
    |and_ln874_6_fu_448_p2   |    and   |   0|  0|   2|           1|           1|
    |and_ln874_fu_232_p2     |    and   |   0|  0|   2|           1|           1|
    |icmp_ln874_5_fu_148_p2  |   icmp   |   0|  0|  11|           8|           6|
    |icmp_ln874_6_fu_184_p2  |   icmp   |   0|  0|  11|           8|           7|
    |icmp_ln874_7_fu_208_p2  |   icmp   |   0|  0|  11|           8|           8|
    |icmp_ln874_fu_124_p2    |   icmp   |   0|  0|  11|           8|           1|
    |icmp_ln886_1_fu_196_p2  |   icmp   |   0|  0|  13|          16|          16|
    |icmp_ln886_fu_136_p2    |   icmp   |   0|  0|  13|          16|          16|
    |icmp_ln890_1_fu_130_p2  |   icmp   |   0|  0|  13|          16|          16|
    |icmp_ln890_2_fu_158_p2  |   icmp   |   0|  0|  13|          16|          16|
    |icmp_ln890_3_fu_172_p2  |   icmp   |   0|  0|  13|          16|          16|
    |icmp_ln890_4_fu_178_p2  |   icmp   |   0|  0|  13|          16|          16|
    |icmp_ln890_5_fu_190_p2  |   icmp   |   0|  0|  13|          16|          16|
    |icmp_ln890_6_fu_214_p2  |   icmp   |   0|  0|  13|          16|          16|
    |icmp_ln890_7_fu_220_p2  |   icmp   |   0|  0|  13|          16|          16|
    |icmp_ln890_fu_118_p2    |   icmp   |   0|  0|  13|          16|          16|
    |or_ln59_fu_410_p2       |    or    |   0|  0|   2|           1|           1|
    |or_ln874_1_fu_460_p2    |    or    |   0|  0|   2|           1|           1|
    |or_ln874_2_fu_466_p2    |    or    |   0|  0|   2|           1|           1|
    |or_ln874_3_fu_472_p2    |    or    |   0|  0|   2|           1|           1|
    |or_ln874_4_fu_478_p2    |    or    |   0|  0|   2|           1|           1|
    |or_ln874_fu_492_p2      |    or    |   0|  0|   2|           1|           1|
    |NMS_1_fu_280_p3         |  select  |   0|  0|   8|           1|           8|
    |NMS_2_fu_306_p3         |  select  |   0|  0|   8|           1|           8|
    |NMS_3_fu_332_p3         |  select  |   0|  0|   8|           1|           8|
    |NMS_4_fu_358_p3         |  select  |   0|  0|   8|           1|           8|
    |NMS_5_fu_366_p3         |  select  |   0|  0|   8|           1|           8|
    |NMS_6_fu_416_p3         |  select  |   0|  0|   8|           1|           2|
    |NMS_fu_164_p3           |  select  |   0|  0|   9|           1|           1|
    |ap_return               |  select  |   0|  0|   8|           1|           8|
    |select_ln874_fu_484_p3  |  select  |   0|  0|   2|           1|           2|
    |xor_ln46_fu_380_p2      |    xor   |   0|  0|   2|           2|           1|
    |xor_ln59_fu_398_p2      |    xor   |   0|  0|   2|           2|           1|
    |xor_ln73_fu_430_p2      |    xor   |   0|  0|   2|           2|           1|
    |xor_ln874_1_fu_238_p2   |    xor   |   0|  0|   2|           1|           2|
    |xor_ln874_2_fu_250_p2   |    xor   |   0|  0|   2|           1|           2|
    |xor_ln874_3_fu_442_p2   |    xor   |   0|  0|   2|           1|           2|
    |xor_ln874_4_fu_454_p2   |    xor   |   0|  0|   2|           1|           2|
    |xor_ln874_fu_226_p2     |    xor   |   0|  0|   2|           1|           2|
    |xor_ln886_1_fu_202_p2   |    xor   |   0|  0|   2|           1|           2|
    |xor_ln886_fu_142_p2     |    xor   |   0|  0|   2|           1|           2|
    +------------------------+----------+----+---+----+------------+------------+
    |Total                   |          |   0|  0| 317|         242|         280|
    +------------------------+----------+----+---+----+------------+------------+

    * Multiplexer: 
    N/A

    * Register: 
    N/A



================================================================
== Interface
================================================================
* Summary: 
+------------------+-----+-----+------------+-----------------------+--------------+
|     RTL Ports    | Dir | Bits|  Protocol  |     Source Object     |    C Type    |
+------------------+-----+-----+------------+-----------------------+--------------+
|ap_ready          | out |    1| ap_ctrl_hs | xFFindmax3x3<3, 0, 0> | return value |
|ap_return         | out |    8| ap_ctrl_hs | xFFindmax3x3<3, 0, 0> | return value |
|p_i00             |  in |   16|   ap_none  |         p_i00         |    scalar    |
|p_i01             |  in |   16|   ap_none  |         p_i01         |    scalar    |
|p_i02             |  in |   16|   ap_none  |         p_i02         |    scalar    |
|p_i10             |  in |   16|   ap_none  |         p_i10         |    scalar    |
|p_i11             |  in |   16|   ap_none  |         p_i11         |    scalar    |
|p_i12             |  in |   16|   ap_none  |         p_i12         |    scalar    |
|p_i20             |  in |   16|   ap_none  |         p_i20         |    scalar    |
|p_i21             |  in |   16|   ap_none  |         p_i21         |    scalar    |
|p_i22             |  in |   16|   ap_none  |         p_i22         |    scalar    |
|angle             |  in |    8|   ap_none  |         angle         |    scalar    |
|p_low_threshold   |  in |    8|   ap_none  |    p_low_threshold    |    scalar    |
|p_high_threshold  |  in |    8|   ap_none  |    p_high_threshold   |    scalar    |
+------------------+-----+-----+------------+-----------------------+--------------+

