

================================================================
== Vitis HLS Report for 'xFGradientY3x3_0_0_s'
================================================================
* Date:           Mon Nov  2 14:21:25 2020

* Version:        2020.1 (Build 2902540 on Wed May 27 20:16:15 MDT 2020)
* Project:        edge_detector
* Solution:       solution1 (Vivado IP Flow Target)
* Product family: zynquplus
* Target device:  xczu3eg-sfvc784-1-i


================================================================
== Performance Estimates
================================================================
+ Timing: 
    * Summary: 
    +--------+----------+----------+------------+
    |  Clock |  Target  | Estimated| Uncertainty|
    +--------+----------+----------+------------+
    |ap_clk  | 10.00 ns | 3.138 ns |   2.70 ns  |
    +--------+----------+----------+------------+

+ Latency: 
    * Summary: 
    +---------+---------+----------+----------+-----+-----+----------+
    |  Latency (cycles) |  Latency (absolute) |  Interval | Pipeline |
    |   min   |   max   |    min   |    max   | min | max |   Type   |
    +---------+---------+----------+----------+-----+-----+----------+
    |        0|        0|   0 ns   |   0 ns   |    1|    1| function |
    +---------+---------+----------+----------+-----+-----+----------+

    + Detail: 
        * Instance: 
        N/A

        * Loop: 
        N/A



================================================================
== Utilization Estimates
================================================================
* Summary: 
+-----------------+---------+-----+--------+-------+-----+
|       Name      | BRAM_18K| DSP |   FF   |  LUT  | URAM|
+-----------------+---------+-----+--------+-------+-----+
|DSP              |        -|    -|       -|      -|    -|
|Expression       |        -|    -|       0|    114|    -|
|FIFO             |        -|    -|       -|      -|    -|
|Instance         |        -|    -|       -|      -|    -|
|Memory           |        -|    -|       -|      -|    -|
|Multiplexer      |        -|    -|       -|      -|    -|
|Register         |        -|    -|       -|      -|    -|
+-----------------+---------+-----+--------+-------+-----+
|Total            |        0|    0|       0|    114|    0|
+-----------------+---------+-----+--------+-------+-----+
|Available        |      432|  360|  141120|  70560|    0|
+-----------------+---------+-----+--------+-------+-----+
|Utilization (%)  |        0|    0|       0|   ~0  |    0|
+-----------------+---------+-----+--------+-------+-----+

+ Detail: 
    * Instance: 
    N/A

    * DSP: 
    N/A

    * Memory: 
    N/A

    * FIFO: 
    N/A

    * Expression: 
    +------------------------+----------+----+---+----+------------+------------+
    |      Variable Name     | Operation| DSP| FF| LUT| Bitwidth P0| Bitwidth P1|
    +------------------------+----------+----+---+----+------------+------------+
    |out_pix_4_fu_140_p2     |     +    |   0|  0|  21|          11|          11|
    |ret_V_1_fu_120_p2       |     +    |   0|  0|  16|           9|           9|
    |ret_V_fu_102_p2         |     +    |   0|  0|  16|           9|           9|
    |out_pix_3_fu_130_p2     |     -    |   0|  0|  17|          10|          10|
    |out_pix_fu_146_p2       |     -    |   0|  0|  21|          11|          11|
    |icmp_ln121_fu_174_p2    |   icmp   |   0|  0|   9|           3|           1|
    |or_ln119_fu_194_p2      |    or    |   0|  0|   2|           1|           1|
    |ap_return               |  select  |   0|  0|   8|           1|           8|
    |select_ln119_fu_186_p3  |  select  |   0|  0|   2|           1|           2|
    |xor_ln119_fu_180_p2     |    xor   |   0|  0|   2|           1|           2|
    +------------------------+----------+----+---+----+------------+------------+
    |Total                   |          |   0|  0| 114|          57|          64|
    +------------------------+----------+----+---+----+------------+------------+

    * Multiplexer: 
    N/A

    * Register: 
    N/A



================================================================
== Interface
================================================================
* Summary: 
+-----------+-----+-----+------------+----------------------+--------------+
| RTL Ports | Dir | Bits|  Protocol  |     Source Object    |    C Type    |
+-----------+-----+-----+------------+----------------------+--------------+
|ap_ready   | out |    1| ap_ctrl_hs | xFGradientY3x3<0, 0> | return value |
|ap_return  | out |    8| ap_ctrl_hs | xFGradientY3x3<0, 0> | return value |
|t0         |  in |    8|   ap_none  |          t0          |    scalar    |
|t1         |  in |    8|   ap_none  |          t1          |    scalar    |
|t2         |  in |    8|   ap_none  |          t2          |    scalar    |
|b0         |  in |    8|   ap_none  |          b0          |    scalar    |
|b1         |  in |    8|   ap_none  |          b1          |    scalar    |
|b2         |  in |    8|   ap_none  |          b2          |    scalar    |
+-----------+-----+-----+------------+----------------------+--------------+

