

================================================================
== Vitis HLS Report for 'xFSobelFilter3x3_0_0_1080_1920_1_0_0_1_1_1_1920_false_s'
================================================================
* Date:           Mon Nov  2 14:21:26 2020

* Version:        2020.1 (Build 2902540 on Wed May 27 20:16:15 MDT 2020)
* Project:        edge_detector
* Solution:       solution1 (Vivado IP Flow Target)
* Product family: zynquplus
* Target device:  xczu3eg-sfvc784-1-i


================================================================
== Performance Estimates
================================================================
+ Timing: 
    * Summary: 
    +--------+----------+----------+------------+
    |  Clock |  Target  | Estimated| Uncertainty|
    +--------+----------+----------+------------+
    |ap_clk  | 10.00 ns | 7.009 ns |   2.70 ns  |
    +--------+----------+----------+------------+

+ Latency: 
    * Summary: 
    +---------+---------+-----------+-----------+---------+---------+---------+
    |  Latency (cycles) |   Latency (absolute)  |      Interval     | Pipeline|
    |   min   |   max   |    min    |    max    |   min   |   max   |   Type  |
    +---------+---------+-----------+-----------+---------+---------+---------+
    |  2082003|  2082003| 20.820 ms | 20.820 ms |  2082003|  2082003|   none  |
    +---------+---------+-----------+-----------+---------+---------+---------+

    + Detail: 
        * Instance: 
        +---------------------------------------+----------------------+---------+---------+----------+----------+-----+-----+----------+
        |                                       |                      |  Latency (cycles) |  Latency (absolute) |  Interval | Pipeline |
        |                Instance               |        Module        |   min   |   max   |    min   |    max   | min | max |   Type   |
        +---------------------------------------+----------------------+---------+---------+----------+----------+-----+-----+----------+
        |call_ret_xFSobel3x3_1_1_0_0_s_fu_318   |xFSobel3x3_1_1_0_0_s  |        0|        0|   0 ns   |   0 ns   |    1|    1| function |
        |p_Repl2_s_xFGradientX3x3_0_0_s_fu_335  |xFGradientX3x3_0_0_s  |        0|        0|   0 ns   |   0 ns   |    1|    1| function |
        |p_Repl2_2_xFGradientY3x3_0_0_s_fu_352  |xFGradientY3x3_0_0_s  |        0|        0|   0 ns   |   0 ns   |    1|    1| function |
        +---------------------------------------+----------------------+---------+---------+----------+----------+-----+-----+----------+

        * Loop: 
        +------------------+---------+---------+----------+-----------+-----------+------+----------+
        |                  |  Latency (cycles) | Iteration|  Initiation Interval  | Trip |          |
        |     Loop Name    |   min   |   max   |  Latency |  achieved |   target  | Count| Pipelined|
        +------------------+---------+---------+----------+-----------+-----------+------+----------+
        |- Clear_Row_Loop  |     1920|     1920|         2|          1|          1|  1920|    yes   |
        |- Row_Loop        |  2080080|  2080080|      1926|          -|          -|  1080|    no    |
        | + Col_Loop       |     1923|     1923|         4|          1|          1|  1920|    yes   |
        +------------------+---------+---------+----------+-----------+-----------+------+----------+



================================================================
== Utilization Estimates
================================================================
* Summary: 
+-----------------+---------+-----+--------+-------+-----+
|       Name      | BRAM_18K| DSP |   FF   |  LUT  | URAM|
+-----------------+---------+-----+--------+-------+-----+
|DSP              |        -|    -|       -|      -|    -|
|Expression       |        -|    -|       0|    215|    -|
|FIFO             |        -|    -|       -|      -|    -|
|Instance         |        -|    -|       0|    501|    -|
|Memory           |        3|    -|       0|      0|    -|
|Multiplexer      |        -|    -|       -|    356|    -|
|Register         |        -|    -|     242|     32|    -|
+-----------------+---------+-----+--------+-------+-----+
|Total            |        3|    0|     242|   1104|    0|
+-----------------+---------+-----+--------+-------+-----+
|Available        |      432|  360|  141120|  70560|    0|
+-----------------+---------+-----+--------+-------+-----+
|Utilization (%)  |    ~0   |    0|   ~0   |      1|    0|
+-----------------+---------+-----+--------+-------+-----+

+ Detail: 
    * Instance: 
    +---------------------------------------+----------------------+---------+----+---+-----+-----+
    |                Instance               |        Module        | BRAM_18K| DSP| FF| LUT | URAM|
    +---------------------------------------+----------------------+---------+----+---+-----+-----+
    |mux_32_8_1_1_U44                       |mux_32_8_1_1          |        0|   0|  0|   15|    0|
    |mux_32_8_1_1_U45                       |mux_32_8_1_1          |        0|   0|  0|   15|    0|
    |mux_32_8_1_1_U46                       |mux_32_8_1_1          |        0|   0|  0|   15|    0|
    |p_Repl2_s_xFGradientX3x3_0_0_s_fu_335  |xFGradientX3x3_0_0_s  |        0|   0|  0|  114|    0|
    |p_Repl2_2_xFGradientY3x3_0_0_s_fu_352  |xFGradientY3x3_0_0_s  |        0|   0|  0|  114|    0|
    |call_ret_xFSobel3x3_1_1_0_0_s_fu_318   |xFSobel3x3_1_1_0_0_s  |        0|   0|  0|  228|    0|
    +---------------------------------------+----------------------+---------+----+---+-----+-----+
    |Total                                  |                      |        0|   0|  0|  501|    0|
    +---------------------------------------+----------------------+---------+----+---+-----+-----+

    * DSP: 
    N/A

    * Memory: 
    +-----------+-----------------------------------------------------------------+---------+---+----+-----+------+-----+------+-------------+
    |   Memory  |                              Module                             | BRAM_18K| FF| LUT| URAM| Words| Bits| Banks| W*Bits*Banks|
    +-----------+-----------------------------------------------------------------+---------+---+----+-----+------+-----+------+-------------+
    |buf_0_V_U  |xFSobelFilter3x3_0_0_1080_1920_1_0_0_1_1_1_1920_false_s_buf_0_V  |        1|  0|   0|    0|  1920|    8|     1|        15360|
    |buf_1_V_U  |xFSobelFilter3x3_0_0_1080_1920_1_0_0_1_1_1_1920_false_s_buf_0_V  |        1|  0|   0|    0|  1920|    8|     1|        15360|
    |buf_2_V_U  |xFSobelFilter3x3_0_0_1080_1920_1_0_0_1_1_1_1920_false_s_buf_0_V  |        1|  0|   0|    0|  1920|    8|     1|        15360|
    +-----------+-----------------------------------------------------------------+---------+---+----+-----+------+-----+------+-------------+
    |Total      |                                                                 |        3|  0|   0|    0|  5760|   24|     3|        46080|
    +-----------+-----------------------------------------------------------------+---------+---+----+-----+------+-----+------+-------------+

    * FIFO: 
    N/A

    * Expression: 
    +----------------------------------+----------+----+---+----+------------+------------+
    |           Variable Name          | Operation| DSP| FF| LUT| Bitwidth P0| Bitwidth P1|
    +----------------------------------+----------+----+---+----+------------+------------+
    |add_ln695_1_fu_563_p2             |     +    |   0|  0|  20|          13|           1|
    |add_ln695_2_fu_583_p2             |     +    |   0|  0|  18|          11|           1|
    |add_ln695_3_fu_492_p2             |     +    |   0|  0|  18|          11|           1|
    |add_ln695_fu_384_p2               |     +    |   0|  0|  18|          11|           1|
    |ap_block_pp0_stage0_11001         |    and   |   0|  0|   2|           1|           1|
    |ap_block_state3_pp0_stage0_iter1  |    and   |   0|  0|   2|           1|           1|
    |ap_block_state7_pp1_stage0_iter1  |    and   |   0|  0|   2|           1|           1|
    |ap_condition_343                  |    and   |   0|  0|   2|           1|           1|
    |ap_condition_580                  |    and   |   0|  0|   2|           1|           1|
    |ap_condition_584                  |    and   |   0|  0|   2|           1|           1|
    |ap_predicate_op121_write_state9   |    and   |   0|  0|   2|           1|           1|
    |ap_predicate_op91_read_state7     |    and   |   0|  0|   2|           1|           1|
    |cmp_i_i533_i_fu_476_p2            |   icmp   |   0|  0|  13|          11|          11|
    |icmp_ln352_fu_395_p2              |   icmp   |   0|  0|  13|          11|          11|
    |icmp_ln874_1_fu_569_p2            |   icmp   |   0|  0|  13|          13|           2|
    |icmp_ln874_2_fu_505_p2            |   icmp   |   0|  0|  13|          11|           1|
    |icmp_ln874_fu_431_p2              |   icmp   |   0|  0|  13|          13|           1|
    |icmp_ln882_1_fu_486_p2            |   icmp   |   0|  0|  13|          11|           9|
    |icmp_ln882_fu_378_p2              |   icmp   |   0|  0|  13|          11|           9|
    |ap_block_pp1_stage0_01001         |    or    |   0|  0|   2|           1|           1|
    |ap_block_state1                   |    or    |   0|  0|   2|           1|           1|
    |ap_block_state10                  |    or    |   0|  0|   2|           1|           1|
    |ap_block_state9_pp1_stage0_iter3  |    or    |   0|  0|   2|           1|           1|
    |select_ln365_1_fu_445_p3          |  select  |   0|  0|   2|           1|           1|
    |select_ln365_2_fu_453_p3          |  select  |   0|  0|   3|           1|           3|
    |select_ln365_fu_437_p3            |  select  |   0|  0|   2|           1|           1|
    |select_ln425_fu_575_p3            |  select  |   0|  0|  13|           1|           1|
    |ap_enable_pp0                     |    xor   |   0|  0|   2|           1|           2|
    |ap_enable_pp1                     |    xor   |   0|  0|   2|           1|           2|
    |ap_enable_reg_pp0_iter1           |    xor   |   0|  0|   2|           2|           1|
    +----------------------------------+----------+----+---+----+------------+------------+
    |Total                             |          |   0|  0| 215|         147|          71|
    +----------------------------------+----------+----+---+----+------------+------------+

    * Multiplexer: 
    +-----------------------------------+----+-----------+-----+-----------+
    |                Name               | LUT| Input Size| Bits| Total Bits|
    +-----------------------------------+----+-----------+-----+-----------+
    |ap_NS_fsm                          |  38|          7|    1|          7|
    |ap_done                            |   9|          2|    1|          2|
    |ap_enable_reg_pp0_iter1            |  15|          3|    1|          3|
    |ap_enable_reg_pp1_iter3            |   9|          2|    1|          2|
    |ap_phi_mux_empty_35_phi_fu_235_p4  |   9|          2|   11|         22|
    |buf_0_V_address1                   |  15|          3|   11|         33|
    |buf_0_V_d1                         |  15|          3|    8|         24|
    |buf_1_V_address1                   |  15|          3|   11|         33|
    |buf_1_V_d1                         |  15|          3|    8|         24|
    |buf_2_V_d1                         |  15|          3|    8|         24|
    |empty_30_fu_96                     |  15|          3|    2|          6|
    |empty_31_fu_100                    |  15|          3|    2|          6|
    |empty_32_fu_104                    |  15|          3|    2|          6|
    |empty_33_reg_207                   |   9|          2|   11|         22|
    |empty_34_reg_219                   |   9|          2|   13|         26|
    |empty_35_reg_231                   |   9|          2|   11|         22|
    |empty_reg_196                      |   9|          2|   11|         22|
    |grayImg_4230_blk_n                 |   9|          2|    1|          2|
    |p_Result_2_reg_267                 |   9|          2|    8|         16|
    |p_Result_3_reg_243                 |   9|          2|    8|         16|
    |p_Result_s_reg_305                 |   9|          2|    8|         16|
    |real_start                         |   9|          2|    1|          2|
    |sobelImg_x_4231_blk_n              |   9|          2|    1|          2|
    |sobelImg_x_4231_din                |  15|          3|    8|         24|
    |sobelImg_y_4232_blk_n              |   9|          2|    1|          2|
    |sobelImg_y_4232_din                |  15|          3|    8|         24|
    |src_buf1_0_V_reg_293               |   9|          2|    8|         16|
    |src_buf2_0_V_reg_255               |   9|          2|    8|         16|
    |src_buf3_0_V_reg_280               |   9|          2|    8|         16|
    +-----------------------------------+----+-----------+-----+-----------+
    |Total                              | 356|         74|  181|        436|
    +-----------------------------------+----+-----------+-----+-----------+

    * Register: 
    +------------------------------------+----+----+-----+-----------+
    |                Name                | FF | LUT| Bits| Const Bits|
    +------------------------------------+----+----+-----+-----------+
    |add_ln695_3_reg_644                 |  11|   0|   11|          0|
    |ap_CS_fsm                           |   6|   0|    6|          0|
    |ap_done_reg                         |   1|   0|    1|          0|
    |ap_enable_reg_pp0_iter0             |   1|   0|    1|          0|
    |ap_enable_reg_pp0_iter1             |   1|   0|    1|          0|
    |ap_enable_reg_pp1_iter0             |   1|   0|    1|          0|
    |ap_enable_reg_pp1_iter1             |   1|   0|    1|          0|
    |ap_enable_reg_pp1_iter2             |   1|   0|    1|          0|
    |ap_enable_reg_pp1_iter3             |   1|   0|    1|          0|
    |buf_0_V_addr_1_reg_653              |  11|   0|   11|          0|
    |buf_1_V_addr_1_reg_658              |  11|   0|   11|          0|
    |buf_2_V_addr_reg_663                |  11|   0|   11|          0|
    |cmp_i_i533_i_reg_632                |   1|   0|    1|          0|
    |empty_30_fu_96                      |   2|   0|    2|          0|
    |empty_31_fu_100                     |   2|   0|    2|          0|
    |empty_32_fu_104                     |   2|   0|    2|          0|
    |empty_33_reg_207                    |  11|   0|   11|          0|
    |empty_34_reg_219                    |  13|   0|   13|          0|
    |empty_35_reg_231                    |  11|   0|   11|          0|
    |empty_reg_196                       |  11|   0|   11|          0|
    |icmp_ln874_2_reg_668                |   1|   0|    1|          0|
    |icmp_ln874_2_reg_668_pp1_iter2_reg  |   1|   0|    1|          0|
    |icmp_ln882_1_reg_640                |   1|   0|    1|          0|
    |icmp_ln882_reg_589                  |   1|   0|    1|          0|
    |p_Result_2_reg_267                  |   8|   0|    8|          0|
    |p_Result_3_reg_243                  |   8|   0|    8|          0|
    |p_Result_s_reg_305                  |   8|   0|    8|          0|
    |p_load36_reg_649                    |   2|   0|    2|          0|
    |src_buf1_0_V_reg_293                |   8|   0|    8|          0|
    |src_buf2_0_V_reg_255                |   8|   0|    8|          0|
    |src_buf3_0_V_reg_280                |   8|   0|    8|          0|
    |start_once_reg                      |   1|   0|    1|          0|
    |trunc_ln324_reg_636                 |   2|   0|    2|          0|
    |zext_ln538_reg_598                  |  11|   0|   64|         53|
    |icmp_ln882_1_reg_640                |  64|  32|    1|          0|
    +------------------------------------+----+----+-----+-----------+
    |Total                               | 242|  32|  232|         53|
    +------------------------------------+----+----+-----+-----------+



================================================================
== Interface
================================================================
* Summary: 
+------------------------+-----+-----+------------+-------------------------------------------------------------------+--------------+
|        RTL Ports       | Dir | Bits|  Protocol  |                           Source Object                           |    C Type    |
+------------------------+-----+-----+------------+-------------------------------------------------------------------+--------------+
|ap_clk                  |  in |    1| ap_ctrl_hs | xFSobelFilter3x3<0, 0, 1080, 1920, 1, 0, 0, 1, 1, 1, 1920, false> | return value |
|ap_rst                  |  in |    1| ap_ctrl_hs | xFSobelFilter3x3<0, 0, 1080, 1920, 1, 0, 0, 1, 1, 1, 1920, false> | return value |
|ap_start                |  in |    1| ap_ctrl_hs | xFSobelFilter3x3<0, 0, 1080, 1920, 1, 0, 0, 1, 1, 1, 1920, false> | return value |
|start_full_n            |  in |    1| ap_ctrl_hs | xFSobelFilter3x3<0, 0, 1080, 1920, 1, 0, 0, 1, 1, 1, 1920, false> | return value |
|ap_done                 | out |    1| ap_ctrl_hs | xFSobelFilter3x3<0, 0, 1080, 1920, 1, 0, 0, 1, 1, 1, 1920, false> | return value |
|ap_continue             |  in |    1| ap_ctrl_hs | xFSobelFilter3x3<0, 0, 1080, 1920, 1, 0, 0, 1, 1, 1, 1920, false> | return value |
|ap_idle                 | out |    1| ap_ctrl_hs | xFSobelFilter3x3<0, 0, 1080, 1920, 1, 0, 0, 1, 1, 1, 1920, false> | return value |
|ap_ready                | out |    1| ap_ctrl_hs | xFSobelFilter3x3<0, 0, 1080, 1920, 1, 0, 0, 1, 1, 1, 1920, false> | return value |
|start_out               | out |    1| ap_ctrl_hs | xFSobelFilter3x3<0, 0, 1080, 1920, 1, 0, 0, 1, 1, 1, 1920, false> | return value |
|start_write             | out |    1| ap_ctrl_hs | xFSobelFilter3x3<0, 0, 1080, 1920, 1, 0, 0, 1, 1, 1, 1920, false> | return value |
|grayImg_4230_dout       |  in |    8|   ap_fifo  |                            grayImg_4230                           |    pointer   |
|grayImg_4230_empty_n    |  in |    1|   ap_fifo  |                            grayImg_4230                           |    pointer   |
|grayImg_4230_read       | out |    1|   ap_fifo  |                            grayImg_4230                           |    pointer   |
|sobelImg_x_4231_din     | out |    8|   ap_fifo  |                          sobelImg_x_4231                          |    pointer   |
|sobelImg_x_4231_full_n  |  in |    1|   ap_fifo  |                          sobelImg_x_4231                          |    pointer   |
|sobelImg_x_4231_write   | out |    1|   ap_fifo  |                          sobelImg_x_4231                          |    pointer   |
|sobelImg_y_4232_din     | out |    8|   ap_fifo  |                          sobelImg_y_4232                          |    pointer   |
|sobelImg_y_4232_full_n  |  in |    1|   ap_fifo  |                          sobelImg_y_4232                          |    pointer   |
|sobelImg_y_4232_write   | out |    1|   ap_fifo  |                          sobelImg_y_4232                          |    pointer   |
+------------------------+-----+-----+------------+-------------------------------------------------------------------+--------------+

