
*** Running vivado
    with args -log design_1_overlaystream_0_0.vds -m64 -product Vivado -mode batch -messageDb vivado.pb -notrace -source design_1_overlaystream_0_0.tcl



****** Vivado v2020.1 (64-bit)
  **** SW Build 2902540 on Wed May 27 19:54:49 MDT 2020
  **** IP Build 2902112 on Wed May 27 22:43:36 MDT 2020
    ** Copyright 1986-2020 Xilinx, Inc. All Rights Reserved.

source design_1_overlaystream_0_0.tcl -notrace
INFO: [IP_Flow 19-234] Refreshing IP repositories
INFO: [IP_Flow 19-1700] Loaded user IP repository 'f:/course_s3_hls_5ev/vivado/08_video_on_video/ip'.
INFO: [IP_Flow 19-1700] Loaded user IP repository 'f:/course_s3_hls_5ev/vivado/ip_repo'.
INFO: [IP_Flow 19-1700] Loaded user IP repository 'f:/course_s3_hls_5ev/hls/overlaystream'.
INFO: [IP_Flow 19-2313] Loaded Vivado IP repository 'F:/xilinx_2020.1/Vivado/2020.1/data/ip'.
Command: synth_design -top design_1_overlaystream_0_0 -part xczu5ev-sfvc784-1-i -mode out_of_context
Starting synth_design
Attempting to get a license for feature 'Synthesis' and/or device 'xczu5ev'
INFO: [Common 17-349] Got license for feature 'Synthesis' and/or device 'xczu5ev'
INFO: [Device 21-403] Loading part xczu5ev-sfvc784-1-i
INFO: [Synth 8-7079] Multithreading enabled for synth_design using a maximum of 2 processes.
INFO: [Synth 8-7078] Launching helper process for spawning children vivado processes
INFO: [Synth 8-7075] Helper process launched with PID 12744
---------------------------------------------------------------------------------
Starting RTL Elaboration : Time (s): cpu = 00:00:04 ; elapsed = 00:00:04 . Memory (MB): peak = 1583.984 ; gain = 79.574
---------------------------------------------------------------------------------
INFO: [Synth 8-6157] synthesizing module 'design_1_overlaystream_0_0' [f:/course_s3_hls_5ev/vivado/08_video_on_video/video_on_video.srcs/sources_1/bd/design_1/ip/design_1_overlaystream_0_0/synth/design_1_overlaystream_0_0.v:58]
INFO: [Synth 8-6157] synthesizing module 'overlaystream' [f:/course_s3_hls_5ev/vivado/08_video_on_video/video_on_video.srcs/sources_1/bd/design_1/ipshared/0c10/hdl/verilog/overlaystream.v:12]
INFO: [Synth 8-6157] synthesizing module 'overlaystream_Loop_loop_height_proc1719' [f:/course_s3_hls_5ev/vivado/08_video_on_video/video_on_video.srcs/sources_1/bd/design_1/ipshared/0c10/hdl/verilog/overlaystream_Loop_loop_height_proc1719.v:10]
	Parameter ap_ST_fsm_state1 bound to: 6'b000001 
	Parameter ap_ST_fsm_state2 bound to: 6'b000010 
	Parameter ap_ST_fsm_pp0_stage0 bound to: 6'b000100 
	Parameter ap_ST_fsm_state5 bound to: 6'b001000 
	Parameter ap_ST_fsm_state6 bound to: 6'b010000 
	Parameter ap_ST_fsm_state7 bound to: 6'b100000 
INFO: [Synth 8-6157] synthesizing module 'regslice_both' [f:/course_s3_hls_5ev/vivado/08_video_on_video/video_on_video.srcs/sources_1/bd/design_1/ipshared/0c10/hdl/verilog/regslice_core.v:8]
	Parameter DataWidth bound to: 24 - type: integer 
INFO: [Synth 8-6155] done synthesizing module 'regslice_both' (1#1) [f:/course_s3_hls_5ev/vivado/08_video_on_video/video_on_video.srcs/sources_1/bd/design_1/ipshared/0c10/hdl/verilog/regslice_core.v:8]
INFO: [Synth 8-6157] synthesizing module 'regslice_both__parameterized0' [f:/course_s3_hls_5ev/vivado/08_video_on_video/video_on_video.srcs/sources_1/bd/design_1/ipshared/0c10/hdl/verilog/regslice_core.v:8]
	Parameter DataWidth bound to: 3 - type: integer 
INFO: [Synth 8-6155] done synthesizing module 'regslice_both__parameterized0' (1#1) [f:/course_s3_hls_5ev/vivado/08_video_on_video/video_on_video.srcs/sources_1/bd/design_1/ipshared/0c10/hdl/verilog/regslice_core.v:8]
INFO: [Synth 8-6157] synthesizing module 'regslice_both__parameterized1' [f:/course_s3_hls_5ev/vivado/08_video_on_video/video_on_video.srcs/sources_1/bd/design_1/ipshared/0c10/hdl/verilog/regslice_core.v:8]
	Parameter DataWidth bound to: 1 - type: integer 
INFO: [Synth 8-6155] done synthesizing module 'regslice_both__parameterized1' (1#1) [f:/course_s3_hls_5ev/vivado/08_video_on_video/video_on_video.srcs/sources_1/bd/design_1/ipshared/0c10/hdl/verilog/regslice_core.v:8]
INFO: [Synth 8-6155] done synthesizing module 'overlaystream_Loop_loop_height_proc1719' (2#1) [f:/course_s3_hls_5ev/vivado/08_video_on_video/video_on_video.srcs/sources_1/bd/design_1/ipshared/0c10/hdl/verilog/overlaystream_Loop_loop_height_proc1719.v:10]
INFO: [Synth 8-6157] synthesizing module 'overlaystream_xfrgb2gray_1080_1920_s' [f:/course_s3_hls_5ev/vivado/08_video_on_video/video_on_video.srcs/sources_1/bd/design_1/ipshared/0c10/hdl/verilog/overlaystream_xfrgb2gray_1080_1920_s.v:10]
	Parameter ap_ST_fsm_state1 bound to: 3'b001 
	Parameter ap_ST_fsm_pp0_stage0 bound to: 3'b010 
	Parameter ap_ST_fsm_state9 bound to: 3'b100 
INFO: [Synth 8-6157] synthesizing module 'overlaystream_ExtractPixel' [f:/course_s3_hls_5ev/vivado/08_video_on_video/video_on_video.srcs/sources_1/bd/design_1/ipshared/0c10/hdl/verilog/overlaystream_ExtractPixel.v:10]
INFO: [Synth 8-6155] done synthesizing module 'overlaystream_ExtractPixel' (3#1) [f:/course_s3_hls_5ev/vivado/08_video_on_video/video_on_video.srcs/sources_1/bd/design_1/ipshared/0c10/hdl/verilog/overlaystream_ExtractPixel.v:10]
INFO: [Synth 8-6157] synthesizing module 'overlaystream_mul_mul_8ns_15ns_22_4_1' [f:/course_s3_hls_5ev/vivado/08_video_on_video/video_on_video.srcs/sources_1/bd/design_1/ipshared/0c10/hdl/verilog/overlaystream_mul_mul_8ns_15ns_22_4_1.v:32]
	Parameter ID bound to: 1 - type: integer 
	Parameter NUM_STAGE bound to: 4 - type: integer 
	Parameter din0_WIDTH bound to: 8 - type: integer 
	Parameter din1_WIDTH bound to: 15 - type: integer 
	Parameter dout_WIDTH bound to: 22 - type: integer 
INFO: [Synth 8-6157] synthesizing module 'overlaystream_mul_mul_8ns_15ns_22_4_1_DSP48_0' [f:/course_s3_hls_5ev/vivado/08_video_on_video/video_on_video.srcs/sources_1/bd/design_1/ipshared/0c10/hdl/verilog/overlaystream_mul_mul_8ns_15ns_22_4_1.v:4]
INFO: [Synth 8-6155] done synthesizing module 'overlaystream_mul_mul_8ns_15ns_22_4_1_DSP48_0' (4#1) [f:/course_s3_hls_5ev/vivado/08_video_on_video/video_on_video.srcs/sources_1/bd/design_1/ipshared/0c10/hdl/verilog/overlaystream_mul_mul_8ns_15ns_22_4_1.v:4]
INFO: [Synth 8-6155] done synthesizing module 'overlaystream_mul_mul_8ns_15ns_22_4_1' (5#1) [f:/course_s3_hls_5ev/vivado/08_video_on_video/video_on_video.srcs/sources_1/bd/design_1/ipshared/0c10/hdl/verilog/overlaystream_mul_mul_8ns_15ns_22_4_1.v:32]
INFO: [Synth 8-6157] synthesizing module 'overlaystream_mac_muladd_8ns_13ns_22ns_22_4_1' [f:/course_s3_hls_5ev/vivado/08_video_on_video/video_on_video.srcs/sources_1/bd/design_1/ipshared/0c10/hdl/verilog/overlaystream_mac_muladd_8ns_13ns_22ns_22_4_1.v:46]
	Parameter ID bound to: 1 - type: integer 
	Parameter NUM_STAGE bound to: 4 - type: integer 
	Parameter din0_WIDTH bound to: 8 - type: integer 
	Parameter din1_WIDTH bound to: 13 - type: integer 
	Parameter din2_WIDTH bound to: 22 - type: integer 
	Parameter dout_WIDTH bound to: 22 - type: integer 
INFO: [Synth 8-6157] synthesizing module 'overlaystream_mac_muladd_8ns_13ns_22ns_22_4_1_DSP48_1' [f:/course_s3_hls_5ev/vivado/08_video_on_video/video_on_video.srcs/sources_1/bd/design_1/ipshared/0c10/hdl/verilog/overlaystream_mac_muladd_8ns_13ns_22ns_22_4_1.v:7]
INFO: [Synth 8-6155] done synthesizing module 'overlaystream_mac_muladd_8ns_13ns_22ns_22_4_1_DSP48_1' (6#1) [f:/course_s3_hls_5ev/vivado/08_video_on_video/video_on_video.srcs/sources_1/bd/design_1/ipshared/0c10/hdl/verilog/overlaystream_mac_muladd_8ns_13ns_22ns_22_4_1.v:7]
INFO: [Synth 8-6155] done synthesizing module 'overlaystream_mac_muladd_8ns_13ns_22ns_22_4_1' (7#1) [f:/course_s3_hls_5ev/vivado/08_video_on_video/video_on_video.srcs/sources_1/bd/design_1/ipshared/0c10/hdl/verilog/overlaystream_mac_muladd_8ns_13ns_22ns_22_4_1.v:46]
INFO: [Synth 8-6157] synthesizing module 'overlaystream_mac_muladd_8ns_16ns_22ns_23_4_1' [f:/course_s3_hls_5ev/vivado/08_video_on_video/video_on_video.srcs/sources_1/bd/design_1/ipshared/0c10/hdl/verilog/overlaystream_mac_muladd_8ns_16ns_22ns_23_4_1.v:46]
	Parameter ID bound to: 1 - type: integer 
	Parameter NUM_STAGE bound to: 4 - type: integer 
	Parameter din0_WIDTH bound to: 8 - type: integer 
	Parameter din1_WIDTH bound to: 16 - type: integer 
	Parameter din2_WIDTH bound to: 22 - type: integer 
	Parameter dout_WIDTH bound to: 23 - type: integer 
INFO: [Synth 8-6157] synthesizing module 'overlaystream_mac_muladd_8ns_16ns_22ns_23_4_1_DSP48_2' [f:/course_s3_hls_5ev/vivado/08_video_on_video/video_on_video.srcs/sources_1/bd/design_1/ipshared/0c10/hdl/verilog/overlaystream_mac_muladd_8ns_16ns_22ns_23_4_1.v:7]
INFO: [Synth 8-6155] done synthesizing module 'overlaystream_mac_muladd_8ns_16ns_22ns_23_4_1_DSP48_2' (8#1) [f:/course_s3_hls_5ev/vivado/08_video_on_video/video_on_video.srcs/sources_1/bd/design_1/ipshared/0c10/hdl/verilog/overlaystream_mac_muladd_8ns_16ns_22ns_23_4_1.v:7]
INFO: [Synth 8-6155] done synthesizing module 'overlaystream_mac_muladd_8ns_16ns_22ns_23_4_1' (9#1) [f:/course_s3_hls_5ev/vivado/08_video_on_video/video_on_video.srcs/sources_1/bd/design_1/ipshared/0c10/hdl/verilog/overlaystream_mac_muladd_8ns_16ns_22ns_23_4_1.v:46]
INFO: [Synth 8-6155] done synthesizing module 'overlaystream_xfrgb2gray_1080_1920_s' (10#1) [f:/course_s3_hls_5ev/vivado/08_video_on_video/video_on_video.srcs/sources_1/bd/design_1/ipshared/0c10/hdl/verilog/overlaystream_xfrgb2gray_1080_1920_s.v:10]
INFO: [Synth 8-6157] synthesizing module 'overlaystream_overlyOnMat_1080_1920_s' [f:/course_s3_hls_5ev/vivado/08_video_on_video/video_on_video.srcs/sources_1/bd/design_1/ipshared/0c10/hdl/verilog/overlaystream_overlyOnMat_1080_1920_s.v:10]
	Parameter ap_ST_fsm_state1 bound to: 3'b001 
	Parameter ap_ST_fsm_pp0_stage0 bound to: 3'b010 
	Parameter ap_ST_fsm_state10 bound to: 3'b100 
INFO: [Synth 8-6157] synthesizing module 'overlaystream_ExtractPixel_1' [f:/course_s3_hls_5ev/vivado/08_video_on_video/video_on_video.srcs/sources_1/bd/design_1/ipshared/0c10/hdl/verilog/overlaystream_ExtractPixel_1.v:10]
INFO: [Synth 8-6155] done synthesizing module 'overlaystream_ExtractPixel_1' (11#1) [f:/course_s3_hls_5ev/vivado/08_video_on_video/video_on_video.srcs/sources_1/bd/design_1/ipshared/0c10/hdl/verilog/overlaystream_ExtractPixel_1.v:10]
INFO: [Synth 8-6157] synthesizing module 'overlaystream_PackPixel' [f:/course_s3_hls_5ev/vivado/08_video_on_video/video_on_video.srcs/sources_1/bd/design_1/ipshared/0c10/hdl/verilog/overlaystream_PackPixel.v:10]
INFO: [Synth 8-6155] done synthesizing module 'overlaystream_PackPixel' (12#1) [f:/course_s3_hls_5ev/vivado/08_video_on_video/video_on_video.srcs/sources_1/bd/design_1/ipshared/0c10/hdl/verilog/overlaystream_PackPixel.v:10]
INFO: [Synth 8-6157] synthesizing module 'overlaystream_mul_8ns_8ns_16_1_1' [f:/course_s3_hls_5ev/vivado/08_video_on_video/video_on_video.srcs/sources_1/bd/design_1/ipshared/0c10/hdl/verilog/overlaystream_mul_8ns_8ns_16_1_1.v:16]
	Parameter ID bound to: 1 - type: integer 
	Parameter NUM_STAGE bound to: 1 - type: integer 
	Parameter din0_WIDTH bound to: 8 - type: integer 
	Parameter din1_WIDTH bound to: 8 - type: integer 
	Parameter dout_WIDTH bound to: 16 - type: integer 
INFO: [Synth 8-6157] synthesizing module 'overlaystream_mul_8ns_8ns_16_1_1_Multiplier_0' [f:/course_s3_hls_5ev/vivado/08_video_on_video/video_on_video.srcs/sources_1/bd/design_1/ipshared/0c10/hdl/verilog/overlaystream_mul_8ns_8ns_16_1_1.v:8]
INFO: [Synth 8-6155] done synthesizing module 'overlaystream_mul_8ns_8ns_16_1_1_Multiplier_0' (13#1) [f:/course_s3_hls_5ev/vivado/08_video_on_video/video_on_video.srcs/sources_1/bd/design_1/ipshared/0c10/hdl/verilog/overlaystream_mul_8ns_8ns_16_1_1.v:8]
INFO: [Synth 8-6155] done synthesizing module 'overlaystream_mul_8ns_8ns_16_1_1' (14#1) [f:/course_s3_hls_5ev/vivado/08_video_on_video/video_on_video.srcs/sources_1/bd/design_1/ipshared/0c10/hdl/verilog/overlaystream_mul_8ns_8ns_16_1_1.v:16]
INFO: [Synth 8-6157] synthesizing module 'overlaystream_mac_muladd_8ns_8ns_16ns_17_4_1' [f:/course_s3_hls_5ev/vivado/08_video_on_video/video_on_video.srcs/sources_1/bd/design_1/ipshared/0c10/hdl/verilog/overlaystream_mac_muladd_8ns_8ns_16ns_17_4_1.v:46]
	Parameter ID bound to: 1 - type: integer 
	Parameter NUM_STAGE bound to: 4 - type: integer 
	Parameter din0_WIDTH bound to: 8 - type: integer 
	Parameter din1_WIDTH bound to: 8 - type: integer 
	Parameter din2_WIDTH bound to: 16 - type: integer 
	Parameter dout_WIDTH bound to: 17 - type: integer 
INFO: [Synth 8-6157] synthesizing module 'overlaystream_mac_muladd_8ns_8ns_16ns_17_4_1_DSP48_3' [f:/course_s3_hls_5ev/vivado/08_video_on_video/video_on_video.srcs/sources_1/bd/design_1/ipshared/0c10/hdl/verilog/overlaystream_mac_muladd_8ns_8ns_16ns_17_4_1.v:7]
INFO: [Synth 8-6155] done synthesizing module 'overlaystream_mac_muladd_8ns_8ns_16ns_17_4_1_DSP48_3' (15#1) [f:/course_s3_hls_5ev/vivado/08_video_on_video/video_on_video.srcs/sources_1/bd/design_1/ipshared/0c10/hdl/verilog/overlaystream_mac_muladd_8ns_8ns_16ns_17_4_1.v:7]
INFO: [Synth 8-6155] done synthesizing module 'overlaystream_mac_muladd_8ns_8ns_16ns_17_4_1' (16#1) [f:/course_s3_hls_5ev/vivado/08_video_on_video/video_on_video.srcs/sources_1/bd/design_1/ipshared/0c10/hdl/verilog/overlaystream_mac_muladd_8ns_8ns_16ns_17_4_1.v:46]
INFO: [Synth 8-6157] synthesizing module 'overlaystream_mul_mul_17ns_19ns_35_4_1' [f:/course_s3_hls_5ev/vivado/08_video_on_video/video_on_video.srcs/sources_1/bd/design_1/ipshared/0c10/hdl/verilog/overlaystream_mul_mul_17ns_19ns_35_4_1.v:32]
	Parameter ID bound to: 1 - type: integer 
	Parameter NUM_STAGE bound to: 4 - type: integer 
	Parameter din0_WIDTH bound to: 17 - type: integer 
	Parameter din1_WIDTH bound to: 19 - type: integer 
	Parameter dout_WIDTH bound to: 35 - type: integer 
INFO: [Synth 8-6157] synthesizing module 'overlaystream_mul_mul_17ns_19ns_35_4_1_DSP48_4' [f:/course_s3_hls_5ev/vivado/08_video_on_video/video_on_video.srcs/sources_1/bd/design_1/ipshared/0c10/hdl/verilog/overlaystream_mul_mul_17ns_19ns_35_4_1.v:4]
INFO: [Synth 8-6155] done synthesizing module 'overlaystream_mul_mul_17ns_19ns_35_4_1_DSP48_4' (17#1) [f:/course_s3_hls_5ev/vivado/08_video_on_video/video_on_video.srcs/sources_1/bd/design_1/ipshared/0c10/hdl/verilog/overlaystream_mul_mul_17ns_19ns_35_4_1.v:4]
INFO: [Synth 8-6155] done synthesizing module 'overlaystream_mul_mul_17ns_19ns_35_4_1' (18#1) [f:/course_s3_hls_5ev/vivado/08_video_on_video/video_on_video.srcs/sources_1/bd/design_1/ipshared/0c10/hdl/verilog/overlaystream_mul_mul_17ns_19ns_35_4_1.v:32]
WARNING: [Synth 8-589] replacing case/wildcard equality operator === with logical equality operator == [f:/course_s3_hls_5ev/vivado/08_video_on_video/video_on_video.srcs/sources_1/bd/design_1/ipshared/0c10/hdl/verilog/overlaystream_overlyOnMat_1080_1920_s.v:958]
WARNING: [Synth 8-589] replacing case/wildcard equality operator === with logical equality operator == [f:/course_s3_hls_5ev/vivado/08_video_on_video/video_on_video.srcs/sources_1/bd/design_1/ipshared/0c10/hdl/verilog/overlaystream_overlyOnMat_1080_1920_s.v:960]
WARNING: [Synth 8-589] replacing case/wildcard equality operator === with logical equality operator == [f:/course_s3_hls_5ev/vivado/08_video_on_video/video_on_video.srcs/sources_1/bd/design_1/ipshared/0c10/hdl/verilog/overlaystream_overlyOnMat_1080_1920_s.v:962]
WARNING: [Synth 8-589] replacing case/wildcard equality operator === with logical equality operator == [f:/course_s3_hls_5ev/vivado/08_video_on_video/video_on_video.srcs/sources_1/bd/design_1/ipshared/0c10/hdl/verilog/overlaystream_overlyOnMat_1080_1920_s.v:964]
INFO: [Synth 8-6155] done synthesizing module 'overlaystream_overlyOnMat_1080_1920_s' (19#1) [f:/course_s3_hls_5ev/vivado/08_video_on_video/video_on_video.srcs/sources_1/bd/design_1/ipshared/0c10/hdl/verilog/overlaystream_overlyOnMat_1080_1920_s.v:10]
INFO: [Synth 8-6157] synthesizing module 'overlaystream_Loop_loop_height_proc1618' [f:/course_s3_hls_5ev/vivado/08_video_on_video/video_on_video.srcs/sources_1/bd/design_1/ipshared/0c10/hdl/verilog/overlaystream_Loop_loop_height_proc1618.v:10]
	Parameter ap_ST_fsm_state1 bound to: 4'b0001 
	Parameter ap_ST_fsm_state2 bound to: 4'b0010 
	Parameter ap_ST_fsm_pp0_stage0 bound to: 4'b0100 
	Parameter ap_ST_fsm_state6 bound to: 4'b1000 
INFO: [Synth 8-6155] done synthesizing module 'overlaystream_Loop_loop_height_proc1618' (20#1) [f:/course_s3_hls_5ev/vivado/08_video_on_video/video_on_video.srcs/sources_1/bd/design_1/ipshared/0c10/hdl/verilog/overlaystream_Loop_loop_height_proc1618.v:10]
INFO: [Synth 8-6157] synthesizing module 'overlaystream_fifo_w24_d1920_A' [f:/course_s3_hls_5ev/vivado/08_video_on_video/video_on_video.srcs/sources_1/bd/design_1/ipshared/0c10/hdl/verilog/overlaystream_fifo_w24_d1920_A.v:8]
	Parameter DATA_WIDTH bound to: 24 - type: integer 
	Parameter ADDR_WIDTH bound to: 11 - type: integer 
	Parameter DEPTH bound to: 1919 - type: integer 
INFO: [Synth 8-6155] done synthesizing module 'overlaystream_fifo_w24_d1920_A' (21#1) [f:/course_s3_hls_5ev/vivado/08_video_on_video/video_on_video.srcs/sources_1/bd/design_1/ipshared/0c10/hdl/verilog/overlaystream_fifo_w24_d1920_A.v:8]
INFO: [Synth 8-6157] synthesizing module 'overlaystream_fifo_w8_d3_S' [f:/course_s3_hls_5ev/vivado/08_video_on_video/video_on_video.srcs/sources_1/bd/design_1/ipshared/0c10/hdl/verilog/overlaystream_fifo_w8_d3_S.v:42]
	Parameter MEM_STYLE bound to: shiftreg - type: string 
	Parameter DATA_WIDTH bound to: 8 - type: integer 
	Parameter ADDR_WIDTH bound to: 2 - type: integer 
	Parameter DEPTH bound to: 3'b011 
INFO: [Synth 8-6157] synthesizing module 'overlaystream_fifo_w8_d3_S_shiftReg' [f:/course_s3_hls_5ev/vivado/08_video_on_video/video_on_video.srcs/sources_1/bd/design_1/ipshared/0c10/hdl/verilog/overlaystream_fifo_w8_d3_S.v:8]
	Parameter DATA_WIDTH bound to: 8 - type: integer 
	Parameter ADDR_WIDTH bound to: 2 - type: integer 
	Parameter DEPTH bound to: 3'b011 
INFO: [Synth 8-6155] done synthesizing module 'overlaystream_fifo_w8_d3_S_shiftReg' (22#1) [f:/course_s3_hls_5ev/vivado/08_video_on_video/video_on_video.srcs/sources_1/bd/design_1/ipshared/0c10/hdl/verilog/overlaystream_fifo_w8_d3_S.v:8]
INFO: [Synth 8-6155] done synthesizing module 'overlaystream_fifo_w8_d3_S' (23#1) [f:/course_s3_hls_5ev/vivado/08_video_on_video/video_on_video.srcs/sources_1/bd/design_1/ipshared/0c10/hdl/verilog/overlaystream_fifo_w8_d3_S.v:42]
INFO: [Synth 8-6157] synthesizing module 'overlaystream_fifo_w32_d3_S' [f:/course_s3_hls_5ev/vivado/08_video_on_video/video_on_video.srcs/sources_1/bd/design_1/ipshared/0c10/hdl/verilog/overlaystream_fifo_w32_d3_S.v:42]
	Parameter MEM_STYLE bound to: shiftreg - type: string 
	Parameter DATA_WIDTH bound to: 32 - type: integer 
	Parameter ADDR_WIDTH bound to: 2 - type: integer 
	Parameter DEPTH bound to: 3'b011 
INFO: [Synth 8-6157] synthesizing module 'overlaystream_fifo_w32_d3_S_shiftReg' [f:/course_s3_hls_5ev/vivado/08_video_on_video/video_on_video.srcs/sources_1/bd/design_1/ipshared/0c10/hdl/verilog/overlaystream_fifo_w32_d3_S.v:8]
	Parameter DATA_WIDTH bound to: 32 - type: integer 
	Parameter ADDR_WIDTH bound to: 2 - type: integer 
	Parameter DEPTH bound to: 3'b011 
INFO: [Synth 8-6155] done synthesizing module 'overlaystream_fifo_w32_d3_S_shiftReg' (24#1) [f:/course_s3_hls_5ev/vivado/08_video_on_video/video_on_video.srcs/sources_1/bd/design_1/ipshared/0c10/hdl/verilog/overlaystream_fifo_w32_d3_S.v:8]
INFO: [Synth 8-6155] done synthesizing module 'overlaystream_fifo_w32_d3_S' (25#1) [f:/course_s3_hls_5ev/vivado/08_video_on_video/video_on_video.srcs/sources_1/bd/design_1/ipshared/0c10/hdl/verilog/overlaystream_fifo_w32_d3_S.v:42]
INFO: [Synth 8-6157] synthesizing module 'overlaystream_fifo_w8_d1920_A' [f:/course_s3_hls_5ev/vivado/08_video_on_video/video_on_video.srcs/sources_1/bd/design_1/ipshared/0c10/hdl/verilog/overlaystream_fifo_w8_d1920_A.v:8]
	Parameter DATA_WIDTH bound to: 8 - type: integer 
	Parameter ADDR_WIDTH bound to: 11 - type: integer 
	Parameter DEPTH bound to: 1919 - type: integer 
INFO: [Synth 8-6155] done synthesizing module 'overlaystream_fifo_w8_d1920_A' (26#1) [f:/course_s3_hls_5ev/vivado/08_video_on_video/video_on_video.srcs/sources_1/bd/design_1/ipshared/0c10/hdl/verilog/overlaystream_fifo_w8_d1920_A.v:8]
INFO: [Synth 8-6157] synthesizing module 'overlaystream_start_for_xfrgb2gray_1080_1920_U0' [f:/course_s3_hls_5ev/vivado/08_video_on_video/video_on_video.srcs/sources_1/bd/design_1/ipshared/0c10/hdl/verilog/overlaystream_start_for_xfrgb2gray_1080_1920_U0.v:42]
	Parameter MEM_STYLE bound to: shiftreg - type: string 
	Parameter DATA_WIDTH bound to: 1 - type: integer 
	Parameter ADDR_WIDTH bound to: 1 - type: integer 
	Parameter DEPTH bound to: 2'b10 
INFO: [Synth 8-6157] synthesizing module 'overlaystream_start_for_xfrgb2gray_1080_1920_U0_shiftReg' [f:/course_s3_hls_5ev/vivado/08_video_on_video/video_on_video.srcs/sources_1/bd/design_1/ipshared/0c10/hdl/verilog/overlaystream_start_for_xfrgb2gray_1080_1920_U0.v:8]
	Parameter DATA_WIDTH bound to: 1 - type: integer 
	Parameter ADDR_WIDTH bound to: 1 - type: integer 
	Parameter DEPTH bound to: 2'b10 
INFO: [Synth 8-6155] done synthesizing module 'overlaystream_start_for_xfrgb2gray_1080_1920_U0_shiftReg' (27#1) [f:/course_s3_hls_5ev/vivado/08_video_on_video/video_on_video.srcs/sources_1/bd/design_1/ipshared/0c10/hdl/verilog/overlaystream_start_for_xfrgb2gray_1080_1920_U0.v:8]
INFO: [Synth 8-6155] done synthesizing module 'overlaystream_start_for_xfrgb2gray_1080_1920_U0' (28#1) [f:/course_s3_hls_5ev/vivado/08_video_on_video/video_on_video.srcs/sources_1/bd/design_1/ipshared/0c10/hdl/verilog/overlaystream_start_for_xfrgb2gray_1080_1920_U0.v:42]
INFO: [Synth 8-6157] synthesizing module 'overlaystream_start_for_overlyOnMat_1080_1920_U0' [f:/course_s3_hls_5ev/vivado/08_video_on_video/video_on_video.srcs/sources_1/bd/design_1/ipshared/0c10/hdl/verilog/overlaystream_start_for_overlyOnMat_1080_1920_U0.v:42]
	Parameter MEM_STYLE bound to: shiftreg - type: string 
	Parameter DATA_WIDTH bound to: 1 - type: integer 
	Parameter ADDR_WIDTH bound to: 2 - type: integer 
	Parameter DEPTH bound to: 3'b011 
INFO: [Synth 8-6157] synthesizing module 'overlaystream_start_for_overlyOnMat_1080_1920_U0_shiftReg' [f:/course_s3_hls_5ev/vivado/08_video_on_video/video_on_video.srcs/sources_1/bd/design_1/ipshared/0c10/hdl/verilog/overlaystream_start_for_overlyOnMat_1080_1920_U0.v:8]
	Parameter DATA_WIDTH bound to: 1 - type: integer 
	Parameter ADDR_WIDTH bound to: 2 - type: integer 
	Parameter DEPTH bound to: 3'b011 
INFO: [Synth 8-6155] done synthesizing module 'overlaystream_start_for_overlyOnMat_1080_1920_U0_shiftReg' (29#1) [f:/course_s3_hls_5ev/vivado/08_video_on_video/video_on_video.srcs/sources_1/bd/design_1/ipshared/0c10/hdl/verilog/overlaystream_start_for_overlyOnMat_1080_1920_U0.v:8]
INFO: [Synth 8-6155] done synthesizing module 'overlaystream_start_for_overlyOnMat_1080_1920_U0' (30#1) [f:/course_s3_hls_5ev/vivado/08_video_on_video/video_on_video.srcs/sources_1/bd/design_1/ipshared/0c10/hdl/verilog/overlaystream_start_for_overlyOnMat_1080_1920_U0.v:42]
INFO: [Synth 8-6157] synthesizing module 'overlaystream_start_for_Loop_loop_height_proc1618_U0' [f:/course_s3_hls_5ev/vivado/08_video_on_video/video_on_video.srcs/sources_1/bd/design_1/ipshared/0c10/hdl/verilog/overlaystream_start_for_Loop_loop_height_proc1618_U0.v:42]
	Parameter MEM_STYLE bound to: shiftreg - type: string 
	Parameter DATA_WIDTH bound to: 1 - type: integer 
	Parameter ADDR_WIDTH bound to: 1 - type: integer 
	Parameter DEPTH bound to: 2'b10 
INFO: [Synth 8-6157] synthesizing module 'overlaystream_start_for_Loop_loop_height_proc1618_U0_shiftReg' [f:/course_s3_hls_5ev/vivado/08_video_on_video/video_on_video.srcs/sources_1/bd/design_1/ipshared/0c10/hdl/verilog/overlaystream_start_for_Loop_loop_height_proc1618_U0.v:8]
	Parameter DATA_WIDTH bound to: 1 - type: integer 
	Parameter ADDR_WIDTH bound to: 1 - type: integer 
	Parameter DEPTH bound to: 2'b10 
INFO: [Synth 8-6155] done synthesizing module 'overlaystream_start_for_Loop_loop_height_proc1618_U0_shiftReg' (31#1) [f:/course_s3_hls_5ev/vivado/08_video_on_video/video_on_video.srcs/sources_1/bd/design_1/ipshared/0c10/hdl/verilog/overlaystream_start_for_Loop_loop_height_proc1618_U0.v:8]
INFO: [Synth 8-6155] done synthesizing module 'overlaystream_start_for_Loop_loop_height_proc1618_U0' (32#1) [f:/course_s3_hls_5ev/vivado/08_video_on_video/video_on_video.srcs/sources_1/bd/design_1/ipshared/0c10/hdl/verilog/overlaystream_start_for_Loop_loop_height_proc1618_U0.v:42]
INFO: [Synth 8-6155] done synthesizing module 'overlaystream' (33#1) [f:/course_s3_hls_5ev/vivado/08_video_on_video/video_on_video.srcs/sources_1/bd/design_1/ipshared/0c10/hdl/verilog/overlaystream.v:12]
INFO: [Synth 8-6155] done synthesizing module 'design_1_overlaystream_0_0' (34#1) [f:/course_s3_hls_5ev/vivado/08_video_on_video/video_on_video.srcs/sources_1/bd/design_1/ip/design_1_overlaystream_0_0/synth/design_1_overlaystream_0_0.v:58]
---------------------------------------------------------------------------------
Finished RTL Elaboration : Time (s): cpu = 00:00:05 ; elapsed = 00:00:06 . Memory (MB): peak = 1655.570 ; gain = 151.160
---------------------------------------------------------------------------------
---------------------------------------------------------------------------------
Start Handling Custom Attributes
---------------------------------------------------------------------------------
---------------------------------------------------------------------------------
Finished Handling Custom Attributes : Time (s): cpu = 00:00:06 ; elapsed = 00:00:06 . Memory (MB): peak = 1673.496 ; gain = 169.086
---------------------------------------------------------------------------------
---------------------------------------------------------------------------------
Finished RTL Optimization Phase 1 : Time (s): cpu = 00:00:06 ; elapsed = 00:00:06 . Memory (MB): peak = 1673.496 ; gain = 169.086
---------------------------------------------------------------------------------
Netlist sorting complete. Time (s): cpu = 00:00:00 ; elapsed = 00:00:00.079 . Memory (MB): peak = 1673.496 ; gain = 0.000
INFO: [Project 1-570] Preparing netlist for logic optimization

Processing XDC Constraints
Initializing timing engine
Parsing XDC File [f:/course_s3_hls_5ev/vivado/08_video_on_video/video_on_video.srcs/sources_1/bd/design_1/ip/design_1_overlaystream_0_0/constraints/overlaystream_ooc.xdc] for cell 'inst'
Finished Parsing XDC File [f:/course_s3_hls_5ev/vivado/08_video_on_video/video_on_video.srcs/sources_1/bd/design_1/ip/design_1_overlaystream_0_0/constraints/overlaystream_ooc.xdc] for cell 'inst'
Parsing XDC File [F:/course_s3_hls_5ev/vivado/08_video_on_video/video_on_video.runs/design_1_overlaystream_0_0_synth_1/dont_touch.xdc]
Finished Parsing XDC File [F:/course_s3_hls_5ev/vivado/08_video_on_video/video_on_video.runs/design_1_overlaystream_0_0_synth_1/dont_touch.xdc]
Completed Processing XDC Constraints

Netlist sorting complete. Time (s): cpu = 00:00:00 ; elapsed = 00:00:00.001 . Memory (MB): peak = 1800.102 ; gain = 0.000
INFO: [Project 1-111] Unisim Transformation Summary:
No Unisim elements were transformed.

Constraint Validation Runtime : Time (s): cpu = 00:00:00 ; elapsed = 00:00:00.083 . Memory (MB): peak = 1800.102 ; gain = 0.000
---------------------------------------------------------------------------------
Finished Constraint Validation : Time (s): cpu = 00:00:15 ; elapsed = 00:00:16 . Memory (MB): peak = 1800.102 ; gain = 295.691
---------------------------------------------------------------------------------
---------------------------------------------------------------------------------
Start Loading Part and Timing Information
---------------------------------------------------------------------------------
Loading part: xczu5ev-sfvc784-1-i
INFO: [Synth 8-6742] Reading net delay rules and data
---------------------------------------------------------------------------------
Finished Loading Part and Timing Information : Time (s): cpu = 00:00:15 ; elapsed = 00:00:16 . Memory (MB): peak = 1800.102 ; gain = 295.691
---------------------------------------------------------------------------------
---------------------------------------------------------------------------------
Start Applying 'set_property' XDC Constraints
---------------------------------------------------------------------------------
Applied set_property DONT_TOUCH = true for inst. (constraint file  F:/course_s3_hls_5ev/vivado/08_video_on_video/video_on_video.runs/design_1_overlaystream_0_0_synth_1/dont_touch.xdc, line 9).
---------------------------------------------------------------------------------
Finished applying 'set_property' XDC Constraints : Time (s): cpu = 00:00:15 ; elapsed = 00:00:16 . Memory (MB): peak = 1800.102 ; gain = 295.691
---------------------------------------------------------------------------------
INFO: [Synth 8-4490] FSM extraction disabled for register 'ap_CS_fsm_reg' through user attribute
INFO: [Synth 8-4490] FSM extraction disabled for register 'ap_CS_fsm_reg' through user attribute
INFO: [Synth 8-4490] FSM extraction disabled for register 'ap_CS_fsm_reg' through user attribute
INFO: [Synth 8-4490] FSM extraction disabled for register 'ap_CS_fsm_reg' through user attribute
INFO: [Synth 8-5779] Default cascade height of 1 will be used for BRAM '"overlaystream_fifo_w24_d1920_A:/mem_reg"'.
INFO: [Synth 8-7030] Implemented Non-Cascaded Block Ram (cascade_height = 1) of width 18 for RAM "overlaystream_fifo_w24_d1920_A:/mem_reg"
INFO: [Synth 8-7030] Implemented Non-Cascaded Block Ram (cascade_height = 1) of width 6 for RAM "overlaystream_fifo_w24_d1920_A:/mem_reg"
INFO: [Synth 8-5779] Default cascade height of 1 will be used for BRAM '"overlaystream_fifo_w8_d1920_A:/mem_reg"'.
INFO: [Synth 8-7030] Implemented Non-Cascaded Block Ram (cascade_height = 1) of width 8 for RAM "overlaystream_fifo_w8_d1920_A:/mem_reg"
---------------------------------------------------------------------------------
Finished RTL Optimization Phase 2 : Time (s): cpu = 00:00:16 ; elapsed = 00:00:17 . Memory (MB): peak = 1800.102 ; gain = 295.691
---------------------------------------------------------------------------------
INFO: [Synth 8-223] decloning instance 'inst/Loop_loop_height_proc1618_U0/regslice_both_video_out_V_id_V_U' (regslice_both__parameterized1) to 'inst/Loop_loop_height_proc1618_U0/regslice_both_video_out_V_dest_V_U'
---------------------------------------------------------------------------------
Start RTL Component Statistics 
---------------------------------------------------------------------------------
Detailed RTL Component Info : 
+---Adders : 
	   3 Input   32 Bit       Adders := 1     
	   2 Input   11 Bit       Adders := 18    
	   2 Input    3 Bit       Adders := 6     
	   2 Input    2 Bit       Adders := 2     
+---XORs : 
	   2 Input      8 Bit         XORs := 1     
	   2 Input      1 Bit         XORs := 6     
+---Registers : 
	               32 Bit    Registers := 6     
	               24 Bit    Registers := 19    
	               18 Bit    Registers := 5     
	               17 Bit    Registers := 3     
	               11 Bit    Registers := 15    
	                8 Bit    Registers := 12    
	                6 Bit    Registers := 1     
	                4 Bit    Registers := 1     
	                3 Bit    Registers := 16    
	                2 Bit    Registers := 15    
	                1 Bit    Registers := 126   
+---RAMs : 
	              44K Bit	(1919 X 24 bit)          RAMs := 3     
	              14K Bit	(1919 X 8 bit)          RAMs := 1     
+---Muxes : 
	   3 Input   32 Bit        Muxes := 2     
	   6 Input   32 Bit        Muxes := 1     
	   2 Input   24 Bit        Muxes := 5     
	   2 Input   11 Bit        Muxes := 16    
	   2 Input    8 Bit        Muxes := 1     
	   3 Input    6 Bit        Muxes := 1     
	   3 Input    4 Bit        Muxes := 2     
	   2 Input    3 Bit        Muxes := 5     
	   6 Input    3 Bit        Muxes := 2     
	   3 Input    3 Bit        Muxes := 1     
	   2 Input    2 Bit        Muxes := 27    
	   4 Input    2 Bit        Muxes := 13    
	   2 Input    1 Bit        Muxes := 100   
---------------------------------------------------------------------------------
Finished RTL Component Statistics 
---------------------------------------------------------------------------------
---------------------------------------------------------------------------------
Start Part Resource Summary
---------------------------------------------------------------------------------
Part Resources:
DSPs: 1248 (col length:96)
BRAMs: 288 (col length: RAMB18 96 RAMB36 48)
---------------------------------------------------------------------------------
Finished Part Resource Summary
---------------------------------------------------------------------------------
---------------------------------------------------------------------------------
Start Cross Boundary and Area Optimization
---------------------------------------------------------------------------------
DSP Report: Generating DSP mul_mul_8ns_15ns_22_4_1_U21/overlaystream_mul_mul_8ns_15ns_22_4_1_DSP48_0_U/p_reg_reg, operation Mode is: ((A:0x2646)'*B2)'.
DSP Report: register mul_mul_8ns_15ns_22_4_1_U21/overlaystream_mul_mul_8ns_15ns_22_4_1_DSP48_0_U/a_reg_reg is absorbed into DSP mul_mul_8ns_15ns_22_4_1_U21/overlaystream_mul_mul_8ns_15ns_22_4_1_DSP48_0_U/p_reg_reg.
DSP Report: register mul_mul_8ns_15ns_22_4_1_U21/overlaystream_mul_mul_8ns_15ns_22_4_1_DSP48_0_U/b_reg_reg is absorbed into DSP mul_mul_8ns_15ns_22_4_1_U21/overlaystream_mul_mul_8ns_15ns_22_4_1_DSP48_0_U/p_reg_reg.
DSP Report: register mul_mul_8ns_15ns_22_4_1_U21/overlaystream_mul_mul_8ns_15ns_22_4_1_DSP48_0_U/p_reg_reg is absorbed into DSP mul_mul_8ns_15ns_22_4_1_U21/overlaystream_mul_mul_8ns_15ns_22_4_1_DSP48_0_U/p_reg_reg.
DSP Report: register mul_mul_8ns_15ns_22_4_1_U21/overlaystream_mul_mul_8ns_15ns_22_4_1_DSP48_0_U/p_reg_tmp_reg is absorbed into DSP mul_mul_8ns_15ns_22_4_1_U21/overlaystream_mul_mul_8ns_15ns_22_4_1_DSP48_0_U/p_reg_reg.
DSP Report: operator mul_mul_8ns_15ns_22_4_1_U21/overlaystream_mul_mul_8ns_15ns_22_4_1_DSP48_0_U/p_reg_tmp0 is absorbed into DSP mul_mul_8ns_15ns_22_4_1_U21/overlaystream_mul_mul_8ns_15ns_22_4_1_DSP48_0_U/p_reg_reg.
DSP Report: Generating DSP mac_muladd_8ns_13ns_22ns_22_4_1_U22/overlaystream_mac_muladd_8ns_13ns_22ns_22_4_1_DSP48_1_U/p_reg_reg, operation Mode is: (C+(A''*(B:0xe98)')')'.
DSP Report: register mac_muladd_8ns_13ns_22ns_22_4_1_U22/overlaystream_mac_muladd_8ns_13ns_22ns_22_4_1_DSP48_1_U/b_reg_reg is absorbed into DSP mac_muladd_8ns_13ns_22ns_22_4_1_U22/overlaystream_mac_muladd_8ns_13ns_22ns_22_4_1_DSP48_1_U/p_reg_reg.
DSP Report: register mac_muladd_8ns_13ns_22ns_22_4_1_U22/overlaystream_mac_muladd_8ns_13ns_22ns_22_4_1_DSP48_1_U/p_reg_reg is absorbed into DSP mac_muladd_8ns_13ns_22ns_22_4_1_U22/overlaystream_mac_muladd_8ns_13ns_22ns_22_4_1_DSP48_1_U/p_reg_reg.
DSP Report: register mac_muladd_8ns_13ns_22ns_22_4_1_U22/overlaystream_mac_muladd_8ns_13ns_22ns_22_4_1_DSP48_1_U/p_reg_reg is absorbed into DSP mac_muladd_8ns_13ns_22ns_22_4_1_U22/overlaystream_mac_muladd_8ns_13ns_22ns_22_4_1_DSP48_1_U/p_reg_reg.
DSP Report: register mac_muladd_8ns_13ns_22ns_22_4_1_U22/overlaystream_mac_muladd_8ns_13ns_22ns_22_4_1_DSP48_1_U/p_reg_reg is absorbed into DSP mac_muladd_8ns_13ns_22ns_22_4_1_U22/overlaystream_mac_muladd_8ns_13ns_22ns_22_4_1_DSP48_1_U/p_reg_reg.
DSP Report: register mac_muladd_8ns_13ns_22ns_22_4_1_U22/overlaystream_mac_muladd_8ns_13ns_22ns_22_4_1_DSP48_1_U/m_reg_reg is absorbed into DSP mac_muladd_8ns_13ns_22ns_22_4_1_U22/overlaystream_mac_muladd_8ns_13ns_22ns_22_4_1_DSP48_1_U/p_reg_reg.
DSP Report: operator mac_muladd_8ns_13ns_22ns_22_4_1_U22/overlaystream_mac_muladd_8ns_13ns_22ns_22_4_1_DSP48_1_U/p is absorbed into DSP mac_muladd_8ns_13ns_22ns_22_4_1_U22/overlaystream_mac_muladd_8ns_13ns_22ns_22_4_1_DSP48_1_U/p_reg_reg.
DSP Report: operator mac_muladd_8ns_13ns_22ns_22_4_1_U22/overlaystream_mac_muladd_8ns_13ns_22ns_22_4_1_DSP48_1_U/m is absorbed into DSP mac_muladd_8ns_13ns_22ns_22_4_1_U22/overlaystream_mac_muladd_8ns_13ns_22ns_22_4_1_DSP48_1_U/p_reg_reg.
DSP Report: Generating DSP mac_muladd_8ns_16ns_22ns_23_4_1_U23/overlaystream_mac_muladd_8ns_16ns_22ns_23_4_1_DSP48_2_U/p_reg_reg, operation Mode is: (C+(A''*(B:0x4b23)')')'.
DSP Report: register mac_muladd_8ns_16ns_22ns_23_4_1_U23/overlaystream_mac_muladd_8ns_16ns_22ns_23_4_1_DSP48_2_U/b_reg_reg is absorbed into DSP mac_muladd_8ns_16ns_22ns_23_4_1_U23/overlaystream_mac_muladd_8ns_16ns_22ns_23_4_1_DSP48_2_U/p_reg_reg.
DSP Report: register mac_muladd_8ns_16ns_22ns_23_4_1_U23/overlaystream_mac_muladd_8ns_16ns_22ns_23_4_1_DSP48_2_U/p_reg_reg is absorbed into DSP mac_muladd_8ns_16ns_22ns_23_4_1_U23/overlaystream_mac_muladd_8ns_16ns_22ns_23_4_1_DSP48_2_U/p_reg_reg.
DSP Report: register mac_muladd_8ns_16ns_22ns_23_4_1_U23/overlaystream_mac_muladd_8ns_16ns_22ns_23_4_1_DSP48_2_U/p_reg_reg is absorbed into DSP mac_muladd_8ns_16ns_22ns_23_4_1_U23/overlaystream_mac_muladd_8ns_16ns_22ns_23_4_1_DSP48_2_U/p_reg_reg.
DSP Report: register mac_muladd_8ns_16ns_22ns_23_4_1_U23/overlaystream_mac_muladd_8ns_16ns_22ns_23_4_1_DSP48_2_U/p_reg_reg is absorbed into DSP mac_muladd_8ns_16ns_22ns_23_4_1_U23/overlaystream_mac_muladd_8ns_16ns_22ns_23_4_1_DSP48_2_U/p_reg_reg.
DSP Report: register mac_muladd_8ns_16ns_22ns_23_4_1_U23/overlaystream_mac_muladd_8ns_16ns_22ns_23_4_1_DSP48_2_U/m_reg_reg is absorbed into DSP mac_muladd_8ns_16ns_22ns_23_4_1_U23/overlaystream_mac_muladd_8ns_16ns_22ns_23_4_1_DSP48_2_U/p_reg_reg.
DSP Report: operator mac_muladd_8ns_16ns_22ns_23_4_1_U23/overlaystream_mac_muladd_8ns_16ns_22ns_23_4_1_DSP48_2_U/p is absorbed into DSP mac_muladd_8ns_16ns_22ns_23_4_1_U23/overlaystream_mac_muladd_8ns_16ns_22ns_23_4_1_DSP48_2_U/p_reg_reg.
DSP Report: operator mac_muladd_8ns_16ns_22ns_23_4_1_U23/overlaystream_mac_muladd_8ns_16ns_22ns_23_4_1_DSP48_2_U/m is absorbed into DSP mac_muladd_8ns_16ns_22ns_23_4_1_U23/overlaystream_mac_muladd_8ns_16ns_22ns_23_4_1_DSP48_2_U/p_reg_reg.
DSP Report: Generating DSP mul_8ns_8ns_16_1_1_U34/overlaystream_mul_8ns_8ns_16_1_1_Multiplier_0_U/p, operation Mode is: A''*B''.
DSP Report: register mul_8ns_8ns_16_1_1_U34/overlaystream_mul_8ns_8ns_16_1_1_Multiplier_0_U/p is absorbed into DSP mul_8ns_8ns_16_1_1_U34/overlaystream_mul_8ns_8ns_16_1_1_Multiplier_0_U/p.
DSP Report: register mul_8ns_8ns_16_1_1_U34/overlaystream_mul_8ns_8ns_16_1_1_Multiplier_0_U/p is absorbed into DSP mul_8ns_8ns_16_1_1_U34/overlaystream_mul_8ns_8ns_16_1_1_Multiplier_0_U/p.
DSP Report: register mul_8ns_8ns_16_1_1_U34/overlaystream_mul_8ns_8ns_16_1_1_Multiplier_0_U/p is absorbed into DSP mul_8ns_8ns_16_1_1_U34/overlaystream_mul_8ns_8ns_16_1_1_Multiplier_0_U/p.
DSP Report: register mul_8ns_8ns_16_1_1_U34/overlaystream_mul_8ns_8ns_16_1_1_Multiplier_0_U/p is absorbed into DSP mul_8ns_8ns_16_1_1_U34/overlaystream_mul_8ns_8ns_16_1_1_Multiplier_0_U/p.
DSP Report: operator mul_8ns_8ns_16_1_1_U34/overlaystream_mul_8ns_8ns_16_1_1_Multiplier_0_U/p is absorbed into DSP mul_8ns_8ns_16_1_1_U34/overlaystream_mul_8ns_8ns_16_1_1_Multiplier_0_U/p.
DSP Report: Generating DSP mac_muladd_8ns_8ns_16ns_17_4_1_U35/overlaystream_mac_muladd_8ns_8ns_16ns_17_4_1_DSP48_3_U/p_reg_reg, operation Mode is: (C+(A2*B2)')'.
DSP Report: register mac_muladd_8ns_8ns_16ns_17_4_1_U35/overlaystream_mac_muladd_8ns_8ns_16ns_17_4_1_DSP48_3_U/p_reg_reg is absorbed into DSP mac_muladd_8ns_8ns_16ns_17_4_1_U35/overlaystream_mac_muladd_8ns_8ns_16ns_17_4_1_DSP48_3_U/p_reg_reg.
DSP Report: register mac_muladd_8ns_8ns_16ns_17_4_1_U35/overlaystream_mac_muladd_8ns_8ns_16ns_17_4_1_DSP48_3_U/a_reg_reg is absorbed into DSP mac_muladd_8ns_8ns_16ns_17_4_1_U35/overlaystream_mac_muladd_8ns_8ns_16ns_17_4_1_DSP48_3_U/p_reg_reg.
DSP Report: register mac_muladd_8ns_8ns_16ns_17_4_1_U35/overlaystream_mac_muladd_8ns_8ns_16ns_17_4_1_DSP48_3_U/p_reg_reg is absorbed into DSP mac_muladd_8ns_8ns_16ns_17_4_1_U35/overlaystream_mac_muladd_8ns_8ns_16ns_17_4_1_DSP48_3_U/p_reg_reg.
DSP Report: register mac_muladd_8ns_8ns_16ns_17_4_1_U35/overlaystream_mac_muladd_8ns_8ns_16ns_17_4_1_DSP48_3_U/m_reg_reg is absorbed into DSP mac_muladd_8ns_8ns_16ns_17_4_1_U35/overlaystream_mac_muladd_8ns_8ns_16ns_17_4_1_DSP48_3_U/p_reg_reg.
DSP Report: operator mac_muladd_8ns_8ns_16ns_17_4_1_U35/overlaystream_mac_muladd_8ns_8ns_16ns_17_4_1_DSP48_3_U/p is absorbed into DSP mac_muladd_8ns_8ns_16ns_17_4_1_U35/overlaystream_mac_muladd_8ns_8ns_16ns_17_4_1_DSP48_3_U/p_reg_reg.
DSP Report: operator mac_muladd_8ns_8ns_16ns_17_4_1_U35/overlaystream_mac_muladd_8ns_8ns_16ns_17_4_1_DSP48_3_U/m is absorbed into DSP mac_muladd_8ns_8ns_16ns_17_4_1_U35/overlaystream_mac_muladd_8ns_8ns_16ns_17_4_1_DSP48_3_U/p_reg_reg.
DSP Report: Generating DSP mul_mul_17ns_19ns_35_4_1_U38/overlaystream_mul_mul_17ns_19ns_35_4_1_DSP48_4_U/p_reg_reg, operation Mode is: ((A:0x20203)'*B2)'.
DSP Report: register mul_mul_17ns_19ns_35_4_1_U38/overlaystream_mul_mul_17ns_19ns_35_4_1_DSP48_4_U/a_reg_reg is absorbed into DSP mul_mul_17ns_19ns_35_4_1_U38/overlaystream_mul_mul_17ns_19ns_35_4_1_DSP48_4_U/p_reg_reg.
DSP Report: register mul_mul_17ns_19ns_35_4_1_U38/overlaystream_mul_mul_17ns_19ns_35_4_1_DSP48_4_U/b_reg_reg is absorbed into DSP mul_mul_17ns_19ns_35_4_1_U38/overlaystream_mul_mul_17ns_19ns_35_4_1_DSP48_4_U/p_reg_reg.
DSP Report: register mul_mul_17ns_19ns_35_4_1_U38/overlaystream_mul_mul_17ns_19ns_35_4_1_DSP48_4_U/p_reg_reg is absorbed into DSP mul_mul_17ns_19ns_35_4_1_U38/overlaystream_mul_mul_17ns_19ns_35_4_1_DSP48_4_U/p_reg_reg.
DSP Report: register mul_mul_17ns_19ns_35_4_1_U38/overlaystream_mul_mul_17ns_19ns_35_4_1_DSP48_4_U/p_reg_tmp_reg is absorbed into DSP mul_mul_17ns_19ns_35_4_1_U38/overlaystream_mul_mul_17ns_19ns_35_4_1_DSP48_4_U/p_reg_reg.
DSP Report: operator mul_mul_17ns_19ns_35_4_1_U38/overlaystream_mul_mul_17ns_19ns_35_4_1_DSP48_4_U/p_reg_tmp0 is absorbed into DSP mul_mul_17ns_19ns_35_4_1_U38/overlaystream_mul_mul_17ns_19ns_35_4_1_DSP48_4_U/p_reg_reg.
DSP Report: Generating DSP mac_muladd_8ns_8ns_16ns_17_4_1_U36/overlaystream_mac_muladd_8ns_8ns_16ns_17_4_1_DSP48_3_U/p_reg_reg, operation Mode is: (C+(A2*B2)')'.
DSP Report: register mac_muladd_8ns_8ns_16ns_17_4_1_U36/overlaystream_mac_muladd_8ns_8ns_16ns_17_4_1_DSP48_3_U/b_reg_reg is absorbed into DSP mac_muladd_8ns_8ns_16ns_17_4_1_U36/overlaystream_mac_muladd_8ns_8ns_16ns_17_4_1_DSP48_3_U/p_reg_reg.
DSP Report: register mac_muladd_8ns_8ns_16ns_17_4_1_U35/overlaystream_mac_muladd_8ns_8ns_16ns_17_4_1_DSP48_3_U/a_reg_reg is absorbed into DSP mac_muladd_8ns_8ns_16ns_17_4_1_U36/overlaystream_mac_muladd_8ns_8ns_16ns_17_4_1_DSP48_3_U/p_reg_reg.
DSP Report: register mac_muladd_8ns_8ns_16ns_17_4_1_U36/overlaystream_mac_muladd_8ns_8ns_16ns_17_4_1_DSP48_3_U/p_reg_reg is absorbed into DSP mac_muladd_8ns_8ns_16ns_17_4_1_U36/overlaystream_mac_muladd_8ns_8ns_16ns_17_4_1_DSP48_3_U/p_reg_reg.
DSP Report: register mac_muladd_8ns_8ns_16ns_17_4_1_U36/overlaystream_mac_muladd_8ns_8ns_16ns_17_4_1_DSP48_3_U/m_reg_reg is absorbed into DSP mac_muladd_8ns_8ns_16ns_17_4_1_U36/overlaystream_mac_muladd_8ns_8ns_16ns_17_4_1_DSP48_3_U/p_reg_reg.
DSP Report: operator mac_muladd_8ns_8ns_16ns_17_4_1_U36/overlaystream_mac_muladd_8ns_8ns_16ns_17_4_1_DSP48_3_U/p is absorbed into DSP mac_muladd_8ns_8ns_16ns_17_4_1_U36/overlaystream_mac_muladd_8ns_8ns_16ns_17_4_1_DSP48_3_U/p_reg_reg.
DSP Report: operator mac_muladd_8ns_8ns_16ns_17_4_1_U36/overlaystream_mac_muladd_8ns_8ns_16ns_17_4_1_DSP48_3_U/m is absorbed into DSP mac_muladd_8ns_8ns_16ns_17_4_1_U36/overlaystream_mac_muladd_8ns_8ns_16ns_17_4_1_DSP48_3_U/p_reg_reg.
DSP Report: Generating DSP mul_mul_17ns_19ns_35_4_1_U39/overlaystream_mul_mul_17ns_19ns_35_4_1_DSP48_4_U/p_reg_reg, operation Mode is: ((A:0x20203)'*B2)'.
DSP Report: register mul_mul_17ns_19ns_35_4_1_U39/overlaystream_mul_mul_17ns_19ns_35_4_1_DSP48_4_U/a_reg_reg is absorbed into DSP mul_mul_17ns_19ns_35_4_1_U39/overlaystream_mul_mul_17ns_19ns_35_4_1_DSP48_4_U/p_reg_reg.
DSP Report: register mul_mul_17ns_19ns_35_4_1_U38/overlaystream_mul_mul_17ns_19ns_35_4_1_DSP48_4_U/b_reg_reg is absorbed into DSP mul_mul_17ns_19ns_35_4_1_U39/overlaystream_mul_mul_17ns_19ns_35_4_1_DSP48_4_U/p_reg_reg.
DSP Report: register mul_mul_17ns_19ns_35_4_1_U39/overlaystream_mul_mul_17ns_19ns_35_4_1_DSP48_4_U/p_reg_reg is absorbed into DSP mul_mul_17ns_19ns_35_4_1_U39/overlaystream_mul_mul_17ns_19ns_35_4_1_DSP48_4_U/p_reg_reg.
DSP Report: register mul_mul_17ns_19ns_35_4_1_U39/overlaystream_mul_mul_17ns_19ns_35_4_1_DSP48_4_U/p_reg_tmp_reg is absorbed into DSP mul_mul_17ns_19ns_35_4_1_U39/overlaystream_mul_mul_17ns_19ns_35_4_1_DSP48_4_U/p_reg_reg.
DSP Report: operator mul_mul_17ns_19ns_35_4_1_U39/overlaystream_mul_mul_17ns_19ns_35_4_1_DSP48_4_U/p_reg_tmp0 is absorbed into DSP mul_mul_17ns_19ns_35_4_1_U39/overlaystream_mul_mul_17ns_19ns_35_4_1_DSP48_4_U/p_reg_reg.
DSP Report: Generating DSP mac_muladd_8ns_8ns_16ns_17_4_1_U37/overlaystream_mac_muladd_8ns_8ns_16ns_17_4_1_DSP48_3_U/p_reg_reg, operation Mode is: (C+(A2*B2)')'.
DSP Report: register mac_muladd_8ns_8ns_16ns_17_4_1_U37/overlaystream_mac_muladd_8ns_8ns_16ns_17_4_1_DSP48_3_U/b_reg_reg is absorbed into DSP mac_muladd_8ns_8ns_16ns_17_4_1_U37/overlaystream_mac_muladd_8ns_8ns_16ns_17_4_1_DSP48_3_U/p_reg_reg.
DSP Report: register mac_muladd_8ns_8ns_16ns_17_4_1_U35/overlaystream_mac_muladd_8ns_8ns_16ns_17_4_1_DSP48_3_U/a_reg_reg is absorbed into DSP mac_muladd_8ns_8ns_16ns_17_4_1_U37/overlaystream_mac_muladd_8ns_8ns_16ns_17_4_1_DSP48_3_U/p_reg_reg.
DSP Report: register mac_muladd_8ns_8ns_16ns_17_4_1_U37/overlaystream_mac_muladd_8ns_8ns_16ns_17_4_1_DSP48_3_U/p_reg_reg is absorbed into DSP mac_muladd_8ns_8ns_16ns_17_4_1_U37/overlaystream_mac_muladd_8ns_8ns_16ns_17_4_1_DSP48_3_U/p_reg_reg.
DSP Report: register mac_muladd_8ns_8ns_16ns_17_4_1_U37/overlaystream_mac_muladd_8ns_8ns_16ns_17_4_1_DSP48_3_U/m_reg_reg is absorbed into DSP mac_muladd_8ns_8ns_16ns_17_4_1_U37/overlaystream_mac_muladd_8ns_8ns_16ns_17_4_1_DSP48_3_U/p_reg_reg.
DSP Report: operator mac_muladd_8ns_8ns_16ns_17_4_1_U37/overlaystream_mac_muladd_8ns_8ns_16ns_17_4_1_DSP48_3_U/p is absorbed into DSP mac_muladd_8ns_8ns_16ns_17_4_1_U37/overlaystream_mac_muladd_8ns_8ns_16ns_17_4_1_DSP48_3_U/p_reg_reg.
DSP Report: operator mac_muladd_8ns_8ns_16ns_17_4_1_U37/overlaystream_mac_muladd_8ns_8ns_16ns_17_4_1_DSP48_3_U/m is absorbed into DSP mac_muladd_8ns_8ns_16ns_17_4_1_U37/overlaystream_mac_muladd_8ns_8ns_16ns_17_4_1_DSP48_3_U/p_reg_reg.
DSP Report: Generating DSP mul_mul_17ns_19ns_35_4_1_U40/overlaystream_mul_mul_17ns_19ns_35_4_1_DSP48_4_U/p_reg_reg, operation Mode is: ((A:0x20203)'*B2)'.
DSP Report: register mul_mul_17ns_19ns_35_4_1_U40/overlaystream_mul_mul_17ns_19ns_35_4_1_DSP48_4_U/a_reg_reg is absorbed into DSP mul_mul_17ns_19ns_35_4_1_U40/overlaystream_mul_mul_17ns_19ns_35_4_1_DSP48_4_U/p_reg_reg.
DSP Report: register mul_mul_17ns_19ns_35_4_1_U38/overlaystream_mul_mul_17ns_19ns_35_4_1_DSP48_4_U/b_reg_reg is absorbed into DSP mul_mul_17ns_19ns_35_4_1_U40/overlaystream_mul_mul_17ns_19ns_35_4_1_DSP48_4_U/p_reg_reg.
DSP Report: register mul_mul_17ns_19ns_35_4_1_U40/overlaystream_mul_mul_17ns_19ns_35_4_1_DSP48_4_U/p_reg_reg is absorbed into DSP mul_mul_17ns_19ns_35_4_1_U40/overlaystream_mul_mul_17ns_19ns_35_4_1_DSP48_4_U/p_reg_reg.
DSP Report: register mul_mul_17ns_19ns_35_4_1_U40/overlaystream_mul_mul_17ns_19ns_35_4_1_DSP48_4_U/p_reg_tmp_reg is absorbed into DSP mul_mul_17ns_19ns_35_4_1_U40/overlaystream_mul_mul_17ns_19ns_35_4_1_DSP48_4_U/p_reg_reg.
DSP Report: operator mul_mul_17ns_19ns_35_4_1_U40/overlaystream_mul_mul_17ns_19ns_35_4_1_DSP48_4_U/p_reg_tmp0 is absorbed into DSP mul_mul_17ns_19ns_35_4_1_U40/overlaystream_mul_mul_17ns_19ns_35_4_1_DSP48_4_U/p_reg_reg.
INFO: [Synth 8-7124] RAM ("inst/img_in_data_U/mem_reg") is implemented using BRAM instead of URAM. Memory would be severely underutilized if URAMs are used
INFO: [Synth 8-5779] Default cascade height of 1 will be used for BRAM '"inst/img_in_data_U/mem_reg"'.
INFO: [Synth 8-7030] Implemented Non-Cascaded Block Ram (cascade_height = 1) of width 18 for RAM "inst/img_in_data_U/mem_reg"
INFO: [Synth 8-7030] Implemented Non-Cascaded Block Ram (cascade_height = 1) of width 6 for RAM "inst/img_in_data_U/mem_reg"
INFO: [Synth 8-7124] RAM ("inst/img_src1_data_U/mem_reg") is implemented using BRAM instead of URAM. Memory would be severely underutilized if URAMs are used
INFO: [Synth 8-5779] Default cascade height of 1 will be used for BRAM '"inst/img_src1_data_U/mem_reg"'.
INFO: [Synth 8-7030] Implemented Non-Cascaded Block Ram (cascade_height = 1) of width 8 for RAM "inst/img_src1_data_U/mem_reg"
INFO: [Synth 8-7124] RAM ("inst/img_src2_data_U/mem_reg") is implemented using BRAM instead of URAM. Memory would be severely underutilized if URAMs are used
INFO: [Synth 8-5779] Default cascade height of 1 will be used for BRAM '"inst/img_src2_data_U/mem_reg"'.
INFO: [Synth 8-7030] Implemented Non-Cascaded Block Ram (cascade_height = 1) of width 18 for RAM "inst/img_src2_data_U/mem_reg"
INFO: [Synth 8-7030] Implemented Non-Cascaded Block Ram (cascade_height = 1) of width 6 for RAM "inst/img_src2_data_U/mem_reg"
INFO: [Synth 8-7124] RAM ("inst/img_out_data_U/mem_reg") is implemented using BRAM instead of URAM. Memory would be severely underutilized if URAMs are used
INFO: [Synth 8-5779] Default cascade height of 1 will be used for BRAM '"inst/img_out_data_U/mem_reg"'.
INFO: [Synth 8-7030] Implemented Non-Cascaded Block Ram (cascade_height = 1) of width 18 for RAM "inst/img_out_data_U/mem_reg"
INFO: [Synth 8-7030] Implemented Non-Cascaded Block Ram (cascade_height = 1) of width 6 for RAM "inst/img_out_data_U/mem_reg"
---------------------------------------------------------------------------------
Finished Cross Boundary and Area Optimization : Time (s): cpu = 00:00:22 ; elapsed = 00:00:23 . Memory (MB): peak = 1800.102 ; gain = 295.691
---------------------------------------------------------------------------------
---------------------------------------------------------------------------------
Start ROM, RAM, DSP and Shift Register Reporting
---------------------------------------------------------------------------------

Block RAM: Preliminary Mapping	Report (see note below)
+------------+-------------------------+------------------------+---+---+------------------------+---+---+------------------+--------+--------+-----------------+
|Module Name | RTL Object              | PORT A (Depth x Width) | W | R | PORT B (Depth x Width) | W | R | Ports driving FF | RAMB18 | RAMB36 | Cascade Heights | 
+------------+-------------------------+------------------------+---+---+------------------------+---+---+------------------+--------+--------+-----------------+
|inst        | img_in_data_U/mem_reg   | 1 K x 24(READ_FIRST)   | W |   | 1 K x 24(WRITE_FIRST)  |   | R | Port A and B     | 1      | 1      | 1,1             | 
|inst        | img_src1_data_U/mem_reg | 1 K x 8(READ_FIRST)    | W |   | 1 K x 8(WRITE_FIRST)   |   | R | Port A and B     | 1      | 0      | 1               | 
|inst        | img_src2_data_U/mem_reg | 1 K x 24(READ_FIRST)   | W |   | 1 K x 24(WRITE_FIRST)  |   | R | Port A and B     | 1      | 1      | 1,1             | 
|inst        | img_out_data_U/mem_reg  | 1 K x 24(READ_FIRST)   | W |   | 1 K x 24(WRITE_FIRST)  |   | R | Port A and B     | 1      | 1      | 1,1             | 
+------------+-------------------------+------------------------+---+---+------------------------+---+---+------------------+--------+--------+-----------------+

Note: The table above is a preliminary report that shows the Block RAMs at the current stage of the synthesis flow. Some Block RAMs may be reimplemented as non Block RAM primitives later in the synthesis flow. Multiple instantiated Block RAMs are reported only once. 

DSP: Preliminary Mapping	Report (see note below)
+------------------------------------------------------+-------------------------+--------+--------+--------+--------+--------+------+------+------+------+-------+------+------+
|Module Name                                           | DSP Mapping             | A Size | B Size | C Size | D Size | P Size | AREG | BREG | CREG | DREG | ADREG | MREG | PREG | 
+------------------------------------------------------+-------------------------+--------+--------+--------+--------+--------+------+------+------+------+-------+------+------+
|overlaystream_mul_mul_8ns_15ns_22_4_1_DSP48_0         | ((A:0x2646)'*B2)'       | 8      | 15     | -      | -      | 22     | 1    | 1    | -    | -    | -     | 1    | 1    | 
|overlaystream_mac_muladd_8ns_13ns_22ns_22_4_1_DSP48_1 | (C+(A''*(B:0xe98)')')'  | 27     | 18     | 23     | -      | 22     | 2    | 1    | 0    | -    | -     | 1    | 1    | 
|overlaystream_mac_muladd_8ns_16ns_22ns_23_4_1_DSP48_2 | (C+(A''*(B:0x4b23)')')' | 27     | 18     | 23     | -      | 46     | 2    | 1    | 0    | -    | -     | 1    | 1    | 
|overlaystream_overlyOnMat_1080_1920_s                 | A''*B''                 | 9      | 9      | -      | -      | 18     | 2    | 2    | -    | -    | -     | 0    | 0    | 
|overlaystream_overlyOnMat_1080_1920_s                 | (C+(A2*B2)')'           | 27     | 9      | 17     | -      | 46     | 1    | 1    | 0    | -    | -     | 1    | 1    | 
|overlaystream_mul_mul_17ns_19ns_35_4_1_DSP48_4        | ((A:0x20203)'*B2)'      | 19     | 17     | -      | -      | 33     | 1    | 1    | -    | -    | -     | 1    | 1    | 
|overlaystream_mac_muladd_8ns_8ns_16ns_17_4_1_DSP48_3  | (C+(A2*B2)')'           | 27     | 18     | 17     | -      | 46     | 1    | 1    | 0    | -    | -     | 1    | 1    | 
|overlaystream_mul_mul_17ns_19ns_35_4_1_DSP48_4        | ((A:0x20203)'*B2)'      | 19     | 17     | -      | -      | 33     | 1    | 1    | -    | -    | -     | 1    | 1    | 
|overlaystream_mac_muladd_8ns_8ns_16ns_17_4_1_DSP48_3  | (C+(A2*B2)')'           | 27     | 18     | 17     | -      | 46     | 1    | 1    | 0    | -    | -     | 1    | 1    | 
|overlaystream_mul_mul_17ns_19ns_35_4_1_DSP48_4        | ((A:0x20203)'*B2)'      | 19     | 17     | -      | -      | 33     | 1    | 1    | -    | -    | -     | 1    | 1    | 
+------------------------------------------------------+-------------------------+--------+--------+--------+--------+--------+------+------+------+------+-------+------+------+

Note: The table above is a preliminary report that shows the DSPs inferred at the current stage of the synthesis flow. Some DSP may be reimplemented as non DSP primitives later in the synthesis flow. Multiple instantiated DSPs are reported only once.
---------------------------------------------------------------------------------
Finished ROM, RAM, DSP and Shift Register Reporting
---------------------------------------------------------------------------------
---------------------------------------------------------------------------------
Start Applying XDC Timing Constraints
---------------------------------------------------------------------------------
---------------------------------------------------------------------------------
Finished Applying XDC Timing Constraints : Time (s): cpu = 00:00:34 ; elapsed = 00:00:36 . Memory (MB): peak = 2420.785 ; gain = 916.375
---------------------------------------------------------------------------------
---------------------------------------------------------------------------------
Start Timing Optimization
---------------------------------------------------------------------------------
INFO: [Synth 8-5556] The block RAM "inst/img_in_data_U/mem_reg" may be mapped as a cascade chain, because it is not timing critical.
INFO: [Synth 8-7124] RAM ("inst/img_in_data_U/mem_reg") is implemented using BRAM instead of URAM. Memory would be severely underutilized if URAMs are used
INFO: [Synth 8-7030] Implemented Non-Cascaded Block Ram (cascade_height = 1) of width 18 for RAM "inst/img_in_data_U/mem_reg"
INFO: [Synth 8-7030] Implemented Non-Cascaded Block Ram (cascade_height = 1) of width 6 for RAM "inst/img_in_data_U/mem_reg"
INFO: [Synth 8-5556] The block RAM "inst/img_src2_data_U/mem_reg" may be mapped as a cascade chain, because it is not timing critical.
INFO: [Synth 8-7124] RAM ("inst/img_src2_data_U/mem_reg") is implemented using BRAM instead of URAM. Memory would be severely underutilized if URAMs are used
INFO: [Synth 8-7030] Implemented Non-Cascaded Block Ram (cascade_height = 1) of width 18 for RAM "inst/img_src2_data_U/mem_reg"
INFO: [Synth 8-7030] Implemented Non-Cascaded Block Ram (cascade_height = 1) of width 6 for RAM "inst/img_src2_data_U/mem_reg"
INFO: [Synth 8-5556] The block RAM "inst/img_out_data_U/mem_reg" may be mapped as a cascade chain, because it is not timing critical.
INFO: [Synth 8-7124] RAM ("inst/img_out_data_U/mem_reg") is implemented using BRAM instead of URAM. Memory would be severely underutilized if URAMs are used
INFO: [Synth 8-7030] Implemented Non-Cascaded Block Ram (cascade_height = 1) of width 18 for RAM "inst/img_out_data_U/mem_reg"
INFO: [Synth 8-7030] Implemented Non-Cascaded Block Ram (cascade_height = 1) of width 6 for RAM "inst/img_out_data_U/mem_reg"
---------------------------------------------------------------------------------
Finished Timing Optimization : Time (s): cpu = 00:00:37 ; elapsed = 00:00:39 . Memory (MB): peak = 2488.879 ; gain = 984.469
---------------------------------------------------------------------------------
---------------------------------------------------------------------------------
Start ROM, RAM, DSP and Shift Register Reporting
---------------------------------------------------------------------------------

Block RAM: Final Mapping	Report
+------------+-------------------------+------------------------+---+---+------------------------+---+---+------------------+--------+--------+-----------------+
|Module Name | RTL Object              | PORT A (Depth x Width) | W | R | PORT B (Depth x Width) | W | R | Ports driving FF | RAMB18 | RAMB36 | Cascade Heights | 
+------------+-------------------------+------------------------+---+---+------------------------+---+---+------------------+--------+--------+-----------------+
|inst        | img_in_data_U/mem_reg   | 1 K x 24(READ_FIRST)   | W |   | 1 K x 24(WRITE_FIRST)  |   | R | Port A and B     | 1      | 1      | 1,1             | 
|inst        | img_src1_data_U/mem_reg | 1 K x 8(READ_FIRST)    | W |   | 1 K x 8(WRITE_FIRST)   |   | R | Port A and B     | 1      | 0      | 1               | 
|inst        | img_src2_data_U/mem_reg | 1 K x 24(READ_FIRST)   | W |   | 1 K x 24(WRITE_FIRST)  |   | R | Port A and B     | 1      | 1      | 1,1             | 
|inst        | img_out_data_U/mem_reg  | 1 K x 24(READ_FIRST)   | W |   | 1 K x 24(WRITE_FIRST)  |   | R | Port A and B     | 1      | 1      | 1,1             | 
+------------+-------------------------+------------------------+---+---+------------------------+---+---+------------------+--------+--------+-----------------+

---------------------------------------------------------------------------------
Finished ROM, RAM, DSP and Shift Register Reporting
---------------------------------------------------------------------------------
---------------------------------------------------------------------------------
Start Technology Mapping
---------------------------------------------------------------------------------
INFO: [Synth 8-7052] The timing for the instance inst/img_in_data_U/mem_reg_bram_0 (implemented as a Block RAM) might be sub-optimal as no optional output register could be merged into the ram block. Providing additional output register may help in improving timing.
INFO: [Synth 8-7052] The timing for the instance inst/img_in_data_U/mem_reg_bram_1 (implemented as a Block RAM) might be sub-optimal as no optional output register could be merged into the ram block. Providing additional output register may help in improving timing.
INFO: [Synth 8-7052] The timing for the instance inst/img_src1_data_U/mem_reg_bram_0 (implemented as a Block RAM) might be sub-optimal as no optional output register could be merged into the ram block. Providing additional output register may help in improving timing.
INFO: [Synth 8-7052] The timing for the instance inst/img_src2_data_U/mem_reg_bram_0 (implemented as a Block RAM) might be sub-optimal as no optional output register could be merged into the ram block. Providing additional output register may help in improving timing.
INFO: [Synth 8-7052] The timing for the instance inst/img_src2_data_U/mem_reg_bram_1 (implemented as a Block RAM) might be sub-optimal as no optional output register could be merged into the ram block. Providing additional output register may help in improving timing.
INFO: [Synth 8-7052] The timing for the instance inst/img_out_data_U/mem_reg_bram_0 (implemented as a Block RAM) might be sub-optimal as no optional output register could be merged into the ram block. Providing additional output register may help in improving timing.
INFO: [Synth 8-7052] The timing for the instance inst/img_out_data_U/mem_reg_bram_1 (implemented as a Block RAM) might be sub-optimal as no optional output register could be merged into the ram block. Providing additional output register may help in improving timing.
---------------------------------------------------------------------------------
Finished Technology Mapping : Time (s): cpu = 00:00:38 ; elapsed = 00:00:40 . Memory (MB): peak = 2498.961 ; gain = 994.551
---------------------------------------------------------------------------------
---------------------------------------------------------------------------------
Start IO Insertion
---------------------------------------------------------------------------------
---------------------------------------------------------------------------------
Start Flattening Before IO Insertion
---------------------------------------------------------------------------------
---------------------------------------------------------------------------------
Finished Flattening Before IO Insertion
---------------------------------------------------------------------------------
---------------------------------------------------------------------------------
Start Final Netlist Cleanup
---------------------------------------------------------------------------------
---------------------------------------------------------------------------------
Finished Final Netlist Cleanup
---------------------------------------------------------------------------------
---------------------------------------------------------------------------------
Finished IO Insertion : Time (s): cpu = 00:00:42 ; elapsed = 00:00:44 . Memory (MB): peak = 2498.961 ; gain = 994.551
---------------------------------------------------------------------------------
---------------------------------------------------------------------------------
Start Renaming Generated Instances
---------------------------------------------------------------------------------
---------------------------------------------------------------------------------
Finished Renaming Generated Instances : Time (s): cpu = 00:00:42 ; elapsed = 00:00:44 . Memory (MB): peak = 2498.961 ; gain = 994.551
---------------------------------------------------------------------------------
---------------------------------------------------------------------------------
Start Rebuilding User Hierarchy
---------------------------------------------------------------------------------
---------------------------------------------------------------------------------
Finished Rebuilding User Hierarchy : Time (s): cpu = 00:00:42 ; elapsed = 00:00:44 . Memory (MB): peak = 2498.961 ; gain = 994.551
---------------------------------------------------------------------------------
---------------------------------------------------------------------------------
Start Renaming Generated Ports
---------------------------------------------------------------------------------
---------------------------------------------------------------------------------
Finished Renaming Generated Ports : Time (s): cpu = 00:00:42 ; elapsed = 00:00:44 . Memory (MB): peak = 2498.961 ; gain = 994.551
---------------------------------------------------------------------------------
---------------------------------------------------------------------------------
Start Handling Custom Attributes
---------------------------------------------------------------------------------
---------------------------------------------------------------------------------
Finished Handling Custom Attributes : Time (s): cpu = 00:00:42 ; elapsed = 00:00:44 . Memory (MB): peak = 2498.961 ; gain = 994.551
---------------------------------------------------------------------------------
---------------------------------------------------------------------------------
Start Renaming Generated Nets
---------------------------------------------------------------------------------
---------------------------------------------------------------------------------
Finished Renaming Generated Nets : Time (s): cpu = 00:00:42 ; elapsed = 00:00:44 . Memory (MB): peak = 2498.961 ; gain = 994.551
---------------------------------------------------------------------------------
---------------------------------------------------------------------------------
Start ROM, RAM, DSP and Shift Register Reporting
---------------------------------------------------------------------------------

Static Shift Register Report:
+--------------+-----------------------------------------------------------------+--------+-------+--------------+--------------------+-------------------+--------+---------+
|Module Name   | RTL Name                                                        | Length | Width | Reset Signal | Pull out first Reg | Pull out last Reg | SRL16E | SRLC32E | 
+--------------+-----------------------------------------------------------------+--------+-------+--------------+--------------------+-------------------+--------+---------+
|overlaystream | xfrgb2gray_1080_1920_U0/icmp_ln96_reg_166_pp0_iter5_reg_reg[0]  | 4      | 1     | NO           | NO                 | YES               | 1      | 0       | 
|overlaystream | xfrgb2gray_1080_1920_U0/tmp_V_reg_175_pp0_iter5_reg_reg[23]     | 4      | 24    | NO           | NO                 | YES               | 24     | 0       | 
|overlaystream | overlyOnMat_1080_1920_U0/icmp_ln59_reg_501_pp0_iter6_reg_reg[0] | 5      | 1     | NO           | NO                 | YES               | 1      | 0       | 
+--------------+-----------------------------------------------------------------+--------+-------+--------------+--------------------+-------------------+--------+---------+


Dynamic Shift Register Report:
+------------+----------------+--------+------------+--------+---------+--------+--------+--------+
|Module Name | RTL Name       | Length | Data Width | SRL16E | SRLC32E | Mux F7 | Mux F8 | Mux F9 | 
+------------+----------------+--------+------------+--------+---------+--------+--------+--------+
|dsrl        | SRL_SIG_reg[2] | 8      | 8          | 8      | 0       | 0      | 0      | 0      | 
|dsrl__1     | SRL_SIG_reg[2] | 32     | 32         | 32     | 0       | 0      | 0      | 0      | 
|dsrl__2     | SRL_SIG_reg[2] | 1      | 1          | 1      | 0       | 0      | 0      | 0      | 
+------------+----------------+--------+------------+--------+---------+--------+--------+--------+

---------------------------------------------------------------------------------
Finished ROM, RAM, DSP and Shift Register Reporting
---------------------------------------------------------------------------------
---------------------------------------------------------------------------------
Start Writing Synthesis Report
---------------------------------------------------------------------------------

Report BlackBoxes: 
+-+--------------+----------+
| |BlackBox name |Instances |
+-+--------------+----------+
+-+--------------+----------+

Report Cell Usage: 
+------+----------------+------+
|      |Cell            |Count |
+------+----------------+------+
|1     |CARRY8          |    32|
|2     |DSP_ALU         |    10|
|4     |DSP_A_B_DATA    |    10|
|9     |DSP_C_DATA      |    10|
|11    |DSP_MULTIPLIER  |    10|
|12    |DSP_M_DATA      |    10|
|14    |DSP_OUTPUT      |    10|
|16    |DSP_PREADD      |    10|
|17    |DSP_PREADD_DATA |    10|
|18    |LUT1            |    28|
|19    |LUT2            |   222|
|20    |LUT3            |   201|
|21    |LUT4            |   153|
|22    |LUT5            |   127|
|23    |LUT6            |   155|
|24    |RAMB18E2        |     4|
|26    |RAMB36E2        |     3|
|27    |SRL16E          |   162|
|28    |FDRE            |   858|
|29    |FDSE            |    31|
+------+----------------+------+
---------------------------------------------------------------------------------
Finished Writing Synthesis Report : Time (s): cpu = 00:00:42 ; elapsed = 00:00:44 . Memory (MB): peak = 2498.961 ; gain = 994.551
---------------------------------------------------------------------------------
Synthesis finished with 0 errors, 0 critical warnings and 0 warnings.
Synthesis Optimization Runtime : Time (s): cpu = 00:00:32 ; elapsed = 00:00:38 . Memory (MB): peak = 2498.961 ; gain = 867.945
Synthesis Optimization Complete : Time (s): cpu = 00:00:43 ; elapsed = 00:00:44 . Memory (MB): peak = 2498.961 ; gain = 994.551
INFO: [Project 1-571] Translating synthesized netlist
Netlist sorting complete. Time (s): cpu = 00:00:00 ; elapsed = 00:00:00.049 . Memory (MB): peak = 2505.656 ; gain = 0.000
INFO: [Netlist 29-17] Analyzing 42 Unisim elements for replacement
INFO: [Netlist 29-28] Unisim Transformation completed in 0 CPU seconds
INFO: [Project 1-570] Preparing netlist for logic optimization
INFO: [Opt 31-138] Pushed 0 inverter(s) to 0 load pin(s).
Netlist sorting complete. Time (s): cpu = 00:00:00 ; elapsed = 00:00:00.001 . Memory (MB): peak = 2521.430 ; gain = 0.000
INFO: [Project 1-111] Unisim Transformation Summary:
  A total of 10 instances were transformed.
  DSP48E2 => DSP48E2 (DSP_ALU, DSP_A_B_DATA, DSP_C_DATA, DSP_MULTIPLIER, DSP_M_DATA, DSP_OUTPUT, DSP_PREADD, DSP_PREADD_DATA): 10 instances

INFO: [Common 17-83] Releasing license: Synthesis
136 Infos, 4 Warnings, 0 Critical Warnings and 0 Errors encountered.
synth_design completed successfully
synth_design: Time (s): cpu = 00:00:52 ; elapsed = 00:00:56 . Memory (MB): peak = 2521.430 ; gain = 1440.598
INFO: [Common 17-1381] The checkpoint 'F:/course_s3_hls_5ev/vivado/08_video_on_video/video_on_video.runs/design_1_overlaystream_0_0_synth_1/design_1_overlaystream_0_0.dcp' has been generated.
WARNING: [Common 17-576] 'use_project_ipc' is deprecated. This option is deprecated and no longer used.
INFO: [Coretcl 2-1648] Added synthesis output to IP cache for IP design_1_overlaystream_0_0, cache-ID = e417a74559b1a1d4
INFO: [Coretcl 2-1174] Renamed 48 cell refs.
INFO: [Common 17-1381] The checkpoint 'F:/course_s3_hls_5ev/vivado/08_video_on_video/video_on_video.runs/design_1_overlaystream_0_0_synth_1/design_1_overlaystream_0_0.dcp' has been generated.
INFO: [runtcl-4] Executing : report_utilization -file design_1_overlaystream_0_0_utilization_synth.rpt -pb design_1_overlaystream_0_0_utilization_synth.pb
INFO: [Common 17-206] Exiting Vivado at Thu Nov  5 14:46:40 2020...
